==========================================
SLURM_CLUSTER_NAME = paramprabha
SLURM_JOB_ACCOUNT = cdac
SLURM_JOB_ID = 179933
SLURM_JOB_NAME = RETINASIM-HPC
SLURM_JOB_NODELIST = rphm[029-038]
SLURM_JOB_USER = vamshis
SLURM_JOB_UID = 52008
SLURM_JOB_PARTITION = standard
SLURM_TASK_PID = 972984
SLURM_SUBMIT_DIR = /home/vamshis/miniconda3/envs/retina/lib/python3.8/site-packages/retinasim
SLURM_CPUS_ON_NODE = 1
SLURM_NTASKS = 10
SLURM_TASK_PID = 972984
==========================================
[Rank 1] Running simulation 1 as /scratch/vamshis/FINAL/TEST_4/sim00000001
First branch length 1368.4066564385284
Graph written to /scratch/vamshis/FINAL/TEST_4/sim00000001/lsystem/retina_artery_upper.am
[Rank 4] Running simulation 4 as /scratch/vamshis/FINAL/TEST_4/sim00000004
First branch length 2270.199520678465
Graph written to /scratch/vamshis/FINAL/TEST_4/sim00000004/lsystem/retina_artery_upper.am
First branch length 2270.199520678465
[Rank 8] Running simulation 8 as /scratch/vamshis/FINAL/TEST_4/sim00000008
First branch length 1778.3960100633485
Graph written to /scratch/vamshis/FINAL/TEST_4/sim00000008/lsystem/retina_artery_upper.am
First branch length 1778.3960100633485
Graph written to /scratch/vamshis/FINAL/TEST_4/sim00000008/lsystem/retina_vein_upper.am
First branch length 1778.3960100633485
Graph written to /scratch/vamshis/FINAL/TEST_4/sim00000008/lsystem/retina_artery_lower.am
[Rank 5] Running simulation 5 as /scratch/vamshis/FINAL/TEST_4/sim00000005
First branch length 2412.1296013104725
Graph written to /scratch/vamshis/FINAL/TEST_4/sim00000005/lsystem/retina_artery_upper.am
First branch length 2412.1296013104725
Graph written to /scratch/vamshis/FINAL/TEST_4/sim00000005/lsystem/retina_vein_upper.am
First branch length 2412.1296013104725
[Rank 3] Running simulation 3 as /scratch/vamshis/FINAL/TEST_4/sim00000003
First branch length 1450.8210411828484
Graph written to /scratch/vamshis/FINAL/TEST_4/sim00000003/lsystem/retina_artery_upper.am
First branch length 1450.8210411828484
Graph written to /scratch/vamshis/FINAL/TEST_4/sim00000003/lsystem/retina_vein_upper.am
First branch length 1450.8210411828484
Graph written to /scratch/vamshis/FINAL/TEST_4/sim00000003/lsystem/retina_artery_lower.am
[Rank 6] Running simulation 6 as /scratch/vamshis/FINAL/TEST_4/sim00000006
First branch length 2019.90815504495
Graph written to /scratch/vamshis/FINAL/TEST_4/sim00000006/lsystem/retina_artery_upper.am
First branch length 2019.90815504495
Graph written to /scratch/vamshis/FINAL/TEST_4/sim00000006/lsystem/retina_vein_upper.am
First branch length 2019.90815504495
Graph written to /scratch/vamshis/FINAL/TEST_4/sim00000006/lsystem/retina_artery_lower.am
First branch length 2019.90815504495
[Rank 7] Running simulation 7 as /scratch/vamshis/FINAL/TEST_4/sim00000007
First branch length 1857.0476200450003
Graph written to /scratch/vamshis/FINAL/TEST_4/sim00000007/lsystem/retina_artery_upper.am
First branch length 1857.0476200450003
Graph written to /scratch/vamshis/FINAL/TEST_4/sim00000007/lsystem/retina_vein_upper.am
First branch length 1857.0476200450003
Graph written to /scratch/vamshis/FINAL/TEST_4/sim00000007/lsystem/retina_artery_lower.am
First branch length 1857.0476200450003
Graph written to /scratch/vamshis/FINAL/TEST_4/sim00000007/lsystem/retina_vein_lower.am
[Rank 9] Running simulation 9 as /scratch/vamshis/FINAL/TEST_4/sim00000009
First branch length 1158.3505717519433
Graph written to /scratch/vamshis/FINAL/TEST_4/sim00000009/lsystem/retina_artery_upper.am
First branch length 1158.3505717519433
Graph written to /scratch/vamshis/FINAL/TEST_4/sim00000009/lsystem/retina_vein_upper.am
First branch length 1158.3505717519433
Graph written to /scratch/vamshis/FINAL/TEST_4/sim00000009/lsystem/retina_artery_lower.am
First branch length 1158.3505717519433
Graph written to /scratch/vamshis/FINAL/TEST_4/sim00000009/lsystem/retina_vein_lower.am
Combined graph written to /scratch/vamshis/FINAL/TEST_4/sim00000009/lsystem/retina_lsystem.am
[Rank 2] Running simulation 2 as /scratch/vamshis/FINAL/TEST_4/sim00000002
First branch length 1098.7982169561778
Graph written to /scratch/vamshis/FINAL/TEST_4/sim00000002/lsystem/retina_artery_upper.am
First branch length 1098.7982169561778
Graph written to /scratch/vamshis/FINAL/TEST_4/sim00000002/lsystem/retina_vein_upper.am
First branch length 1098.7982169561778
Graph written to /scratch/vamshis/FINAL/TEST_4/sim00000002/lsystem/retina_artery_lower.am
First branch length 1098.7982169561778
Graph written to /scratch/vamshis/FINAL/TEST_4/sim00000002/lsystem/retina_vein_lower.am
Combined graph written to /scratch/vamshis/FINAL/TEST_4/sim00000002/lsystem/retina_lsystem.am
[INFO] Attempting headless mesh export instead of screen grab...
Preparing graph (creating cylinders)...
Headless mode! Skipping rendering setup.
Headless mode! Cannot render image
[SUCCESS] Mesh saved to: /scratch/vamshis/FINAL/TEST_4/sim00000002/lsystem/lsystem_output_mesh.ply
Written param file: /scratch/vamshis/FINAL/TEST_4/sim00000002/cco/retina_upper_discs_params.json
Simulating from /scratch/vamshis/FINAL/TEST_4/sim00000002/cco/retina_upper_discs_params.json
Converting CSV to AM: /scratch/vamshis/FINAL/TEST_4/sim00000002/cco/retina_artery_upper.csv
[Rank 0] Running simulation 0 as /scratch/vamshis/FINAL/TEST_4/sim00000000
First branch length 1784.0663584085041
Graph written to /scratch/vamshis/FINAL/TEST_4/sim00000000/lsystem/retina_artery_upper.am
First branch length 1784.0663584085041
Graph written to /scratch/vamshis/FINAL/TEST_4/sim00000000/lsystem/retina_vein_upper.am
First branch length 1784.0663584085041
Graph written to /scratch/vamshis/FINAL/TEST_4/sim00000000/lsystem/retina_artery_lower.am
First branch length 1784.0663584085041
Graph written to /scratch/vamshis/FINAL/TEST_4/sim00000000/lsystem/retina_vein_lower.am
Combined graph written to /scratch/vamshis/FINAL/TEST_4/sim00000000/lsystem/retina_lsystem.am
[INFO] Attempting headless mesh export instead of screen grab...
Preparing graph (creating cylinders)...
Headless mode! Skipping rendering setup.
Headless mode! Cannot render image
[SUCCESS] Mesh saved to: /scratch/vamshis/FINAL/TEST_4/sim00000000/lsystem/lsystem_output_mesh.ply
Written param file: /scratch/vamshis/FINAL/TEST_4/sim00000000/cco/retina_upper_discs_params.json
Simulating from /scratch/vamshis/FINAL/TEST_4/sim00000000/cco/retina_upper_discs_params.json
Connecting endpoints...
Directly connecting arterial terminal nodes to venous terminal nodes
Connecting arterial endpoints to venous endpoints
Connecting venous endpoints to arterial endpoints
Shortest vessel length: 0.23113812506198883
