==========================================
SLURM_CLUSTER_NAME = paramprabha
SLURM_JOB_ACCOUNT = cdac
SLURM_JOB_ID = 188091
SLURM_JOB_NAME = RETINASIM-HPC
SLURM_JOB_NODELIST = rpcn048
SLURM_JOB_USER = vamshis
SLURM_JOB_UID = 52008
SLURM_JOB_PARTITION = standard
SLURM_TASK_PID = 666270
SLURM_SUBMIT_DIR = /home/vamshis/miniconda3/envs/retina/lib/python3.8/site-packages/retinasim
SLURM_CPUS_ON_NODE = 1
SLURM_NTASKS = 1
SLURM_TASK_PID = 666270
==========================================
Setting build directory ...
Setting build directory ...
Directory does not exist. Creating folder ...
> Loading network...
Reading /home/vamshis/temp/reanimate_temp_02242853/reanimate.dat ...


---------------------------------------------
anon network derived from Amira Spatial Graph
---------------------------------------------

Importing network data ...
Tissue Dimensions (x,y,z) = 34810 um x 34738 um x 1083 um
nsol = 4
nnodbc = 2
No. of segments = 32065 
No. of nodes = 23691 
No. of boundary nodes = 2 

Analysing network edges ...
No. of edges = 24240 
Edge lengths = 259.544 ± 189.252 um
Edge diameters = 8.049 ± 10.869 um
Length / diameter ratio = 367.084 ± 633.560 um
> Setting stack size ...


-----------------
Blood Flow Module
-----------------

Cloning vascular network ...

Finding articulation points ...
No. of articulation points = 2 
% of total nodes = 0.008 

Finding dead ends ...
No. of dead end segments = 0 
% of total segments = 0 

Assigning rheological parameters ...

Simulating blood flow ...

Full boundary conditions detected -> Running full solver ...
Computing conductance matrix, M ...
Computing K matrix ...
Assigning boundary conditions ...
Solving linear system ...


----------------------- Analysing vascular flow -----------------------

Assigning rheological parameters ...
Blood pressure = 36.122249 ± 13.752041 mmHg
Arteriole pressure = 51.999991 ± 0.000005 mmHg
Capillary pressure = 35.999997 ± 0.000003 mmHg
Venule pressure = 20.000005 ± 0.000003 mmHg
Blood flow = 0.000008 ± 0.000053 nl/min
Arteriole flow = 0.000011 ± 0.000060 nl/min
Capillary flow = 0.000000 ± 0.000000 nl/min
Venule flow = 0.000011 ± 0.000063 nl/min
Blood velocity = 0.000044 ± 0.000106 mm/s
Arteriole velocity = 0.000001 ± 0.000000 mm/s
Capillary velocity = 0.000168 ± 0.000149 mm/s
Venule velocity = 0.000000 ± 0.000000 mm/s
Vessel Wall Shear Stress = 3.137584 ± 7.568958 dyn/cm2
Arteriole WSS = 0.000046 ± 0.000131 dyn/cm2
Capillary WSS = 12.011197 ± 10.617837 dyn/cm2
Venule WSS = 0.000026 ± 0.000050 dyn/cm2
Reynolds number = 0.000000 ± 0.000000
Vascular segment transit time = 30845808.108884 ± 67371734.130966 s
Setting build directory ...
Setting build directory ...
Directory does not exist. Creating folder ...
> Loading network...
Reading /home/vamshis/temp/reanimate_temp_03306310/reanimate.dat ...


---------------------------------------------
anon network derived from Amira Spatial Graph
---------------------------------------------

Importing network data ...
Tissue Dimensions (x,y,z) = 34810 um x 34738 um x 1083 um
nsol = 4
nnodbc = 2
No. of segments = 32065 
No. of nodes = 23691 
No. of boundary nodes = 2 

Analysing network edges ...
No. of edges = 24240 
Edge lengths = 259.544 ± 189.252 um
Edge diameters = 8.049 ± 10.869 um
Length / diameter ratio = 367.084 ± 633.560 um
> Setting stack size ...


-----------------
Blood Flow Module
-----------------

Cloning vascular network ...

Finding articulation points ...
No. of articulation points = 2 
% of total nodes = 0.008 

Finding dead ends ...
No. of dead end segments = 0 
% of total segments = 0 

Assigning rheological parameters ...

Simulating blood flow ...

Full boundary conditions detected -> Running full solver ...
Computing conductance matrix, M ...
Computing K matrix ...
Assigning boundary conditions ...
Solving linear system ...


----------------------- Analysing vascular flow -----------------------

Assigning rheological parameters ...
Blood pressure = 36.122249 ± 13.752041 mmHg
Arteriole pressure = 51.999991 ± 0.000005 mmHg
Capillary pressure = 35.999997 ± 0.000003 mmHg
Venule pressure = 20.000005 ± 0.000003 mmHg
Blood flow = 0.000008 ± 0.000053 nl/min
Arteriole flow = 0.000011 ± 0.000060 nl/min
Capillary flow = 0.000000 ± 0.000000 nl/min
Venule flow = 0.000011 ± 0.000063 nl/min
Blood velocity = 0.000044 ± 0.000106 mm/s
Arteriole velocity = 0.000001 ± 0.000000 mm/s
Capillary velocity = 0.000168 ± 0.000149 mm/s
Venule velocity = 0.000000 ± 0.000000 mm/s
Vessel Wall Shear Stress = 3.137584 ± 7.568959 dyn/cm2
Arteriole WSS = 0.000046 ± 0.000131 dyn/cm2
Capillary WSS = 12.011197 ± 10.617837 dyn/cm2
Venule WSS = 0.000026 ± 0.000050 dyn/cm2
Reynolds number = 0.000000 ± 0.000000
Vascular segment transit time = 30845806.031308 ± 67371730.137924 s
Setting build directory ...
Setting build directory ...
Directory does not exist. Creating folder ...
> Loading network...
Reading /home/vamshis/temp/reanimate_temp_06301814/reanimate.dat ...


---------------------------------------------
anon network derived from Amira Spatial Graph
---------------------------------------------

Importing network data ...
Tissue Dimensions (x,y,z) = 34810 um x 34738 um x 1135 um
nsol = 4
nnodbc = 2
No. of segments = 32173 
No. of nodes = 23767 
No. of boundary nodes = 2 

Analysing network edges ...
No. of edges = 24309 
Edge lengths = 257.459 ± 185.501 um
Edge diameters = 9.162 ± 12.633 um
Length / diameter ratio = 358.081 ± 613.951 um
> Setting stack size ...


-----------------
Blood Flow Module
-----------------

Cloning vascular network ...

Finding articulation points ...
No. of articulation points = 2 
% of total nodes = 0.008 

Finding dead ends ...
No. of dead end segments = 0 
% of total segments = 0 

Assigning rheological parameters ...

Simulating blood flow ...

Full boundary conditions detected -> Running full solver ...
Computing conductance matrix, M ...
Computing K matrix ...
Assigning boundary conditions ...
Solving linear system ...


----------------------- Analysing vascular flow -----------------------

Assigning rheological parameters ...
Blood pressure = 36.121841 ± 13.750950 mmHg
Arteriole pressure = 51.999996 ± 0.000002 mmHg
Capillary pressure = 36.000000 ± 0.000001 mmHg
Venule pressure = 20.000004 ± 0.000003 mmHg
Blood flow = 0.000009 ± 0.000058 nl/min
Arteriole flow = 0.000011 ± 0.000063 nl/min
Capillary flow = 0.000000 ± 0.000000 nl/min
Venule flow = 0.000013 ± 0.000071 nl/min
Blood velocity = 0.000045 ± 0.000109 mm/s
Arteriole velocity = 0.000000 ± 0.000000 mm/s
Capillary velocity = 0.000172 ± 0.000155 mm/s
Venule velocity = 0.000000 ± 0.000000 mm/s
Vessel Wall Shear Stress = 3.208651 ± 7.807852 dyn/cm2
Arteriole WSS = 0.000022 ± 0.000041 dyn/cm2
Capillary WSS = 12.277761 ± 11.042227 dyn/cm2
Venule WSS = 0.000022 ± 0.000044 dyn/cm2
Reynolds number = 0.000000 ± 0.000000
Vascular segment transit time = 37762051.961593 ± 74839167.265259 s
Setting build directory ...
Setting build directory ...
Directory does not exist. Creating folder ...
> Loading network...
Reading /home/vamshis/temp/reanimate_temp_08041696/reanimate.dat ...


---------------------------------------------
anon network derived from Amira Spatial Graph
---------------------------------------------

Importing network data ...
Tissue Dimensions (x,y,z) = 34810 um x 34738 um x 1135 um
nsol = 4
nnodbc = 2
No. of segments = 32173 
No. of nodes = 23767 
No. of boundary nodes = 2 

Analysing network edges ...
No. of edges = 24309 
Edge lengths = 257.459 ± 185.501 um
Edge diameters = 9.162 ± 12.633 um
Length / diameter ratio = 358.081 ± 613.951 um
> Setting stack size ...


-----------------
Blood Flow Module
-----------------

Cloning vascular network ...

Finding articulation points ...
No. of articulation points = 2 
% of total nodes = 0.008 

Finding dead ends ...
No. of dead end segments = 0 
% of total segments = 0 

Assigning rheological parameters ...

Simulating blood flow ...

Full boundary conditions detected -> Running full solver ...
Computing conductance matrix, M ...
Computing K matrix ...
Assigning boundary conditions ...
Solving linear system ...


----------------------- Analysing vascular flow -----------------------

Assigning rheological parameters ...
Blood pressure = 36.121841 ± 13.750950 mmHg
Arteriole pressure = 51.999996 ± 0.000002 mmHg
Capillary pressure = 36.000000 ± 0.000001 mmHg
Venule pressure = 20.000004 ± 0.000003 mmHg
Blood flow = 0.000009 ± 0.000058 nl/min
Arteriole flow = 0.000011 ± 0.000063 nl/min
Capillary flow = 0.000000 ± 0.000000 nl/min
Venule flow = 0.000013 ± 0.000071 nl/min
Blood velocity = 0.000045 ± 0.000109 mm/s
Arteriole velocity = 0.000000 ± 0.000000 mm/s
Capillary velocity = 0.000172 ± 0.000155 mm/s
Venule velocity = 0.000000 ± 0.000000 mm/s
Vessel Wall Shear Stress = 3.208651 ± 7.807852 dyn/cm2
Arteriole WSS = 0.000022 ± 0.000041 dyn/cm2
Capillary WSS = 12.277761 ± 11.042227 dyn/cm2
Venule WSS = 0.000022 ± 0.000044 dyn/cm2
Reynolds number = 0.000000 ± 0.000000
Vascular segment transit time = 37762049.719090 ± 74839162.715358 s
Setting build directory ...
Setting build directory ...
Directory does not exist. Creating folder ...
> Loading network...
Reading /home/vamshis/temp/reanimate_temp_00439236/reanimate.dat ...


---------------------------------------------
anon network derived from Amira Spatial Graph
---------------------------------------------

Importing network data ...
Tissue Dimensions (x,y,z) = 34810 um x 34738 um x 1160 um
nsol = 4
nnodbc = 2
No. of segments = 32269 
No. of nodes = 23910 
No. of boundary nodes = 2 

Analysing network edges ...
No. of edges = 24169 
Edge lengths = 259.808 ± 191.035 um
Edge diameters = 8.796 ± 11.782 um
Length / diameter ratio = 364.169 ± 630.847 um
> Setting stack size ...


-----------------
Blood Flow Module
-----------------

Cloning vascular network ...

Finding articulation points ...
No. of articulation points = 2 
% of total nodes = 0.008 

Finding dead ends ...
No. of dead end segments = 0 
% of total segments = 0 

Assigning rheological parameters ...

Simulating blood flow ...

Full boundary conditions detected -> Running full solver ...
Computing conductance matrix, M ...
Computing K matrix ...
Assigning boundary conditions ...
Solving linear system ...


----------------------- Analysing vascular flow -----------------------

Assigning rheological parameters ...
Blood pressure = 36.100159 ± 13.771904 mmHg
Arteriole pressure = 51.999996 ± 0.000002 mmHg
Capillary pressure = 36.000002 ± 0.000002 mmHg
Venule pressure = 20.000005 ± 0.000004 mmHg
Blood flow = 0.000009 ± 0.000055 nl/min
Arteriole flow = 0.000011 ± 0.000063 nl/min
Capillary flow = 0.000000 ± 0.000000 nl/min
Venule flow = 0.000012 ± 0.000064 nl/min
Blood velocity = 0.000045 ± 0.000113 mm/s
Arteriole velocity = 0.000000 ± 0.000000 mm/s
Capillary velocity = 0.000172 ± 0.000165 mm/s
Venule velocity = 0.000000 ± 0.000000 mm/s
Vessel Wall Shear Stress = 3.187172 ± 8.058132 dyn/cm2
Arteriole WSS = 0.000021 ± 0.000052 dyn/cm2
Capillary WSS = 12.300712 ± 11.769224 dyn/cm2
Venule WSS = 0.000029 ± 0.000079 dyn/cm2
Reynolds number = 0.000000 ± 0.000000
Vascular segment transit time = 36351977.821329 ± 73093248.071896 s
Setting build directory ...
Setting build directory ...
Directory does not exist. Creating folder ...
> Loading network...
Reading /home/vamshis/temp/reanimate_temp_04322349/reanimate.dat ...


---------------------------------------------
anon network derived from Amira Spatial Graph
---------------------------------------------

Importing network data ...
Tissue Dimensions (x,y,z) = 34810 um x 34738 um x 1160 um
nsol = 4
nnodbc = 2
No. of segments = 32269 
No. of nodes = 23910 
No. of boundary nodes = 2 

Analysing network edges ...
No. of edges = 24169 
Edge lengths = 259.808 ± 191.035 um
Edge diameters = 8.796 ± 11.782 um
Length / diameter ratio = 364.169 ± 630.847 um
> Setting stack size ...


-----------------
Blood Flow Module
-----------------

Cloning vascular network ...

Finding articulation points ...
No. of articulation points = 2 
% of total nodes = 0.008 

Finding dead ends ...
No. of dead end segments = 0 
% of total segments = 0 

Assigning rheological parameters ...

Simulating blood flow ...

Full boundary conditions detected -> Running full solver ...
Computing conductance matrix, M ...
Computing K matrix ...
Assigning boundary conditions ...
Solving linear system ...


----------------------- Analysing vascular flow -----------------------

Assigning rheological parameters ...
Blood pressure = 36.100159 ± 13.771904 mmHg
Arteriole pressure = 51.999996 ± 0.000002 mmHg
Capillary pressure = 36.000002 ± 0.000002 mmHg
Venule pressure = 20.000005 ± 0.000004 mmHg
Blood flow = 0.000009 ± 0.000055 nl/min
Arteriole flow = 0.000011 ± 0.000063 nl/min
Capillary flow = 0.000000 ± 0.000000 nl/min
Venule flow = 0.000012 ± 0.000064 nl/min
Blood velocity = 0.000045 ± 0.000113 mm/s
Arteriole velocity = 0.000000 ± 0.000000 mm/s
Capillary velocity = 0.000172 ± 0.000165 mm/s
Venule velocity = 0.000000 ± 0.000000 mm/s
Vessel Wall Shear Stress = 3.187172 ± 8.058132 dyn/cm2
Arteriole WSS = 0.000021 ± 0.000052 dyn/cm2
Capillary WSS = 12.300712 ± 11.769225 dyn/cm2
Venule WSS = 0.000029 ± 0.000079 dyn/cm2
Reynolds number = 0.000000 ± 0.000000
Vascular segment transit time = 36351975.717625 ± 73093243.414423 s
Setting build directory ...
Setting build directory ...
Directory does not exist. Creating folder ...
> Loading network...
Reading /home/vamshis/temp/reanimate_temp_07849335/reanimate.dat ...


---------------------------------------------
anon network derived from Amira Spatial Graph
---------------------------------------------

Importing network data ...
Tissue Dimensions (x,y,z) = 34810 um x 34738 um x 1153 um
nsol = 4
nnodbc = 2
No. of segments = 32227 
No. of nodes = 23873 
No. of boundary nodes = 2 

Analysing network edges ...
No. of edges = 24134 
Edge lengths = 258.782 ± 186.363 um
Edge diameters = 9.552 ± 13.291 um
Length / diameter ratio = 359.766 ± 620.360 um
> Setting stack size ...


-----------------
Blood Flow Module
-----------------

Cloning vascular network ...

Finding articulation points ...
No. of articulation points = 2 
% of total nodes = 0.008 

Finding dead ends ...
No. of dead end segments = 0 
% of total segments = 0 

Assigning rheological parameters ...

Simulating blood flow ...

Full boundary conditions detected -> Running full solver ...
Computing conductance matrix, M ...
Computing K matrix ...
Assigning boundary conditions ...
Solving linear system ...


----------------------- Analysing vascular flow -----------------------

Assigning rheological parameters ...
Blood pressure = 36.092842 ± 13.770259 mmHg
Arteriole pressure = 51.999997 ± 0.000002 mmHg
Capillary pressure = 36.000001 ± 0.000001 mmHg
Venule pressure = 20.000004 ± 0.000003 mmHg
Blood flow = 0.000010 ± 0.000061 nl/min
Arteriole flow = 0.000013 ± 0.000069 nl/min
Capillary flow = 0.000000 ± 0.000000 nl/min
Venule flow = 0.000013 ± 0.000072 nl/min
Blood velocity = 0.000045 ± 0.000113 mm/s
Arteriole velocity = 0.000000 ± 0.000000 mm/s
Capillary velocity = 0.000173 ± 0.000165 mm/s
Venule velocity = 0.000000 ± 0.000000 mm/s
Vessel Wall Shear Stress = 3.207656 ± 8.072859 dyn/cm2
Arteriole WSS = 0.000018 ± 0.000047 dyn/cm2
Capillary WSS = 12.371066 ± 11.747178 dyn/cm2
Venule WSS = 0.000024 ± 0.000071 dyn/cm2
Reynolds number = 0.000000 ± 0.000000
Vascular segment transit time = 40190758.706278 ± 77189597.413347 s
Setting build directory ...
Setting build directory ...
Directory does not exist. Creating folder ...
> Loading network...
Reading /home/vamshis/temp/reanimate_temp_08592617/reanimate.dat ...


---------------------------------------------
anon network derived from Amira Spatial Graph
---------------------------------------------

Importing network data ...
Tissue Dimensions (x,y,z) = 34810 um x 34738 um x 1153 um
nsol = 4
nnodbc = 2
No. of segments = 32227 
No. of nodes = 23873 
No. of boundary nodes = 2 

Analysing network edges ...
No. of edges = 24134 
Edge lengths = 258.782 ± 186.363 um
Edge diameters = 9.552 ± 13.291 um
Length / diameter ratio = 359.766 ± 620.360 um
> Setting stack size ...


-----------------
Blood Flow Module
-----------------

Cloning vascular network ...

Finding articulation points ...
No. of articulation points = 2 
% of total nodes = 0.008 

Finding dead ends ...
No. of dead end segments = 0 
% of total segments = 0 

Assigning rheological parameters ...

Simulating blood flow ...

Full boundary conditions detected -> Running full solver ...
Computing conductance matrix, M ...
Computing K matrix ...
Assigning boundary conditions ...
Solving linear system ...


----------------------- Analysing vascular flow -----------------------

Assigning rheological parameters ...
Blood pressure = 36.092842 ± 13.770259 mmHg
Arteriole pressure = 51.999997 ± 0.000002 mmHg
Capillary pressure = 36.000001 ± 0.000001 mmHg
Venule pressure = 20.000004 ± 0.000003 mmHg
Blood flow = 0.000010 ± 0.000061 nl/min
Arteriole flow = 0.000013 ± 0.000069 nl/min
Capillary flow = 0.000000 ± 0.000000 nl/min
Venule flow = 0.000013 ± 0.000072 nl/min
Blood velocity = 0.000045 ± 0.000113 mm/s
Arteriole velocity = 0.000000 ± 0.000000 mm/s
Capillary velocity = 0.000173 ± 0.000165 mm/s
Venule velocity = 0.000000 ± 0.000000 mm/s
Vessel Wall Shear Stress = 3.207656 ± 8.072859 dyn/cm2
Arteriole WSS = 0.000018 ± 0.000047 dyn/cm2
Capillary WSS = 12.371066 ± 11.747178 dyn/cm2
Venule WSS = 0.000024 ± 0.000071 dyn/cm2
Reynolds number = 0.000000 ± 0.000000
Vascular segment transit time = 40190755.911980 ± 77189592.171981 s
Setting build directory ...
Setting build directory ...
Directory does not exist. Creating folder ...
> Loading network...
Reading /home/vamshis/temp/reanimate_temp_06675841/reanimate.dat ...


---------------------------------------------
anon network derived from Amira Spatial Graph
---------------------------------------------

Importing network data ...
Tissue Dimensions (x,y,z) = 34810 um x 34738 um x 1152 um
nsol = 4
nnodbc = 2
No. of segments = 32238 
No. of nodes = 23857 
No. of boundary nodes = 2 

Analysing network edges ...
No. of edges = 24246 
Edge lengths = 258.801 ± 188.393 um
Edge diameters = 9.058 ± 12.122 um
Length / diameter ratio = 362.623 ± 626.654 um
> Setting stack size ...


-----------------
Blood Flow Module
-----------------

Cloning vascular network ...

Finding articulation points ...
No. of articulation points = 2 
% of total nodes = 0.008 

Finding dead ends ...
No. of dead end segments = 0 
% of total segments = 0 

Assigning rheological parameters ...

Simulating blood flow ...

Full boundary conditions detected -> Running full solver ...
Computing conductance matrix, M ...
Computing K matrix ...
Assigning boundary conditions ...
Solving linear system ...


----------------------- Analysing vascular flow -----------------------

Assigning rheological parameters ...
Blood pressure = 36.116633 ± 13.763113 mmHg
Arteriole pressure = 51.999997 ± 0.000002 mmHg
Capillary pressure = 36.000001 ± 0.000001 mmHg
Venule pressure = 20.000005 ± 0.000003 mmHg
Blood flow = 0.000009 ± 0.000055 nl/min
Arteriole flow = 0.000011 ± 0.000065 nl/min
Capillary flow = 0.000000 ± 0.000000 nl/min
Venule flow = 0.000012 ± 0.000063 nl/min
Blood velocity = 0.000045 ± 0.000112 mm/s
Arteriole velocity = 0.000000 ± 0.000000 mm/s
Capillary velocity = 0.000172 ± 0.000164 mm/s
Venule velocity = 0.000000 ± 0.000000 mm/s
Vessel Wall Shear Stress = 3.189218 ± 8.022314 dyn/cm2
Arteriole WSS = 0.000020 ± 0.000043 dyn/cm2
Capillary WSS = 12.264518 ± 11.670494 dyn/cm2
Venule WSS = 0.000026 ± 0.000055 dyn/cm2
Reynolds number = 0.000000 ± 0.000000
Vascular segment transit time = 38219970.110629 ± 77958524.361941 s
Setting build directory ...
Setting build directory ...
Directory does not exist. Creating folder ...
> Loading network...
Reading /home/vamshis/temp/reanimate_temp_08598020/reanimate.dat ...


---------------------------------------------
anon network derived from Amira Spatial Graph
---------------------------------------------

Importing network data ...
Tissue Dimensions (x,y,z) = 34810 um x 34738 um x 1152 um
nsol = 4
nnodbc = 2
No. of segments = 32238 
No. of nodes = 23857 
No. of boundary nodes = 2 

Analysing network edges ...
No. of edges = 24246 
Edge lengths = 258.801 ± 188.393 um
Edge diameters = 9.058 ± 12.122 um
Length / diameter ratio = 362.623 ± 626.654 um
> Setting stack size ...


-----------------
Blood Flow Module
-----------------

Cloning vascular network ...

Finding articulation points ...
No. of articulation points = 2 
% of total nodes = 0.008 

Finding dead ends ...
No. of dead end segments = 0 
% of total segments = 0 

Assigning rheological parameters ...

Simulating blood flow ...

Full boundary conditions detected -> Running full solver ...
Computing conductance matrix, M ...
Computing K matrix ...
Assigning boundary conditions ...
Solving linear system ...


----------------------- Analysing vascular flow -----------------------

Assigning rheological parameters ...
Blood pressure = 36.116633 ± 13.763113 mmHg
Arteriole pressure = 51.999997 ± 0.000002 mmHg
Capillary pressure = 36.000001 ± 0.000001 mmHg
Venule pressure = 20.000005 ± 0.000003 mmHg
Blood flow = 0.000009 ± 0.000055 nl/min
Arteriole flow = 0.000011 ± 0.000065 nl/min
Capillary flow = 0.000000 ± 0.000000 nl/min
Venule flow = 0.000012 ± 0.000063 nl/min
Blood velocity = 0.000045 ± 0.000112 mm/s
Arteriole velocity = 0.000000 ± 0.000000 mm/s
Capillary velocity = 0.000172 ± 0.000164 mm/s
Venule velocity = 0.000000 ± 0.000000 mm/s
Vessel Wall Shear Stress = 3.189218 ± 8.022314 dyn/cm2
Arteriole WSS = 0.000020 ± 0.000043 dyn/cm2
Capillary WSS = 12.264518 ± 11.670495 dyn/cm2
Venule WSS = 0.000026 ± 0.000055 dyn/cm2
Reynolds number = 0.000000 ± 0.000000
Vascular segment transit time = 38219967.652411 ± 77958519.203431 s
Setting build directory ...
Setting build directory ...
Directory does not exist. Creating folder ...
> Loading network...
Reading /home/vamshis/temp/reanimate_temp_05837763/reanimate.dat ...


---------------------------------------------
anon network derived from Amira Spatial Graph
---------------------------------------------

Importing network data ...
Tissue Dimensions (x,y,z) = 34810 um x 34738 um x 1118 um
nsol = 4
nnodbc = 2
No. of segments = 32125 
No. of nodes = 23712 
No. of boundary nodes = 2 

Analysing network edges ...
No. of edges = 24316 
Edge lengths = 257.530 ± 185.159 um
Edge diameters = 8.755 ± 12.194 um
Length / diameter ratio = 364.050 ± 622.091 um
> Setting stack size ...


-----------------
Blood Flow Module
-----------------

Cloning vascular network ...

Finding articulation points ...
No. of articulation points = 2 
% of total nodes = 0.008 

Finding dead ends ...
No. of dead end segments = 0 
% of total segments = 0 

Assigning rheological parameters ...

Simulating blood flow ...

Full boundary conditions detected -> Running full solver ...
Computing conductance matrix, M ...
Computing K matrix ...
Assigning boundary conditions ...
Solving linear system ...


----------------------- Analysing vascular flow -----------------------

Assigning rheological parameters ...
Blood pressure = 36.272930 ± 13.743115 mmHg
Arteriole pressure = 51.999991 ± 0.000005 mmHg
Capillary pressure = 35.999995 ± 0.000003 mmHg
Venule pressure = 20.000003 ± 0.000001 mmHg
Blood flow = 0.000009 ± 0.000059 nl/min
Arteriole flow = 0.000011 ± 0.000064 nl/min
Capillary flow = 0.000000 ± 0.000000 nl/min
Venule flow = 0.000013 ± 0.000074 nl/min
Blood velocity = 0.000045 ± 0.000108 mm/s
Arteriole velocity = 0.000001 ± 0.000001 mm/s
Capillary velocity = 0.000171 ± 0.000152 mm/s
Venule velocity = 0.000000 ± 0.000000 mm/s
Vessel Wall Shear Stress = 3.192633 ± 7.705619 dyn/cm2
Arteriole WSS = 0.000045 ± 0.000107 dyn/cm2
Capillary WSS = 12.188070 ± 10.818750 dyn/cm2
Venule WSS = 0.000016 ± 0.000030 dyn/cm2
Reynolds number = 0.000000 ± 0.000000
Vascular segment transit time = 36127862.288932 ± 76821953.714123 s
Setting build directory ...
Setting build directory ...
Directory does not exist. Creating folder ...
> Loading network...
Reading /home/vamshis/temp/reanimate_temp_08769476/reanimate.dat ...


---------------------------------------------
anon network derived from Amira Spatial Graph
---------------------------------------------

Importing network data ...
Tissue Dimensions (x,y,z) = 34810 um x 34738 um x 1118 um
nsol = 4
nnodbc = 2
No. of segments = 32125 
No. of nodes = 23712 
No. of boundary nodes = 2 

Analysing network edges ...
No. of edges = 24316 
Edge lengths = 257.530 ± 185.159 um
Edge diameters = 8.755 ± 12.194 um
Length / diameter ratio = 364.050 ± 622.091 um
> Setting stack size ...


-----------------
Blood Flow Module
-----------------

Cloning vascular network ...

Finding articulation points ...
No. of articulation points = 2 
% of total nodes = 0.008 

Finding dead ends ...
No. of dead end segments = 0 
% of total segments = 0 

Assigning rheological parameters ...

Simulating blood flow ...

Full boundary conditions detected -> Running full solver ...
Computing conductance matrix, M ...
Computing K matrix ...
Assigning boundary conditions ...
Solving linear system ...


----------------------- Analysing vascular flow -----------------------

Assigning rheological parameters ...
Blood pressure = 36.272930 ± 13.743115 mmHg
Arteriole pressure = 51.999991 ± 0.000005 mmHg
Capillary pressure = 35.999995 ± 0.000003 mmHg
Venule pressure = 20.000003 ± 0.000001 mmHg
Blood flow = 0.000009 ± 0.000059 nl/min
Arteriole flow = 0.000011 ± 0.000064 nl/min
Capillary flow = 0.000000 ± 0.000000 nl/min
Venule flow = 0.000013 ± 0.000074 nl/min
Blood velocity = 0.000045 ± 0.000108 mm/s
Arteriole velocity = 0.000001 ± 0.000001 mm/s
Capillary velocity = 0.000171 ± 0.000152 mm/s
Venule velocity = 0.000000 ± 0.000000 mm/s
Vessel Wall Shear Stress = 3.192633 ± 7.705619 dyn/cm2
Arteriole WSS = 0.000045 ± 0.000107 dyn/cm2
Capillary WSS = 12.188070 ± 10.818750 dyn/cm2
Venule WSS = 0.000016 ± 0.000030 dyn/cm2
Reynolds number = 0.000000 ± 0.000000
Vascular segment transit time = 36127859.817775 ± 76821948.653652 s
Setting build directory ...
Setting build directory ...
Directory does not exist. Creating folder ...
> Loading network...
Reading /home/vamshis/temp/reanimate_temp_09789205/reanimate.dat ...


---------------------------------------------
anon network derived from Amira Spatial Graph
---------------------------------------------

Importing network data ...
Tissue Dimensions (x,y,z) = 34810 um x 34738 um x 1112 um
nsol = 4
nnodbc = 2
No. of segments = 31978 
No. of nodes = 23620 
No. of boundary nodes = 2 

Analysing network edges ...
No. of edges = 24146 
Edge lengths = 258.708 ± 187.629 um
Edge diameters = 7.681 ± 10.435 um
Length / diameter ratio = 365.289 ± 618.793 um
> Setting stack size ...


-----------------
Blood Flow Module
-----------------

Cloning vascular network ...

Finding articulation points ...
No. of articulation points = 2 
% of total nodes = 0.008 

Finding dead ends ...
No. of dead end segments = 0 
% of total segments = 0 

Assigning rheological parameters ...

Simulating blood flow ...

Full boundary conditions detected -> Running full solver ...
Computing conductance matrix, M ...
Computing K matrix ...
Assigning boundary conditions ...
Solving linear system ...


----------------------- Analysing vascular flow -----------------------

Assigning rheological parameters ...
Blood pressure = 36.173118 ± 13.749536 mmHg
Arteriole pressure = 51.999991 ± 0.000005 mmHg
Capillary pressure = 35.999999 ± 0.000004 mmHg
Venule pressure = 20.000007 ± 0.000004 mmHg
Blood flow = 0.000010 ± 0.000061 nl/min
Arteriole flow = 0.000012 ± 0.000068 nl/min
Capillary flow = 0.000000 ± 0.000000 nl/min
Venule flow = 0.000013 ± 0.000073 nl/min
Blood velocity = 0.000045 ± 0.000110 mm/s
Arteriole velocity = 0.000001 ± 0.000001 mm/s
Capillary velocity = 0.000171 ± 0.000157 mm/s
Venule velocity = 0.000001 ± 0.000000 mm/s
Vessel Wall Shear Stress = 3.185555 ± 7.851148 dyn/cm2
Arteriole WSS = 0.000047 ± 0.000168 dyn/cm2
Capillary WSS = 12.185012 ± 11.230850 dyn/cm2
Venule WSS = 0.000035 ± 0.000078 dyn/cm2
Reynolds number = 0.000000 ± 0.000000
Vascular segment transit time = 27606269.914633 ± 58085760.628463 s
Setting build directory ...
Setting build directory ...
Directory does not exist. Creating folder ...
> Loading network...
Reading /home/vamshis/temp/reanimate_temp_05524440/reanimate.dat ...


---------------------------------------------
anon network derived from Amira Spatial Graph
---------------------------------------------

Importing network data ...
Tissue Dimensions (x,y,z) = 34810 um x 34738 um x 1112 um
nsol = 4
nnodbc = 2
No. of segments = 31978 
No. of nodes = 23620 
No. of boundary nodes = 2 

Analysing network edges ...
No. of edges = 24146 
Edge lengths = 258.708 ± 187.629 um
Edge diameters = 7.681 ± 10.435 um
Length / diameter ratio = 365.289 ± 618.793 um
> Setting stack size ...


-----------------
Blood Flow Module
-----------------

Cloning vascular network ...

Finding articulation points ...
No. of articulation points = 2 
% of total nodes = 0.008 

Finding dead ends ...
No. of dead end segments = 0 
% of total segments = 0 

Assigning rheological parameters ...

Simulating blood flow ...

Full boundary conditions detected -> Running full solver ...
Computing conductance matrix, M ...
Computing K matrix ...
Assigning boundary conditions ...
Solving linear system ...


----------------------- Analysing vascular flow -----------------------

Assigning rheological parameters ...
Blood pressure = 36.173118 ± 13.749536 mmHg
Arteriole pressure = 51.999991 ± 0.000005 mmHg
Capillary pressure = 35.999999 ± 0.000004 mmHg
Venule pressure = 20.000007 ± 0.000004 mmHg
Blood flow = 0.000010 ± 0.000061 nl/min
Arteriole flow = 0.000012 ± 0.000068 nl/min
Capillary flow = 0.000000 ± 0.000000 nl/min
Venule flow = 0.000013 ± 0.000073 nl/min
Blood velocity = 0.000045 ± 0.000110 mm/s
Arteriole velocity = 0.000001 ± 0.000001 mm/s
Capillary velocity = 0.000171 ± 0.000157 mm/s
Venule velocity = 0.000001 ± 0.000000 mm/s
Vessel Wall Shear Stress = 3.185555 ± 7.851149 dyn/cm2
Arteriole WSS = 0.000047 ± 0.000168 dyn/cm2
Capillary WSS = 12.185013 ± 11.230850 dyn/cm2
Venule WSS = 0.000035 ± 0.000078 dyn/cm2
Reynolds number = 0.000000 ± 0.000000
Vascular segment transit time = 27606268.222266 ± 58085757.134979 s
Setting build directory ...
Setting build directory ...
Directory does not exist. Creating folder ...
> Loading network...
Reading /home/vamshis/temp/reanimate_temp_04235790/reanimate.dat ...


---------------------------------------------
anon network derived from Amira Spatial Graph
---------------------------------------------

Importing network data ...
Tissue Dimensions (x,y,z) = 34810 um x 34738 um x 1153 um
nsol = 4
nnodbc = 2
No. of segments = 32235 
No. of nodes = 23830 
No. of boundary nodes = 2 

Analysing network edges ...
No. of edges = 24278 
Edge lengths = 258.141 ± 186.738 um
Edge diameters = 9.691 ± 13.301 um
Length / diameter ratio = 358.834 ± 621.226 um
> Setting stack size ...


-----------------
Blood Flow Module
-----------------

Cloning vascular network ...

Finding articulation points ...
No. of articulation points = 2 
% of total nodes = 0.008 

Finding dead ends ...
No. of dead end segments = 0 
% of total segments = 0 

Assigning rheological parameters ...

Simulating blood flow ...

Full boundary conditions detected -> Running full solver ...
Computing conductance matrix, M ...
Computing K matrix ...
Assigning boundary conditions ...
Solving linear system ...


----------------------- Analysing vascular flow -----------------------

Assigning rheological parameters ...
Blood pressure = 36.080411 ± 13.756222 mmHg
Arteriole pressure = 51.999998 ± 0.000001 mmHg
Capillary pressure = 36.000002 ± 0.000001 mmHg
Venule pressure = 20.000004 ± 0.000002 mmHg
Blood flow = 0.000009 ± 0.000060 nl/min
Arteriole flow = 0.000012 ± 0.000068 nl/min
Capillary flow = 0.000000 ± 0.000000 nl/min
Venule flow = 0.000013 ± 0.000071 nl/min
Blood velocity = 0.000045 ± 0.000107 mm/s
Arteriole velocity = 0.000000 ± 0.000000 mm/s
Capillary velocity = 0.000170 ± 0.000150 mm/s
Venule velocity = 0.000000 ± 0.000000 mm/s
Vessel Wall Shear Stress = 3.161215 ± 7.623387 dyn/cm2
Arteriole WSS = 0.000015 ± 0.000035 dyn/cm2
Capillary WSS = 12.121010 ± 10.688294 dyn/cm2
Venule WSS = 0.000022 ± 0.000038 dyn/cm2
Reynolds number = 0.000000 ± 0.000000
Vascular segment transit time = 43486858.867388 ± 87509536.078133 s
Setting build directory ...
Setting build directory ...
Directory does not exist. Creating folder ...
> Loading network...
Reading /home/vamshis/temp/reanimate_temp_09552494/reanimate.dat ...


---------------------------------------------
anon network derived from Amira Spatial Graph
---------------------------------------------

Importing network data ...
Tissue Dimensions (x,y,z) = 34810 um x 34738 um x 1153 um
nsol = 4
nnodbc = 2
No. of segments = 32235 
No. of nodes = 23830 
No. of boundary nodes = 2 

Analysing network edges ...
No. of edges = 24278 
Edge lengths = 258.141 ± 186.738 um
Edge diameters = 9.691 ± 13.301 um
Length / diameter ratio = 358.834 ± 621.226 um
> Setting stack size ...


-----------------
Blood Flow Module
-----------------

Cloning vascular network ...

Finding articulation points ...
No. of articulation points = 2 
% of total nodes = 0.008 

Finding dead ends ...
No. of dead end segments = 0 
% of total segments = 0 

Assigning rheological parameters ...

Simulating blood flow ...

Full boundary conditions detected -> Running full solver ...
Computing conductance matrix, M ...
Computing K matrix ...
Assigning boundary conditions ...
Solving linear system ...


----------------------- Analysing vascular flow -----------------------

Assigning rheological parameters ...
Blood pressure = 36.080411 ± 13.756222 mmHg
Arteriole pressure = 51.999998 ± 0.000001 mmHg
Capillary pressure = 36.000002 ± 0.000001 mmHg
Venule pressure = 20.000004 ± 0.000002 mmHg
Blood flow = 0.000009 ± 0.000060 nl/min
Arteriole flow = 0.000012 ± 0.000068 nl/min
Capillary flow = 0.000000 ± 0.000000 nl/min
Venule flow = 0.000013 ± 0.000071 nl/min
Blood velocity = 0.000045 ± 0.000107 mm/s
Arteriole velocity = 0.000000 ± 0.000000 mm/s
Capillary velocity = 0.000170 ± 0.000150 mm/s
Venule velocity = 0.000000 ± 0.000000 mm/s
Vessel Wall Shear Stress = 3.161215 ± 7.623387 dyn/cm2
Arteriole WSS = 0.000015 ± 0.000035 dyn/cm2
Capillary WSS = 12.121010 ± 10.688295 dyn/cm2
Venule WSS = 0.000022 ± 0.000038 dyn/cm2
Reynolds number = 0.000000 ± 0.000000
Vascular segment transit time = 43486855.929181 ± 87509529.884078 s
Setting build directory ...
Setting build directory ...
Directory does not exist. Creating folder ...
> Loading network...
Reading /home/vamshis/temp/reanimate_temp_06699000/reanimate.dat ...


---------------------------------------------
anon network derived from Amira Spatial Graph
---------------------------------------------

Importing network data ...
Tissue Dimensions (x,y,z) = 34810 um x 34738 um x 1104 um
nsol = 4
nnodbc = 2
No. of segments = 32245 
No. of nodes = 23845 
No. of boundary nodes = 2 

Analysing network edges ...
No. of edges = 24284 
Edge lengths = 256.850 ± 183.835 um
Edge diameters = 8.920 ± 12.234 um
Length / diameter ratio = 356.075 ± 603.770 um
> Setting stack size ...


-----------------
Blood Flow Module
-----------------

Cloning vascular network ...

Finding articulation points ...
No. of articulation points = 2 
% of total nodes = 0.008 

Finding dead ends ...
No. of dead end segments = 0 
% of total segments = 0 

Assigning rheological parameters ...

Simulating blood flow ...

Full boundary conditions detected -> Running full solver ...
Computing conductance matrix, M ...
Computing K matrix ...
Assigning boundary conditions ...
Solving linear system ...


----------------------- Analysing vascular flow -----------------------

Assigning rheological parameters ...
Blood pressure = 36.170197 ± 13.757598 mmHg
Arteriole pressure = 51.999995 ± 0.000003 mmHg
Capillary pressure = 36.000000 ± 0.000001 mmHg
Venule pressure = 20.000004 ± 0.000002 mmHg
Blood flow = 0.000009 ± 0.000056 nl/min
Arteriole flow = 0.000012 ± 0.000063 nl/min
Capillary flow = 0.000000 ± 0.000000 nl/min
Venule flow = 0.000012 ± 0.000067 nl/min
Blood velocity = 0.000045 ± 0.000111 mm/s
Arteriole velocity = 0.000000 ± 0.000000 mm/s
Capillary velocity = 0.000173 ± 0.000158 mm/s
Venule velocity = 0.000000 ± 0.000000 mm/s
Vessel Wall Shear Stress = 3.221409 ± 7.904566 dyn/cm2
Arteriole WSS = 0.000026 ± 0.000053 dyn/cm2
Capillary WSS = 12.362979 ± 11.259816 dyn/cm2
Venule WSS = 0.000023 ± 0.000045 dyn/cm2
Reynolds number = 0.000000 ± 0.000000
Vascular segment transit time = 35623922.745830 ± 74193159.155785 s
Setting build directory ...
Setting build directory ...
Directory does not exist. Creating folder ...
> Loading network...
Reading /home/vamshis/temp/reanimate_temp_08167774/reanimate.dat ...


---------------------------------------------
anon network derived from Amira Spatial Graph
---------------------------------------------

Importing network data ...
Tissue Dimensions (x,y,z) = 34810 um x 34738 um x 1104 um
nsol = 4
nnodbc = 2
No. of segments = 32245 
No. of nodes = 23845 
No. of boundary nodes = 2 

Analysing network edges ...
No. of edges = 24284 
Edge lengths = 256.850 ± 183.835 um
Edge diameters = 8.920 ± 12.234 um
Length / diameter ratio = 356.075 ± 603.770 um
> Setting stack size ...


-----------------
Blood Flow Module
-----------------

Cloning vascular network ...

Finding articulation points ...
No. of articulation points = 2 
% of total nodes = 0.008 

Finding dead ends ...
No. of dead end segments = 0 
% of total segments = 0 

Assigning rheological parameters ...

Simulating blood flow ...

Full boundary conditions detected -> Running full solver ...
Computing conductance matrix, M ...
Computing K matrix ...
Assigning boundary conditions ...
Solving linear system ...


----------------------- Analysing vascular flow -----------------------

Assigning rheological parameters ...
Blood pressure = 36.170197 ± 13.757598 mmHg
Arteriole pressure = 51.999995 ± 0.000003 mmHg
Capillary pressure = 36.000000 ± 0.000001 mmHg
Venule pressure = 20.000004 ± 0.000002 mmHg
Blood flow = 0.000009 ± 0.000056 nl/min
Arteriole flow = 0.000012 ± 0.000063 nl/min
Capillary flow = 0.000000 ± 0.000000 nl/min
Venule flow = 0.000012 ± 0.000067 nl/min
Blood velocity = 0.000045 ± 0.000111 mm/s
Arteriole velocity = 0.000000 ± 0.000000 mm/s
Capillary velocity = 0.000173 ± 0.000158 mm/s
Venule velocity = 0.000000 ± 0.000000 mm/s
Vessel Wall Shear Stress = 3.221409 ± 7.904566 dyn/cm2
Arteriole WSS = 0.000026 ± 0.000053 dyn/cm2
Capillary WSS = 12.362979 ± 11.259816 dyn/cm2
Venule WSS = 0.000023 ± 0.000045 dyn/cm2
Reynolds number = 0.000000 ± 0.000000
Vascular segment transit time = 35623920.166626 ± 74193154.117395 s
Setting build directory ...
Setting build directory ...
Directory does not exist. Creating folder ...
> Loading network...
Reading /home/vamshis/temp/reanimate_temp_02261004/reanimate.dat ...


---------------------------------------------
anon network derived from Amira Spatial Graph
---------------------------------------------

Importing network data ...
Tissue Dimensions (x,y,z) = 34810 um x 34738 um x 1108 um
nsol = 4
nnodbc = 2
No. of segments = 32296 
No. of nodes = 23880 
No. of boundary nodes = 2 

Analysing network edges ...
No. of edges = 24340 
Edge lengths = 259.399 ± 188.622 um
Edge diameters = 8.704 ± 12.100 um
Length / diameter ratio = 367.812 ± 637.782 um
> Setting stack size ...


-----------------
Blood Flow Module
-----------------

Cloning vascular network ...

Finding articulation points ...
No. of articulation points = 2 
% of total nodes = 0.008 

Finding dead ends ...
No. of dead end segments = 0 
% of total segments = 0 

Assigning rheological parameters ...

Simulating blood flow ...

Full boundary conditions detected -> Running full solver ...
Computing conductance matrix, M ...
Computing K matrix ...
Assigning boundary conditions ...
Solving linear system ...


----------------------- Analysing vascular flow -----------------------

Assigning rheological parameters ...
Blood pressure = 36.177357 ± 13.756726 mmHg
Arteriole pressure = 51.999993 ± 0.000004 mmHg
Capillary pressure = 35.999997 ± 0.000002 mmHg
Venule pressure = 20.000003 ± 0.000002 mmHg
Blood flow = 0.000009 ± 0.000059 nl/min
Arteriole flow = 0.000011 ± 0.000064 nl/min
Capillary flow = 0.000000 ± 0.000000 nl/min
Venule flow = 0.000012 ± 0.000073 nl/min
Blood velocity = 0.000044 ± 0.000109 mm/s
Arteriole velocity = 0.000001 ± 0.000000 mm/s
Capillary velocity = 0.000170 ± 0.000155 mm/s
Venule velocity = 0.000000 ± 0.000000 mm/s
Vessel Wall Shear Stress = 3.152644 ± 7.751269 dyn/cm2
Arteriole WSS = 0.000037 ± 0.000076 dyn/cm2
Capillary WSS = 12.095169 ± 11.061374 dyn/cm2
Venule WSS = 0.000018 ± 0.000038 dyn/cm2
Reynolds number = 0.000000 ± 0.000000
Vascular segment transit time = 36094619.112104 ± 79641234.874513 s
Setting build directory ...
Setting build directory ...
Directory does not exist. Creating folder ...
> Loading network...
Reading /home/vamshis/temp/reanimate_temp_05115241/reanimate.dat ...


---------------------------------------------
anon network derived from Amira Spatial Graph
---------------------------------------------

Importing network data ...
Tissue Dimensions (x,y,z) = 34810 um x 34738 um x 1108 um
nsol = 4
nnodbc = 2
No. of segments = 32296 
No. of nodes = 23880 
No. of boundary nodes = 2 

Analysing network edges ...
No. of edges = 24340 
Edge lengths = 259.399 ± 188.622 um
Edge diameters = 8.704 ± 12.100 um
Length / diameter ratio = 367.812 ± 637.782 um
> Setting stack size ...


-----------------
Blood Flow Module
-----------------

Cloning vascular network ...

Finding articulation points ...
No. of articulation points = 2 
% of total nodes = 0.008 

Finding dead ends ...
No. of dead end segments = 0 
% of total segments = 0 

Assigning rheological parameters ...

Simulating blood flow ...

Full boundary conditions detected -> Running full solver ...
Computing conductance matrix, M ...
Computing K matrix ...
Assigning boundary conditions ...
Solving linear system ...


----------------------- Analysing vascular flow -----------------------

Assigning rheological parameters ...
Blood pressure = 36.177357 ± 13.756726 mmHg
Arteriole pressure = 51.999993 ± 0.000004 mmHg
Capillary pressure = 35.999997 ± 0.000002 mmHg
Venule pressure = 20.000003 ± 0.000002 mmHg
Blood flow = 0.000009 ± 0.000059 nl/min
Arteriole flow = 0.000011 ± 0.000064 nl/min
Capillary flow = 0.000000 ± 0.000000 nl/min
Venule flow = 0.000012 ± 0.000073 nl/min
Blood velocity = 0.000044 ± 0.000109 mm/s
Arteriole velocity = 0.000001 ± 0.000000 mm/s
Capillary velocity = 0.000170 ± 0.000155 mm/s
Venule velocity = 0.000000 ± 0.000000 mm/s
Vessel Wall Shear Stress = 3.152644 ± 7.751269 dyn/cm2
Arteriole WSS = 0.000037 ± 0.000076 dyn/cm2
Capillary WSS = 12.095169 ± 11.061374 dyn/cm2
Venule WSS = 0.000018 ± 0.000038 dyn/cm2
Reynolds number = 0.000000 ± 0.000000
Vascular segment transit time = 36094616.942569 ± 79641227.464417 s
Setting build directory ...
Setting build directory ...
Directory does not exist. Creating folder ...
> Loading network...
Reading /home/vamshis/temp/reanimate_temp_02697686/reanimate.dat ...


---------------------------------------------
anon network derived from Amira Spatial Graph
---------------------------------------------

Importing network data ...
Tissue Dimensions (x,y,z) = 34810 um x 34738 um x 1138 um
nsol = 4
nnodbc = 2
No. of segments = 32381 
No. of nodes = 23954 
No. of boundary nodes = 2 

Analysing network edges ...
No. of edges = 24365 
Edge lengths = 257.938 ± 186.157 um
Edge diameters = 8.505 ± 11.468 um
Length / diameter ratio = 365.893 ± 628.739 um
> Setting stack size ...


-----------------
Blood Flow Module
-----------------

Cloning vascular network ...

Finding articulation points ...
No. of articulation points = 2 
% of total nodes = 0.008 

Finding dead ends ...
No. of dead end segments = 0 
% of total segments = 0 

Assigning rheological parameters ...

Simulating blood flow ...

Full boundary conditions detected -> Running full solver ...
Computing conductance matrix, M ...
Computing K matrix ...
Assigning boundary conditions ...
Solving linear system ...


----------------------- Analysing vascular flow -----------------------

Assigning rheological parameters ...
Blood pressure = 36.180847 ± 13.759885 mmHg
Arteriole pressure = 51.999995 ± 0.000003 mmHg
Capillary pressure = 36.000001 ± 0.000002 mmHg
Venule pressure = 20.000006 ± 0.000003 mmHg
Blood flow = 0.000009 ± 0.000060 nl/min
Arteriole flow = 0.000012 ± 0.000068 nl/min
Capillary flow = 0.000000 ± 0.000000 nl/min
Venule flow = 0.000013 ± 0.000070 nl/min
Blood velocity = 0.000044 ± 0.000104 mm/s
Arteriole velocity = 0.000000 ± 0.000000 mm/s
Capillary velocity = 0.000169 ± 0.000143 mm/s
Venule velocity = 0.000000 ± 0.000000 mm/s
Vessel Wall Shear Stress = 3.142463 ± 7.414307 dyn/cm2
Arteriole WSS = 0.000027 ± 0.000054 dyn/cm2
Capillary WSS = 12.072063 ± 10.168015 dyn/cm2
Venule WSS = 0.000029 ± 0.000053 dyn/cm2
Reynolds number = 0.000000 ± 0.000000
Vascular segment transit time = 32741877.104840 ± 65295858.694405 s
Setting build directory ...
Setting build directory ...
Directory does not exist. Creating folder ...
> Loading network...
Reading /home/vamshis/temp/reanimate_temp_07923116/reanimate.dat ...


---------------------------------------------
anon network derived from Amira Spatial Graph
---------------------------------------------

Importing network data ...
Tissue Dimensions (x,y,z) = 34810 um x 34738 um x 1138 um
nsol = 4
nnodbc = 2
No. of segments = 32381 
No. of nodes = 23954 
No. of boundary nodes = 2 

Analysing network edges ...
No. of edges = 24365 
Edge lengths = 257.938 ± 186.157 um
Edge diameters = 8.505 ± 11.468 um
Length / diameter ratio = 365.893 ± 628.739 um
> Setting stack size ...


-----------------
Blood Flow Module
-----------------

Cloning vascular network ...

Finding articulation points ...
No. of articulation points = 2 
% of total nodes = 0.008 

Finding dead ends ...
No. of dead end segments = 0 
% of total segments = 0 

Assigning rheological parameters ...

Simulating blood flow ...

Full boundary conditions detected -> Running full solver ...
Computing conductance matrix, M ...
Computing K matrix ...
Assigning boundary conditions ...
Solving linear system ...


----------------------- Analysing vascular flow -----------------------

Assigning rheological parameters ...
Blood pressure = 36.180847 ± 13.759885 mmHg
Arteriole pressure = 51.999995 ± 0.000003 mmHg
Capillary pressure = 36.000001 ± 0.000002 mmHg
Venule pressure = 20.000006 ± 0.000003 mmHg
Blood flow = 0.000009 ± 0.000060 nl/min
Arteriole flow = 0.000012 ± 0.000068 nl/min
Capillary flow = 0.000000 ± 0.000000 nl/min
Venule flow = 0.000013 ± 0.000070 nl/min
Blood velocity = 0.000044 ± 0.000104 mm/s
Arteriole velocity = 0.000000 ± 0.000000 mm/s
Capillary velocity = 0.000169 ± 0.000143 mm/s
Venule velocity = 0.000000 ± 0.000000 mm/s
Vessel Wall Shear Stress = 3.142463 ± 7.414307 dyn/cm2
Arteriole WSS = 0.000027 ± 0.000054 dyn/cm2
Capillary WSS = 12.072064 ± 10.168015 dyn/cm2
Venule WSS = 0.000029 ± 0.000053 dyn/cm2
Reynolds number = 0.000000 ± 0.000000
Vascular segment transit time = 32741874.977894 ± 65295854.828313 s
Setting build directory ...
Setting build directory ...
Directory does not exist. Creating folder ...
> Loading network...
Reading /home/vamshis/temp/reanimate_temp_07147953/reanimate.dat ...


---------------------------------------------
anon network derived from Amira Spatial Graph
---------------------------------------------

Importing network data ...
Tissue Dimensions (x,y,z) = 34810 um x 34738 um x 1130 um
nsol = 4
nnodbc = 2
No. of segments = 32043 
No. of nodes = 23660 
No. of boundary nodes = 2 

Analysing network edges ...
No. of edges = 24235 
Edge lengths = 259.004 ± 189.207 um
Edge diameters = 9.532 ± 13.266 um
Length / diameter ratio = 360.551 ± 623.660 um
> Setting stack size ...


-----------------
Blood Flow Module
-----------------

Cloning vascular network ...

Finding articulation points ...
No. of articulation points = 2 
% of total nodes = 0.008 

Finding dead ends ...
No. of dead end segments = 0 
% of total segments = 0 

Assigning rheological parameters ...

Simulating blood flow ...

Full boundary conditions detected -> Running full solver ...
Computing conductance matrix, M ...
Computing K matrix ...
Assigning boundary conditions ...
Solving linear system ...


----------------------- Analysing vascular flow -----------------------

Assigning rheological parameters ...
Blood pressure = 36.186748 ± 13.747035 mmHg
Arteriole pressure = 51.999996 ± 0.000002 mmHg
Capillary pressure = 35.999998 ± 0.000001 mmHg
Venule pressure = 20.000002 ± 0.000001 mmHg
Blood flow = 0.000009 ± 0.000060 nl/min
Arteriole flow = 0.000012 ± 0.000068 nl/min
Capillary flow = 0.000000 ± 0.000000 nl/min
Venule flow = 0.000012 ± 0.000072 nl/min
Blood velocity = 0.000045 ± 0.000108 mm/s
Arteriole velocity = 0.000000 ± 0.000000 mm/s
Capillary velocity = 0.000170 ± 0.000153 mm/s
Venule velocity = 0.000000 ± 0.000000 mm/s
Vessel Wall Shear Stress = 3.182512 ± 7.743230 dyn/cm2
Arteriole WSS = 0.000025 ± 0.000052 dyn/cm2
Capillary WSS = 12.161808 ± 10.951206 dyn/cm2
Venule WSS = 0.000014 ± 0.000027 dyn/cm2
Reynolds number = 0.000000 ± 0.000000
Vascular segment transit time = 42900966.912098 ± 88874057.320896 s
Setting build directory ...
Setting build directory ...
Directory does not exist. Creating folder ...
> Loading network...
Reading /home/vamshis/temp/reanimate_temp_00510995/reanimate.dat ...


---------------------------------------------
anon network derived from Amira Spatial Graph
---------------------------------------------

Importing network data ...
Tissue Dimensions (x,y,z) = 34810 um x 34738 um x 1130 um
nsol = 4
nnodbc = 2
No. of segments = 32043 
No. of nodes = 23660 
No. of boundary nodes = 2 

Analysing network edges ...
No. of edges = 24235 
Edge lengths = 259.004 ± 189.207 um
Edge diameters = 9.532 ± 13.266 um
Length / diameter ratio = 360.551 ± 623.660 um
> Setting stack size ...


-----------------
Blood Flow Module
-----------------

Cloning vascular network ...

Finding articulation points ...
No. of articulation points = 2 
% of total nodes = 0.008 

Finding dead ends ...
No. of dead end segments = 0 
% of total segments = 0 

Assigning rheological parameters ...

Simulating blood flow ...

Full boundary conditions detected -> Running full solver ...
Computing conductance matrix, M ...
Computing K matrix ...
Assigning boundary conditions ...
Solving linear system ...


----------------------- Analysing vascular flow -----------------------

Assigning rheological parameters ...
Blood pressure = 36.186748 ± 13.747035 mmHg
Arteriole pressure = 51.999996 ± 0.000002 mmHg
Capillary pressure = 35.999998 ± 0.000001 mmHg
Venule pressure = 20.000002 ± 0.000001 mmHg
Blood flow = 0.000009 ± 0.000060 nl/min
Arteriole flow = 0.000012 ± 0.000068 nl/min
Capillary flow = 0.000000 ± 0.000000 nl/min
Venule flow = 0.000012 ± 0.000072 nl/min
Blood velocity = 0.000045 ± 0.000108 mm/s
Arteriole velocity = 0.000000 ± 0.000000 mm/s
Capillary velocity = 0.000170 ± 0.000153 mm/s
Venule velocity = 0.000000 ± 0.000000 mm/s
Vessel Wall Shear Stress = 3.182512 ± 7.743231 dyn/cm2
Arteriole WSS = 0.000025 ± 0.000052 dyn/cm2
Capillary WSS = 12.161809 ± 10.951206 dyn/cm2
Venule WSS = 0.000014 ± 0.000027 dyn/cm2
Reynolds number = 0.000000 ± 0.000000
Vascular segment transit time = 42900963.961185 ± 88874051.628811 s
Setting build directory ...
Setting build directory ...
Directory does not exist. Creating folder ...
> Loading network...
Reading /home/vamshis/temp/reanimate_temp_09255797/reanimate.dat ...


---------------------------------------------
anon network derived from Amira Spatial Graph
---------------------------------------------

Importing network data ...
Tissue Dimensions (x,y,z) = 34810 um x 34738 um x 1141 um
nsol = 4
nnodbc = 2
No. of segments = 32261 
No. of nodes = 23877 
No. of boundary nodes = 2 

Analysing network edges ...
No. of edges = 24223 
Edge lengths = 257.440 ± 188.216 um
Edge diameters = 9.793 ± 13.572 um
Length / diameter ratio = 357.801 ± 615.025 um
> Setting stack size ...


-----------------
Blood Flow Module
-----------------

Cloning vascular network ...

Finding articulation points ...
No. of articulation points = 2 
% of total nodes = 0.008 

Finding dead ends ...
No. of dead end segments = 0 
% of total segments = 0 

Assigning rheological parameters ...

Simulating blood flow ...

Full boundary conditions detected -> Running full solver ...
Computing conductance matrix, M ...
Computing K matrix ...
Assigning boundary conditions ...
Solving linear system ...


----------------------- Analysing vascular flow -----------------------

Assigning rheological parameters ...
Blood pressure = 36.238554 ± 13.762400 mmHg
Arteriole pressure = 51.999997 ± 0.000002 mmHg
Capillary pressure = 36.000000 ± 0.000001 mmHg
Venule pressure = 20.000003 ± 0.000002 mmHg
Blood flow = 0.000009 ± 0.000063 nl/min
Arteriole flow = 0.000012 ± 0.000069 nl/min
Capillary flow = 0.000000 ± 0.000000 nl/min
Venule flow = 0.000013 ± 0.000076 nl/min
Blood velocity = 0.000045 ± 0.000107 mm/s
Arteriole velocity = 0.000000 ± 0.000000 mm/s
Capillary velocity = 0.000171 ± 0.000151 mm/s
Venule velocity = 0.000000 ± 0.000000 mm/s
Vessel Wall Shear Stress = 3.176343 ± 7.671859 dyn/cm2
Arteriole WSS = 0.000020 ± 0.000043 dyn/cm2
Capillary WSS = 12.219361 ± 10.767170 dyn/cm2
Venule WSS = 0.000017 ± 0.000032 dyn/cm2
Reynolds number = 0.000000 ± 0.000000
Vascular segment transit time = 43369987.832844 ± 89694661.604636 s
Setting build directory ...
Setting build directory ...
Directory does not exist. Creating folder ...
> Loading network...
Reading /home/vamshis/temp/reanimate_temp_00831727/reanimate.dat ...


---------------------------------------------
anon network derived from Amira Spatial Graph
---------------------------------------------

Importing network data ...
Tissue Dimensions (x,y,z) = 34810 um x 34738 um x 1141 um
nsol = 4
nnodbc = 2
No. of segments = 32261 
No. of nodes = 23877 
No. of boundary nodes = 2 

Analysing network edges ...
No. of edges = 24223 
Edge lengths = 257.440 ± 188.216 um
Edge diameters = 9.793 ± 13.572 um
Length / diameter ratio = 357.801 ± 615.025 um
> Setting stack size ...


-----------------
Blood Flow Module
-----------------

Cloning vascular network ...

Finding articulation points ...
No. of articulation points = 2 
% of total nodes = 0.008 

Finding dead ends ...
No. of dead end segments = 0 
% of total segments = 0 

Assigning rheological parameters ...

Simulating blood flow ...

Full boundary conditions detected -> Running full solver ...
Computing conductance matrix, M ...
Computing K matrix ...
Assigning boundary conditions ...
Solving linear system ...


----------------------- Analysing vascular flow -----------------------

Assigning rheological parameters ...
Blood pressure = 36.238554 ± 13.762400 mmHg
Arteriole pressure = 51.999997 ± 0.000002 mmHg
Capillary pressure = 36.000000 ± 0.000001 mmHg
Venule pressure = 20.000003 ± 0.000002 mmHg
Blood flow = 0.000009 ± 0.000063 nl/min
Arteriole flow = 0.000012 ± 0.000069 nl/min
Capillary flow = 0.000000 ± 0.000000 nl/min
Venule flow = 0.000013 ± 0.000076 nl/min
Blood velocity = 0.000045 ± 0.000107 mm/s
Arteriole velocity = 0.000000 ± 0.000000 mm/s
Capillary velocity = 0.000171 ± 0.000151 mm/s
Venule velocity = 0.000000 ± 0.000000 mm/s
Vessel Wall Shear Stress = 3.176343 ± 7.671859 dyn/cm2
Arteriole WSS = 0.000020 ± 0.000043 dyn/cm2
Capillary WSS = 12.219361 ± 10.767170 dyn/cm2
Venule WSS = 0.000017 ± 0.000032 dyn/cm2
Reynolds number = 0.000000 ± 0.000000
Vascular segment transit time = 43369985.062283 ± 89694655.658203 s
Setting build directory ...
Setting build directory ...
Directory does not exist. Creating folder ...
> Loading network...
Reading /home/vamshis/temp/reanimate_temp_09081406/reanimate.dat ...


---------------------------------------------
anon network derived from Amira Spatial Graph
---------------------------------------------

Importing network data ...
Tissue Dimensions (x,y,z) = 34810 um x 34738 um x 1129 um
nsol = 4
nnodbc = 2
No. of segments = 32266 
No. of nodes = 23851 
No. of boundary nodes = 2 

Analysing network edges ...
No. of edges = 24338 
Edge lengths = 257.902 ± 185.006 um
Edge diameters = 8.135 ± 11.210 um
Length / diameter ratio = 359.560 ± 608.735 um
> Setting stack size ...


-----------------
Blood Flow Module
-----------------

Cloning vascular network ...

Finding articulation points ...
No. of articulation points = 2 
% of total nodes = 0.008 

Finding dead ends ...
No. of dead end segments = 0 
% of total segments = 0 

Assigning rheological parameters ...

Simulating blood flow ...

Full boundary conditions detected -> Running full solver ...
Computing conductance matrix, M ...
Computing K matrix ...
Assigning boundary conditions ...
Solving linear system ...


----------------------- Analysing vascular flow -----------------------

Assigning rheological parameters ...
Blood pressure = 36.159175 ± 13.754981 mmHg
Arteriole pressure = 51.999992 ± 0.000005 mmHg
Capillary pressure = 35.999998 ± 0.000002 mmHg
Venule pressure = 20.000005 ± 0.000003 mmHg
Blood flow = 0.000010 ± 0.000063 nl/min
Arteriole flow = 0.000012 ± 0.000070 nl/min
Capillary flow = 0.000000 ± 0.000000 nl/min
Venule flow = 0.000014 ± 0.000076 nl/min
Blood velocity = 0.000045 ± 0.000110 mm/s
Arteriole velocity = 0.000001 ± 0.000001 mm/s
Capillary velocity = 0.000172 ± 0.000158 mm/s
Venule velocity = 0.000000 ± 0.000000 mm/s
Vessel Wall Shear Stress = 3.208059 ± 7.881984 dyn/cm2
Arteriole WSS = 0.000041 ± 0.000100 dyn/cm2
Capillary WSS = 12.297780 ± 11.241846 dyn/cm2
Venule WSS = 0.000028 ± 0.000059 dyn/cm2
Reynolds number = 0.000000 ± 0.000000
Vascular segment transit time = 30952682.191703 ± 65357317.413935 s
Setting build directory ...
Setting build directory ...
Directory does not exist. Creating folder ...
> Loading network...
Reading /home/vamshis/temp/reanimate_temp_06402486/reanimate.dat ...


---------------------------------------------
anon network derived from Amira Spatial Graph
---------------------------------------------

Importing network data ...
Tissue Dimensions (x,y,z) = 34810 um x 34738 um x 1129 um
nsol = 4
nnodbc = 2
No. of segments = 32266 
No. of nodes = 23851 
No. of boundary nodes = 2 

Analysing network edges ...
No. of edges = 24338 
Edge lengths = 257.902 ± 185.006 um
Edge diameters = 8.135 ± 11.210 um
Length / diameter ratio = 359.560 ± 608.735 um
> Setting stack size ...


-----------------
Blood Flow Module
-----------------

Cloning vascular network ...

Finding articulation points ...
No. of articulation points = 2 
% of total nodes = 0.008 

Finding dead ends ...
No. of dead end segments = 0 
% of total segments = 0 

Assigning rheological parameters ...

Simulating blood flow ...

Full boundary conditions detected -> Running full solver ...
Computing conductance matrix, M ...
Computing K matrix ...
Assigning boundary conditions ...
Solving linear system ...


----------------------- Analysing vascular flow -----------------------

Assigning rheological parameters ...
Blood pressure = 36.159175 ± 13.754981 mmHg
Arteriole pressure = 51.999992 ± 0.000005 mmHg
Capillary pressure = 35.999998 ± 0.000002 mmHg
Venule pressure = 20.000005 ± 0.000003 mmHg
Blood flow = 0.000010 ± 0.000063 nl/min
Arteriole flow = 0.000012 ± 0.000070 nl/min
Capillary flow = 0.000000 ± 0.000000 nl/min
Venule flow = 0.000014 ± 0.000076 nl/min
Blood velocity = 0.000045 ± 0.000110 mm/s
Arteriole velocity = 0.000001 ± 0.000001 mm/s
Capillary velocity = 0.000172 ± 0.000158 mm/s
Venule velocity = 0.000000 ± 0.000000 mm/s
Vessel Wall Shear Stress = 3.208059 ± 7.881984 dyn/cm2
Arteriole WSS = 0.000041 ± 0.000100 dyn/cm2
Capillary WSS = 12.297781 ± 11.241846 dyn/cm2
Venule WSS = 0.000028 ± 0.000059 dyn/cm2
Reynolds number = 0.000000 ± 0.000000
Vascular segment transit time = 30952680.298816 ± 65357313.413782 s
Setting build directory ...
Setting build directory ...
Directory does not exist. Creating folder ...
> Loading network...
Reading /home/vamshis/temp/reanimate_temp_00963526/reanimate.dat ...


---------------------------------------------
anon network derived from Amira Spatial Graph
---------------------------------------------

Importing network data ...
Tissue Dimensions (x,y,z) = 34810 um x 34738 um x 1137 um
nsol = 4
nnodbc = 2
No. of segments = 32314 
No. of nodes = 23862 
No. of boundary nodes = 2 

Analysing network edges ...
No. of edges = 24427 
Edge lengths = 257.917 ± 185.106 um
Edge diameters = 8.140 ± 11.148 um
Length / diameter ratio = 362.608 ± 611.826 um
> Setting stack size ...


-----------------
Blood Flow Module
-----------------

Cloning vascular network ...

Finding articulation points ...
No. of articulation points = 2 
% of total nodes = 0.008 

Finding dead ends ...
No. of dead end segments = 0 
% of total segments = 0 

Assigning rheological parameters ...

Simulating blood flow ...

Full boundary conditions detected -> Running full solver ...
Computing conductance matrix, M ...
Computing K matrix ...
Assigning boundary conditions ...
Solving linear system ...


----------------------- Analysing vascular flow -----------------------

Assigning rheological parameters ...
Blood pressure = 36.128738 ± 13.748248 mmHg
Arteriole pressure = 51.999994 ± 0.000003 mmHg
Capillary pressure = 36.000001 ± 0.000002 mmHg
Venule pressure = 20.000007 ± 0.000004 mmHg
Blood flow = 0.000009 ± 0.000057 nl/min
Arteriole flow = 0.000012 ± 0.000065 nl/min
Capillary flow = 0.000000 ± 0.000000 nl/min
Venule flow = 0.000012 ± 0.000066 nl/min
Blood velocity = 0.000045 ± 0.000108 mm/s
Arteriole velocity = 0.000000 ± 0.000000 mm/s
Capillary velocity = 0.000169 ± 0.000154 mm/s
Venule velocity = 0.000001 ± 0.000000 mm/s
Vessel Wall Shear Stress = 3.161367 ± 7.730870 dyn/cm2
Arteriole WSS = 0.000031 ± 0.000094 dyn/cm2
Capillary WSS = 12.083704 ± 10.983601 dyn/cm2
Venule WSS = 0.000036 ± 0.000074 dyn/cm2
Reynolds number = 0.000000 ± 0.000000
Vascular segment transit time = 30033312.149418 ± 60984556.981221 s
Setting build directory ...
Setting build directory ...
Directory does not exist. Creating folder ...
> Loading network...
Reading /home/vamshis/temp/reanimate_temp_00146953/reanimate.dat ...


---------------------------------------------
anon network derived from Amira Spatial Graph
---------------------------------------------

Importing network data ...
Tissue Dimensions (x,y,z) = 34810 um x 34738 um x 1137 um
nsol = 4
nnodbc = 2
No. of segments = 32314 
No. of nodes = 23862 
No. of boundary nodes = 2 

Analysing network edges ...
No. of edges = 24427 
Edge lengths = 257.917 ± 185.106 um
Edge diameters = 8.140 ± 11.148 um
Length / diameter ratio = 362.608 ± 611.826 um
> Setting stack size ...


-----------------
Blood Flow Module
-----------------

Cloning vascular network ...

Finding articulation points ...
No. of articulation points = 2 
% of total nodes = 0.008 

Finding dead ends ...
No. of dead end segments = 0 
% of total segments = 0 

Assigning rheological parameters ...

Simulating blood flow ...

Full boundary conditions detected -> Running full solver ...
Computing conductance matrix, M ...
Computing K matrix ...
Assigning boundary conditions ...
Solving linear system ...


----------------------- Analysing vascular flow -----------------------

Assigning rheological parameters ...
Blood pressure = 36.128738 ± 13.748248 mmHg
Arteriole pressure = 51.999994 ± 0.000003 mmHg
Capillary pressure = 36.000001 ± 0.000002 mmHg
Venule pressure = 20.000007 ± 0.000004 mmHg
Blood flow = 0.000009 ± 0.000057 nl/min
Arteriole flow = 0.000012 ± 0.000065 nl/min
Capillary flow = 0.000000 ± 0.000000 nl/min
Venule flow = 0.000012 ± 0.000066 nl/min
Blood velocity = 0.000045 ± 0.000108 mm/s
Arteriole velocity = 0.000000 ± 0.000000 mm/s
Capillary velocity = 0.000169 ± 0.000154 mm/s
Venule velocity = 0.000001 ± 0.000000 mm/s
Vessel Wall Shear Stress = 3.161368 ± 7.730870 dyn/cm2
Arteriole WSS = 0.000031 ± 0.000094 dyn/cm2
Capillary WSS = 12.083704 ± 10.983601 dyn/cm2
Venule WSS = 0.000036 ± 0.000074 dyn/cm2
Reynolds number = 0.000000 ± 0.000000
Vascular segment transit time = 30033310.317343 ± 60984553.192487 s
