==========================================
SLURM_CLUSTER_NAME = paramprabha
SLURM_JOB_ACCOUNT = cdac
SLURM_JOB_ID = 180081
SLURM_JOB_NAME = RETINASIM-HPC
SLURM_JOB_NODELIST = rpcn[457-466]
SLURM_JOB_USER = vamshis
SLURM_JOB_UID = 52008
SLURM_JOB_PARTITION = standard
SLURM_TASK_PID = 52217
SLURM_SUBMIT_DIR = /home/vamshis/miniconda3/envs/retina/lib/python3.8/site-packages/retinasim
SLURM_CPUS_ON_NODE = 1
SLURM_NTASKS = 10
SLURM_TASK_PID = 52217
==========================================
Setting build directory ...
Setting build directory ...
Directory does not exist. Creating folder ...
> Loading network...
Reading /home/vamshis/temp/reanimate_temp_01035920/reanimate.dat ...


---------------------------------------------
anon network derived from Amira Spatial Graph
---------------------------------------------

Importing network data ...
Tissue Dimensions (x,y,z) = 34810 um x 34738 um x 1144 um
nsol = 4
nnodbc = 2
No. of segments = 32110 
No. of nodes = 23748 
No. of boundary nodes = 2 

Analysing network edges ...
No. of edges = 24186 
Edge lengths = 260.067 ± 188.519 um
Edge diameters = 8.936 ± 12.308 um
Length / diameter ratio = 364.818 ± 635.460 um
> Setting stack size ...


-----------------
Blood Flow Module
-----------------

Cloning vascular network ...

Finding articulation points ...
No. of articulation points = 2 
% of total nodes = 0.008 

Finding dead ends ...
No. of dead end segments = 0 
% of total segments = 0 

Assigning rheological parameters ...

Simulating blood flow ...

Full boundary conditions detected -> Running full solver ...
Computing conductance matrix, M ...
Computing K matrix ...
Assigning boundary conditions ...
Solving linear system ...


----------------------- Analysing vascular flow -----------------------

Assigning rheological parameters ...
Blood pressure = 36.127560 ± 13.758879 mmHg
Arteriole pressure = 51.999994 ± 0.000003 mmHg
Capillary pressure = 35.999998 ± 0.000002 mmHg
Venule pressure = 20.000003 ± 0.000002 mmHg
Blood flow = 0.000009 ± 0.000061 nl/min
Arteriole flow = 0.000013 ± 0.000072 nl/min
Capillary flow = 0.000000 ± 0.000000 nl/min
Venule flow = 0.000012 ± 0.000068 nl/min
Blood velocity = 0.000045 ± 0.000109 mm/s
Arteriole velocity = 0.000000 ± 0.000000 mm/s
Capillary velocity = 0.000170 ± 0.000156 mm/s
Venule velocity = 0.000000 ± 0.000000 mm/s
Vessel Wall Shear Stress = 3.167966 ± 7.805521 dyn/cm2
Arteriole WSS = 0.000031 ± 0.000061 dyn/cm2
Capillary WSS = 12.161981 ± 11.158975 dyn/cm2
Venule WSS = 0.000017 ± 0.000031 dyn/cm2
Reynolds number = 0.000000 ± 0.000000
Vascular segment transit time = 37146214.732667 ± 78136221.669303 s
Setting build directory ...
Setting build directory ...
Directory does not exist. Creating folder ...
> Loading network...
Reading /home/vamshis/temp/reanimate_temp_08339683/reanimate.dat ...


---------------------------------------------
anon network derived from Amira Spatial Graph
---------------------------------------------

Importing network data ...
Tissue Dimensions (x,y,z) = 34810 um x 34738 um x 1152 um
nsol = 4
nnodbc = 2
No. of segments = 32123 
No. of nodes = 23781 
No. of boundary nodes = 2 

Analysing network edges ...
No. of edges = 24129 
Edge lengths = 259.192 ± 186.542 um
Edge diameters = 9.152 ± 12.672 um
Length / diameter ratio = 361.041 ± 627.814 um
> Setting stack size ...


-----------------
Blood Flow Module
-----------------

Cloning vascular network ...

Finding articulation points ...
No. of articulation points = 2 
% of total nodes = 0.008 

Finding dead ends ...
No. of dead end segments = 0 
% of total segments = 0 

Assigning rheological parameters ...

Simulating blood flow ...

Full boundary conditions detected -> Running full solver ...
Computing conductance matrix, M ...
Computing K matrix ...
Assigning boundary conditions ...
Solving linear system ...


----------------------- Analysing vascular flow -----------------------

Assigning rheological parameters ...
Blood pressure = 36.123025 ± 13.765691 mmHg
Arteriole pressure = 51.999994 ± 0.000004 mmHg
Capillary pressure = 35.999997 ± 0.000002 mmHg
Venule pressure = 20.000003 ± 0.000002 mmHg
Blood flow = 0.000009 ± 0.000060 nl/min
Arteriole flow = 0.000012 ± 0.000069 nl/min
Capillary flow = 0.000000 ± 0.000000 nl/min
Venule flow = 0.000012 ± 0.000070 nl/min
Blood velocity = 0.000045 ± 0.000111 mm/s
Arteriole velocity = 0.000000 ± 0.000000 mm/s
Capillary velocity = 0.000172 ± 0.000160 mm/s
Venule velocity = 0.000000 ± 0.000000 mm/s
Vessel Wall Shear Stress = 3.183453 ± 7.921936 dyn/cm2
Arteriole WSS = 0.000033 ± 0.000073 dyn/cm2
Capillary WSS = 12.255689 ± 11.420422 dyn/cm2
Venule WSS = 0.000016 ± 0.000031 dyn/cm2
Reynolds number = 0.000000 ± 0.000000
Vascular segment transit time = 38995687.019678 ± 86485870.808371 s
Setting build directory ...
Setting build directory ...
Directory does not exist. Creating folder ...
> Loading network...
Reading /home/vamshis/temp/reanimate_temp_06156660/reanimate.dat ...


---------------------------------------------
anon network derived from Amira Spatial Graph
---------------------------------------------

Importing network data ...
Tissue Dimensions (x,y,z) = 34810 um x 34738 um x 1134 um
nsol = 4
nnodbc = 2
No. of segments = 32397 
No. of nodes = 23958 
No. of boundary nodes = 2 

Analysing network edges ...
No. of edges = 24426 
Edge lengths = 256.942 ± 183.397 um
Edge diameters = 9.150 ± 12.510 um
Length / diameter ratio = 358.421 ± 621.492 um
> Setting stack size ...


-----------------
Blood Flow Module
-----------------

Cloning vascular network ...

Finding articulation points ...
No. of articulation points = 2 
% of total nodes = 0.008 

Finding dead ends ...
No. of dead end segments = 0 
% of total segments = 0 

Assigning rheological parameters ...

Simulating blood flow ...

Full boundary conditions detected -> Running full solver ...
Computing conductance matrix, M ...
Computing K matrix ...
Assigning boundary conditions ...
Solving linear system ...


----------------------- Analysing vascular flow -----------------------

Assigning rheological parameters ...
Blood pressure = 36.137295 ± 13.758139 mmHg
Arteriole pressure = 51.999995 ± 0.000003 mmHg
Capillary pressure = 35.999998 ± 0.000002 mmHg
Venule pressure = 20.000003 ± 0.000002 mmHg
Blood flow = 0.000009 ± 0.000061 nl/min
Arteriole flow = 0.000013 ± 0.000072 nl/min
Capillary flow = 0.000000 ± 0.000000 nl/min
Venule flow = 0.000013 ± 0.000070 nl/min
Blood velocity = 0.000045 ± 0.000110 mm/s
Arteriole velocity = 0.000000 ± 0.000000 mm/s
Capillary velocity = 0.000173 ± 0.000155 mm/s
Venule velocity = 0.000000 ± 0.000000 mm/s
Vessel Wall Shear Stress = 3.215439 ± 7.832544 dyn/cm2
Arteriole WSS = 0.000030 ± 0.000080 dyn/cm2
Capillary WSS = 12.340956 ± 11.083754 dyn/cm2
Venule WSS = 0.000017 ± 0.000031 dyn/cm2
Reynolds number = 0.000000 ± 0.000000
Vascular segment transit time = 38508973.405488 ± 84687850.068459 s
Setting build directory ...
Setting build directory ...
Directory does not exist. Creating folder ...
> Loading network...
Reading /home/vamshis/temp/reanimate_temp_06081814/reanimate.dat ...


---------------------------------------------
anon network derived from Amira Spatial Graph
---------------------------------------------

Importing network data ...
Tissue Dimensions (x,y,z) = 34810 um x 34738 um x 1117 um
nsol = 4
nnodbc = 2
No. of segments = 32318 
No. of nodes = 23916 
No. of boundary nodes = 2 

Analysing network edges ...
No. of edges = 24281 
Edge lengths = 258.188 ± 188.458 um
Edge diameters = 8.925 ± 12.241 um
Length / diameter ratio = 362.473 ± 626.663 um
> Setting stack size ...


-----------------
Blood Flow Module
-----------------

Cloning vascular network ...

Finding articulation points ...
No. of articulation points = 2 
% of total nodes = 0.008 

Finding dead ends ...
No. of dead end segments = 0 
% of total segments = 0 

Assigning rheological parameters ...

Simulating blood flow ...

Full boundary conditions detected -> Running full solver ...
Computing conductance matrix, M ...
Computing K matrix ...
Assigning boundary conditions ...
Solving linear system ...


----------------------- Analysing vascular flow -----------------------

Assigning rheological parameters ...
Blood pressure = 36.174268 ± 13.762447 mmHg
Arteriole pressure = 51.999996 ± 0.000003 mmHg
Capillary pressure = 36.000000 ± 0.000001 mmHg
Venule pressure = 20.000004 ± 0.000002 mmHg
Blood flow = 0.000009 ± 0.000056 nl/min
Arteriole flow = 0.000011 ± 0.000065 nl/min
Capillary flow = 0.000000 ± 0.000000 nl/min
Venule flow = 0.000012 ± 0.000064 nl/min
Blood velocity = 0.000045 ± 0.000113 mm/s
Arteriole velocity = 0.000000 ± 0.000000 mm/s
Capillary velocity = 0.000172 ± 0.000165 mm/s
Venule velocity = 0.000000 ± 0.000000 mm/s
Vessel Wall Shear Stress = 3.199140 ± 8.061243 dyn/cm2
Arteriole WSS = 0.000025 ± 0.000052 dyn/cm2
Capillary WSS = 12.302383 ± 11.743727 dyn/cm2
Venule WSS = 0.000023 ± 0.000051 dyn/cm2
Reynolds number = 0.000000 ± 0.000000
Vascular segment transit time = 36664354.693970 ± 73135707.593028 s
Setting build directory ...
Setting build directory ...
Directory does not exist. Creating folder ...
> Loading network...
Reading /home/vamshis/temp/reanimate_temp_01850442/reanimate.dat ...


---------------------------------------------
anon network derived from Amira Spatial Graph
---------------------------------------------

Importing network data ...
Tissue Dimensions (x,y,z) = 34810 um x 34738 um x 1113 um
nsol = 4
nnodbc = 2
No. of segments = 32166 
No. of nodes = 23758 
No. of boundary nodes = 2 

Analysing network edges ...
No. of edges = 24320 
Edge lengths = 257.186 ± 186.094 um
Edge diameters = 8.809 ± 12.161 um
Length / diameter ratio = 353.645 ± 601.191 um
> Setting stack size ...


-----------------
Blood Flow Module
-----------------

Cloning vascular network ...

Finding articulation points ...
No. of articulation points = 2 
% of total nodes = 0.008 

Finding dead ends ...
No. of dead end segments = 0 
% of total segments = 0 

Assigning rheological parameters ...

Simulating blood flow ...

Full boundary conditions detected -> Running full solver ...
Computing conductance matrix, M ...
Computing K matrix ...
Assigning boundary conditions ...
Solving linear system ...


----------------------- Analysing vascular flow -----------------------

Assigning rheological parameters ...
Blood pressure = 36.155192 ± 13.749505 mmHg
Arteriole pressure = 51.999993 ± 0.000004 mmHg
Capillary pressure = 35.999997 ± 0.000003 mmHg
Venule pressure = 20.000003 ± 0.000002 mmHg
Blood flow = 0.000009 ± 0.000059 nl/min
Arteriole flow = 0.000013 ± 0.000071 nl/min
Capillary flow = 0.000000 ± 0.000000 nl/min
Venule flow = 0.000012 ± 0.000067 nl/min
Blood velocity = 0.000045 ± 0.000107 mm/s
Arteriole velocity = 0.000001 ± 0.000001 mm/s
Capillary velocity = 0.000172 ± 0.000147 mm/s
Venule velocity = 0.000000 ± 0.000000 mm/s
Vessel Wall Shear Stress = 3.203563 ± 7.612403 dyn/cm2
Arteriole WSS = 0.000040 ± 0.000125 dyn/cm2
Capillary WSS = 12.252687 ± 10.524669 dyn/cm2
Venule WSS = 0.000020 ± 0.000066 dyn/cm2
Reynolds number = 0.000000 ± 0.000000
Vascular segment transit time = 35879122.416276 ± 78277939.838334 s
Setting build directory ...
Setting build directory ...
Directory does not exist. Creating folder ...
> Loading network...
Reading /home/vamshis/temp/reanimate_temp_02193522/reanimate.dat ...


---------------------------------------------
anon network derived from Amira Spatial Graph
---------------------------------------------

Importing network data ...
Tissue Dimensions (x,y,z) = 34810 um x 34738 um x 1129 um
nsol = 4
nnodbc = 2
No. of segments = 32123 
No. of nodes = 23700 
No. of boundary nodes = 2 

Analysing network edges ...
No. of edges = 24342 
Edge lengths = 257.859 ± 186.015 um
Edge diameters = 7.497 ± 10.223 um
Length / diameter ratio = 365.048 ± 619.749 um
> Setting stack size ...


-----------------
Blood Flow Module
-----------------

Cloning vascular network ...

Finding articulation points ...
No. of articulation points = 2 
% of total nodes = 0.008 

Finding dead ends ...
No. of dead end segments = 0 
% of total segments = 0 

Assigning rheological parameters ...

Simulating blood flow ...

Full boundary conditions detected -> Running full solver ...
Computing conductance matrix, M ...
Computing K matrix ...
Assigning boundary conditions ...
Solving linear system ...


----------------------- Analysing vascular flow -----------------------

Assigning rheological parameters ...
Blood pressure = 36.117549 ± 13.742267 mmHg
Arteriole pressure = 51.999991 ± 0.000005 mmHg
Capillary pressure = 36.000001 ± 0.000003 mmHg
Venule pressure = 20.000010 ± 0.000006 mmHg
Blood flow = 0.000009 ± 0.000055 nl/min
Arteriole flow = 0.000012 ± 0.000064 nl/min
Capillary flow = 0.000000 ± 0.000000 nl/min
Venule flow = 0.000012 ± 0.000064 nl/min
Blood velocity = 0.000045 ± 0.000108 mm/s
Arteriole velocity = 0.000001 ± 0.000001 mm/s
Capillary velocity = 0.000171 ± 0.000152 mm/s
Venule velocity = 0.000001 ± 0.000001 mm/s
Vessel Wall Shear Stress = 3.207740 ± 7.727549 dyn/cm2
Arteriole WSS = 0.000044 ± 0.000093 dyn/cm2
Capillary WSS = 12.230401 ± 10.832315 dyn/cm2
Venule WSS = 0.000049 ± 0.000109 dyn/cm2
Reynolds number = 0.000000 ± 0.000000
Vascular segment transit time = 25278754.116781 ± 49833292.378160 s
Setting build directory ...
Setting build directory ...
Directory does not exist. Creating folder ...
> Loading network...
Reading /home/vamshis/temp/reanimate_temp_09639511/reanimate.dat ...


---------------------------------------------
anon network derived from Amira Spatial Graph
---------------------------------------------

Importing network data ...
Tissue Dimensions (x,y,z) = 34810 um x 34738 um x 1146 um
nsol = 4
nnodbc = 2
No. of segments = 32429 
No. of nodes = 24002 
No. of boundary nodes = 2 

Analysing network edges ...
No. of edges = 24381 
Edge lengths = 259.048 ± 186.947 um
Edge diameters = 10.094 ± 13.823 um
Length / diameter ratio = 362.358 ± 634.409 um
> Setting stack size ...


-----------------
Blood Flow Module
-----------------

Cloning vascular network ...

Finding articulation points ...
No. of articulation points = 2 
% of total nodes = 0.008 

Finding dead ends ...
No. of dead end segments = 0 
% of total segments = 0 

Assigning rheological parameters ...

Simulating blood flow ...

Full boundary conditions detected -> Running full solver ...
Computing conductance matrix, M ...
Computing K matrix ...
Assigning boundary conditions ...
Solving linear system ...


----------------------- Analysing vascular flow -----------------------

Assigning rheological parameters ...
Blood pressure = 36.129267 ± 13.764052 mmHg
Arteriole pressure = 51.999997 ± 0.000001 mmHg
Capillary pressure = 36.000000 ± 0.000001 mmHg
Venule pressure = 20.000002 ± 0.000001 mmHg
Blood flow = 0.000009 ± 0.000055 nl/min
Arteriole flow = 0.000011 ± 0.000059 nl/min
Capillary flow = 0.000000 ± 0.000000 nl/min
Venule flow = 0.000012 ± 0.000068 nl/min
Blood velocity = 0.000044 ± 0.000107 mm/s
Arteriole velocity = 0.000000 ± 0.000000 mm/s
Capillary velocity = 0.000170 ± 0.000150 mm/s
Venule velocity = 0.000000 ± 0.000000 mm/s
Vessel Wall Shear Stress = 3.158816 ± 7.639543 dyn/cm2
Arteriole WSS = 0.000016 ± 0.000028 dyn/cm2
Capillary WSS = 12.152909 ± 10.735069 dyn/cm2
Venule WSS = 0.000015 ± 0.000033 dyn/cm2
Reynolds number = 0.000000 ± 0.000000
Vascular segment transit time = 46772949.694973 ± 94701884.009143 s
Setting build directory ...
Setting build directory ...
Directory does not exist. Creating folder ...
> Loading network...
Reading /home/vamshis/temp/reanimate_temp_07217329/reanimate.dat ...


---------------------------------------------
anon network derived from Amira Spatial Graph
---------------------------------------------

Importing network data ...
Tissue Dimensions (x,y,z) = 34810 um x 34738 um x 1120 um
nsol = 4
nnodbc = 2
No. of segments = 32170 
No. of nodes = 23800 
No. of boundary nodes = 2 

Analysing network edges ...
No. of edges = 24213 
Edge lengths = 258.446 ± 188.834 um
Edge diameters = 8.741 ± 11.940 um
Length / diameter ratio = 358.885 ± 619.683 um
> Setting stack size ...


-----------------
Blood Flow Module
-----------------

Cloning vascular network ...

Finding articulation points ...
No. of articulation points = 2 
% of total nodes = 0.008 

Finding dead ends ...
No. of dead end segments = 0 
% of total segments = 0 

Assigning rheological parameters ...

Simulating blood flow ...

Full boundary conditions detected -> Running full solver ...
Computing conductance matrix, M ...
Computing K matrix ...
Assigning boundary conditions ...
Solving linear system ...


----------------------- Analysing vascular flow -----------------------

Assigning rheological parameters ...
Blood pressure = 36.110413 ± 13.761232 mmHg
Arteriole pressure = 51.999995 ± 0.000003 mmHg
Capillary pressure = 36.000000 ± 0.000002 mmHg
Venule pressure = 20.000005 ± 0.000003 mmHg
Blood flow = 0.000009 ± 0.000056 nl/min
Arteriole flow = 0.000011 ± 0.000063 nl/min
Capillary flow = 0.000000 ± 0.000000 nl/min
Venule flow = 0.000012 ± 0.000067 nl/min
Blood velocity = 0.000046 ± 0.000114 mm/s
Arteriole velocity = 0.000000 ± 0.000000 mm/s
Capillary velocity = 0.000174 ± 0.000167 mm/s
Venule velocity = 0.000000 ± 0.000000 mm/s
Vessel Wall Shear Stress = 3.232362 ± 8.158113 dyn/cm2
Arteriole WSS = 0.000028 ± 0.000089 dyn/cm2
Capillary WSS = 12.420503 ± 11.900815 dyn/cm2
Venule WSS = 0.000025 ± 0.000053 dyn/cm2
Reynolds number = 0.000000 ± 0.000000
Vascular segment transit time = 35296146.965344 ± 73322571.470974 s
Setting build directory ...
Setting build directory ...
Directory does not exist. Creating folder ...
> Loading network...
Reading /home/vamshis/temp/reanimate_temp_01595598/reanimate.dat ...


---------------------------------------------
anon network derived from Amira Spatial Graph
---------------------------------------------

Importing network data ...
Tissue Dimensions (x,y,z) = 34810 um x 34738 um x 1118 um
nsol = 4
nnodbc = 2
No. of segments = 32117 
No. of nodes = 23729 
No. of boundary nodes = 2 

Analysing network edges ...
No. of edges = 24248 
Edge lengths = 261.121 ± 186.426 um
Edge diameters = 8.115 ± 11.204 um
Length / diameter ratio = 374.796 ± 651.736 um
> Setting stack size ...


-----------------
Blood Flow Module
-----------------

Cloning vascular network ...

Finding articulation points ...
No. of articulation points = 2 
% of total nodes = 0.008 

Finding dead ends ...
No. of dead end segments = 0 
% of total segments = 0 

Assigning rheological parameters ...

Simulating blood flow ...

Full boundary conditions detected -> Running full solver ...
Computing conductance matrix, M ...
Computing K matrix ...
Assigning boundary conditions ...
Solving linear system ...


----------------------- Analysing vascular flow -----------------------

Assigning rheological parameters ...
Blood pressure = 36.095154 ± 13.752134 mmHg
Arteriole pressure = 51.999994 ± 0.000003 mmHg
Capillary pressure = 36.000002 ± 0.000003 mmHg
Venule pressure = 20.000008 ± 0.000005 mmHg
Blood flow = 0.000009 ± 0.000058 nl/min
Arteriole flow = 0.000012 ± 0.000064 nl/min
Capillary flow = 0.000000 ± 0.000000 nl/min
Venule flow = 0.000013 ± 0.000071 nl/min
Blood velocity = 0.000045 ± 0.000111 mm/s
Arteriole velocity = 0.000000 ± 0.000000 mm/s
Capillary velocity = 0.000169 ± 0.000162 mm/s
Venule velocity = 0.000001 ± 0.000000 mm/s
Vessel Wall Shear Stress = 3.159405 ± 7.933786 dyn/cm2
Arteriole WSS = 0.000032 ± 0.000090 dyn/cm2
Capillary WSS = 12.094134 ± 11.528431 dyn/cm2
Venule WSS = 0.000039 ± 0.000096 dyn/cm2
Reynolds number = 0.000000 ± 0.000000
Vascular segment transit time = 29988607.662371 ± 61187042.695408 s
Setting build directory ...
Setting build directory ...
Directory does not exist. Creating folder ...
> Loading network...
Reading /home/vamshis/temp/reanimate_temp_09643044/reanimate.dat ...


---------------------------------------------
anon network derived from Amira Spatial Graph
---------------------------------------------

Importing network data ...
Tissue Dimensions (x,y,z) = 34810 um x 34738 um x 1135 um
nsol = 4
nnodbc = 2
No. of segments = 32122 
No. of nodes = 23756 
No. of boundary nodes = 2 

Analysing network edges ...
No. of edges = 24230 
Edge lengths = 258.639 ± 186.439 um
Edge diameters = 8.792 ± 12.371 um
Length / diameter ratio = 360.726 ± 621.830 um
> Setting stack size ...


-----------------
Blood Flow Module
-----------------

Cloning vascular network ...

Finding articulation points ...
No. of articulation points = 2 
% of total nodes = 0.008 

Finding dead ends ...
No. of dead end segments = 0 
% of total segments = 0 

Assigning rheological parameters ...

Simulating blood flow ...

Full boundary conditions detected -> Running full solver ...
Computing conductance matrix, M ...
Computing K matrix ...
Assigning boundary conditions ...
Solving linear system ...


----------------------- Analysing vascular flow -----------------------

Assigning rheological parameters ...
Blood pressure = 36.200232 ± 13.757758 mmHg
Arteriole pressure = 51.999990 ± 0.000007 mmHg
Capillary pressure = 35.999993 ± 0.000005 mmHg
Venule pressure = 20.000002 ± 0.000001 mmHg
Blood flow = 0.000009 ± 0.000058 nl/min
Arteriole flow = 0.000012 ± 0.000064 nl/min
Capillary flow = 0.000000 ± 0.000000 nl/min
Venule flow = 0.000013 ± 0.000071 nl/min
Blood velocity = 0.000045 ± 0.000112 mm/s
Arteriole velocity = 0.000001 ± 0.000001 mm/s
Capillary velocity = 0.000173 ± 0.000161 mm/s
Venule velocity = 0.000000 ± 0.000000 mm/s
Vessel Wall Shear Stress = 3.212766 ± 7.974515 dyn/cm2
Arteriole WSS = 0.000056 ± 0.000179 dyn/cm2
Capillary WSS = 12.332649 ± 11.473809 dyn/cm2
Venule WSS = 0.000014 ± 0.000030 dyn/cm2
Reynolds number = 0.000000 ± 0.000000
Vascular segment transit time = 37138853.272488 ± 90856889.933258 s
Setting build directory ...
Setting build directory ...
Directory does not exist. Creating folder ...
> Loading network...
Reading /home/vamshis/temp/reanimate_temp_00339823/reanimate.dat ...


---------------------------------------------
anon network derived from Amira Spatial Graph
---------------------------------------------

Importing network data ...
Tissue Dimensions (x,y,z) = 34810 um x 34738 um x 1144 um
nsol = 4
nnodbc = 2
No. of segments = 32110 
No. of nodes = 23748 
No. of boundary nodes = 2 

Analysing network edges ...
No. of edges = 24186 
Edge lengths = 260.067 ± 188.519 um
Edge diameters = 8.936 ± 12.308 um
Length / diameter ratio = 364.818 ± 635.460 um
> Setting stack size ...


-----------------
Blood Flow Module
-----------------

Cloning vascular network ...

Finding articulation points ...
No. of articulation points = 2 
% of total nodes = 0.008 

Finding dead ends ...
No. of dead end segments = 0 
% of total segments = 0 

Assigning rheological parameters ...

Simulating blood flow ...

Full boundary conditions detected -> Running full solver ...
Computing conductance matrix, M ...
Computing K matrix ...
Assigning boundary conditions ...
Solving linear system ...


----------------------- Analysing vascular flow -----------------------

Assigning rheological parameters ...
Blood pressure = 36.127560 ± 13.758879 mmHg
Arteriole pressure = 51.999994 ± 0.000003 mmHg
Capillary pressure = 35.999998 ± 0.000002 mmHg
Venule pressure = 20.000003 ± 0.000002 mmHg
Blood flow = 0.000009 ± 0.000061 nl/min
Arteriole flow = 0.000013 ± 0.000072 nl/min
Capillary flow = 0.000000 ± 0.000000 nl/min
Venule flow = 0.000012 ± 0.000068 nl/min
Blood velocity = 0.000045 ± 0.000109 mm/s
Arteriole velocity = 0.000000 ± 0.000000 mm/s
Capillary velocity = 0.000170 ± 0.000156 mm/s
Venule velocity = 0.000000 ± 0.000000 mm/s
Vessel Wall Shear Stress = 3.167966 ± 7.805521 dyn/cm2
Arteriole WSS = 0.000031 ± 0.000061 dyn/cm2
Capillary WSS = 12.161981 ± 11.158975 dyn/cm2
Venule WSS = 0.000017 ± 0.000031 dyn/cm2
Reynolds number = 0.000000 ± 0.000000
Vascular segment transit time = 37146212.044096 ± 78136217.067108 s
Setting build directory ...
Setting build directory ...
Directory does not exist. Creating folder ...
> Loading network...
Reading /home/vamshis/temp/reanimate_temp_06139260/reanimate.dat ...


---------------------------------------------
anon network derived from Amira Spatial Graph
---------------------------------------------

Importing network data ...
Tissue Dimensions (x,y,z) = 34810 um x 34738 um x 1152 um
nsol = 4
nnodbc = 2
No. of segments = 32123 
No. of nodes = 23781 
No. of boundary nodes = 2 

Analysing network edges ...
No. of edges = 24129 
Edge lengths = 259.192 ± 186.542 um
Edge diameters = 9.152 ± 12.672 um
Length / diameter ratio = 361.041 ± 627.814 um
> Setting stack size ...


-----------------
Blood Flow Module
-----------------

Cloning vascular network ...

Finding articulation points ...
No. of articulation points = 2 
% of total nodes = 0.008 

Finding dead ends ...
No. of dead end segments = 0 
% of total segments = 0 

Assigning rheological parameters ...

Simulating blood flow ...

Full boundary conditions detected -> Running full solver ...
Computing conductance matrix, M ...
Computing K matrix ...
Assigning boundary conditions ...
Solving linear system ...


----------------------- Analysing vascular flow -----------------------

Assigning rheological parameters ...
Blood pressure = 36.123025 ± 13.765691 mmHg
Arteriole pressure = 51.999994 ± 0.000004 mmHg
Capillary pressure = 35.999997 ± 0.000002 mmHg
Venule pressure = 20.000003 ± 0.000002 mmHg
Blood flow = 0.000009 ± 0.000060 nl/min
Arteriole flow = 0.000012 ± 0.000069 nl/min
Capillary flow = 0.000000 ± 0.000000 nl/min
Venule flow = 0.000012 ± 0.000070 nl/min
Blood velocity = 0.000045 ± 0.000111 mm/s
Arteriole velocity = 0.000000 ± 0.000000 mm/s
Capillary velocity = 0.000172 ± 0.000160 mm/s
Venule velocity = 0.000000 ± 0.000000 mm/s
Vessel Wall Shear Stress = 3.183453 ± 7.921936 dyn/cm2
Arteriole WSS = 0.000033 ± 0.000073 dyn/cm2
Capillary WSS = 12.255689 ± 11.420422 dyn/cm2
Venule WSS = 0.000016 ± 0.000031 dyn/cm2
Reynolds number = 0.000000 ± 0.000000
Vascular segment transit time = 38995684.064635 ± 86485865.244619 s
Setting build directory ...
Setting build directory ...
Directory does not exist. Creating folder ...
> Loading network...
Reading /home/vamshis/temp/reanimate_temp_03103930/reanimate.dat ...


---------------------------------------------
anon network derived from Amira Spatial Graph
---------------------------------------------

Importing network data ...
Tissue Dimensions (x,y,z) = 34810 um x 34738 um x 1134 um
nsol = 4
nnodbc = 2
No. of segments = 32397 
No. of nodes = 23958 
No. of boundary nodes = 2 

Analysing network edges ...
No. of edges = 24426 
Edge lengths = 256.942 ± 183.397 um
Edge diameters = 9.150 ± 12.510 um
Length / diameter ratio = 358.421 ± 621.492 um
> Setting stack size ...


-----------------
Blood Flow Module
-----------------

Cloning vascular network ...

Finding articulation points ...
No. of articulation points = 2 
% of total nodes = 0.008 

Finding dead ends ...
No. of dead end segments = 0 
% of total segments = 0 

Assigning rheological parameters ...

Simulating blood flow ...

Full boundary conditions detected -> Running full solver ...
Computing conductance matrix, M ...
Computing K matrix ...
Assigning boundary conditions ...
Solving linear system ...


----------------------- Analysing vascular flow -----------------------

Assigning rheological parameters ...
Blood pressure = 36.137295 ± 13.758139 mmHg
Arteriole pressure = 51.999995 ± 0.000003 mmHg
Capillary pressure = 35.999998 ± 0.000002 mmHg
Venule pressure = 20.000003 ± 0.000002 mmHg
Blood flow = 0.000009 ± 0.000061 nl/min
Arteriole flow = 0.000013 ± 0.000072 nl/min
Capillary flow = 0.000000 ± 0.000000 nl/min
Venule flow = 0.000013 ± 0.000070 nl/min
Blood velocity = 0.000045 ± 0.000110 mm/s
Arteriole velocity = 0.000000 ± 0.000000 mm/s
Capillary velocity = 0.000173 ± 0.000155 mm/s
Venule velocity = 0.000000 ± 0.000000 mm/s
Vessel Wall Shear Stress = 3.215439 ± 7.832544 dyn/cm2
Arteriole WSS = 0.000030 ± 0.000080 dyn/cm2
Capillary WSS = 12.340956 ± 11.083754 dyn/cm2
Venule WSS = 0.000017 ± 0.000031 dyn/cm2
Reynolds number = 0.000000 ± 0.000000
Vascular segment transit time = 38508970.722739 ± 84687844.377480 s
Setting build directory ...
Setting build directory ...
Directory does not exist. Creating folder ...
> Loading network...
Reading /home/vamshis/temp/reanimate_temp_07322617/reanimate.dat ...


---------------------------------------------
anon network derived from Amira Spatial Graph
---------------------------------------------

Importing network data ...
Tissue Dimensions (x,y,z) = 34810 um x 34738 um x 1117 um
nsol = 4
nnodbc = 2
No. of segments = 32318 
No. of nodes = 23916 
No. of boundary nodes = 2 

Analysing network edges ...
No. of edges = 24281 
Edge lengths = 258.188 ± 188.458 um
Edge diameters = 8.925 ± 12.241 um
Length / diameter ratio = 362.473 ± 626.663 um
> Setting stack size ...


-----------------
Blood Flow Module
-----------------

Cloning vascular network ...

Finding articulation points ...
No. of articulation points = 2 
% of total nodes = 0.008 

Finding dead ends ...
No. of dead end segments = 0 
% of total segments = 0 

Assigning rheological parameters ...

Simulating blood flow ...

Full boundary conditions detected -> Running full solver ...
Computing conductance matrix, M ...
Computing K matrix ...
Assigning boundary conditions ...
Solving linear system ...


----------------------- Analysing vascular flow -----------------------

Assigning rheological parameters ...
Blood pressure = 36.174268 ± 13.762447 mmHg
Arteriole pressure = 51.999996 ± 0.000003 mmHg
Capillary pressure = 36.000000 ± 0.000001 mmHg
Venule pressure = 20.000004 ± 0.000002 mmHg
Blood flow = 0.000009 ± 0.000056 nl/min
Arteriole flow = 0.000011 ± 0.000065 nl/min
Capillary flow = 0.000000 ± 0.000000 nl/min
Venule flow = 0.000012 ± 0.000064 nl/min
Blood velocity = 0.000045 ± 0.000113 mm/s
Arteriole velocity = 0.000000 ± 0.000000 mm/s
Capillary velocity = 0.000172 ± 0.000165 mm/s
Venule velocity = 0.000000 ± 0.000000 mm/s
Vessel Wall Shear Stress = 3.199140 ± 8.061243 dyn/cm2
Arteriole WSS = 0.000025 ± 0.000052 dyn/cm2
Capillary WSS = 12.302383 ± 11.743728 dyn/cm2
Venule WSS = 0.000023 ± 0.000051 dyn/cm2
Reynolds number = 0.000000 ± 0.000000
Vascular segment transit time = 36664352.481198 ± 73135702.967483 s
Setting build directory ...
Setting build directory ...
Directory does not exist. Creating folder ...
> Loading network...
Reading /home/vamshis/temp/reanimate_temp_00024638/reanimate.dat ...


---------------------------------------------
anon network derived from Amira Spatial Graph
---------------------------------------------

Importing network data ...
Tissue Dimensions (x,y,z) = 34810 um x 34738 um x 1120 um
nsol = 4
nnodbc = 2
No. of segments = 32170 
No. of nodes = 23800 
No. of boundary nodes = 2 

Analysing network edges ...
No. of edges = 24213 
Edge lengths = 258.446 ± 188.834 um
Edge diameters = 8.741 ± 11.940 um
Length / diameter ratio = 358.885 ± 619.683 um
> Setting stack size ...


-----------------
Blood Flow Module
-----------------

Cloning vascular network ...

Finding articulation points ...
No. of articulation points = 2 
% of total nodes = 0.008 

Finding dead ends ...
No. of dead end segments = 0 
% of total segments = 0 

Assigning rheological parameters ...

Simulating blood flow ...

Full boundary conditions detected -> Running full solver ...
Computing conductance matrix, M ...
Computing K matrix ...
Assigning boundary conditions ...
Solving linear system ...


----------------------- Analysing vascular flow -----------------------

Assigning rheological parameters ...
Blood pressure = 36.110413 ± 13.761232 mmHg
Arteriole pressure = 51.999995 ± 0.000003 mmHg
Capillary pressure = 36.000000 ± 0.000002 mmHg
Venule pressure = 20.000005 ± 0.000003 mmHg
Blood flow = 0.000009 ± 0.000056 nl/min
Arteriole flow = 0.000011 ± 0.000063 nl/min
Capillary flow = 0.000000 ± 0.000000 nl/min
Venule flow = 0.000012 ± 0.000067 nl/min
Blood velocity = 0.000046 ± 0.000114 mm/s
Arteriole velocity = 0.000000 ± 0.000000 mm/s
Capillary velocity = 0.000174 ± 0.000167 mm/s
Venule velocity = 0.000000 ± 0.000000 mm/s
Vessel Wall Shear Stress = 3.232362 ± 8.158113 dyn/cm2
Arteriole WSS = 0.000028 ± 0.000089 dyn/cm2
Capillary WSS = 12.420503 ± 11.900815 dyn/cm2
Venule WSS = 0.000025 ± 0.000053 dyn/cm2
Reynolds number = 0.000000 ± 0.000000
Vascular segment transit time = 35296145.096798 ± 73322566.672116 s
Setting build directory ...
Setting build directory ...
Directory does not exist. Creating folder ...
> Loading network...
Reading /home/vamshis/temp/reanimate_temp_07846231/reanimate.dat ...


---------------------------------------------
anon network derived from Amira Spatial Graph
---------------------------------------------

Importing network data ...
Tissue Dimensions (x,y,z) = 34810 um x 34738 um x 1113 um
nsol = 4
nnodbc = 2
No. of segments = 32166 
No. of nodes = 23758 
No. of boundary nodes = 2 

Analysing network edges ...
No. of edges = 24320 
Edge lengths = 257.186 ± 186.094 um
Edge diameters = 8.809 ± 12.161 um
Length / diameter ratio = 353.645 ± 601.191 um
> Setting stack size ...


-----------------
Blood Flow Module
-----------------

Cloning vascular network ...

Finding articulation points ...
No. of articulation points = 2 
% of total nodes = 0.008 

Finding dead ends ...
No. of dead end segments = 0 
% of total segments = 0 

Assigning rheological parameters ...

Simulating blood flow ...

Full boundary conditions detected -> Running full solver ...
Computing conductance matrix, M ...
Computing K matrix ...
Assigning boundary conditions ...
Solving linear system ...


----------------------- Analysing vascular flow -----------------------

Assigning rheological parameters ...
Blood pressure = 36.155192 ± 13.749505 mmHg
Arteriole pressure = 51.999993 ± 0.000004 mmHg
Capillary pressure = 35.999997 ± 0.000003 mmHg
Venule pressure = 20.000003 ± 0.000002 mmHg
Blood flow = 0.000009 ± 0.000059 nl/min
Arteriole flow = 0.000013 ± 0.000071 nl/min
Capillary flow = 0.000000 ± 0.000000 nl/min
Venule flow = 0.000012 ± 0.000067 nl/min
Blood velocity = 0.000045 ± 0.000107 mm/s
Arteriole velocity = 0.000001 ± 0.000001 mm/s
Capillary velocity = 0.000172 ± 0.000147 mm/s
Venule velocity = 0.000000 ± 0.000000 mm/s
Vessel Wall Shear Stress = 3.203563 ± 7.612403 dyn/cm2
Arteriole WSS = 0.000040 ± 0.000125 dyn/cm2
Capillary WSS = 12.252688 ± 10.524669 dyn/cm2
Venule WSS = 0.000020 ± 0.000066 dyn/cm2
Reynolds number = 0.000000 ± 0.000000
Vascular segment transit time = 35879120.240213 ± 78277934.885566 s
Setting build directory ...
Setting build directory ...
Directory does not exist. Creating folder ...
> Loading network...
Reading /home/vamshis/temp/reanimate_temp_00157923/reanimate.dat ...


---------------------------------------------
anon network derived from Amira Spatial Graph
---------------------------------------------

Importing network data ...
Tissue Dimensions (x,y,z) = 34810 um x 34738 um x 1135 um
nsol = 4
nnodbc = 2
No. of segments = 32122 
No. of nodes = 23756 
No. of boundary nodes = 2 

Analysing network edges ...
No. of edges = 24230 
Edge lengths = 258.639 ± 186.439 um
Edge diameters = 8.792 ± 12.371 um
Length / diameter ratio = 360.726 ± 621.830 um
> Setting stack size ...


-----------------
Blood Flow Module
-----------------

Cloning vascular network ...

Finding articulation points ...
No. of articulation points = 2 
% of total nodes = 0.008 

Finding dead ends ...
No. of dead end segments = 0 
% of total segments = 0 

Assigning rheological parameters ...

Simulating blood flow ...

Full boundary conditions detected -> Running full solver ...
Computing conductance matrix, M ...
Computing K matrix ...
Assigning boundary conditions ...
Solving linear system ...


----------------------- Analysing vascular flow -----------------------

Assigning rheological parameters ...
Blood pressure = 36.200232 ± 13.757758 mmHg
Arteriole pressure = 51.999990 ± 0.000007 mmHg
Capillary pressure = 35.999993 ± 0.000005 mmHg
Venule pressure = 20.000002 ± 0.000001 mmHg
Blood flow = 0.000009 ± 0.000058 nl/min
Arteriole flow = 0.000012 ± 0.000064 nl/min
Capillary flow = 0.000000 ± 0.000000 nl/min
Venule flow = 0.000013 ± 0.000071 nl/min
Blood velocity = 0.000045 ± 0.000112 mm/s
Arteriole velocity = 0.000001 ± 0.000001 mm/s
Capillary velocity = 0.000173 ± 0.000161 mm/s
Venule velocity = 0.000000 ± 0.000000 mm/s
Vessel Wall Shear Stress = 3.212766 ± 7.974515 dyn/cm2
Arteriole WSS = 0.000056 ± 0.000179 dyn/cm2
Capillary WSS = 12.332650 ± 11.473809 dyn/cm2
Venule WSS = 0.000014 ± 0.000030 dyn/cm2
Reynolds number = 0.000000 ± 0.000000
Vascular segment transit time = 37138850.994401 ± 90856887.261720 s
Setting build directory ...
Setting build directory ...
Directory does not exist. Creating folder ...
> Loading network...
Reading /home/vamshis/temp/reanimate_temp_03032867/reanimate.dat ...


---------------------------------------------
anon network derived from Amira Spatial Graph
---------------------------------------------

Importing network data ...
Tissue Dimensions (x,y,z) = 34810 um x 34738 um x 1146 um
nsol = 4
nnodbc = 2
No. of segments = 32429 
No. of nodes = 24002 
No. of boundary nodes = 2 

Analysing network edges ...
No. of edges = 24381 
Edge lengths = 259.048 ± 186.947 um
Edge diameters = 10.094 ± 13.823 um
Length / diameter ratio = 362.358 ± 634.409 um
> Setting stack size ...


-----------------
Blood Flow Module
-----------------

Cloning vascular network ...

Finding articulation points ...
No. of articulation points = 2 
% of total nodes = 0.008 

Finding dead ends ...
No. of dead end segments = 0 
% of total segments = 0 

Assigning rheological parameters ...

Simulating blood flow ...

Full boundary conditions detected -> Running full solver ...
Computing conductance matrix, M ...
Computing K matrix ...
Assigning boundary conditions ...
Solving linear system ...


----------------------- Analysing vascular flow -----------------------

Assigning rheological parameters ...
Blood pressure = 36.129267 ± 13.764052 mmHg
Arteriole pressure = 51.999997 ± 0.000001 mmHg
Capillary pressure = 36.000000 ± 0.000001 mmHg
Venule pressure = 20.000002 ± 0.000001 mmHg
Blood flow = 0.000009 ± 0.000055 nl/min
Arteriole flow = 0.000011 ± 0.000059 nl/min
Capillary flow = 0.000000 ± 0.000000 nl/min
Venule flow = 0.000012 ± 0.000068 nl/min
Blood velocity = 0.000044 ± 0.000107 mm/s
Arteriole velocity = 0.000000 ± 0.000000 mm/s
Capillary velocity = 0.000170 ± 0.000150 mm/s
Venule velocity = 0.000000 ± 0.000000 mm/s
Vessel Wall Shear Stress = 3.158816 ± 7.639543 dyn/cm2
Arteriole WSS = 0.000016 ± 0.000028 dyn/cm2
Capillary WSS = 12.152910 ± 10.735069 dyn/cm2
Venule WSS = 0.000015 ± 0.000033 dyn/cm2
Reynolds number = 0.000000 ± 0.000000
Vascular segment transit time = 46772946.701807 ± 94701877.894897 s
Setting build directory ...
Setting build directory ...
Directory does not exist. Creating folder ...
> Loading network...
Reading /home/vamshis/temp/reanimate_temp_05802945/reanimate.dat ...


---------------------------------------------
anon network derived from Amira Spatial Graph
---------------------------------------------

Importing network data ...
Tissue Dimensions (x,y,z) = 34810 um x 34738 um x 1129 um
nsol = 4
nnodbc = 2
No. of segments = 32123 
No. of nodes = 23700 
No. of boundary nodes = 2 

Analysing network edges ...
No. of edges = 24342 
Edge lengths = 257.859 ± 186.015 um
Edge diameters = 7.497 ± 10.223 um
Length / diameter ratio = 365.048 ± 619.749 um
> Setting stack size ...


-----------------
Blood Flow Module
-----------------

Cloning vascular network ...

Finding articulation points ...
No. of articulation points = 2 
% of total nodes = 0.008 

Finding dead ends ...
No. of dead end segments = 0 
% of total segments = 0 

Assigning rheological parameters ...

Simulating blood flow ...

Full boundary conditions detected -> Running full solver ...
Computing conductance matrix, M ...
Computing K matrix ...
Assigning boundary conditions ...
Solving linear system ...


----------------------- Analysing vascular flow -----------------------

Assigning rheological parameters ...
Blood pressure = 36.117549 ± 13.742267 mmHg
Arteriole pressure = 51.999991 ± 0.000005 mmHg
Capillary pressure = 36.000001 ± 0.000003 mmHg
Venule pressure = 20.000010 ± 0.000006 mmHg
Blood flow = 0.000009 ± 0.000055 nl/min
Arteriole flow = 0.000012 ± 0.000064 nl/min
Capillary flow = 0.000000 ± 0.000000 nl/min
Venule flow = 0.000012 ± 0.000064 nl/min
Blood velocity = 0.000045 ± 0.000108 mm/s
Arteriole velocity = 0.000001 ± 0.000001 mm/s
Capillary velocity = 0.000171 ± 0.000152 mm/s
Venule velocity = 0.000001 ± 0.000001 mm/s
Vessel Wall Shear Stress = 3.207740 ± 7.727549 dyn/cm2
Arteriole WSS = 0.000044 ± 0.000093 dyn/cm2
Capillary WSS = 12.230401 ± 10.832315 dyn/cm2
Venule WSS = 0.000049 ± 0.000109 dyn/cm2
Reynolds number = 0.000000 ± 0.000000
Vascular segment transit time = 25278752.523035 ± 49833289.303138 s
Setting build directory ...
Setting build directory ...
Directory does not exist. Creating folder ...
> Loading network...
Reading /home/vamshis/temp/reanimate_temp_09915321/reanimate.dat ...


---------------------------------------------
anon network derived from Amira Spatial Graph
---------------------------------------------

Importing network data ...
Tissue Dimensions (x,y,z) = 34810 um x 34738 um x 1118 um
nsol = 4
nnodbc = 2
No. of segments = 32117 
No. of nodes = 23729 
No. of boundary nodes = 2 

Analysing network edges ...
No. of edges = 24248 
Edge lengths = 261.121 ± 186.426 um
Edge diameters = 8.115 ± 11.204 um
Length / diameter ratio = 374.796 ± 651.736 um
> Setting stack size ...


-----------------
Blood Flow Module
-----------------

Cloning vascular network ...

Finding articulation points ...
No. of articulation points = 2 
% of total nodes = 0.008 

Finding dead ends ...
No. of dead end segments = 0 
% of total segments = 0 

Assigning rheological parameters ...

Simulating blood flow ...

Full boundary conditions detected -> Running full solver ...
Computing conductance matrix, M ...
Computing K matrix ...
Assigning boundary conditions ...
Solving linear system ...


----------------------- Analysing vascular flow -----------------------

Assigning rheological parameters ...
Blood pressure = 36.095154 ± 13.752134 mmHg
Arteriole pressure = 51.999994 ± 0.000003 mmHg
Capillary pressure = 36.000002 ± 0.000003 mmHg
Venule pressure = 20.000008 ± 0.000005 mmHg
Blood flow = 0.000009 ± 0.000058 nl/min
Arteriole flow = 0.000012 ± 0.000064 nl/min
Capillary flow = 0.000000 ± 0.000000 nl/min
Venule flow = 0.000013 ± 0.000071 nl/min
Blood velocity = 0.000045 ± 0.000111 mm/s
Arteriole velocity = 0.000000 ± 0.000000 mm/s
Capillary velocity = 0.000169 ± 0.000162 mm/s
Venule velocity = 0.000001 ± 0.000000 mm/s
Vessel Wall Shear Stress = 3.159406 ± 7.933786 dyn/cm2
Arteriole WSS = 0.000032 ± 0.000090 dyn/cm2
Capillary WSS = 12.094134 ± 11.528432 dyn/cm2
Venule WSS = 0.000039 ± 0.000096 dyn/cm2
Reynolds number = 0.000000 ± 0.000000
Vascular segment transit time = 29988605.757635 ± 61187039.143868 s
