==========================================
SLURM_CLUSTER_NAME = paramprabha
SLURM_JOB_ACCOUNT = cdac
SLURM_JOB_ID = 188205
SLURM_JOB_NAME = RETINASIM-HPC
SLURM_JOB_NODELIST = rpcn048
SLURM_JOB_USER = vamshis
SLURM_JOB_UID = 52008
SLURM_JOB_PARTITION = standard
SLURM_TASK_PID = 669079
SLURM_SUBMIT_DIR = /home/vamshis/miniconda3/envs/retina/lib/python3.8/site-packages/retinasim
SLURM_CPUS_ON_NODE = 1
SLURM_NTASKS = 1
SLURM_TASK_PID = 669079
==========================================
Setting build directory ...
Setting build directory ...
Directory does not exist. Creating folder ...
> Loading network...
Reading /home/vamshis/temp/reanimate_temp_07532023/reanimate.dat ...


---------------------------------------------
anon network derived from Amira Spatial Graph
---------------------------------------------

Importing network data ...
Tissue Dimensions (x,y,z) = 34810 um x 34738 um x 1128 um
nsol = 4
nnodbc = 2
No. of segments = 31896 
No. of nodes = 23530 
No. of boundary nodes = 2 

Analysing network edges ...
No. of edges = 24196 
Edge lengths = 258.796 ± 187.877 um
Edge diameters = 8.220 ± 11.163 um
Length / diameter ratio = 365.407 ± 624.570 um
> Setting stack size ...


-----------------
Blood Flow Module
-----------------

Cloning vascular network ...

Finding articulation points ...
No. of articulation points = 2 
% of total nodes = 0.008 

Finding dead ends ...
No. of dead end segments = 0 
% of total segments = 0 

Assigning rheological parameters ...

Simulating blood flow ...

Full boundary conditions detected -> Running full solver ...
Computing conductance matrix, M ...
Computing K matrix ...
Assigning boundary conditions ...
Solving linear system ...


----------------------- Analysing vascular flow -----------------------

Assigning rheological parameters ...
Blood pressure = 36.185600 ± 13.740780 mmHg
Arteriole pressure = 51.999991 ± 0.000005 mmHg
Capillary pressure = 35.999996 ± 0.000003 mmHg
Venule pressure = 20.000004 ± 0.000002 mmHg
Blood flow = 0.000008 ± 0.000056 nl/min
Arteriole flow = 0.000011 ± 0.000063 nl/min
Capillary flow = 0.000000 ± 0.000000 nl/min
Venule flow = 0.000012 ± 0.000067 nl/min
Blood velocity = 0.000045 ± 0.000111 mm/s
Arteriole velocity = 0.000001 ± 0.000001 mm/s
Capillary velocity = 0.000171 ± 0.000161 mm/s
Venule velocity = 0.000000 ± 0.000000 mm/s
Vessel Wall Shear Stress = 3.208087 ± 7.959592 dyn/cm2
Arteriole WSS = 0.000045 ± 0.000139 dyn/cm2
Capillary WSS = 12.228052 ± 11.454264 dyn/cm2
Venule WSS = 0.000023 ± 0.000045 dyn/cm2
Reynolds number = 0.000000 ± 0.000000
Vascular segment transit time = 31754231.802514 ± 65184994.991668 s
Setting build directory ...
Setting build directory ...
Directory does not exist. Creating folder ...
> Loading network...
Reading /home/vamshis/temp/reanimate_temp_05558536/reanimate.dat ...


---------------------------------------------
anon network derived from Amira Spatial Graph
---------------------------------------------

Importing network data ...
Tissue Dimensions (x,y,z) = 34810 um x 34738 um x 1128 um
nsol = 4
nnodbc = 2
No. of segments = 31896 
No. of nodes = 23530 
No. of boundary nodes = 2 

Analysing network edges ...
No. of edges = 24196 
Edge lengths = 258.796 ± 187.877 um
Edge diameters = 8.220 ± 11.163 um
Length / diameter ratio = 365.407 ± 624.570 um
> Setting stack size ...


-----------------
Blood Flow Module
-----------------

Cloning vascular network ...

Finding articulation points ...
No. of articulation points = 2 
% of total nodes = 0.008 

Finding dead ends ...
No. of dead end segments = 0 
% of total segments = 0 

Assigning rheological parameters ...

Simulating blood flow ...

Full boundary conditions detected -> Running full solver ...
Computing conductance matrix, M ...
Computing K matrix ...
Assigning boundary conditions ...
Solving linear system ...


----------------------- Analysing vascular flow -----------------------

Assigning rheological parameters ...
Blood pressure = 36.185600 ± 13.740780 mmHg
Arteriole pressure = 51.999991 ± 0.000005 mmHg
Capillary pressure = 35.999996 ± 0.000003 mmHg
Venule pressure = 20.000004 ± 0.000002 mmHg
Blood flow = 0.000008 ± 0.000056 nl/min
Arteriole flow = 0.000011 ± 0.000063 nl/min
Capillary flow = 0.000000 ± 0.000000 nl/min
Venule flow = 0.000012 ± 0.000067 nl/min
Blood velocity = 0.000045 ± 0.000111 mm/s
Arteriole velocity = 0.000001 ± 0.000001 mm/s
Capillary velocity = 0.000171 ± 0.000161 mm/s
Venule velocity = 0.000000 ± 0.000000 mm/s
Vessel Wall Shear Stress = 3.208087 ± 7.959592 dyn/cm2
Arteriole WSS = 0.000045 ± 0.000139 dyn/cm2
Capillary WSS = 12.228052 ± 11.454264 dyn/cm2
Venule WSS = 0.000023 ± 0.000045 dyn/cm2
Reynolds number = 0.000000 ± 0.000000
Vascular segment transit time = 31754229.917887 ± 65184991.296875 s
Setting build directory ...
Setting build directory ...
Directory does not exist. Creating folder ...
> Loading network...
Reading /home/vamshis/temp/reanimate_temp_08237006/reanimate.dat ...


---------------------------------------------
anon network derived from Amira Spatial Graph
---------------------------------------------

Importing network data ...
Tissue Dimensions (x,y,z) = 34810 um x 34738 um x 1115 um
nsol = 4
nnodbc = 2
No. of segments = 32393 
No. of nodes = 24007 
No. of boundary nodes = 2 

Analysing network edges ...
No. of edges = 24241 
Edge lengths = 257.987 ± 188.131 um
Edge diameters = 9.282 ± 12.728 um
Length / diameter ratio = 357.417 ± 616.587 um
> Setting stack size ...


-----------------
Blood Flow Module
-----------------

Cloning vascular network ...

Finding articulation points ...
No. of articulation points = 2 
% of total nodes = 0.008 

Finding dead ends ...
No. of dead end segments = 0 
% of total segments = 0 

Assigning rheological parameters ...

Simulating blood flow ...

Full boundary conditions detected -> Running full solver ...
Computing conductance matrix, M ...
Computing K matrix ...
Assigning boundary conditions ...
Solving linear system ...


----------------------- Analysing vascular flow -----------------------

Assigning rheological parameters ...
Blood pressure = 36.194115 ± 13.772371 mmHg
Arteriole pressure = 51.999995 ± 0.000003 mmHg
Capillary pressure = 35.999998 ± 0.000001 mmHg
Venule pressure = 20.000003 ± 0.000002 mmHg
Blood flow = 0.000009 ± 0.000059 nl/min
Arteriole flow = 0.000012 ± 0.000069 nl/min
Capillary flow = 0.000000 ± 0.000000 nl/min
Venule flow = 0.000012 ± 0.000067 nl/min
Blood velocity = 0.000044 ± 0.000108 mm/s
Arteriole velocity = 0.000000 ± 0.000000 mm/s
Capillary velocity = 0.000171 ± 0.000153 mm/s
Venule velocity = 0.000000 ± 0.000000 mm/s
Vessel Wall Shear Stress = 3.152374 ± 7.702056 dyn/cm2
Arteriole WSS = 0.000027 ± 0.000061 dyn/cm2
Capillary WSS = 12.173859 ± 10.921127 dyn/cm2
Venule WSS = 0.000017 ± 0.000035 dyn/cm2
Reynolds number = 0.000000 ± 0.000000
Vascular segment transit time = 39045557.360410 ± 81575257.909247 s
Setting build directory ...
Setting build directory ...
Directory does not exist. Creating folder ...
> Loading network...
Reading /home/vamshis/temp/reanimate_temp_06221993/reanimate.dat ...


---------------------------------------------
anon network derived from Amira Spatial Graph
---------------------------------------------

Importing network data ...
Tissue Dimensions (x,y,z) = 34810 um x 34738 um x 1115 um
nsol = 4
nnodbc = 2
No. of segments = 32393 
No. of nodes = 24007 
No. of boundary nodes = 2 

Analysing network edges ...
No. of edges = 24241 
Edge lengths = 257.987 ± 188.131 um
Edge diameters = 9.282 ± 12.728 um
Length / diameter ratio = 357.417 ± 616.587 um
> Setting stack size ...


-----------------
Blood Flow Module
-----------------

Cloning vascular network ...

Finding articulation points ...
No. of articulation points = 2 
% of total nodes = 0.008 

Finding dead ends ...
No. of dead end segments = 0 
% of total segments = 0 

Assigning rheological parameters ...

Simulating blood flow ...

Full boundary conditions detected -> Running full solver ...
Computing conductance matrix, M ...
Computing K matrix ...
Assigning boundary conditions ...
Solving linear system ...


----------------------- Analysing vascular flow -----------------------

Assigning rheological parameters ...
Blood pressure = 36.194115 ± 13.772371 mmHg
Arteriole pressure = 51.999995 ± 0.000003 mmHg
Capillary pressure = 35.999998 ± 0.000001 mmHg
Venule pressure = 20.000003 ± 0.000002 mmHg
Blood flow = 0.000009 ± 0.000059 nl/min
Arteriole flow = 0.000012 ± 0.000069 nl/min
Capillary flow = 0.000000 ± 0.000000 nl/min
Venule flow = 0.000012 ± 0.000067 nl/min
Blood velocity = 0.000044 ± 0.000108 mm/s
Arteriole velocity = 0.000000 ± 0.000000 mm/s
Capillary velocity = 0.000171 ± 0.000153 mm/s
Venule velocity = 0.000000 ± 0.000000 mm/s
Vessel Wall Shear Stress = 3.152374 ± 7.702056 dyn/cm2
Arteriole WSS = 0.000027 ± 0.000061 dyn/cm2
Capillary WSS = 12.173860 ± 10.921127 dyn/cm2
Venule WSS = 0.000017 ± 0.000035 dyn/cm2
Reynolds number = 0.000000 ± 0.000000
Vascular segment transit time = 39045555.087273 ± 81575253.888905 s
Setting build directory ...
Setting build directory ...
Directory does not exist. Creating folder ...
> Loading network...
Reading /home/vamshis/temp/reanimate_temp_04825629/reanimate.dat ...


---------------------------------------------
anon network derived from Amira Spatial Graph
---------------------------------------------

Importing network data ...
Tissue Dimensions (x,y,z) = 34810 um x 34738 um x 1112 um
nsol = 4
nnodbc = 2
No. of segments = 32405 
No. of nodes = 23990 
No. of boundary nodes = 2 

Analysing network edges ...
No. of edges = 24334 
Edge lengths = 259.629 ± 189.730 um
Edge diameters = 8.193 ± 11.268 um
Length / diameter ratio = 366.029 ± 627.715 um
> Setting stack size ...


-----------------
Blood Flow Module
-----------------

Cloning vascular network ...

Finding articulation points ...
No. of articulation points = 2 
% of total nodes = 0.008 

Finding dead ends ...
No. of dead end segments = 0 
% of total segments = 0 

Assigning rheological parameters ...

Simulating blood flow ...

Full boundary conditions detected -> Running full solver ...
Computing conductance matrix, M ...
Computing K matrix ...
Assigning boundary conditions ...
Solving linear system ...


----------------------- Analysing vascular flow -----------------------

Assigning rheological parameters ...
Blood pressure = 36.213295 ± 13.764655 mmHg
Arteriole pressure = 51.999988 ± 0.000007 mmHg
Capillary pressure = 35.999993 ± 0.000005 mmHg
Venule pressure = 20.000003 ± 0.000002 mmHg
Blood flow = 0.000009 ± 0.000058 nl/min
Arteriole flow = 0.000011 ± 0.000063 nl/min
Capillary flow = 0.000000 ± 0.000000 nl/min
Venule flow = 0.000012 ± 0.000070 nl/min
Blood velocity = 0.000045 ± 0.000108 mm/s
Arteriole velocity = 0.000001 ± 0.000001 mm/s
Capillary velocity = 0.000171 ± 0.000153 mm/s
Venule velocity = 0.000000 ± 0.000000 mm/s
Vessel Wall Shear Stress = 3.160476 ± 7.708235 dyn/cm2
Arteriole WSS = 0.000058 ± 0.000129 dyn/cm2
Capillary WSS = 12.167552 ± 10.916282 dyn/cm2
Venule WSS = 0.000019 ± 0.000045 dyn/cm2
Reynolds number = 0.000000 ± 0.000000
Vascular segment transit time = 32645230.101233 ± 74094708.182887 s
Setting build directory ...
Setting build directory ...
Directory does not exist. Creating folder ...
> Loading network...
Reading /home/vamshis/temp/reanimate_temp_08512418/reanimate.dat ...


---------------------------------------------
anon network derived from Amira Spatial Graph
---------------------------------------------

Importing network data ...
Tissue Dimensions (x,y,z) = 34810 um x 34738 um x 1112 um
nsol = 4
nnodbc = 2
No. of segments = 32405 
No. of nodes = 23990 
No. of boundary nodes = 2 

Analysing network edges ...
No. of edges = 24334 
Edge lengths = 259.629 ± 189.730 um
Edge diameters = 8.193 ± 11.268 um
Length / diameter ratio = 366.029 ± 627.715 um
> Setting stack size ...


-----------------
Blood Flow Module
-----------------

Cloning vascular network ...

Finding articulation points ...
No. of articulation points = 2 
% of total nodes = 0.008 

Finding dead ends ...
No. of dead end segments = 0 
% of total segments = 0 

Assigning rheological parameters ...

Simulating blood flow ...

Full boundary conditions detected -> Running full solver ...
Computing conductance matrix, M ...
Computing K matrix ...
Assigning boundary conditions ...
Solving linear system ...


----------------------- Analysing vascular flow -----------------------

Assigning rheological parameters ...
Blood pressure = 36.213295 ± 13.764655 mmHg
Arteriole pressure = 51.999988 ± 0.000007 mmHg
Capillary pressure = 35.999993 ± 0.000005 mmHg
Venule pressure = 20.000003 ± 0.000002 mmHg
Blood flow = 0.000009 ± 0.000058 nl/min
Arteriole flow = 0.000011 ± 0.000063 nl/min
Capillary flow = 0.000000 ± 0.000000 nl/min
Venule flow = 0.000012 ± 0.000070 nl/min
Blood velocity = 0.000045 ± 0.000108 mm/s
Arteriole velocity = 0.000001 ± 0.000001 mm/s
Capillary velocity = 0.000171 ± 0.000153 mm/s
Venule velocity = 0.000000 ± 0.000000 mm/s
Vessel Wall Shear Stress = 3.160476 ± 7.708235 dyn/cm2
Arteriole WSS = 0.000058 ± 0.000129 dyn/cm2
Capillary WSS = 12.167552 ± 10.916282 dyn/cm2
Venule WSS = 0.000019 ± 0.000045 dyn/cm2
Reynolds number = 0.000000 ± 0.000000
Vascular segment transit time = 32645228.066562 ± 74094703.616930 s
Setting build directory ...
Setting build directory ...
Directory does not exist. Creating folder ...
> Loading network...
Reading /home/vamshis/temp/reanimate_temp_09570717/reanimate.dat ...


---------------------------------------------
anon network derived from Amira Spatial Graph
---------------------------------------------

Importing network data ...
Tissue Dimensions (x,y,z) = 34810 um x 34738 um x 1129 um
nsol = 4
nnodbc = 2
No. of segments = 32119 
No. of nodes = 23717 
No. of boundary nodes = 2 

Analysing network edges ...
No. of edges = 24295 
Edge lengths = 258.554 ± 189.591 um
Edge diameters = 8.939 ± 12.144 um
Length / diameter ratio = 360.064 ± 619.572 um
> Setting stack size ...


-----------------
Blood Flow Module
-----------------

Cloning vascular network ...

Finding articulation points ...
No. of articulation points = 2 
% of total nodes = 0.008 

Finding dead ends ...
No. of dead end segments = 0 
% of total segments = 0 

Assigning rheological parameters ...

Simulating blood flow ...

Full boundary conditions detected -> Running full solver ...
Computing conductance matrix, M ...
Computing K matrix ...
Assigning boundary conditions ...
Solving linear system ...


----------------------- Analysing vascular flow -----------------------

Assigning rheological parameters ...
Blood pressure = 36.134000 ± 13.747906 mmHg
Arteriole pressure = 51.999995 ± 0.000003 mmHg
Capillary pressure = 35.999998 ± 0.000002 mmHg
Venule pressure = 20.000003 ± 0.000002 mmHg
Blood flow = 0.000009 ± 0.000056 nl/min
Arteriole flow = 0.000011 ± 0.000063 nl/min
Capillary flow = 0.000000 ± 0.000000 nl/min
Venule flow = 0.000012 ± 0.000066 nl/min
Blood velocity = 0.000045 ± 0.000109 mm/s
Arteriole velocity = 0.000000 ± 0.000000 mm/s
Capillary velocity = 0.000171 ± 0.000155 mm/s
Venule velocity = 0.000000 ± 0.000000 mm/s
Vessel Wall Shear Stress = 3.193406 ± 7.798372 dyn/cm2
Arteriole WSS = 0.000030 ± 0.000070 dyn/cm2
Capillary WSS = 12.204714 ± 11.065833 dyn/cm2
Venule WSS = 0.000018 ± 0.000033 dyn/cm2
Reynolds number = 0.000000 ± 0.000000
Vascular segment transit time = 38110293.814377 ± 79498759.975309 s
Setting build directory ...
Setting build directory ...
Directory does not exist. Creating folder ...
> Loading network...
Reading /home/vamshis/temp/reanimate_temp_00002683/reanimate.dat ...


---------------------------------------------
anon network derived from Amira Spatial Graph
---------------------------------------------

Importing network data ...
Tissue Dimensions (x,y,z) = 34810 um x 34738 um x 1129 um
nsol = 4
nnodbc = 2
No. of segments = 32119 
No. of nodes = 23717 
No. of boundary nodes = 2 

Analysing network edges ...
No. of edges = 24295 
Edge lengths = 258.554 ± 189.591 um
Edge diameters = 8.939 ± 12.144 um
Length / diameter ratio = 360.064 ± 619.572 um
> Setting stack size ...


-----------------
Blood Flow Module
-----------------

Cloning vascular network ...

Finding articulation points ...
No. of articulation points = 2 
% of total nodes = 0.008 

Finding dead ends ...
No. of dead end segments = 0 
% of total segments = 0 

Assigning rheological parameters ...

Simulating blood flow ...

Full boundary conditions detected -> Running full solver ...
Computing conductance matrix, M ...
Computing K matrix ...
Assigning boundary conditions ...
Solving linear system ...


----------------------- Analysing vascular flow -----------------------

Assigning rheological parameters ...
Blood pressure = 36.134000 ± 13.747906 mmHg
Arteriole pressure = 51.999995 ± 0.000003 mmHg
Capillary pressure = 35.999998 ± 0.000002 mmHg
Venule pressure = 20.000003 ± 0.000002 mmHg
Blood flow = 0.000009 ± 0.000056 nl/min
Arteriole flow = 0.000011 ± 0.000063 nl/min
Capillary flow = 0.000000 ± 0.000000 nl/min
Venule flow = 0.000012 ± 0.000066 nl/min
Blood velocity = 0.000045 ± 0.000109 mm/s
Arteriole velocity = 0.000000 ± 0.000000 mm/s
Capillary velocity = 0.000171 ± 0.000155 mm/s
Venule velocity = 0.000000 ± 0.000000 mm/s
Vessel Wall Shear Stress = 3.193406 ± 7.798372 dyn/cm2
Arteriole WSS = 0.000030 ± 0.000070 dyn/cm2
Capillary WSS = 12.204715 ± 11.065833 dyn/cm2
Venule WSS = 0.000018 ± 0.000033 dyn/cm2
Reynolds number = 0.000000 ± 0.000000
Vascular segment transit time = 38110291.436898 ± 79498755.973862 s
Setting build directory ...
Setting build directory ...
Directory does not exist. Creating folder ...
> Loading network...
Reading /home/vamshis/temp/reanimate_temp_01047309/reanimate.dat ...


---------------------------------------------
anon network derived from Amira Spatial Graph
---------------------------------------------

Importing network data ...
Tissue Dimensions (x,y,z) = 34810 um x 34738 um x 1146 um
nsol = 4
nnodbc = 2
No. of segments = 32036 
No. of nodes = 23641 
No. of boundary nodes = 2 

Analysing network edges ...
No. of edges = 24288 
Edge lengths = 256.845 ± 181.967 um
Edge diameters = 9.203 ± 12.860 um
Length / diameter ratio = 356.921 ± 608.120 um
> Setting stack size ...


-----------------
Blood Flow Module
-----------------

Cloning vascular network ...

Finding articulation points ...
No. of articulation points = 2 
% of total nodes = 0.008 

Finding dead ends ...
No. of dead end segments = 0 
% of total segments = 0 

Assigning rheological parameters ...

Simulating blood flow ...

Full boundary conditions detected -> Running full solver ...
Computing conductance matrix, M ...
Computing K matrix ...
Assigning boundary conditions ...
Solving linear system ...


----------------------- Analysing vascular flow -----------------------

Assigning rheological parameters ...
Blood pressure = 36.194279 ± 13.742909 mmHg
Arteriole pressure = 51.999994 ± 0.000003 mmHg
Capillary pressure = 35.999997 ± 0.000002 mmHg
Venule pressure = 20.000003 ± 0.000001 mmHg
Blood flow = 0.000009 ± 0.000059 nl/min
Arteriole flow = 0.000012 ± 0.000069 nl/min
Capillary flow = 0.000000 ± 0.000000 nl/min
Venule flow = 0.000013 ± 0.000068 nl/min
Blood velocity = 0.000046 ± 0.000111 mm/s
Arteriole velocity = 0.000000 ± 0.000000 mm/s
Capillary velocity = 0.000173 ± 0.000158 mm/s
Venule velocity = 0.000000 ± 0.000000 mm/s
Vessel Wall Shear Stress = 3.227805 ± 7.901969 dyn/cm2
Arteriole WSS = 0.000031 ± 0.000065 dyn/cm2
Capillary WSS = 12.314564 ± 11.239750 dyn/cm2
Venule WSS = 0.000016 ± 0.000040 dyn/cm2
Reynolds number = 0.000000 ± 0.000000
Vascular segment transit time = 39171240.230984 ± 83686779.701620 s
Setting build directory ...
Setting build directory ...
Directory does not exist. Creating folder ...
> Loading network...
Reading /home/vamshis/temp/reanimate_temp_06480394/reanimate.dat ...


---------------------------------------------
anon network derived from Amira Spatial Graph
---------------------------------------------

Importing network data ...
Tissue Dimensions (x,y,z) = 34810 um x 34738 um x 1146 um
nsol = 4
nnodbc = 2
No. of segments = 32036 
No. of nodes = 23641 
No. of boundary nodes = 2 

Analysing network edges ...
No. of edges = 24288 
Edge lengths = 256.845 ± 181.967 um
Edge diameters = 9.203 ± 12.860 um
Length / diameter ratio = 356.921 ± 608.120 um
> Setting stack size ...


-----------------
Blood Flow Module
-----------------

Cloning vascular network ...

Finding articulation points ...
No. of articulation points = 2 
% of total nodes = 0.008 

Finding dead ends ...
No. of dead end segments = 0 
% of total segments = 0 

Assigning rheological parameters ...

Simulating blood flow ...

Full boundary conditions detected -> Running full solver ...
Computing conductance matrix, M ...
Computing K matrix ...
Assigning boundary conditions ...
Solving linear system ...


----------------------- Analysing vascular flow -----------------------

Assigning rheological parameters ...
Blood pressure = 36.194279 ± 13.742909 mmHg
Arteriole pressure = 51.999994 ± 0.000003 mmHg
Capillary pressure = 35.999997 ± 0.000002 mmHg
Venule pressure = 20.000003 ± 0.000001 mmHg
Blood flow = 0.000009 ± 0.000059 nl/min
Arteriole flow = 0.000012 ± 0.000069 nl/min
Capillary flow = 0.000000 ± 0.000000 nl/min
Venule flow = 0.000013 ± 0.000068 nl/min
Blood velocity = 0.000046 ± 0.000111 mm/s
Arteriole velocity = 0.000000 ± 0.000000 mm/s
Capillary velocity = 0.000173 ± 0.000158 mm/s
Venule velocity = 0.000000 ± 0.000000 mm/s
Vessel Wall Shear Stress = 3.227805 ± 7.901969 dyn/cm2
Arteriole WSS = 0.000031 ± 0.000065 dyn/cm2
Capillary WSS = 12.314564 ± 11.239750 dyn/cm2
Venule WSS = 0.000016 ± 0.000040 dyn/cm2
Reynolds number = 0.000000 ± 0.000000
Vascular segment transit time = 39171238.123220 ± 83686773.189094 s
Setting build directory ...
Setting build directory ...
Directory does not exist. Creating folder ...
> Loading network...
Reading /home/vamshis/temp/reanimate_temp_03864205/reanimate.dat ...


---------------------------------------------
anon network derived from Amira Spatial Graph
---------------------------------------------

Importing network data ...
Tissue Dimensions (x,y,z) = 34810 um x 34738 um x 1111 um
nsol = 4
nnodbc = 2
No. of segments = 32094 
No. of nodes = 23671 
No. of boundary nodes = 2 

Analysing network edges ...
No. of edges = 24332 
Edge lengths = 256.862 ± 186.874 um
Edge diameters = 7.521 ± 10.439 um
Length / diameter ratio = 361.029 ± 609.739 um
> Setting stack size ...


-----------------
Blood Flow Module
-----------------

Cloning vascular network ...

Finding articulation points ...
No. of articulation points = 2 
% of total nodes = 0.008 

Finding dead ends ...
No. of dead end segments = 0 
% of total segments = 0 

Assigning rheological parameters ...

Simulating blood flow ...

Full boundary conditions detected -> Running full solver ...
Computing conductance matrix, M ...
Computing K matrix ...
Assigning boundary conditions ...
Solving linear system ...


----------------------- Analysing vascular flow -----------------------

Assigning rheological parameters ...
Blood pressure = 36.133103 ± 13.739917 mmHg
Arteriole pressure = 51.999984 ± 0.000010 mmHg
Capillary pressure = 35.999992 ± 0.000006 mmHg
Venule pressure = 20.000006 ± 0.000003 mmHg
Blood flow = 0.000009 ± 0.000058 nl/min
Arteriole flow = 0.000012 ± 0.000067 nl/min
Capillary flow = 0.000000 ± 0.000000 nl/min
Venule flow = 0.000013 ± 0.000067 nl/min
Blood velocity = 0.000046 ± 0.000111 mm/s
Arteriole velocity = 0.000001 ± 0.000001 mm/s
Capillary velocity = 0.000173 ± 0.000159 mm/s
Venule velocity = 0.000000 ± 0.000000 mm/s
Vessel Wall Shear Stress = 3.238348 ± 7.965752 dyn/cm2
Arteriole WSS = 0.000072 ± 0.000174 dyn/cm2
Capillary WSS = 12.335944 ± 11.379722 dyn/cm2
Venule WSS = 0.000030 ± 0.000077 dyn/cm2
Reynolds number = 0.000000 ± 0.000000
Vascular segment transit time = 26461151.017255 ± 59896128.722033 s
Setting build directory ...
Setting build directory ...
Directory does not exist. Creating folder ...
> Loading network...
Reading /home/vamshis/temp/reanimate_temp_01568092/reanimate.dat ...


---------------------------------------------
anon network derived from Amira Spatial Graph
---------------------------------------------

Importing network data ...
Tissue Dimensions (x,y,z) = 34810 um x 34738 um x 1111 um
nsol = 4
nnodbc = 2
No. of segments = 32094 
No. of nodes = 23671 
No. of boundary nodes = 2 

Analysing network edges ...
No. of edges = 24332 
Edge lengths = 256.862 ± 186.874 um
Edge diameters = 7.521 ± 10.439 um
Length / diameter ratio = 361.029 ± 609.739 um
> Setting stack size ...


-----------------
Blood Flow Module
-----------------

Cloning vascular network ...

Finding articulation points ...
No. of articulation points = 2 
% of total nodes = 0.008 

Finding dead ends ...
No. of dead end segments = 0 
% of total segments = 0 

Assigning rheological parameters ...

Simulating blood flow ...

Full boundary conditions detected -> Running full solver ...
Computing conductance matrix, M ...
Computing K matrix ...
Assigning boundary conditions ...
Solving linear system ...


----------------------- Analysing vascular flow -----------------------

Assigning rheological parameters ...
Blood pressure = 36.133103 ± 13.739917 mmHg
Arteriole pressure = 51.999984 ± 0.000010 mmHg
Capillary pressure = 35.999992 ± 0.000006 mmHg
Venule pressure = 20.000006 ± 0.000003 mmHg
Blood flow = 0.000009 ± 0.000058 nl/min
Arteriole flow = 0.000012 ± 0.000067 nl/min
Capillary flow = 0.000000 ± 0.000000 nl/min
Venule flow = 0.000013 ± 0.000067 nl/min
Blood velocity = 0.000046 ± 0.000111 mm/s
Arteriole velocity = 0.000001 ± 0.000001 mm/s
Capillary velocity = 0.000173 ± 0.000159 mm/s
Venule velocity = 0.000000 ± 0.000000 mm/s
Vessel Wall Shear Stress = 3.238348 ± 7.965753 dyn/cm2
Arteriole WSS = 0.000072 ± 0.000174 dyn/cm2
Capillary WSS = 12.335944 ± 11.379723 dyn/cm2
Venule WSS = 0.000030 ± 0.000077 dyn/cm2
Reynolds number = 0.000000 ± 0.000000
Vascular segment transit time = 26461149.434195 ± 59896125.002857 s
Setting build directory ...
Setting build directory ...
Directory does not exist. Creating folder ...
> Loading network...
Reading /home/vamshis/temp/reanimate_temp_08374535/reanimate.dat ...


---------------------------------------------
anon network derived from Amira Spatial Graph
---------------------------------------------

Importing network data ...
Tissue Dimensions (x,y,z) = 34810 um x 34738 um x 1133 um
nsol = 4
nnodbc = 2
No. of segments = 32171 
No. of nodes = 23825 
No. of boundary nodes = 2 

Analysing network edges ...
No. of edges = 24144 
Edge lengths = 259.143 ± 188.026 um
Edge diameters = 8.797 ± 12.020 um
Length / diameter ratio = 360.606 ± 626.846 um
> Setting stack size ...


-----------------
Blood Flow Module
-----------------

Cloning vascular network ...

Finding articulation points ...
No. of articulation points = 2 
% of total nodes = 0.008 

Finding dead ends ...
No. of dead end segments = 0 
% of total segments = 0 

Assigning rheological parameters ...

Simulating blood flow ...

Full boundary conditions detected -> Running full solver ...
Computing conductance matrix, M ...
Computing K matrix ...
Assigning boundary conditions ...
Solving linear system ...


----------------------- Analysing vascular flow -----------------------

Assigning rheological parameters ...
Blood pressure = 36.241207 ± 13.766574 mmHg
Arteriole pressure = 51.999991 ± 0.000005 mmHg
Capillary pressure = 35.999995 ± 0.000003 mmHg
Venule pressure = 20.000002 ± 0.000001 mmHg
Blood flow = 0.000009 ± 0.000058 nl/min
Arteriole flow = 0.000012 ± 0.000066 nl/min
Capillary flow = 0.000000 ± 0.000000 nl/min
Venule flow = 0.000012 ± 0.000069 nl/min
Blood velocity = 0.000045 ± 0.000107 mm/s
Arteriole velocity = 0.000001 ± 0.000000 mm/s
Capillary velocity = 0.000172 ± 0.000150 mm/s
Venule velocity = 0.000000 ± 0.000000 mm/s
Vessel Wall Shear Stress = 3.176166 ± 7.660445 dyn/cm2
Arteriole WSS = 0.000045 ± 0.000124 dyn/cm2
Capillary WSS = 12.240021 ± 10.733680 dyn/cm2
Venule WSS = 0.000015 ± 0.000034 dyn/cm2
Reynolds number = 0.000000 ± 0.000000
Vascular segment transit time = 36937338.879777 ± 83888021.103886 s
Setting build directory ...
Setting build directory ...
Directory does not exist. Creating folder ...
> Loading network...
Reading /home/vamshis/temp/reanimate_temp_07675987/reanimate.dat ...


---------------------------------------------
anon network derived from Amira Spatial Graph
---------------------------------------------

Importing network data ...
Tissue Dimensions (x,y,z) = 34810 um x 34738 um x 1133 um
nsol = 4
nnodbc = 2
No. of segments = 32171 
No. of nodes = 23825 
No. of boundary nodes = 2 

Analysing network edges ...
No. of edges = 24144 
Edge lengths = 259.143 ± 188.026 um
Edge diameters = 8.797 ± 12.020 um
Length / diameter ratio = 360.606 ± 626.846 um
> Setting stack size ...


-----------------
Blood Flow Module
-----------------

Cloning vascular network ...

Finding articulation points ...
No. of articulation points = 2 
% of total nodes = 0.008 

Finding dead ends ...
No. of dead end segments = 0 
% of total segments = 0 

Assigning rheological parameters ...

Simulating blood flow ...

Full boundary conditions detected -> Running full solver ...
Computing conductance matrix, M ...
Computing K matrix ...
Assigning boundary conditions ...
Solving linear system ...


----------------------- Analysing vascular flow -----------------------

Assigning rheological parameters ...
Blood pressure = 36.241207 ± 13.766574 mmHg
Arteriole pressure = 51.999991 ± 0.000005 mmHg
Capillary pressure = 35.999995 ± 0.000003 mmHg
Venule pressure = 20.000002 ± 0.000001 mmHg
Blood flow = 0.000009 ± 0.000058 nl/min
Arteriole flow = 0.000012 ± 0.000066 nl/min
Capillary flow = 0.000000 ± 0.000000 nl/min
Venule flow = 0.000012 ± 0.000069 nl/min
Blood velocity = 0.000045 ± 0.000107 mm/s
Arteriole velocity = 0.000001 ± 0.000000 mm/s
Capillary velocity = 0.000172 ± 0.000150 mm/s
Venule velocity = 0.000000 ± 0.000000 mm/s
Vessel Wall Shear Stress = 3.176166 ± 7.660445 dyn/cm2
Arteriole WSS = 0.000045 ± 0.000124 dyn/cm2
Capillary WSS = 12.240022 ± 10.733680 dyn/cm2
Venule WSS = 0.000015 ± 0.000034 dyn/cm2
Reynolds number = 0.000000 ± 0.000000
Vascular segment transit time = 36937335.924133 ± 83888016.134877 s
Setting build directory ...
Setting build directory ...
Directory does not exist. Creating folder ...
> Loading network...
Reading /home/vamshis/temp/reanimate_temp_00603066/reanimate.dat ...


---------------------------------------------
anon network derived from Amira Spatial Graph
---------------------------------------------

Importing network data ...
Tissue Dimensions (x,y,z) = 34810 um x 34738 um x 1131 um
nsol = 4
nnodbc = 2
No. of segments = 32041 
No. of nodes = 23668 
No. of boundary nodes = 2 

Analysing network edges ...
No. of edges = 24224 
Edge lengths = 259.333 ± 187.302 um
Edge diameters = 8.550 ± 11.600 um
Length / diameter ratio = 366.040 ± 633.533 um
> Setting stack size ...


-----------------
Blood Flow Module
-----------------

Cloning vascular network ...

Finding articulation points ...
No. of articulation points = 2 
% of total nodes = 0.008 

Finding dead ends ...
No. of dead end segments = 0 
% of total segments = 0 

Assigning rheological parameters ...

Simulating blood flow ...

Full boundary conditions detected -> Running full solver ...
Computing conductance matrix, M ...
Computing K matrix ...
Assigning boundary conditions ...
Solving linear system ...


----------------------- Analysing vascular flow -----------------------

Assigning rheological parameters ...
Blood pressure = 36.146810 ± 13.750271 mmHg
Arteriole pressure = 51.999992 ± 0.000004 mmHg
Capillary pressure = 35.999997 ± 0.000002 mmHg
Venule pressure = 20.000004 ± 0.000002 mmHg
Blood flow = 0.000008 ± 0.000054 nl/min
Arteriole flow = 0.000012 ± 0.000063 nl/min
Capillary flow = 0.000000 ± 0.000000 nl/min
Venule flow = 0.000011 ± 0.000063 nl/min
Blood velocity = 0.000044 ± 0.000101 mm/s
Arteriole velocity = 0.000001 ± 0.000000 mm/s
Capillary velocity = 0.000167 ± 0.000137 mm/s
Venule velocity = 0.000000 ± 0.000000 mm/s
Vessel Wall Shear Stress = 3.117823 ± 7.247566 dyn/cm2
Arteriole WSS = 0.000039 ± 0.000096 dyn/cm2
Capillary WSS = 11.928056 ± 9.791561 dyn/cm2
Venule WSS = 0.000021 ± 0.000049 dyn/cm2
Reynolds number = 0.000000 ± 0.000000
Vascular segment transit time = 34242663.283553 ± 74340825.209680 s
Setting build directory ...
Setting build directory ...
Directory does not exist. Creating folder ...
> Loading network...
Reading /home/vamshis/temp/reanimate_temp_02956791/reanimate.dat ...


---------------------------------------------
anon network derived from Amira Spatial Graph
---------------------------------------------

Importing network data ...
Tissue Dimensions (x,y,z) = 34810 um x 34738 um x 1131 um
nsol = 4
nnodbc = 2
No. of segments = 32041 
No. of nodes = 23668 
No. of boundary nodes = 2 

Analysing network edges ...
No. of edges = 24224 
Edge lengths = 259.333 ± 187.302 um
Edge diameters = 8.550 ± 11.600 um
Length / diameter ratio = 366.040 ± 633.533 um
> Setting stack size ...


-----------------
Blood Flow Module
-----------------

Cloning vascular network ...

Finding articulation points ...
No. of articulation points = 2 
% of total nodes = 0.008 

Finding dead ends ...
No. of dead end segments = 0 
% of total segments = 0 

Assigning rheological parameters ...

Simulating blood flow ...

Full boundary conditions detected -> Running full solver ...
Computing conductance matrix, M ...
Computing K matrix ...
Assigning boundary conditions ...
Solving linear system ...


----------------------- Analysing vascular flow -----------------------

Assigning rheological parameters ...
Blood pressure = 36.146810 ± 13.750271 mmHg
Arteriole pressure = 51.999992 ± 0.000004 mmHg
Capillary pressure = 35.999997 ± 0.000002 mmHg
Venule pressure = 20.000004 ± 0.000002 mmHg
Blood flow = 0.000008 ± 0.000054 nl/min
Arteriole flow = 0.000012 ± 0.000063 nl/min
Capillary flow = 0.000000 ± 0.000000 nl/min
Venule flow = 0.000011 ± 0.000063 nl/min
Blood velocity = 0.000044 ± 0.000101 mm/s
Arteriole velocity = 0.000001 ± 0.000000 mm/s
Capillary velocity = 0.000167 ± 0.000137 mm/s
Venule velocity = 0.000000 ± 0.000000 mm/s
Vessel Wall Shear Stress = 3.117823 ± 7.247567 dyn/cm2
Arteriole WSS = 0.000039 ± 0.000096 dyn/cm2
Capillary WSS = 11.928056 ± 9.791561 dyn/cm2
Venule WSS = 0.000021 ± 0.000049 dyn/cm2
Reynolds number = 0.000000 ± 0.000000
Vascular segment transit time = 34242661.044829 ± 74340820.181200 s
Setting build directory ...
Setting build directory ...
Directory does not exist. Creating folder ...
> Loading network...
Reading /home/vamshis/temp/reanimate_temp_09678582/reanimate.dat ...


---------------------------------------------
anon network derived from Amira Spatial Graph
---------------------------------------------

Importing network data ...
Tissue Dimensions (x,y,z) = 34810 um x 34738 um x 1119 um
nsol = 4
nnodbc = 2
No. of segments = 32147 
No. of nodes = 23752 
No. of boundary nodes = 2 

Analysing network edges ...
No. of edges = 24252 
Edge lengths = 259.168 ± 190.212 um
Edge diameters = 8.498 ± 11.554 um
Length / diameter ratio = 363.109 ± 626.398 um
> Setting stack size ...


-----------------
Blood Flow Module
-----------------

Cloning vascular network ...

Finding articulation points ...
No. of articulation points = 2 
% of total nodes = 0.008 

Finding dead ends ...
No. of dead end segments = 0 
% of total segments = 0 

Assigning rheological parameters ...

Simulating blood flow ...

Full boundary conditions detected -> Running full solver ...
Computing conductance matrix, M ...
Computing K matrix ...
Assigning boundary conditions ...
Solving linear system ...


----------------------- Analysing vascular flow -----------------------

Assigning rheological parameters ...
Blood pressure = 36.113480 ± 13.752238 mmHg
Arteriole pressure = 51.999995 ± 0.000002 mmHg
Capillary pressure = 36.000001 ± 0.000002 mmHg
Venule pressure = 20.000006 ± 0.000003 mmHg
Blood flow = 0.000009 ± 0.000057 nl/min
Arteriole flow = 0.000012 ± 0.000067 nl/min
Capillary flow = 0.000000 ± 0.000000 nl/min
Venule flow = 0.000012 ± 0.000067 nl/min
Blood velocity = 0.000045 ± 0.000112 mm/s
Arteriole velocity = 0.000000 ± 0.000000 mm/s
Capillary velocity = 0.000172 ± 0.000162 mm/s
Venule velocity = 0.000000 ± 0.000000 mm/s
Vessel Wall Shear Stress = 3.214468 ± 8.012049 dyn/cm2
Arteriole WSS = 0.000025 ± 0.000047 dyn/cm2
Capillary WSS = 12.306163 ± 11.570665 dyn/cm2
Venule WSS = 0.000031 ± 0.000066 dyn/cm2
Reynolds number = 0.000000 ± 0.000000
Vascular segment transit time = 33643051.562903 ± 67501083.842984 s
Setting build directory ...
Setting build directory ...
Directory does not exist. Creating folder ...
> Loading network...
Reading /home/vamshis/temp/reanimate_temp_03923092/reanimate.dat ...


---------------------------------------------
anon network derived from Amira Spatial Graph
---------------------------------------------

Importing network data ...
Tissue Dimensions (x,y,z) = 34810 um x 34738 um x 1119 um
nsol = 4
nnodbc = 2
No. of segments = 32147 
No. of nodes = 23752 
No. of boundary nodes = 2 

Analysing network edges ...
No. of edges = 24252 
Edge lengths = 259.168 ± 190.212 um
Edge diameters = 8.498 ± 11.554 um
Length / diameter ratio = 363.109 ± 626.398 um
> Setting stack size ...


-----------------
Blood Flow Module
-----------------

Cloning vascular network ...

Finding articulation points ...
No. of articulation points = 2 
% of total nodes = 0.008 

Finding dead ends ...
No. of dead end segments = 0 
% of total segments = 0 

Assigning rheological parameters ...

Simulating blood flow ...

Full boundary conditions detected -> Running full solver ...
Computing conductance matrix, M ...
Computing K matrix ...
Assigning boundary conditions ...
Solving linear system ...


----------------------- Analysing vascular flow -----------------------

Assigning rheological parameters ...
Blood pressure = 36.113480 ± 13.752238 mmHg
Arteriole pressure = 51.999995 ± 0.000002 mmHg
Capillary pressure = 36.000001 ± 0.000002 mmHg
Venule pressure = 20.000006 ± 0.000003 mmHg
Blood flow = 0.000009 ± 0.000057 nl/min
Arteriole flow = 0.000012 ± 0.000067 nl/min
Capillary flow = 0.000000 ± 0.000000 nl/min
Venule flow = 0.000012 ± 0.000067 nl/min
Blood velocity = 0.000045 ± 0.000112 mm/s
Arteriole velocity = 0.000000 ± 0.000000 mm/s
Capillary velocity = 0.000172 ± 0.000162 mm/s
Venule velocity = 0.000000 ± 0.000000 mm/s
Vessel Wall Shear Stress = 3.214469 ± 8.012049 dyn/cm2
Arteriole WSS = 0.000025 ± 0.000047 dyn/cm2
Capillary WSS = 12.306164 ± 11.570665 dyn/cm2
Venule WSS = 0.000031 ± 0.000066 dyn/cm2
Reynolds number = 0.000000 ± 0.000000
Vascular segment transit time = 33643049.119874 ± 67501078.828886 s
Setting build directory ...
Setting build directory ...
Directory does not exist. Creating folder ...
> Loading network...
Reading /home/vamshis/temp/reanimate_temp_09329473/reanimate.dat ...


---------------------------------------------
anon network derived from Amira Spatial Graph
---------------------------------------------

Importing network data ...
Tissue Dimensions (x,y,z) = 34810 um x 34738 um x 1114 um
nsol = 4
nnodbc = 2
No. of segments = 32203 
No. of nodes = 23795 
No. of boundary nodes = 2 

Analysing network edges ...
No. of edges = 24317 
Edge lengths = 258.684 ± 187.121 um
Edge diameters = 8.764 ± 12.095 um
Length / diameter ratio = 365.215 ± 631.513 um
> Setting stack size ...


-----------------
Blood Flow Module
-----------------

Cloning vascular network ...

Finding articulation points ...
No. of articulation points = 2 
% of total nodes = 0.008 

Finding dead ends ...
No. of dead end segments = 0 
% of total segments = 0 

Assigning rheological parameters ...

Simulating blood flow ...

Full boundary conditions detected -> Running full solver ...
Computing conductance matrix, M ...
Computing K matrix ...
Assigning boundary conditions ...
Solving linear system ...


----------------------- Analysing vascular flow -----------------------

Assigning rheological parameters ...
Blood pressure = 36.077011 ± 13.752961 mmHg
Arteriole pressure = 51.999995 ± 0.000003 mmHg
Capillary pressure = 36.000000 ± 0.000002 mmHg
Venule pressure = 20.000004 ± 0.000003 mmHg
Blood flow = 0.000009 ± 0.000058 nl/min
Arteriole flow = 0.000012 ± 0.000072 nl/min
Capillary flow = 0.000000 ± 0.000000 nl/min
Venule flow = 0.000011 ± 0.000061 nl/min
Blood velocity = 0.000045 ± 0.000111 mm/s
Arteriole velocity = 0.000000 ± 0.000000 mm/s
Capillary velocity = 0.000171 ± 0.000159 mm/s
Venule velocity = 0.000000 ± 0.000000 mm/s
Vessel Wall Shear Stress = 3.188836 ± 7.900404 dyn/cm2
Arteriole WSS = 0.000028 ± 0.000068 dyn/cm2
Capillary WSS = 12.210399 ± 11.351291 dyn/cm2
Venule WSS = 0.000025 ± 0.000063 dyn/cm2
Reynolds number = 0.000000 ± 0.000000
Vascular segment transit time = 35345508.893596 ± 74112870.132895 s
Setting build directory ...
Setting build directory ...
Directory does not exist. Creating folder ...
> Loading network...
Reading /home/vamshis/temp/reanimate_temp_04829334/reanimate.dat ...


---------------------------------------------
anon network derived from Amira Spatial Graph
---------------------------------------------

Importing network data ...
Tissue Dimensions (x,y,z) = 34810 um x 34738 um x 1114 um
nsol = 4
nnodbc = 2
No. of segments = 32203 
No. of nodes = 23795 
No. of boundary nodes = 2 

Analysing network edges ...
No. of edges = 24317 
Edge lengths = 258.684 ± 187.121 um
Edge diameters = 8.764 ± 12.095 um
Length / diameter ratio = 365.215 ± 631.513 um
> Setting stack size ...


-----------------
Blood Flow Module
-----------------

Cloning vascular network ...

Finding articulation points ...
No. of articulation points = 2 
% of total nodes = 0.008 

Finding dead ends ...
No. of dead end segments = 0 
% of total segments = 0 

Assigning rheological parameters ...

Simulating blood flow ...

Full boundary conditions detected -> Running full solver ...
Computing conductance matrix, M ...
Computing K matrix ...
Assigning boundary conditions ...
Solving linear system ...


----------------------- Analysing vascular flow -----------------------

Assigning rheological parameters ...
Blood pressure = 36.077011 ± 13.752961 mmHg
Arteriole pressure = 51.999995 ± 0.000003 mmHg
Capillary pressure = 36.000000 ± 0.000002 mmHg
Venule pressure = 20.000004 ± 0.000003 mmHg
Blood flow = 0.000009 ± 0.000058 nl/min
Arteriole flow = 0.000012 ± 0.000072 nl/min
Capillary flow = 0.000000 ± 0.000000 nl/min
Venule flow = 0.000011 ± 0.000061 nl/min
Blood velocity = 0.000045 ± 0.000111 mm/s
Arteriole velocity = 0.000000 ± 0.000000 mm/s
Capillary velocity = 0.000171 ± 0.000159 mm/s
Venule velocity = 0.000000 ± 0.000000 mm/s
Vessel Wall Shear Stress = 3.188836 ± 7.900404 dyn/cm2
Arteriole WSS = 0.000028 ± 0.000068 dyn/cm2
Capillary WSS = 12.210399 ± 11.351291 dyn/cm2
Venule WSS = 0.000025 ± 0.000063 dyn/cm2
Reynolds number = 0.000000 ± 0.000000
Vascular segment transit time = 35345506.717725 ± 74112865.717168 s
Setting build directory ...
Setting build directory ...
Directory does not exist. Creating folder ...
> Loading network...
Reading /home/vamshis/temp/reanimate_temp_08639575/reanimate.dat ...


---------------------------------------------
anon network derived from Amira Spatial Graph
---------------------------------------------

Importing network data ...
Tissue Dimensions (x,y,z) = 34810 um x 34738 um x 1138 um
nsol = 4
nnodbc = 2
No. of segments = 32273 
No. of nodes = 23871 
No. of boundary nodes = 2 

Analysing network edges ...
No. of edges = 24281 
Edge lengths = 258.825 ± 187.940 um
Edge diameters = 8.203 ± 11.228 um
Length / diameter ratio = 364.131 ± 620.697 um
> Setting stack size ...


-----------------
Blood Flow Module
-----------------

Cloning vascular network ...

Finding articulation points ...
No. of articulation points = 2 
% of total nodes = 0.008 

Finding dead ends ...
No. of dead end segments = 0 
% of total segments = 0 

Assigning rheological parameters ...

Simulating blood flow ...

Full boundary conditions detected -> Running full solver ...
Computing conductance matrix, M ...
Computing K matrix ...
Assigning boundary conditions ...
Solving linear system ...


----------------------- Analysing vascular flow -----------------------

Assigning rheological parameters ...
Blood pressure = 36.197811 ± 13.758754 mmHg
Arteriole pressure = 51.999992 ± 0.000004 mmHg
Capillary pressure = 35.999998 ± 0.000002 mmHg
Venule pressure = 20.000005 ± 0.000003 mmHg
Blood flow = 0.000009 ± 0.000060 nl/min
Arteriole flow = 0.000012 ± 0.000070 nl/min
Capillary flow = 0.000000 ± 0.000000 nl/min
Venule flow = 0.000013 ± 0.000069 nl/min
Blood velocity = 0.000045 ± 0.000110 mm/s
Arteriole velocity = 0.000001 ± 0.000001 mm/s
Capillary velocity = 0.000172 ± 0.000158 mm/s
Venule velocity = 0.000000 ± 0.000000 mm/s
Vessel Wall Shear Stress = 3.186837 ± 7.861566 dyn/cm2
Arteriole WSS = 0.000041 ± 0.000107 dyn/cm2
Capillary WSS = 12.237980 ± 11.250804 dyn/cm2
Venule WSS = 0.000027 ± 0.000075 dyn/cm2
Reynolds number = 0.000000 ± 0.000000
Vascular segment transit time = 31462622.883483 ± 66919264.449222 s
Setting build directory ...
Setting build directory ...
Directory does not exist. Creating folder ...
> Loading network...
Reading /home/vamshis/temp/reanimate_temp_03875750/reanimate.dat ...


---------------------------------------------
anon network derived from Amira Spatial Graph
---------------------------------------------

Importing network data ...
Tissue Dimensions (x,y,z) = 34810 um x 34738 um x 1138 um
nsol = 4
nnodbc = 2
No. of segments = 32273 
No. of nodes = 23871 
No. of boundary nodes = 2 

Analysing network edges ...
No. of edges = 24281 
Edge lengths = 258.825 ± 187.940 um
Edge diameters = 8.203 ± 11.228 um
Length / diameter ratio = 364.131 ± 620.697 um
> Setting stack size ...


-----------------
Blood Flow Module
-----------------

Cloning vascular network ...

Finding articulation points ...
No. of articulation points = 2 
% of total nodes = 0.008 

Finding dead ends ...
No. of dead end segments = 0 
% of total segments = 0 

Assigning rheological parameters ...

Simulating blood flow ...

Full boundary conditions detected -> Running full solver ...
Computing conductance matrix, M ...
Computing K matrix ...
Assigning boundary conditions ...
Solving linear system ...


----------------------- Analysing vascular flow -----------------------

Assigning rheological parameters ...
Blood pressure = 36.197811 ± 13.758754 mmHg
Arteriole pressure = 51.999992 ± 0.000004 mmHg
Capillary pressure = 35.999998 ± 0.000002 mmHg
Venule pressure = 20.000005 ± 0.000003 mmHg
Blood flow = 0.000009 ± 0.000060 nl/min
Arteriole flow = 0.000012 ± 0.000070 nl/min
Capillary flow = 0.000000 ± 0.000000 nl/min
Venule flow = 0.000013 ± 0.000069 nl/min
Blood velocity = 0.000045 ± 0.000110 mm/s
Arteriole velocity = 0.000001 ± 0.000001 mm/s
Capillary velocity = 0.000172 ± 0.000158 mm/s
Venule velocity = 0.000000 ± 0.000000 mm/s
Vessel Wall Shear Stress = 3.186838 ± 7.861566 dyn/cm2
Arteriole WSS = 0.000041 ± 0.000107 dyn/cm2
Capillary WSS = 12.237980 ± 11.250805 dyn/cm2
Venule WSS = 0.000027 ± 0.000075 dyn/cm2
Reynolds number = 0.000000 ± 0.000000
Vascular segment transit time = 31462620.611594 ± 66919260.087623 s
Setting build directory ...
Setting build directory ...
Directory does not exist. Creating folder ...
> Loading network...
Reading /home/vamshis/temp/reanimate_temp_09846747/reanimate.dat ...


---------------------------------------------
anon network derived from Amira Spatial Graph
---------------------------------------------

Importing network data ...
Tissue Dimensions (x,y,z) = 34810 um x 34738 um x 1155 um
nsol = 4
nnodbc = 2
No. of segments = 32114 
No. of nodes = 23738 
No. of boundary nodes = 2 

Analysing network edges ...
No. of edges = 24230 
Edge lengths = 258.994 ± 187.703 um
Edge diameters = 10.103 ± 13.952 um
Length / diameter ratio = 359.719 ± 628.449 um
> Setting stack size ...


-----------------
Blood Flow Module
-----------------

Cloning vascular network ...

Finding articulation points ...
No. of articulation points = 2 
% of total nodes = 0.008 

Finding dead ends ...
No. of dead end segments = 0 
% of total segments = 0 

Assigning rheological parameters ...

Simulating blood flow ...

Full boundary conditions detected -> Running full solver ...
Computing conductance matrix, M ...
Computing K matrix ...
Assigning boundary conditions ...
Solving linear system ...


----------------------- Analysing vascular flow -----------------------

Assigning rheological parameters ...
Blood pressure = 36.249111 ± 13.753461 mmHg
Arteriole pressure = 51.999996 ± 0.000002 mmHg
Capillary pressure = 35.999998 ± 0.000001 mmHg
Venule pressure = 20.000001 ± 0.000001 mmHg
Blood flow = 0.000009 ± 0.000055 nl/min
Arteriole flow = 0.000011 ± 0.000064 nl/min
Capillary flow = 0.000000 ± 0.000000 nl/min
Venule flow = 0.000012 ± 0.000063 nl/min
Blood velocity = 0.000045 ± 0.000104 mm/s
Arteriole velocity = 0.000000 ± 0.000000 mm/s
Capillary velocity = 0.000170 ± 0.000143 mm/s
Venule velocity = 0.000000 ± 0.000000 mm/s
Vessel Wall Shear Stress = 3.161365 ± 7.435803 dyn/cm2
Arteriole WSS = 0.000026 ± 0.000061 dyn/cm2
Capillary WSS = 12.117883 ± 10.169086 dyn/cm2
Venule WSS = 0.000010 ± 0.000020 dyn/cm2
Reynolds number = 0.000000 ± 0.000000
Vascular segment transit time = 48806477.079582 ± 108053072.482496 s
Setting build directory ...
Setting build directory ...
Directory does not exist. Creating folder ...
> Loading network...
Reading /home/vamshis/temp/reanimate_temp_06963472/reanimate.dat ...


---------------------------------------------
anon network derived from Amira Spatial Graph
---------------------------------------------

Importing network data ...
Tissue Dimensions (x,y,z) = 34810 um x 34738 um x 1155 um
nsol = 4
nnodbc = 2
No. of segments = 32114 
No. of nodes = 23738 
No. of boundary nodes = 2 

Analysing network edges ...
No. of edges = 24230 
Edge lengths = 258.994 ± 187.703 um
Edge diameters = 10.103 ± 13.952 um
Length / diameter ratio = 359.719 ± 628.449 um
> Setting stack size ...


-----------------
Blood Flow Module
-----------------

Cloning vascular network ...

Finding articulation points ...
No. of articulation points = 2 
% of total nodes = 0.008 

Finding dead ends ...
No. of dead end segments = 0 
% of total segments = 0 

Assigning rheological parameters ...

Simulating blood flow ...

Full boundary conditions detected -> Running full solver ...
Computing conductance matrix, M ...
Computing K matrix ...
Assigning boundary conditions ...
Solving linear system ...


----------------------- Analysing vascular flow -----------------------

Assigning rheological parameters ...
Blood pressure = 36.249111 ± 13.753461 mmHg
Arteriole pressure = 51.999996 ± 0.000002 mmHg
Capillary pressure = 35.999998 ± 0.000001 mmHg
Venule pressure = 20.000001 ± 0.000001 mmHg
Blood flow = 0.000009 ± 0.000055 nl/min
Arteriole flow = 0.000011 ± 0.000064 nl/min
Capillary flow = 0.000000 ± 0.000000 nl/min
Venule flow = 0.000012 ± 0.000063 nl/min
Blood velocity = 0.000045 ± 0.000104 mm/s
Arteriole velocity = 0.000000 ± 0.000000 mm/s
Capillary velocity = 0.000170 ± 0.000143 mm/s
Venule velocity = 0.000000 ± 0.000000 mm/s
Vessel Wall Shear Stress = 3.161365 ± 7.435803 dyn/cm2
Arteriole WSS = 0.000026 ± 0.000061 dyn/cm2
Capillary WSS = 12.117883 ± 10.169086 dyn/cm2
Venule WSS = 0.000010 ± 0.000020 dyn/cm2
Reynolds number = 0.000000 ± 0.000000
Vascular segment transit time = 48806473.924677 ± 108053064.508197 s
Setting build directory ...
Setting build directory ...
Directory does not exist. Creating folder ...
> Loading network...
Reading /home/vamshis/temp/reanimate_temp_08070337/reanimate.dat ...


---------------------------------------------
anon network derived from Amira Spatial Graph
---------------------------------------------

Importing network data ...
Tissue Dimensions (x,y,z) = 34810 um x 34738 um x 1101 um
nsol = 4
nnodbc = 2
No. of segments = 32044 
No. of nodes = 23656 
No. of boundary nodes = 2 

Analysing network edges ...
No. of edges = 24281 
Edge lengths = 257.655 ± 187.696 um
Edge diameters = 7.115 ± 10.066 um
Length / diameter ratio = 367.254 ± 620.892 um
> Setting stack size ...


-----------------
Blood Flow Module
-----------------

Cloning vascular network ...

Finding articulation points ...
No. of articulation points = 2 
% of total nodes = 0.008 

Finding dead ends ...
No. of dead end segments = 0 
% of total segments = 0 

Assigning rheological parameters ...

Simulating blood flow ...

Full boundary conditions detected -> Running full solver ...
Computing conductance matrix, M ...
Computing K matrix ...
Assigning boundary conditions ...
Solving linear system ...


----------------------- Analysing vascular flow -----------------------

Assigning rheological parameters ...
Blood pressure = 36.246646 ± 13.744701 mmHg
Arteriole pressure = 51.999970 ± 0.000019 mmHg
Capillary pressure = 35.999979 ± 0.000014 mmHg
Venule pressure = 20.000005 ± 0.000003 mmHg
Blood flow = 0.000009 ± 0.000056 nl/min
Arteriole flow = 0.000012 ± 0.000064 nl/min
Capillary flow = 0.000000 ± 0.000000 nl/min
Venule flow = 0.000012 ± 0.000065 nl/min
Blood velocity = 0.000046 ± 0.000111 mm/s
Arteriole velocity = 0.000001 ± 0.000001 mm/s
Capillary velocity = 0.000172 ± 0.000160 mm/s
Venule velocity = 0.000000 ± 0.000000 mm/s
Vessel Wall Shear Stress = 3.219630 ± 7.963906 dyn/cm2
Arteriole WSS = 0.000139 ± 0.000479 dyn/cm2
Capillary WSS = 12.296524 ± 11.429332 dyn/cm2
Venule WSS = 0.000028 ± 0.000059 dyn/cm2
Reynolds number = 0.000000 ± 0.000000
Vascular segment transit time = 24711672.401681 ± 62165271.399740 s
Setting build directory ...
Setting build directory ...
Directory does not exist. Creating folder ...
> Loading network...
Reading /home/vamshis/temp/reanimate_temp_06485508/reanimate.dat ...


---------------------------------------------
anon network derived from Amira Spatial Graph
---------------------------------------------

Importing network data ...
Tissue Dimensions (x,y,z) = 34810 um x 34738 um x 1101 um
nsol = 4
nnodbc = 2
No. of segments = 32044 
No. of nodes = 23656 
No. of boundary nodes = 2 

Analysing network edges ...
No. of edges = 24281 
Edge lengths = 257.655 ± 187.696 um
Edge diameters = 7.115 ± 10.066 um
Length / diameter ratio = 367.254 ± 620.892 um
> Setting stack size ...


-----------------
Blood Flow Module
-----------------

Cloning vascular network ...

Finding articulation points ...
No. of articulation points = 2 
% of total nodes = 0.008 

Finding dead ends ...
No. of dead end segments = 0 
% of total segments = 0 

Assigning rheological parameters ...

Simulating blood flow ...

Full boundary conditions detected -> Running full solver ...
Computing conductance matrix, M ...
Computing K matrix ...
Assigning boundary conditions ...
Solving linear system ...


----------------------- Analysing vascular flow -----------------------

Assigning rheological parameters ...
Blood pressure = 36.246646 ± 13.744701 mmHg
Arteriole pressure = 51.999970 ± 0.000019 mmHg
Capillary pressure = 35.999979 ± 0.000014 mmHg
Venule pressure = 20.000005 ± 0.000003 mmHg
Blood flow = 0.000009 ± 0.000056 nl/min
Arteriole flow = 0.000012 ± 0.000064 nl/min
Capillary flow = 0.000000 ± 0.000000 nl/min
Venule flow = 0.000012 ± 0.000065 nl/min
Blood velocity = 0.000046 ± 0.000111 mm/s
Arteriole velocity = 0.000001 ± 0.000001 mm/s
Capillary velocity = 0.000172 ± 0.000160 mm/s
Venule velocity = 0.000000 ± 0.000000 mm/s
Vessel Wall Shear Stress = 3.219630 ± 7.963906 dyn/cm2
Arteriole WSS = 0.000139 ± 0.000479 dyn/cm2
Capillary WSS = 12.296524 ± 11.429332 dyn/cm2
Venule WSS = 0.000028 ± 0.000059 dyn/cm2
Reynolds number = 0.000000 ± 0.000000
Vascular segment transit time = 24711670.792314 ± 62165269.631825 s
Setting build directory ...
Setting build directory ...
Directory does not exist. Creating folder ...
> Loading network...
Reading /home/vamshis/temp/reanimate_temp_01189792/reanimate.dat ...


---------------------------------------------
anon network derived from Amira Spatial Graph
---------------------------------------------

Importing network data ...
Tissue Dimensions (x,y,z) = 34810 um x 34738 um x 1114 um
nsol = 4
nnodbc = 2
No. of segments = 32322 
No. of nodes = 23909 
No. of boundary nodes = 2 

Analysing network edges ...
No. of edges = 24325 
Edge lengths = 258.299 ± 185.054 um
Edge diameters = 8.830 ± 12.307 um
Length / diameter ratio = 363.176 ± 627.773 um
> Setting stack size ...


-----------------
Blood Flow Module
-----------------

Cloning vascular network ...

Finding articulation points ...
No. of articulation points = 2 
% of total nodes = 0.008 

Finding dead ends ...
No. of dead end segments = 0 
% of total segments = 0 

Assigning rheological parameters ...

Simulating blood flow ...

Full boundary conditions detected -> Running full solver ...
Computing conductance matrix, M ...
Computing K matrix ...
Assigning boundary conditions ...
Solving linear system ...


----------------------- Analysing vascular flow -----------------------

Assigning rheological parameters ...
Blood pressure = 36.086630 ± 13.760411 mmHg
Arteriole pressure = 51.999996 ± 0.000002 mmHg
Capillary pressure = 36.000002 ± 0.000002 mmHg
Venule pressure = 20.000006 ± 0.000004 mmHg
Blood flow = 0.000009 ± 0.000060 nl/min
Arteriole flow = 0.000012 ± 0.000066 nl/min
Capillary flow = 0.000000 ± 0.000000 nl/min
Venule flow = 0.000013 ± 0.000073 nl/min
Blood velocity = 0.000045 ± 0.000112 mm/s
Arteriole velocity = 0.000000 ± 0.000000 mm/s
Capillary velocity = 0.000173 ± 0.000161 mm/s
Venule velocity = 0.000000 ± 0.000000 mm/s
Vessel Wall Shear Stress = 3.205185 ± 7.975464 dyn/cm2
Arteriole WSS = 0.000021 ± 0.000044 dyn/cm2
Capillary WSS = 12.311035 ± 11.498880 dyn/cm2
Venule WSS = 0.000031 ± 0.000066 dyn/cm2
Reynolds number = 0.000000 ± 0.000000
Vascular segment transit time = 34875201.099641 ± 69114918.012569 s
Setting build directory ...
Setting build directory ...
Directory does not exist. Creating folder ...
> Loading network...
Reading /home/vamshis/temp/reanimate_temp_02260711/reanimate.dat ...


---------------------------------------------
anon network derived from Amira Spatial Graph
---------------------------------------------

Importing network data ...
Tissue Dimensions (x,y,z) = 34810 um x 34738 um x 1114 um
nsol = 4
nnodbc = 2
No. of segments = 32322 
No. of nodes = 23909 
No. of boundary nodes = 2 

Analysing network edges ...
No. of edges = 24325 
Edge lengths = 258.299 ± 185.054 um
Edge diameters = 8.830 ± 12.307 um
Length / diameter ratio = 363.176 ± 627.773 um
> Setting stack size ...


-----------------
Blood Flow Module
-----------------

Cloning vascular network ...

Finding articulation points ...
No. of articulation points = 2 
% of total nodes = 0.008 

Finding dead ends ...
No. of dead end segments = 0 
% of total segments = 0 

Assigning rheological parameters ...

Simulating blood flow ...

Full boundary conditions detected -> Running full solver ...
Computing conductance matrix, M ...
Computing K matrix ...
Assigning boundary conditions ...
Solving linear system ...


----------------------- Analysing vascular flow -----------------------

Assigning rheological parameters ...
Blood pressure = 36.086630 ± 13.760411 mmHg
Arteriole pressure = 51.999996 ± 0.000002 mmHg
Capillary pressure = 36.000002 ± 0.000002 mmHg
Venule pressure = 20.000006 ± 0.000004 mmHg
Blood flow = 0.000009 ± 0.000060 nl/min
Arteriole flow = 0.000012 ± 0.000066 nl/min
Capillary flow = 0.000000 ± 0.000000 nl/min
Venule flow = 0.000013 ± 0.000073 nl/min
Blood velocity = 0.000045 ± 0.000112 mm/s
Arteriole velocity = 0.000000 ± 0.000000 mm/s
Capillary velocity = 0.000173 ± 0.000161 mm/s
Venule velocity = 0.000000 ± 0.000000 mm/s
Vessel Wall Shear Stress = 3.205185 ± 7.975464 dyn/cm2
Arteriole WSS = 0.000021 ± 0.000044 dyn/cm2
Capillary WSS = 12.311035 ± 11.498880 dyn/cm2
Venule WSS = 0.000031 ± 0.000066 dyn/cm2
Reynolds number = 0.000000 ± 0.000000
Vascular segment transit time = 34875198.365777 ± 69114913.504619 s
Setting build directory ...
Setting build directory ...
Directory does not exist. Creating folder ...
> Loading network...
Reading /home/vamshis/temp/reanimate_temp_00020369/reanimate.dat ...


---------------------------------------------
anon network derived from Amira Spatial Graph
---------------------------------------------

Importing network data ...
Tissue Dimensions (x,y,z) = 34810 um x 34738 um x 1190 um
nsol = 4
nnodbc = 2
No. of segments = 32260 
No. of nodes = 23916 
No. of boundary nodes = 2 

Analysing network edges ...
No. of edges = 24155 
Edge lengths = 259.897 ± 189.105 um
Edge diameters = 9.042 ± 12.234 um
Length / diameter ratio = 362.355 ± 631.497 um
> Setting stack size ...


-----------------
Blood Flow Module
-----------------

Cloning vascular network ...

Finding articulation points ...
No. of articulation points = 2 
% of total nodes = 0.008 

Finding dead ends ...
No. of dead end segments = 0 
% of total segments = 0 

Assigning rheological parameters ...

Simulating blood flow ...

Full boundary conditions detected -> Running full solver ...
Computing conductance matrix, M ...
Computing K matrix ...
Assigning boundary conditions ...
Solving linear system ...


----------------------- Analysing vascular flow -----------------------

Assigning rheological parameters ...
Blood pressure = 36.051581 ± 13.775821 mmHg
Arteriole pressure = 51.999996 ± 0.000002 mmHg
Capillary pressure = 36.000000 ± 0.000001 mmHg
Venule pressure = 20.000004 ± 0.000003 mmHg
Blood flow = 0.000009 ± 0.000059 nl/min
Arteriole flow = 0.000012 ± 0.000067 nl/min
Capillary flow = 0.000000 ± 0.000000 nl/min
Venule flow = 0.000012 ± 0.000069 nl/min
Blood velocity = 0.000045 ± 0.000111 mm/s
Arteriole velocity = 0.000000 ± 0.000000 mm/s
Capillary velocity = 0.000172 ± 0.000161 mm/s
Venule velocity = 0.000000 ± 0.000000 mm/s
Vessel Wall Shear Stress = 3.175496 ± 7.928053 dyn/cm2
Arteriole WSS = 0.000024 ± 0.000061 dyn/cm2
Capillary WSS = 12.274257 ± 11.457711 dyn/cm2
Venule WSS = 0.000023 ± 0.000051 dyn/cm2
Reynolds number = 0.000000 ± 0.000000
Vascular segment transit time = 38378072.606344 ± 81181343.519309 s
Setting build directory ...
Setting build directory ...
Directory does not exist. Creating folder ...
> Loading network...
Reading /home/vamshis/temp/reanimate_temp_02504529/reanimate.dat ...


---------------------------------------------
anon network derived from Amira Spatial Graph
---------------------------------------------

Importing network data ...
Tissue Dimensions (x,y,z) = 34810 um x 34738 um x 1190 um
nsol = 4
nnodbc = 2
No. of segments = 32260 
No. of nodes = 23916 
No. of boundary nodes = 2 

Analysing network edges ...
No. of edges = 24155 
Edge lengths = 259.897 ± 189.105 um
Edge diameters = 9.042 ± 12.234 um
Length / diameter ratio = 362.355 ± 631.497 um
> Setting stack size ...


-----------------
Blood Flow Module
-----------------

Cloning vascular network ...

Finding articulation points ...
No. of articulation points = 2 
% of total nodes = 0.008 

Finding dead ends ...
No. of dead end segments = 0 
% of total segments = 0 

Assigning rheological parameters ...

Simulating blood flow ...

Full boundary conditions detected -> Running full solver ...
Computing conductance matrix, M ...
Computing K matrix ...
Assigning boundary conditions ...
Solving linear system ...


----------------------- Analysing vascular flow -----------------------

Assigning rheological parameters ...
Blood pressure = 36.051581 ± 13.775821 mmHg
Arteriole pressure = 51.999996 ± 0.000002 mmHg
Capillary pressure = 36.000000 ± 0.000001 mmHg
Venule pressure = 20.000004 ± 0.000003 mmHg
Blood flow = 0.000009 ± 0.000059 nl/min
Arteriole flow = 0.000012 ± 0.000067 nl/min
Capillary flow = 0.000000 ± 0.000000 nl/min
Venule flow = 0.000012 ± 0.000069 nl/min
Blood velocity = 0.000045 ± 0.000111 mm/s
Arteriole velocity = 0.000000 ± 0.000000 mm/s
Capillary velocity = 0.000172 ± 0.000161 mm/s
Venule velocity = 0.000000 ± 0.000000 mm/s
Vessel Wall Shear Stress = 3.175496 ± 7.928054 dyn/cm2
Arteriole WSS = 0.000024 ± 0.000061 dyn/cm2
Capillary WSS = 12.274257 ± 11.457711 dyn/cm2
Venule WSS = 0.000023 ± 0.000051 dyn/cm2
Reynolds number = 0.000000 ± 0.000000
Vascular segment transit time = 38378070.197133 ± 81181337.140759 s
Setting build directory ...
Setting build directory ...
Directory does not exist. Creating folder ...
> Loading network...
Reading /home/vamshis/temp/reanimate_temp_09817955/reanimate.dat ...


---------------------------------------------
anon network derived from Amira Spatial Graph
---------------------------------------------

Importing network data ...
Tissue Dimensions (x,y,z) = 34810 um x 34738 um x 1108 um
nsol = 4
nnodbc = 2
No. of segments = 32246 
No. of nodes = 23863 
No. of boundary nodes = 2 

Analysing network edges ...
No. of edges = 24254 
Edge lengths = 259.406 ± 187.168 um
Edge diameters = 8.680 ± 11.975 um
Length / diameter ratio = 365.440 ± 631.632 um
> Setting stack size ...


-----------------
Blood Flow Module
-----------------

Cloning vascular network ...

Finding articulation points ...
No. of articulation points = 2 
% of total nodes = 0.008 

Finding dead ends ...
No. of dead end segments = 0 
% of total segments = 0 

Assigning rheological parameters ...

Simulating blood flow ...

Full boundary conditions detected -> Running full solver ...
Computing conductance matrix, M ...
Computing K matrix ...
Assigning boundary conditions ...
Solving linear system ...


----------------------- Analysing vascular flow -----------------------

Assigning rheological parameters ...
Blood pressure = 36.202937 ± 13.762133 mmHg
Arteriole pressure = 51.999992 ± 0.000005 mmHg
Capillary pressure = 35.999996 ± 0.000003 mmHg
Venule pressure = 20.000003 ± 0.000002 mmHg
Blood flow = 0.000009 ± 0.000059 nl/min
Arteriole flow = 0.000012 ± 0.000067 nl/min
Capillary flow = 0.000000 ± 0.000000 nl/min
Venule flow = 0.000012 ± 0.000068 nl/min
Blood velocity = 0.000045 ± 0.000111 mm/s
Arteriole velocity = 0.000001 ± 0.000001 mm/s
Capillary velocity = 0.000171 ± 0.000161 mm/s
Venule velocity = 0.000000 ± 0.000000 mm/s
Vessel Wall Shear Stress = 3.170967 ± 7.920146 dyn/cm2
Arteriole WSS = 0.000042 ± 0.000100 dyn/cm2
Capillary WSS = 12.194428 ± 11.454557 dyn/cm2
Venule WSS = 0.000018 ± 0.000039 dyn/cm2
Reynolds number = 0.000000 ± 0.000000
Vascular segment transit time = 35161048.635546 ± 73208448.706237 s
Setting build directory ...
Setting build directory ...
Directory does not exist. Creating folder ...
> Loading network...
Reading /home/vamshis/temp/reanimate_temp_07237193/reanimate.dat ...


---------------------------------------------
anon network derived from Amira Spatial Graph
---------------------------------------------

Importing network data ...
Tissue Dimensions (x,y,z) = 34810 um x 34738 um x 1108 um
nsol = 4
nnodbc = 2
No. of segments = 32246 
No. of nodes = 23863 
No. of boundary nodes = 2 

Analysing network edges ...
No. of edges = 24254 
Edge lengths = 259.406 ± 187.168 um
Edge diameters = 8.680 ± 11.975 um
Length / diameter ratio = 365.440 ± 631.632 um
> Setting stack size ...


-----------------
Blood Flow Module
-----------------

Cloning vascular network ...

Finding articulation points ...
No. of articulation points = 2 
% of total nodes = 0.008 

Finding dead ends ...
No. of dead end segments = 0 
% of total segments = 0 

Assigning rheological parameters ...

Simulating blood flow ...

Full boundary conditions detected -> Running full solver ...
Computing conductance matrix, M ...
Computing K matrix ...
Assigning boundary conditions ...
Solving linear system ...


----------------------- Analysing vascular flow -----------------------

Assigning rheological parameters ...
Blood pressure = 36.202937 ± 13.762133 mmHg
Arteriole pressure = 51.999992 ± 0.000005 mmHg
Capillary pressure = 35.999996 ± 0.000003 mmHg
Venule pressure = 20.000003 ± 0.000002 mmHg
Blood flow = 0.000009 ± 0.000059 nl/min
Arteriole flow = 0.000012 ± 0.000067 nl/min
Capillary flow = 0.000000 ± 0.000000 nl/min
Venule flow = 0.000012 ± 0.000068 nl/min
Blood velocity = 0.000045 ± 0.000111 mm/s
Arteriole velocity = 0.000001 ± 0.000001 mm/s
Capillary velocity = 0.000171 ± 0.000161 mm/s
Venule velocity = 0.000000 ± 0.000000 mm/s
Vessel Wall Shear Stress = 3.170967 ± 7.920146 dyn/cm2
Arteriole WSS = 0.000042 ± 0.000100 dyn/cm2
Capillary WSS = 12.194428 ± 11.454557 dyn/cm2
Venule WSS = 0.000018 ± 0.000039 dyn/cm2
Reynolds number = 0.000000 ± 0.000000
Vascular segment transit time = 35161046.291809 ± 73208444.027116 s
Setting build directory ...
Setting build directory ...
Directory does not exist. Creating folder ...
> Loading network...
Reading /home/vamshis/temp/reanimate_temp_05262146/reanimate.dat ...


---------------------------------------------
anon network derived from Amira Spatial Graph
---------------------------------------------

Importing network data ...
Tissue Dimensions (x,y,z) = 34810 um x 34738 um x 1130 um
nsol = 4
nnodbc = 2
No. of segments = 32064 
No. of nodes = 23723 
No. of boundary nodes = 2 

Analysing network edges ...
No. of edges = 24133 
Edge lengths = 260.795 ± 190.353 um
Edge diameters = 8.391 ± 11.481 um
Length / diameter ratio = 365.975 ± 632.108 um
> Setting stack size ...


-----------------
Blood Flow Module
-----------------

Cloning vascular network ...

Finding articulation points ...
No. of articulation points = 2 
% of total nodes = 0.008 

Finding dead ends ...
No. of dead end segments = 0 
% of total segments = 0 

Assigning rheological parameters ...

Simulating blood flow ...

Full boundary conditions detected -> Running full solver ...
Computing conductance matrix, M ...
Computing K matrix ...
Assigning boundary conditions ...
Solving linear system ...


----------------------- Analysing vascular flow -----------------------

Assigning rheological parameters ...
Blood pressure = 36.025450 ± 13.762062 mmHg
Arteriole pressure = 51.999995 ± 0.000003 mmHg
Capillary pressure = 36.000001 ± 0.000002 mmHg
Venule pressure = 20.000007 ± 0.000004 mmHg
Blood flow = 0.000009 ± 0.000061 nl/min
Arteriole flow = 0.000013 ± 0.000075 nl/min
Capillary flow = 0.000000 ± 0.000000 nl/min
Venule flow = 0.000012 ± 0.000066 nl/min
Blood velocity = 0.000045 ± 0.000110 mm/s
Arteriole velocity = 0.000000 ± 0.000000 mm/s
Capillary velocity = 0.000171 ± 0.000159 mm/s
Venule velocity = 0.000000 ± 0.000000 mm/s
Vessel Wall Shear Stress = 3.171993 ± 7.891277 dyn/cm2
Arteriole WSS = 0.000027 ± 0.000058 dyn/cm2
Capillary WSS = 12.190587 ± 11.375081 dyn/cm2
Venule WSS = 0.000033 ± 0.000079 dyn/cm2
Reynolds number = 0.000000 ± 0.000000
Vascular segment transit time = 32500694.753667 ± 65104890.478186 s
Setting build directory ...
Setting build directory ...
Directory does not exist. Creating folder ...
> Loading network...
Reading /home/vamshis/temp/reanimate_temp_01803358/reanimate.dat ...


---------------------------------------------
anon network derived from Amira Spatial Graph
---------------------------------------------

Importing network data ...
Tissue Dimensions (x,y,z) = 34810 um x 34738 um x 1130 um
nsol = 4
nnodbc = 2
No. of segments = 32064 
No. of nodes = 23723 
No. of boundary nodes = 2 

Analysing network edges ...
No. of edges = 24133 
Edge lengths = 260.795 ± 190.353 um
Edge diameters = 8.391 ± 11.481 um
Length / diameter ratio = 365.975 ± 632.108 um
> Setting stack size ...


-----------------
Blood Flow Module
-----------------

Cloning vascular network ...

Finding articulation points ...
No. of articulation points = 2 
% of total nodes = 0.008 

Finding dead ends ...
No. of dead end segments = 0 
% of total segments = 0 

Assigning rheological parameters ...

Simulating blood flow ...

Full boundary conditions detected -> Running full solver ...
Computing conductance matrix, M ...
Computing K matrix ...
Assigning boundary conditions ...
Solving linear system ...


----------------------- Analysing vascular flow -----------------------

Assigning rheological parameters ...
Blood pressure = 36.025450 ± 13.762062 mmHg
Arteriole pressure = 51.999995 ± 0.000003 mmHg
Capillary pressure = 36.000001 ± 0.000002 mmHg
Venule pressure = 20.000007 ± 0.000004 mmHg
Blood flow = 0.000009 ± 0.000061 nl/min
Arteriole flow = 0.000013 ± 0.000075 nl/min
Capillary flow = 0.000000 ± 0.000000 nl/min
Venule flow = 0.000012 ± 0.000066 nl/min
Blood velocity = 0.000045 ± 0.000110 mm/s
Arteriole velocity = 0.000000 ± 0.000000 mm/s
Capillary velocity = 0.000171 ± 0.000159 mm/s
Venule velocity = 0.000000 ± 0.000000 mm/s
Vessel Wall Shear Stress = 3.171993 ± 7.891277 dyn/cm2
Arteriole WSS = 0.000027 ± 0.000058 dyn/cm2
Capillary WSS = 12.190587 ± 11.375081 dyn/cm2
Venule WSS = 0.000033 ± 0.000079 dyn/cm2
Reynolds number = 0.000000 ± 0.000000
Vascular segment transit time = 32500692.512604 ± 65104886.211794 s
Setting build directory ...
Setting build directory ...
Directory does not exist. Creating folder ...
> Loading network...
Reading /home/vamshis/temp/reanimate_temp_08368066/reanimate.dat ...


---------------------------------------------
anon network derived from Amira Spatial Graph
---------------------------------------------

Importing network data ...
Tissue Dimensions (x,y,z) = 34810 um x 34738 um x 1134 um
nsol = 4
nnodbc = 2
No. of segments = 32257 
No. of nodes = 23864 
No. of boundary nodes = 2 

Analysing network edges ...
No. of edges = 24282 
Edge lengths = 257.073 ± 185.510 um
Edge diameters = 8.465 ± 11.395 um
Length / diameter ratio = 359.093 ± 617.055 um
> Setting stack size ...


-----------------
Blood Flow Module
-----------------

Cloning vascular network ...

Finding articulation points ...
No. of articulation points = 2 
% of total nodes = 0.008 

Finding dead ends ...
No. of dead end segments = 0 
% of total segments = 0 

Assigning rheological parameters ...

Simulating blood flow ...

Full boundary conditions detected -> Running full solver ...
Computing conductance matrix, M ...
Computing K matrix ...
Assigning boundary conditions ...
Solving linear system ...


----------------------- Analysing vascular flow -----------------------

Assigning rheological parameters ...
Blood pressure = 36.069441 ± 13.761395 mmHg
Arteriole pressure = 51.999994 ± 0.000004 mmHg
Capillary pressure = 35.999999 ± 0.000002 mmHg
Venule pressure = 20.000004 ± 0.000003 mmHg
Blood flow = 0.000009 ± 0.000061 nl/min
Arteriole flow = 0.000013 ± 0.000074 nl/min
Capillary flow = 0.000000 ± 0.000000 nl/min
Venule flow = 0.000012 ± 0.000066 nl/min
Blood velocity = 0.000046 ± 0.000113 mm/s
Arteriole velocity = 0.000000 ± 0.000000 mm/s
Capillary velocity = 0.000174 ± 0.000163 mm/s
Venule velocity = 0.000000 ± 0.000000 mm/s
Vessel Wall Shear Stress = 3.224439 ± 8.051541 dyn/cm2
Arteriole WSS = 0.000034 ± 0.000070 dyn/cm2
Capillary WSS = 12.389524 ± 11.642617 dyn/cm2
Venule WSS = 0.000024 ± 0.000047 dyn/cm2
Reynolds number = 0.000000 ± 0.000000
Vascular segment transit time = 32766209.873017 ± 69516558.967692 s
Setting build directory ...
Setting build directory ...
Directory does not exist. Creating folder ...
> Loading network...
Reading /home/vamshis/temp/reanimate_temp_09017533/reanimate.dat ...


---------------------------------------------
anon network derived from Amira Spatial Graph
---------------------------------------------

Importing network data ...
Tissue Dimensions (x,y,z) = 34810 um x 34738 um x 1134 um
nsol = 4
nnodbc = 2
No. of segments = 32257 
No. of nodes = 23864 
No. of boundary nodes = 2 

Analysing network edges ...
No. of edges = 24282 
Edge lengths = 257.073 ± 185.510 um
Edge diameters = 8.465 ± 11.395 um
Length / diameter ratio = 359.093 ± 617.055 um
> Setting stack size ...


-----------------
Blood Flow Module
-----------------

Cloning vascular network ...

Finding articulation points ...
No. of articulation points = 2 
% of total nodes = 0.008 

Finding dead ends ...
No. of dead end segments = 0 
% of total segments = 0 

Assigning rheological parameters ...

Simulating blood flow ...

Full boundary conditions detected -> Running full solver ...
Computing conductance matrix, M ...
Computing K matrix ...
Assigning boundary conditions ...
Solving linear system ...


----------------------- Analysing vascular flow -----------------------

Assigning rheological parameters ...
Blood pressure = 36.069441 ± 13.761395 mmHg
Arteriole pressure = 51.999994 ± 0.000004 mmHg
Capillary pressure = 35.999999 ± 0.000002 mmHg
Venule pressure = 20.000004 ± 0.000003 mmHg
Blood flow = 0.000009 ± 0.000061 nl/min
Arteriole flow = 0.000013 ± 0.000074 nl/min
Capillary flow = 0.000000 ± 0.000000 nl/min
Venule flow = 0.000012 ± 0.000066 nl/min
Blood velocity = 0.000046 ± 0.000113 mm/s
Arteriole velocity = 0.000000 ± 0.000000 mm/s
Capillary velocity = 0.000174 ± 0.000163 mm/s
Venule velocity = 0.000000 ± 0.000000 mm/s
Vessel Wall Shear Stress = 3.224439 ± 8.051541 dyn/cm2
Arteriole WSS = 0.000034 ± 0.000070 dyn/cm2
Capillary WSS = 12.389524 ± 11.642617 dyn/cm2
Venule WSS = 0.000024 ± 0.000047 dyn/cm2
Reynolds number = 0.000000 ± 0.000000
Vascular segment transit time = 32766207.585894 ± 69516554.476400 s
Setting build directory ...
Setting build directory ...
Directory does not exist. Creating folder ...
> Loading network...
Reading /home/vamshis/temp/reanimate_temp_06416446/reanimate.dat ...


---------------------------------------------
anon network derived from Amira Spatial Graph
---------------------------------------------

Importing network data ...
Tissue Dimensions (x,y,z) = 34810 um x 34738 um x 1128 um
nsol = 4
nnodbc = 2
No. of segments = 32206 
No. of nodes = 23811 
No. of boundary nodes = 2 

Analysing network edges ...
No. of edges = 24303 
Edge lengths = 260.177 ± 193.265 um
Edge diameters = 7.881 ± 10.550 um
Length / diameter ratio = 372.244 ± 643.842 um
> Setting stack size ...


-----------------
Blood Flow Module
-----------------

Cloning vascular network ...

Finding articulation points ...
No. of articulation points = 2 
% of total nodes = 0.008 

Finding dead ends ...
No. of dead end segments = 0 
% of total segments = 0 

Assigning rheological parameters ...

Simulating blood flow ...

Full boundary conditions detected -> Running full solver ...
Computing conductance matrix, M ...
Computing K matrix ...
Assigning boundary conditions ...
Solving linear system ...


----------------------- Analysing vascular flow -----------------------

Assigning rheological parameters ...
Blood pressure = 36.143575 ± 13.756409 mmHg
Arteriole pressure = 51.999992 ± 0.000004 mmHg
Capillary pressure = 35.999999 ± 0.000002 mmHg
Venule pressure = 20.000006 ± 0.000004 mmHg
Blood flow = 0.000009 ± 0.000056 nl/min
Arteriole flow = 0.000011 ± 0.000065 nl/min
Capillary flow = 0.000000 ± 0.000000 nl/min
Venule flow = 0.000012 ± 0.000065 nl/min
Blood velocity = 0.000045 ± 0.000109 mm/s
Arteriole velocity = 0.000001 ± 0.000000 mm/s
Capillary velocity = 0.000170 ± 0.000156 mm/s
Venule velocity = 0.000000 ± 0.000000 mm/s
Vessel Wall Shear Stress = 3.160732 ± 7.787614 dyn/cm2
Arteriole WSS = 0.000040 ± 0.000097 dyn/cm2
Capillary WSS = 12.122623 ± 11.134295 dyn/cm2
Venule WSS = 0.000034 ± 0.000085 dyn/cm2
Reynolds number = 0.000000 ± 0.000000
Vascular segment transit time = 29642961.992423 ± 61126916.868932 s
Setting build directory ...
Setting build directory ...
Directory does not exist. Creating folder ...
> Loading network...
Reading /home/vamshis/temp/reanimate_temp_05203149/reanimate.dat ...


---------------------------------------------
anon network derived from Amira Spatial Graph
---------------------------------------------

Importing network data ...
Tissue Dimensions (x,y,z) = 34810 um x 34738 um x 1128 um
nsol = 4
nnodbc = 2
No. of segments = 32206 
No. of nodes = 23811 
No. of boundary nodes = 2 

Analysing network edges ...
No. of edges = 24303 
Edge lengths = 260.177 ± 193.265 um
Edge diameters = 7.881 ± 10.550 um
Length / diameter ratio = 372.244 ± 643.842 um
> Setting stack size ...


-----------------
Blood Flow Module
-----------------

Cloning vascular network ...

Finding articulation points ...
No. of articulation points = 2 
% of total nodes = 0.008 

Finding dead ends ...
No. of dead end segments = 0 
% of total segments = 0 

Assigning rheological parameters ...

Simulating blood flow ...

Full boundary conditions detected -> Running full solver ...
Computing conductance matrix, M ...
Computing K matrix ...
Assigning boundary conditions ...
Solving linear system ...


----------------------- Analysing vascular flow -----------------------

Assigning rheological parameters ...
Blood pressure = 36.143575 ± 13.756409 mmHg
Arteriole pressure = 51.999992 ± 0.000004 mmHg
Capillary pressure = 35.999999 ± 0.000002 mmHg
Venule pressure = 20.000006 ± 0.000004 mmHg
Blood flow = 0.000009 ± 0.000056 nl/min
Arteriole flow = 0.000011 ± 0.000065 nl/min
Capillary flow = 0.000000 ± 0.000000 nl/min
Venule flow = 0.000012 ± 0.000065 nl/min
Blood velocity = 0.000045 ± 0.000109 mm/s
Arteriole velocity = 0.000001 ± 0.000000 mm/s
Capillary velocity = 0.000170 ± 0.000156 mm/s
Venule velocity = 0.000000 ± 0.000000 mm/s
Vessel Wall Shear Stress = 3.160732 ± 7.787614 dyn/cm2
Arteriole WSS = 0.000040 ± 0.000097 dyn/cm2
Capillary WSS = 12.122623 ± 11.134295 dyn/cm2
Venule WSS = 0.000034 ± 0.000085 dyn/cm2
Reynolds number = 0.000000 ± 0.000000
Vascular segment transit time = 29642960.105230 ± 61126912.881224 s
Setting build directory ...
Setting build directory ...
Directory does not exist. Creating folder ...
> Loading network...
Reading /home/vamshis/temp/reanimate_temp_09337006/reanimate.dat ...


---------------------------------------------
anon network derived from Amira Spatial Graph
---------------------------------------------

Importing network data ...
Tissue Dimensions (x,y,z) = 34810 um x 34738 um x 1124 um
nsol = 4
nnodbc = 2
No. of segments = 32258 
No. of nodes = 23835 
No. of boundary nodes = 2 

Analysing network edges ...
No. of edges = 24372 
Edge lengths = 259.701 ± 187.636 um
Edge diameters = 7.747 ± 11.006 um
Length / diameter ratio = 369.871 ± 635.767 um
> Setting stack size ...


-----------------
Blood Flow Module
-----------------

Cloning vascular network ...

Finding articulation points ...
No. of articulation points = 2 
% of total nodes = 0.008 

Finding dead ends ...
No. of dead end segments = 0 
% of total segments = 0 

Assigning rheological parameters ...

Simulating blood flow ...

Full boundary conditions detected -> Running full solver ...
Computing conductance matrix, M ...
Computing K matrix ...
Assigning boundary conditions ...
Solving linear system ...


----------------------- Analysing vascular flow -----------------------

Assigning rheological parameters ...
Blood pressure = 36.220711 ± 13.751215 mmHg
Arteriole pressure = 51.999980 ± 0.000012 mmHg
Capillary pressure = 35.999986 ± 0.000010 mmHg
Venule pressure = 20.000004 ± 0.000002 mmHg
Blood flow = 0.000009 ± 0.000059 nl/min
Arteriole flow = 0.000012 ± 0.000066 nl/min
Capillary flow = 0.000000 ± 0.000000 nl/min
Venule flow = 0.000012 ± 0.000070 nl/min
Blood velocity = 0.000045 ± 0.000111 mm/s
Arteriole velocity = 0.000001 ± 0.000001 mm/s
Capillary velocity = 0.000171 ± 0.000161 mm/s
Venule velocity = 0.000000 ± 0.000000 mm/s
Vessel Wall Shear Stress = 3.192831 ± 7.957199 dyn/cm2
Arteriole WSS = 0.000095 ± 0.000280 dyn/cm2
Capillary WSS = 12.224678 ± 11.490350 dyn/cm2
Venule WSS = 0.000022 ± 0.000047 dyn/cm2
Reynolds number = 0.000000 ± 0.000000
Vascular segment transit time = 28714307.296863 ± 67207048.734278 s
Setting build directory ...
Setting build directory ...
Directory does not exist. Creating folder ...
> Loading network...
Reading /home/vamshis/temp/reanimate_temp_04709457/reanimate.dat ...


---------------------------------------------
anon network derived from Amira Spatial Graph
---------------------------------------------

Importing network data ...
Tissue Dimensions (x,y,z) = 34810 um x 34738 um x 1124 um
nsol = 4
nnodbc = 2
No. of segments = 32258 
No. of nodes = 23835 
No. of boundary nodes = 2 

Analysing network edges ...
No. of edges = 24372 
Edge lengths = 259.701 ± 187.636 um
Edge diameters = 7.747 ± 11.006 um
Length / diameter ratio = 369.871 ± 635.767 um
> Setting stack size ...


-----------------
Blood Flow Module
-----------------

Cloning vascular network ...

Finding articulation points ...
No. of articulation points = 2 
% of total nodes = 0.008 

Finding dead ends ...
No. of dead end segments = 0 
% of total segments = 0 

Assigning rheological parameters ...

Simulating blood flow ...

Full boundary conditions detected -> Running full solver ...
Computing conductance matrix, M ...
Computing K matrix ...
Assigning boundary conditions ...
Solving linear system ...


----------------------- Analysing vascular flow -----------------------

Assigning rheological parameters ...
Blood pressure = 36.220711 ± 13.751215 mmHg
Arteriole pressure = 51.999980 ± 0.000012 mmHg
Capillary pressure = 35.999986 ± 0.000010 mmHg
Venule pressure = 20.000004 ± 0.000002 mmHg
Blood flow = 0.000009 ± 0.000059 nl/min
Arteriole flow = 0.000012 ± 0.000066 nl/min
Capillary flow = 0.000000 ± 0.000000 nl/min
Venule flow = 0.000012 ± 0.000070 nl/min
Blood velocity = 0.000045 ± 0.000111 mm/s
Arteriole velocity = 0.000001 ± 0.000001 mm/s
Capillary velocity = 0.000171 ± 0.000161 mm/s
Venule velocity = 0.000000 ± 0.000000 mm/s
Vessel Wall Shear Stress = 3.192831 ± 7.957199 dyn/cm2
Arteriole WSS = 0.000095 ± 0.000280 dyn/cm2
Capillary WSS = 12.224679 ± 11.490350 dyn/cm2
Venule WSS = 0.000022 ± 0.000047 dyn/cm2
Reynolds number = 0.000000 ± 0.000000
Vascular segment transit time = 28714305.531158 ± 67207044.656085 s
