==========================================
SLURM_CLUSTER_NAME = paramprabha
SLURM_JOB_ACCOUNT = cdac
SLURM_JOB_ID = 188069
SLURM_JOB_NAME = RETINASIM-HPC
SLURM_JOB_NODELIST = rpcn[339-358]
SLURM_JOB_USER = vamshis
SLURM_JOB_UID = 52008
SLURM_JOB_PARTITION = standard
SLURM_TASK_PID = 1089163
SLURM_SUBMIT_DIR = /home/vamshis/miniconda3/envs/retina/lib/python3.8/site-packages/retinasim
SLURM_CPUS_ON_NODE = 1
SLURM_NTASKS = 20
SLURM_TASK_PID = 1089163
==========================================
Setting build directory ...
Setting build directory ...
Directory does not exist. Creating folder ...
> Loading network...
Reading /home/vamshis/temp/reanimate_temp_03613317/reanimate.dat ...


---------------------------------------------
anon network derived from Amira Spatial Graph
---------------------------------------------

Importing network data ...
Tissue Dimensions (x,y,z) = 34810 um x 34738 um x 1127 um
nsol = 4
nnodbc = 2
No. of segments = 32010 
No. of nodes = 23576 
No. of boundary nodes = 2 

Analysing network edges ...
No. of edges = 24384 
Edge lengths = 257.182 ± 185.172 um
Edge diameters = 8.057 ± 11.017 um
Length / diameter ratio = 363.008 ± 617.688 um
> Setting stack size ...


-----------------
Blood Flow Module
-----------------

Cloning vascular network ...

Finding articulation points ...
No. of articulation points = 2 
% of total nodes = 0.008 

Finding dead ends ...
No. of dead end segments = 0 
% of total segments = 0 

Assigning rheological parameters ...

Simulating blood flow ...

Full boundary conditions detected -> Running full solver ...
Computing conductance matrix, M ...
Computing K matrix ...
Assigning boundary conditions ...
Solving linear system ...


----------------------- Analysing vascular flow -----------------------

Assigning rheological parameters ...
Blood pressure = 36.072982 ± 13.730749 mmHg
Arteriole pressure = 51.999996 ± 0.000002 mmHg
Capillary pressure = 36.000006 ± 0.000004 mmHg
Venule pressure = 20.000011 ± 0.000006 mmHg
Blood flow = 0.000008 ± 0.000054 nl/min
Arteriole flow = 0.000011 ± 0.000063 nl/min
Capillary flow = 0.000000 ± 0.000000 nl/min
Venule flow = 0.000012 ± 0.000062 nl/min
Blood velocity = 0.000045 ± 0.000107 mm/s
Arteriole velocity = 0.000000 ± 0.000000 mm/s
Capillary velocity = 0.000171 ± 0.000148 mm/s
Venule velocity = 0.000001 ± 0.000001 mm/s
Vessel Wall Shear Stress = 3.215525 ± 7.621747 dyn/cm2
Arteriole WSS = 0.000022 ± 0.000037 dyn/cm2
Capillary WSS = 12.201051 ± 10.526034 dyn/cm2
Venule WSS = 0.000054 ± 0.000117 dyn/cm2
Reynolds number = 0.000000 ± 0.000000
Vascular segment transit time = 29851285.980801 ± 58625178.774656 s
Setting build directory ...
Setting build directory ...
Directory does not exist. Creating folder ...
> Loading network...
Reading /home/vamshis/temp/reanimate_temp_00456294/reanimate.dat ...


---------------------------------------------
anon network derived from Amira Spatial Graph
---------------------------------------------

Importing network data ...
Tissue Dimensions (x,y,z) = 34810 um x 34738 um x 1130 um
nsol = 4
nnodbc = 2
No. of segments = 32096 
No. of nodes = 23708 
No. of boundary nodes = 2 

Analysing network edges ...
No. of edges = 24252 
Edge lengths = 258.631 ± 186.851 um
Edge diameters = 9.315 ± 12.631 um
Length / diameter ratio = 361.295 ± 629.053 um
> Setting stack size ...


-----------------
Blood Flow Module
-----------------

Cloning vascular network ...

Finding articulation points ...
No. of articulation points = 2 
% of total nodes = 0.008 

Finding dead ends ...
No. of dead end segments = 0 
% of total segments = 0 

Assigning rheological parameters ...

Simulating blood flow ...

Full boundary conditions detected -> Running full solver ...
Computing conductance matrix, M ...
Computing K matrix ...
Assigning boundary conditions ...
Solving linear system ...


----------------------- Analysing vascular flow -----------------------

Assigning rheological parameters ...
Blood pressure = 36.120637 ± 13.750346 mmHg
Arteriole pressure = 51.999995 ± 0.000003 mmHg
Capillary pressure = 35.999999 ± 0.000002 mmHg
Venule pressure = 20.000003 ± 0.000001 mmHg
Blood flow = 0.000009 ± 0.000056 nl/min
Arteriole flow = 0.000012 ± 0.000064 nl/min
Capillary flow = 0.000000 ± 0.000000 nl/min
Venule flow = 0.000012 ± 0.000065 nl/min
Blood velocity = 0.000045 ± 0.000106 mm/s
Arteriole velocity = 0.000000 ± 0.000000 mm/s
Capillary velocity = 0.000170 ± 0.000147 mm/s
Venule velocity = 0.000000 ± 0.000000 mm/s
Vessel Wall Shear Stress = 3.169130 ± 7.566581 dyn/cm2
Arteriole WSS = 0.000028 ± 0.000111 dyn/cm2
Capillary WSS = 12.123467 ± 10.510529 dyn/cm2
Venule WSS = 0.000016 ± 0.000033 dyn/cm2
Reynolds number = 0.000000 ± 0.000000
Vascular segment transit time = 40884254.182764 ± 87352579.961149 s
Setting build directory ...
Setting build directory ...
Directory does not exist. Creating folder ...
> Loading network...
Reading /home/vamshis/temp/reanimate_temp_04046119/reanimate.dat ...


---------------------------------------------
anon network derived from Amira Spatial Graph
---------------------------------------------

Importing network data ...
Tissue Dimensions (x,y,z) = 34810 um x 34738 um x 1123 um
nsol = 4
nnodbc = 2
No. of segments = 32204 
No. of nodes = 23762 
No. of boundary nodes = 2 

Analysing network edges ...
No. of edges = 24420 
Edge lengths = 255.669 ± 183.099 um
Edge diameters = 8.331 ± 11.597 um
Length / diameter ratio = 355.815 ± 599.198 um
> Setting stack size ...


-----------------
Blood Flow Module
-----------------

Cloning vascular network ...

Finding articulation points ...
No. of articulation points = 2 
% of total nodes = 0.008 

Finding dead ends ...
No. of dead end segments = 0 
% of total segments = 0 

Assigning rheological parameters ...

Simulating blood flow ...

Full boundary conditions detected -> Running full solver ...
Computing conductance matrix, M ...
Computing K matrix ...
Assigning boundary conditions ...
Solving linear system ...


----------------------- Analysing vascular flow -----------------------

Assigning rheological parameters ...
Blood pressure = 36.233507 ± 13.741437 mmHg
Arteriole pressure = 51.999990 ± 0.000006 mmHg
Capillary pressure = 35.999994 ± 0.000004 mmHg
Venule pressure = 20.000003 ± 0.000002 mmHg
Blood flow = 0.000009 ± 0.000059 nl/min
Arteriole flow = 0.000013 ± 0.000070 nl/min
Capillary flow = 0.000000 ± 0.000000 nl/min
Venule flow = 0.000012 ± 0.000067 nl/min
Blood velocity = 0.000046 ± 0.000111 mm/s
Arteriole velocity = 0.000001 ± 0.000001 mm/s
Capillary velocity = 0.000173 ± 0.000158 mm/s
Venule velocity = 0.000000 ± 0.000000 mm/s
Vessel Wall Shear Stress = 3.234631 ± 7.910810 dyn/cm2
Arteriole WSS = 0.000050 ± 0.000141 dyn/cm2
Capillary WSS = 12.336240 ± 11.242836 dyn/cm2
Venule WSS = 0.000020 ± 0.000050 dyn/cm2
Reynolds number = 0.000000 ± 0.000000
Vascular segment transit time = 32000352.199308 ± 69967456.072942 s
Setting build directory ...
Setting build directory ...
Directory does not exist. Creating folder ...
> Loading network...
Reading /home/vamshis/temp/reanimate_temp_04542132/reanimate.dat ...


---------------------------------------------
anon network derived from Amira Spatial Graph
---------------------------------------------

Importing network data ...
Tissue Dimensions (x,y,z) = 34810 um x 34738 um x 1133 um
nsol = 4
nnodbc = 2
No. of segments = 32209 
No. of nodes = 23808 
No. of boundary nodes = 2 

Analysing network edges ...
No. of edges = 24288 
Edge lengths = 257.943 ± 187.644 um
Edge diameters = 8.734 ± 12.071 um
Length / diameter ratio = 360.160 ± 620.162 um
> Setting stack size ...


-----------------
Blood Flow Module
-----------------

Cloning vascular network ...

Finding articulation points ...
No. of articulation points = 2 
% of total nodes = 0.008 

Finding dead ends ...
No. of dead end segments = 0 
% of total segments = 0 

Assigning rheological parameters ...

Simulating blood flow ...

Full boundary conditions detected -> Running full solver ...
Computing conductance matrix, M ...
Computing K matrix ...
Assigning boundary conditions ...
Solving linear system ...


----------------------- Analysing vascular flow -----------------------

Assigning rheological parameters ...
Blood pressure = 36.184791 ± 13.754411 mmHg
Arteriole pressure = 51.999993 ± 0.000004 mmHg
Capillary pressure = 35.999998 ± 0.000002 mmHg
Venule pressure = 20.000003 ± 0.000002 mmHg
Blood flow = 0.000009 ± 0.000057 nl/min
Arteriole flow = 0.000011 ± 0.000065 nl/min
Capillary flow = 0.000000 ± 0.000000 nl/min
Venule flow = 0.000013 ± 0.000068 nl/min
Blood velocity = 0.000045 ± 0.000109 mm/s
Arteriole velocity = 0.000000 ± 0.000000 mm/s
Capillary velocity = 0.000171 ± 0.000155 mm/s
Venule velocity = 0.000000 ± 0.000000 mm/s
Vessel Wall Shear Stress = 3.191005 ± 7.785978 dyn/cm2
Arteriole WSS = 0.000035 ± 0.000077 dyn/cm2
Capillary WSS = 12.231157 ± 11.036312 dyn/cm2
Venule WSS = 0.000021 ± 0.000060 dyn/cm2
Reynolds number = 0.000000 ± 0.000000
Vascular segment transit time = 35044903.616985 ± 72741280.819750 s
Setting build directory ...
Setting build directory ...
Directory does not exist. Creating folder ...
> Loading network...
Reading /home/vamshis/temp/reanimate_temp_09227985/reanimate.dat ...


---------------------------------------------
anon network derived from Amira Spatial Graph
---------------------------------------------

Importing network data ...
Tissue Dimensions (x,y,z) = 34810 um x 34738 um x 1137 um
nsol = 4
nnodbc = 2
No. of segments = 32370 
No. of nodes = 23945 
No. of boundary nodes = 2 

Analysing network edges ...
No. of edges = 24389 
Edge lengths = 257.881 ± 187.057 um
Edge diameters = 8.697 ± 11.810 um
Length / diameter ratio = 362.565 ± 626.000 um
> Setting stack size ...


-----------------
Blood Flow Module
-----------------

Cloning vascular network ...

Finding articulation points ...
No. of articulation points = 2 
% of total nodes = 0.008 

Finding dead ends ...
No. of dead end segments = 0 
% of total segments = 0 

Assigning rheological parameters ...

Simulating blood flow ...

Full boundary conditions detected -> Running full solver ...
Computing conductance matrix, M ...
Computing K matrix ...
Assigning boundary conditions ...
Solving linear system ...


----------------------- Analysing vascular flow -----------------------

Assigning rheological parameters ...
Blood pressure = 36.072660 ± 13.760634 mmHg
Arteriole pressure = 51.999995 ± 0.000003 mmHg
Capillary pressure = 36.000000 ± 0.000002 mmHg
Venule pressure = 20.000005 ± 0.000003 mmHg
Blood flow = 0.000009 ± 0.000058 nl/min
Arteriole flow = 0.000012 ± 0.000066 nl/min
Capillary flow = 0.000000 ± 0.000000 nl/min
Venule flow = 0.000012 ± 0.000067 nl/min
Blood velocity = 0.000045 ± 0.000111 mm/s
Arteriole velocity = 0.000000 ± 0.000000 mm/s
Capillary velocity = 0.000174 ± 0.000157 mm/s
Venule velocity = 0.000000 ± 0.000000 mm/s
Vessel Wall Shear Stress = 3.223697 ± 7.895624 dyn/cm2
Arteriole WSS = 0.000027 ± 0.000060 dyn/cm2
Capillary WSS = 12.382872 ± 11.227476 dyn/cm2
Venule WSS = 0.000025 ± 0.000048 dyn/cm2
Reynolds number = 0.000000 ± 0.000000
Vascular segment transit time = 34485280.600535 ± 69050013.267930 s
Setting build directory ...
Setting build directory ...
Directory does not exist. Creating folder ...
> Loading network...
Reading /home/vamshis/temp/reanimate_temp_06954911/reanimate.dat ...


---------------------------------------------
anon network derived from Amira Spatial Graph
---------------------------------------------

Importing network data ...
Tissue Dimensions (x,y,z) = 34810 um x 34738 um x 1130 um
nsol = 4
nnodbc = 2
No. of segments = 31886 
No. of nodes = 23542 
No. of boundary nodes = 2 

Analysing network edges ...
No. of edges = 24112 
Edge lengths = 259.073 ± 185.418 um
Edge diameters = 9.082 ± 12.419 um
Length / diameter ratio = 364.044 ± 633.219 um
> Setting stack size ...


-----------------
Blood Flow Module
-----------------

Cloning vascular network ...

Finding articulation points ...
No. of articulation points = 2 
% of total nodes = 0.008 

Finding dead ends ...
No. of dead end segments = 0 
% of total segments = 0 

Assigning rheological parameters ...

Simulating blood flow ...

Full boundary conditions detected -> Running full solver ...
Computing conductance matrix, M ...
Computing K matrix ...
Assigning boundary conditions ...
Solving linear system ...


----------------------- Analysing vascular flow -----------------------

Assigning rheological parameters ...
Blood pressure = 36.119426 ± 13.747176 mmHg
Arteriole pressure = 51.999997 ± 0.000002 mmHg
Capillary pressure = 36.000001 ± 0.000001 mmHg
Venule pressure = 20.000004 ± 0.000003 mmHg
Blood flow = 0.000009 ± 0.000059 nl/min
Arteriole flow = 0.000012 ± 0.000071 nl/min
Capillary flow = 0.000000 ± 0.000000 nl/min
Venule flow = 0.000012 ± 0.000067 nl/min
Blood velocity = 0.000045 ± 0.000108 mm/s
Arteriole velocity = 0.000000 ± 0.000000 mm/s
Capillary velocity = 0.000170 ± 0.000152 mm/s
Venule velocity = 0.000000 ± 0.000000 mm/s
Vessel Wall Shear Stress = 3.181113 ± 7.705934 dyn/cm2
Arteriole WSS = 0.000020 ± 0.000039 dyn/cm2
Capillary WSS = 12.153419 ± 10.854974 dyn/cm2
Venule WSS = 0.000024 ± 0.000062 dyn/cm2
Reynolds number = 0.000000 ± 0.000000
Vascular segment transit time = 37813554.514618 ± 74143481.660403 s
Setting build directory ...
Setting build directory ...
Directory does not exist. Creating folder ...
> Loading network...
Reading /home/vamshis/temp/reanimate_temp_03383823/reanimate.dat ...


---------------------------------------------
anon network derived from Amira Spatial Graph
---------------------------------------------

Importing network data ...
Tissue Dimensions (x,y,z) = 34810 um x 34738 um x 1145 um
nsol = 4
nnodbc = 2
No. of segments = 32055 
No. of nodes = 23653 
No. of boundary nodes = 2 

Analysing network edges ...
No. of edges = 24268 
Edge lengths = 257.556 ± 188.475 um
Edge diameters = 9.375 ± 12.929 um
Length / diameter ratio = 359.476 ± 620.101 um
> Setting stack size ...


-----------------
Blood Flow Module
-----------------

Cloning vascular network ...

Finding articulation points ...
No. of articulation points = 2 
% of total nodes = 0.008 

Finding dead ends ...
No. of dead end segments = 0 
% of total segments = 0 

Assigning rheological parameters ...

Simulating blood flow ...

Full boundary conditions detected -> Running full solver ...
Computing conductance matrix, M ...
Computing K matrix ...
Assigning boundary conditions ...
Solving linear system ...


----------------------- Analysing vascular flow -----------------------

Assigning rheological parameters ...
Blood pressure = 36.169211 ± 13.742654 mmHg
Arteriole pressure = 51.999997 ± 0.000001 mmHg
Capillary pressure = 36.000002 ± 0.000002 mmHg
Venule pressure = 20.000005 ± 0.000003 mmHg
Blood flow = 0.000009 ± 0.000061 nl/min
Arteriole flow = 0.000011 ± 0.000064 nl/min
Capillary flow = 0.000000 ± 0.000000 nl/min
Venule flow = 0.000014 ± 0.000078 nl/min
Blood velocity = 0.000046 ± 0.000115 mm/s
Arteriole velocity = 0.000000 ± 0.000000 mm/s
Capillary velocity = 0.000174 ± 0.000169 mm/s
Venule velocity = 0.000000 ± 0.000000 mm/s
Vessel Wall Shear Stress = 3.261677 ± 8.240843 dyn/cm2
Arteriole WSS = 0.000016 ± 0.000031 dyn/cm2
Capillary WSS = 12.440807 ± 12.035171 dyn/cm2
Venule WSS = 0.000026 ± 0.000054 dyn/cm2
Reynolds number = 0.000000 ± 0.000000
Vascular segment transit time = 40675807.660209 ± 85923430.489557 s
Setting build directory ...
Setting build directory ...
Directory does not exist. Creating folder ...
> Loading network...
Reading /home/vamshis/temp/reanimate_temp_02008289/reanimate.dat ...


---------------------------------------------
anon network derived from Amira Spatial Graph
---------------------------------------------

Importing network data ...
Tissue Dimensions (x,y,z) = 34810 um x 34738 um x 1116 um
nsol = 4
nnodbc = 2
No. of segments = 32168 
No. of nodes = 23745 
No. of boundary nodes = 2 

Analysing network edges ...
No. of edges = 24357 
Edge lengths = 257.905 ± 186.404 um
Edge diameters = 7.335 ± 10.021 um
Length / diameter ratio = 365.343 ± 617.253 um
> Setting stack size ...


-----------------
Blood Flow Module
-----------------

Cloning vascular network ...

Finding articulation points ...
No. of articulation points = 2 
% of total nodes = 0.008 

Finding dead ends ...
No. of dead end segments = 0 
% of total segments = 0 

Assigning rheological parameters ...

Simulating blood flow ...

Full boundary conditions detected -> Running full solver ...
Computing conductance matrix, M ...
Computing K matrix ...
Assigning boundary conditions ...
Solving linear system ...


----------------------- Analysing vascular flow -----------------------

Assigning rheological parameters ...
Blood pressure = 36.163638 ± 13.745212 mmHg
Arteriole pressure = 51.999987 ± 0.000008 mmHg
Capillary pressure = 35.999996 ± 0.000005 mmHg
Venule pressure = 20.000008 ± 0.000005 mmHg
Blood flow = 0.000009 ± 0.000057 nl/min
Arteriole flow = 0.000013 ± 0.000067 nl/min
Capillary flow = 0.000000 ± 0.000000 nl/min
Venule flow = 0.000012 ± 0.000065 nl/min
Blood velocity = 0.000046 ± 0.000112 mm/s
Arteriole velocity = 0.000001 ± 0.000001 mm/s
Capillary velocity = 0.000172 ± 0.000162 mm/s
Venule velocity = 0.000001 ± 0.000000 mm/s
Vessel Wall Shear Stress = 3.220670 ± 8.018283 dyn/cm2
Arteriole WSS = 0.000063 ± 0.000169 dyn/cm2
Capillary WSS = 12.296891 ± 11.570647 dyn/cm2
Venule WSS = 0.000040 ± 0.000095 dyn/cm2
Reynolds number = 0.000000 ± 0.000000
Vascular segment transit time = 24670193.304187 ± 50717865.643570 s
Setting build directory ...
Setting build directory ...
Directory does not exist. Creating folder ...
> Loading network...
Reading /home/vamshis/temp/reanimate_temp_07493584/reanimate.dat ...


---------------------------------------------
anon network derived from Amira Spatial Graph
---------------------------------------------

Importing network data ...
Tissue Dimensions (x,y,z) = 34810 um x 34738 um x 1106 um
nsol = 4
nnodbc = 2
No. of segments = 32000 
No. of nodes = 23637 
No. of boundary nodes = 2 

Analysing network edges ...
No. of edges = 24155 
Edge lengths = 258.920 ± 185.197 um
Edge diameters = 9.005 ± 12.413 um
Length / diameter ratio = 365.236 ± 634.863 um
> Setting stack size ...


-----------------
Blood Flow Module
-----------------

Cloning vascular network ...

Finding articulation points ...
No. of articulation points = 2 
% of total nodes = 0.008 

Finding dead ends ...
No. of dead end segments = 0 
% of total segments = 0 

Assigning rheological parameters ...

Simulating blood flow ...

Full boundary conditions detected -> Running full solver ...
Computing conductance matrix, M ...
Computing K matrix ...
Assigning boundary conditions ...
Solving linear system ...


----------------------- Analysing vascular flow -----------------------

Assigning rheological parameters ...
Blood pressure = 36.200498 ± 13.749386 mmHg
Arteriole pressure = 51.999994 ± 0.000003 mmHg
Capillary pressure = 35.999998 ± 0.000002 mmHg
Venule pressure = 20.000003 ± 0.000002 mmHg
Blood flow = 0.000009 ± 0.000057 nl/min
Arteriole flow = 0.000012 ± 0.000065 nl/min
Capillary flow = 0.000000 ± 0.000000 nl/min
Venule flow = 0.000012 ± 0.000066 nl/min
Blood velocity = 0.000044 ± 0.000106 mm/s
Arteriole velocity = 0.000000 ± 0.000000 mm/s
Capillary velocity = 0.000169 ± 0.000148 mm/s
Venule velocity = 0.000000 ± 0.000000 mm/s
Vessel Wall Shear Stress = 3.150314 ± 7.573468 dyn/cm2
Arteriole WSS = 0.000030 ± 0.000072 dyn/cm2
Capillary WSS = 12.051343 ± 10.590379 dyn/cm2
Venule WSS = 0.000018 ± 0.000031 dyn/cm2
Reynolds number = 0.000000 ± 0.000000
Vascular segment transit time = 37035766.631001 ± 77473824.622784 s
Setting build directory ...
Setting build directory ...
Directory does not exist. Creating folder ...
> Loading network...
Reading /home/vamshis/temp/reanimate_temp_01296520/reanimate.dat ...


---------------------------------------------
anon network derived from Amira Spatial Graph
---------------------------------------------

Importing network data ...
Tissue Dimensions (x,y,z) = 34810 um x 34738 um x 1135 um
nsol = 4
nnodbc = 2
No. of segments = 32221 
No. of nodes = 23772 
No. of boundary nodes = 2 

Analysing network edges ...
No. of edges = 24438 
Edge lengths = 257.078 ± 184.242 um
Edge diameters = 7.881 ± 10.973 um
Length / diameter ratio = 362.721 ± 622.625 um
> Setting stack size ...


-----------------
Blood Flow Module
-----------------

Cloning vascular network ...

Finding articulation points ...
No. of articulation points = 2 
% of total nodes = 0.008 

Finding dead ends ...
No. of dead end segments = 0 
% of total segments = 0 

Assigning rheological parameters ...

Simulating blood flow ...

Full boundary conditions detected -> Running full solver ...
Computing conductance matrix, M ...
Computing K matrix ...
Assigning boundary conditions ...
Solving linear system ...


----------------------- Analysing vascular flow -----------------------

Assigning rheological parameters ...
Blood pressure = 36.167835 ± 13.741659 mmHg
Arteriole pressure = 51.999986 ± 0.000009 mmHg
Capillary pressure = 35.999992 ± 0.000006 mmHg
Venule pressure = 20.000004 ± 0.000002 mmHg
Blood flow = 0.000009 ± 0.000058 nl/min
Arteriole flow = 0.000012 ± 0.000067 nl/min
Capillary flow = 0.000000 ± 0.000000 nl/min
Venule flow = 0.000012 ± 0.000068 nl/min
Blood velocity = 0.000046 ± 0.000110 mm/s
Arteriole velocity = 0.000001 ± 0.000001 mm/s
Capillary velocity = 0.000172 ± 0.000157 mm/s
Venule velocity = 0.000000 ± 0.000000 mm/s
Vessel Wall Shear Stress = 3.220339 ± 7.869447 dyn/cm2
Arteriole WSS = 0.000074 ± 0.000298 dyn/cm2
Capillary WSS = 12.278000 ± 11.176343 dyn/cm2
Venule WSS = 0.000024 ± 0.000063 dyn/cm2
Reynolds number = 0.000000 ± 0.000000
Vascular segment transit time = 29470847.709280 ± 70504387.125052 s
Setting build directory ...
Setting build directory ...
Directory does not exist. Creating folder ...
> Loading network...
Reading /home/vamshis/temp/reanimate_temp_00642307/reanimate.dat ...


---------------------------------------------
anon network derived from Amira Spatial Graph
---------------------------------------------

Importing network data ...
Tissue Dimensions (x,y,z) = 34810 um x 34738 um x 1139 um
nsol = 4
nnodbc = 2
No. of segments = 31917 
No. of nodes = 23560 
No. of boundary nodes = 2 

Analysing network edges ...
No. of edges = 24178 
Edge lengths = 260.318 ± 189.572 um
Edge diameters = 8.226 ± 11.406 um
Length / diameter ratio = 365.864 ± 632.350 um
> Setting stack size ...


-----------------
Blood Flow Module
-----------------

Cloning vascular network ...

Finding articulation points ...
No. of articulation points = 2 
% of total nodes = 0.008 

Finding dead ends ...
No. of dead end segments = 0 
% of total segments = 0 

Assigning rheological parameters ...

Simulating blood flow ...

Full boundary conditions detected -> Running full solver ...
Computing conductance matrix, M ...
Computing K matrix ...
Assigning boundary conditions ...
Solving linear system ...


----------------------- Analysing vascular flow -----------------------

Assigning rheological parameters ...
Blood pressure = 36.140363 ± 13.745551 mmHg
Arteriole pressure = 51.999993 ± 0.000004 mmHg
Capillary pressure = 35.999999 ± 0.000002 mmHg
Venule pressure = 20.000005 ± 0.000003 mmHg
Blood flow = 0.000009 ± 0.000058 nl/min
Arteriole flow = 0.000012 ± 0.000067 nl/min
Capillary flow = 0.000000 ± 0.000000 nl/min
Venule flow = 0.000012 ± 0.000067 nl/min
Blood velocity = 0.000045 ± 0.000107 mm/s
Arteriole velocity = 0.000000 ± 0.000000 mm/s
Capillary velocity = 0.000169 ± 0.000150 mm/s
Venule velocity = 0.000000 ± 0.000000 mm/s
Vessel Wall Shear Stress = 3.160752 ± 7.625993 dyn/cm2
Arteriole WSS = 0.000036 ± 0.000086 dyn/cm2
Capillary WSS = 12.068541 ± 10.703179 dyn/cm2
Venule WSS = 0.000030 ± 0.000087 dyn/cm2
Reynolds number = 0.000000 ± 0.000000
Vascular segment transit time = 31679688.339671 ± 66537562.530279 s
Setting build directory ...
Setting build directory ...
Directory does not exist. Creating folder ...
> Loading network...
Reading /home/vamshis/temp/reanimate_temp_03404709/reanimate.dat ...


---------------------------------------------
anon network derived from Amira Spatial Graph
---------------------------------------------

Importing network data ...
Tissue Dimensions (x,y,z) = 34810 um x 34738 um x 1140 um
nsol = 4
nnodbc = 2
No. of segments = 32270 
No. of nodes = 23892 
No. of boundary nodes = 2 

Analysing network edges ...
No. of edges = 24212 
Edge lengths = 258.887 ± 189.035 um
Edge diameters = 8.643 ± 11.758 um
Length / diameter ratio = 361.438 ± 620.097 um
> Setting stack size ...


-----------------
Blood Flow Module
-----------------

Cloning vascular network ...

Finding articulation points ...
No. of articulation points = 2 
% of total nodes = 0.008 

Finding dead ends ...
No. of dead end segments = 0 
% of total segments = 0 

Assigning rheological parameters ...

Simulating blood flow ...

Full boundary conditions detected -> Running full solver ...
Computing conductance matrix, M ...
Computing K matrix ...
Assigning boundary conditions ...
Solving linear system ...


----------------------- Analysing vascular flow -----------------------

Assigning rheological parameters ...
Blood pressure = 36.157669 ± 13.765966 mmHg
Arteriole pressure = 51.999995 ± 0.000003 mmHg
Capillary pressure = 35.999999 ± 0.000002 mmHg
Venule pressure = 20.000004 ± 0.000002 mmHg
Blood flow = 0.000009 ± 0.000057 nl/min
Arteriole flow = 0.000011 ± 0.000065 nl/min
Capillary flow = 0.000000 ± 0.000000 nl/min
Venule flow = 0.000012 ± 0.000068 nl/min
Blood velocity = 0.000045 ± 0.000108 mm/s
Arteriole velocity = 0.000000 ± 0.000000 mm/s
Capillary velocity = 0.000171 ± 0.000152 mm/s
Venule velocity = 0.000000 ± 0.000000 mm/s
Vessel Wall Shear Stress = 3.168945 ± 7.685565 dyn/cm2
Arteriole WSS = 0.000029 ± 0.000058 dyn/cm2
Capillary WSS = 12.203010 ± 10.827059 dyn/cm2
Venule WSS = 0.000024 ± 0.000049 dyn/cm2
Reynolds number = 0.000000 ± 0.000000
Vascular segment transit time = 34139280.025939 ± 67681417.644273 s
Setting build directory ...
Setting build directory ...
Directory does not exist. Creating folder ...
> Loading network...
Reading /home/vamshis/temp/reanimate_temp_01055639/reanimate.dat ...


---------------------------------------------
anon network derived from Amira Spatial Graph
---------------------------------------------

Importing network data ...
Tissue Dimensions (x,y,z) = 34810 um x 34738 um x 1104 um
nsol = 4
nnodbc = 2
No. of segments = 32324 
No. of nodes = 23915 
No. of boundary nodes = 2 

Analysing network edges ...
No. of edges = 24321 
Edge lengths = 257.946 ± 187.922 um
Edge diameters = 8.277 ± 11.350 um
Length / diameter ratio = 362.405 ± 624.457 um
> Setting stack size ...


-----------------
Blood Flow Module
-----------------

Cloning vascular network ...

Finding articulation points ...
No. of articulation points = 2 
% of total nodes = 0.008 

Finding dead ends ...
No. of dead end segments = 0 
% of total segments = 0 

Assigning rheological parameters ...

Simulating blood flow ...

Full boundary conditions detected -> Running full solver ...
Computing conductance matrix, M ...
Computing K matrix ...
Assigning boundary conditions ...
Solving linear system ...


----------------------- Analysing vascular flow -----------------------

Assigning rheological parameters ...
Blood pressure = 36.201458 ± 13.760508 mmHg
Arteriole pressure = 51.999992 ± 0.000005 mmHg
Capillary pressure = 35.999997 ± 0.000003 mmHg
Venule pressure = 20.000004 ± 0.000002 mmHg
Blood flow = 0.000009 ± 0.000058 nl/min
Arteriole flow = 0.000012 ± 0.000070 nl/min
Capillary flow = 0.000000 ± 0.000000 nl/min
Venule flow = 0.000012 ± 0.000065 nl/min
Blood velocity = 0.000046 ± 0.000115 mm/s
Arteriole velocity = 0.000001 ± 0.000001 mm/s
Capillary velocity = 0.000175 ± 0.000167 mm/s
Venule velocity = 0.000000 ± 0.000000 mm/s
Vessel Wall Shear Stress = 3.244540 ± 8.186103 dyn/cm2
Arteriole WSS = 0.000044 ± 0.000107 dyn/cm2
Capillary WSS = 12.468873 ± 11.938368 dyn/cm2
Venule WSS = 0.000023 ± 0.000052 dyn/cm2
Reynolds number = 0.000000 ± 0.000000
Vascular segment transit time = 32449449.971837 ± 71708838.860326 s
Setting build directory ...
Setting build directory ...
Directory does not exist. Creating folder ...
> Loading network...
Reading /home/vamshis/temp/reanimate_temp_02254791/reanimate.dat ...


---------------------------------------------
anon network derived from Amira Spatial Graph
---------------------------------------------

Importing network data ...
Tissue Dimensions (x,y,z) = 34810 um x 34738 um x 1111 um
nsol = 4
nnodbc = 2
No. of segments = 31911 
No. of nodes = 23577 
No. of boundary nodes = 2 

Analysing network edges ...
No. of edges = 24101 
Edge lengths = 260.677 ± 189.775 um
Edge diameters = 8.421 ± 11.521 um
Length / diameter ratio = 367.769 ± 637.265 um
> Setting stack size ...


-----------------
Blood Flow Module
-----------------

Cloning vascular network ...

Finding articulation points ...
No. of articulation points = 2 
% of total nodes = 0.008 

Finding dead ends ...
No. of dead end segments = 0 
% of total segments = 0 

Assigning rheological parameters ...

Simulating blood flow ...

Full boundary conditions detected -> Running full solver ...
Computing conductance matrix, M ...
Computing K matrix ...
Assigning boundary conditions ...
Solving linear system ...


----------------------- Analysing vascular flow -----------------------

Assigning rheological parameters ...
Blood pressure = 36.178995 ± 13.751354 mmHg
Arteriole pressure = 51.999991 ± 0.000005 mmHg
Capillary pressure = 35.999996 ± 0.000003 mmHg
Venule pressure = 20.000003 ± 0.000002 mmHg
Blood flow = 0.000009 ± 0.000055 nl/min
Arteriole flow = 0.000011 ± 0.000063 nl/min
Capillary flow = 0.000000 ± 0.000000 nl/min
Venule flow = 0.000012 ± 0.000065 nl/min
Blood velocity = 0.000045 ± 0.000111 mm/s
Arteriole velocity = 0.000001 ± 0.000001 mm/s
Capillary velocity = 0.000170 ± 0.000160 mm/s
Venule velocity = 0.000000 ± 0.000000 mm/s
Vessel Wall Shear Stress = 3.170650 ± 7.908686 dyn/cm2
Arteriole WSS = 0.000048 ± 0.000154 dyn/cm2
Capillary WSS = 12.137454 ± 11.428533 dyn/cm2
Venule WSS = 0.000020 ± 0.000047 dyn/cm2
Reynolds number = 0.000000 ± 0.000000
Vascular segment transit time = 34123733.041121 ± 71170778.859978 s
Setting build directory ...
Setting build directory ...
Directory does not exist. Creating folder ...
> Loading network...
Reading /home/vamshis/temp/reanimate_temp_02086431/reanimate.dat ...


---------------------------------------------
anon network derived from Amira Spatial Graph
---------------------------------------------

Importing network data ...
Tissue Dimensions (x,y,z) = 34810 um x 34738 um x 1117 um
nsol = 4
nnodbc = 2
No. of segments = 32137 
No. of nodes = 23745 
No. of boundary nodes = 2 

Analysing network edges ...
No. of edges = 24260 
Edge lengths = 257.588 ± 188.773 um
Edge diameters = 8.956 ± 12.230 um
Length / diameter ratio = 356.874 ± 613.590 um
> Setting stack size ...


-----------------
Blood Flow Module
-----------------

Cloning vascular network ...

Finding articulation points ...
No. of articulation points = 2 
% of total nodes = 0.008 

Finding dead ends ...
No. of dead end segments = 0 
% of total segments = 0 

Assigning rheological parameters ...

Simulating blood flow ...

Full boundary conditions detected -> Running full solver ...
Computing conductance matrix, M ...
Computing K matrix ...
Assigning boundary conditions ...
Solving linear system ...


----------------------- Analysing vascular flow -----------------------

Assigning rheological parameters ...
Blood pressure = 36.104054 ± 13.752426 mmHg
Arteriole pressure = 51.999995 ± 0.000003 mmHg
Capillary pressure = 35.999999 ± 0.000001 mmHg
Venule pressure = 20.000004 ± 0.000003 mmHg
Blood flow = 0.000009 ± 0.000056 nl/min
Arteriole flow = 0.000012 ± 0.000067 nl/min
Capillary flow = 0.000000 ± 0.000000 nl/min
Venule flow = 0.000011 ± 0.000064 nl/min
Blood velocity = 0.000046 ± 0.000113 mm/s
Arteriole velocity = 0.000000 ± 0.000000 mm/s
Capillary velocity = 0.000174 ± 0.000162 mm/s
Venule velocity = 0.000000 ± 0.000000 mm/s
Vessel Wall Shear Stress = 3.239062 ± 8.048437 dyn/cm2
Arteriole WSS = 0.000027 ± 0.000066 dyn/cm2
Capillary WSS = 12.400901 ± 11.593010 dyn/cm2
Venule WSS = 0.000022 ± 0.000048 dyn/cm2
Reynolds number = 0.000000 ± 0.000000
Vascular segment transit time = 36622796.369471 ± 76485371.726841 s
Setting build directory ...
Setting build directory ...
Directory does not exist. Creating folder ...
> Loading network...
Reading /home/vamshis/temp/reanimate_temp_01095811/reanimate.dat ...


---------------------------------------------
anon network derived from Amira Spatial Graph
---------------------------------------------

Importing network data ...
Tissue Dimensions (x,y,z) = 34810 um x 34738 um x 1140 um
nsol = 4
nnodbc = 2
No. of segments = 32214 
No. of nodes = 23878 
No. of boundary nodes = 2 

Analysing network edges ...
No. of edges = 24103 
Edge lengths = 259.556 ± 190.727 um
Edge diameters = 9.577 ± 12.901 um
Length / diameter ratio = 357.303 ± 620.979 um
> Setting stack size ...


-----------------
Blood Flow Module
-----------------

Cloning vascular network ...

Finding articulation points ...
No. of articulation points = 2 
% of total nodes = 0.008 

Finding dead ends ...
No. of dead end segments = 0 
% of total segments = 0 

Assigning rheological parameters ...

Simulating blood flow ...

Full boundary conditions detected -> Running full solver ...
Computing conductance matrix, M ...
Computing K matrix ...
Assigning boundary conditions ...
Solving linear system ...


----------------------- Analysing vascular flow -----------------------

Assigning rheological parameters ...
Blood pressure = 36.143043 ± 13.774051 mmHg
Arteriole pressure = 51.999996 ± 0.000002 mmHg
Capillary pressure = 35.999999 ± 0.000001 mmHg
Venule pressure = 20.000003 ± 0.000002 mmHg
Blood flow = 0.000008 ± 0.000055 nl/min
Arteriole flow = 0.000011 ± 0.000064 nl/min
Capillary flow = 0.000000 ± 0.000000 nl/min
Venule flow = 0.000012 ± 0.000065 nl/min
Blood velocity = 0.000045 ± 0.000108 mm/s
Arteriole velocity = 0.000000 ± 0.000000 mm/s
Capillary velocity = 0.000172 ± 0.000151 mm/s
Venule velocity = 0.000000 ± 0.000000 mm/s
Vessel Wall Shear Stress = 3.167562 ± 7.679466 dyn/cm2
Arteriole WSS = 0.000021 ± 0.000051 dyn/cm2
Capillary WSS = 12.237875 ± 10.809883 dyn/cm2
Venule WSS = 0.000015 ± 0.000026 dyn/cm2
Reynolds number = 0.000000 ± 0.000000
Vascular segment transit time = 42295765.148993 ± 83539584.611569 s
Setting build directory ...
Setting build directory ...
Directory does not exist. Creating folder ...
> Loading network...
Reading /home/vamshis/temp/reanimate_temp_06337875/reanimate.dat ...


---------------------------------------------
anon network derived from Amira Spatial Graph
---------------------------------------------

Importing network data ...
Tissue Dimensions (x,y,z) = 34810 um x 34738 um x 1125 um
nsol = 4
nnodbc = 2
No. of segments = 31997 
No. of nodes = 23575 
No. of boundary nodes = 2 

Analysing network edges ...
No. of edges = 24349 
Edge lengths = 258.096 ± 185.541 um
Edge diameters = 8.702 ± 12.111 um
Length / diameter ratio = 364.985 ± 629.120 um
> Setting stack size ...


-----------------
Blood Flow Module
-----------------

Cloning vascular network ...

Finding articulation points ...
No. of articulation points = 2 
% of total nodes = 0.008 

Finding dead ends ...
No. of dead end segments = 0 
% of total segments = 0 

Assigning rheological parameters ...

Simulating blood flow ...

Full boundary conditions detected -> Running full solver ...
Computing conductance matrix, M ...
Computing K matrix ...
Assigning boundary conditions ...
Solving linear system ...


----------------------- Analysing vascular flow -----------------------

Assigning rheological parameters ...
Blood pressure = 36.150513 ± 13.732618 mmHg
Arteriole pressure = 51.999994 ± 0.000003 mmHg
Capillary pressure = 35.999999 ± 0.000002 mmHg
Venule pressure = 20.000004 ± 0.000002 mmHg
Blood flow = 0.000009 ± 0.000059 nl/min
Arteriole flow = 0.000012 ± 0.000070 nl/min
Capillary flow = 0.000000 ± 0.000000 nl/min
Venule flow = 0.000012 ± 0.000067 nl/min
Blood velocity = 0.000045 ± 0.000106 mm/s
Arteriole velocity = 0.000000 ± 0.000000 mm/s
Capillary velocity = 0.000169 ± 0.000146 mm/s
Venule velocity = 0.000000 ± 0.000000 mm/s
Vessel Wall Shear Stress = 3.176968 ± 7.538631 dyn/cm2
Arteriole WSS = 0.000031 ± 0.000061 dyn/cm2
Capillary WSS = 12.067046 ± 10.420711 dyn/cm2
Venule WSS = 0.000022 ± 0.000042 dyn/cm2
Reynolds number = 0.000000 ± 0.000000
Vascular segment transit time = 35019961.019207 ± 77302947.807214 s
Setting build directory ...
Setting build directory ...
Directory does not exist. Creating folder ...
> Loading network...
Reading /home/vamshis/temp/reanimate_temp_03999046/reanimate.dat ...


---------------------------------------------
anon network derived from Amira Spatial Graph
---------------------------------------------

Importing network data ...
Tissue Dimensions (x,y,z) = 34810 um x 34738 um x 1127 um
nsol = 4
nnodbc = 2
No. of segments = 32354 
No. of nodes = 23994 
No. of boundary nodes = 2 

Analysing network edges ...
No. of edges = 24177 
Edge lengths = 259.027 ± 188.573 um
Edge diameters = 8.876 ± 12.136 um
Length / diameter ratio = 359.236 ± 623.443 um
> Setting stack size ...


-----------------
Blood Flow Module
-----------------

Cloning vascular network ...

Finding articulation points ...
No. of articulation points = 2 
% of total nodes = 0.008 

Finding dead ends ...
No. of dead end segments = 0 
% of total segments = 0 

Assigning rheological parameters ...

Simulating blood flow ...

Full boundary conditions detected -> Running full solver ...
Computing conductance matrix, M ...
Computing K matrix ...
Assigning boundary conditions ...
Solving linear system ...


----------------------- Analysing vascular flow -----------------------

Assigning rheological parameters ...
Blood pressure = 36.118685 ± 13.777794 mmHg
Arteriole pressure = 51.999994 ± 0.000003 mmHg
Capillary pressure = 35.999997 ± 0.000002 mmHg
Venule pressure = 20.000003 ± 0.000002 mmHg
Blood flow = 0.000009 ± 0.000058 nl/min
Arteriole flow = 0.000012 ± 0.000066 nl/min
Capillary flow = 0.000000 ± 0.000000 nl/min
Venule flow = 0.000012 ± 0.000067 nl/min
Blood velocity = 0.000045 ± 0.000106 mm/s
Arteriole velocity = 0.000000 ± 0.000000 mm/s
Capillary velocity = 0.000172 ± 0.000147 mm/s
Venule velocity = 0.000000 ± 0.000000 mm/s
Vessel Wall Shear Stress = 3.162957 ± 7.568533 dyn/cm2
Arteriole WSS = 0.000034 ± 0.000097 dyn/cm2
Capillary WSS = 12.237945 ± 10.515888 dyn/cm2
Venule WSS = 0.000018 ± 0.000039 dyn/cm2
Reynolds number = 0.000000 ± 0.000000
Vascular segment transit time = 36949350.716373 ± 84275179.959404 s
Setting build directory ...
Setting build directory ...
Directory does not exist. Creating folder ...
> Loading network...
Reading /home/vamshis/temp/reanimate_temp_04521877/reanimate.dat ...


---------------------------------------------
anon network derived from Amira Spatial Graph
---------------------------------------------

Importing network data ...
Tissue Dimensions (x,y,z) = 34810 um x 34738 um x 1147 um
nsol = 4
nnodbc = 2
No. of segments = 32079 
No. of nodes = 23725 
No. of boundary nodes = 2 

Analysing network edges ...
No. of edges = 24149 
Edge lengths = 258.916 ± 185.888 um
Edge diameters = 10.040 ± 13.950 um
Length / diameter ratio = 362.940 ± 631.314 um
> Setting stack size ...


-----------------
Blood Flow Module
-----------------

Cloning vascular network ...

Finding articulation points ...
No. of articulation points = 2 
% of total nodes = 0.008 

Finding dead ends ...
No. of dead end segments = 0 
% of total segments = 0 

Assigning rheological parameters ...

Simulating blood flow ...

Full boundary conditions detected -> Running full solver ...
Computing conductance matrix, M ...
Computing K matrix ...
Assigning boundary conditions ...
Solving linear system ...


----------------------- Analysing vascular flow -----------------------

Assigning rheological parameters ...
Blood pressure = 36.188035 ± 13.758165 mmHg
Arteriole pressure = 51.999997 ± 0.000002 mmHg
Capillary pressure = 35.999999 ± 0.000001 mmHg
Venule pressure = 20.000002 ± 0.000001 mmHg
Blood flow = 0.000010 ± 0.000060 nl/min
Arteriole flow = 0.000013 ± 0.000072 nl/min
Capillary flow = 0.000000 ± 0.000000 nl/min
Venule flow = 0.000013 ± 0.000067 nl/min
Blood velocity = 0.000045 ± 0.000117 mm/s
Arteriole velocity = 0.000000 ± 0.000000 mm/s
Capillary velocity = 0.000172 ± 0.000176 mm/s
Venule velocity = 0.000000 ± 0.000000 mm/s
Vessel Wall Shear Stress = 3.204491 ± 8.384073 dyn/cm2
Arteriole WSS = 0.000020 ± 0.000039 dyn/cm2
Capillary WSS = 12.302116 ± 12.567692 dyn/cm2
Venule WSS = 0.000013 ± 0.000034 dyn/cm2
Reynolds number = 0.000000 ± 0.000000
Vascular segment transit time = 46870483.553747 ± 100830357.093683 s
Setting build directory ...
Setting build directory ...
Directory does not exist. Creating folder ...
> Loading network...
Reading /home/vamshis/temp/reanimate_temp_03579312/reanimate.dat ...


---------------------------------------------
anon network derived from Amira Spatial Graph
---------------------------------------------

Importing network data ...
Tissue Dimensions (x,y,z) = 34810 um x 34738 um x 1134 um
nsol = 4
nnodbc = 2
No. of segments = 32071 
No. of nodes = 23713 
No. of boundary nodes = 2 

Analysing network edges ...
No. of edges = 24165 
Edge lengths = 259.181 ± 186.882 um
Edge diameters = 8.211 ± 11.445 um
Length / diameter ratio = 364.571 ± 626.958 um
> Setting stack size ...


-----------------
Blood Flow Module
-----------------

Cloning vascular network ...

Finding articulation points ...
No. of articulation points = 2 
% of total nodes = 0.008 

Finding dead ends ...
No. of dead end segments = 0 
% of total segments = 0 

Assigning rheological parameters ...

Simulating blood flow ...

Full boundary conditions detected -> Running full solver ...
Computing conductance matrix, M ...
Computing K matrix ...
Assigning boundary conditions ...
Solving linear system ...


----------------------- Analysing vascular flow -----------------------

Assigning rheological parameters ...
Blood pressure = 36.177101 ± 13.756540 mmHg
Arteriole pressure = 51.999986 ± 0.000008 mmHg
Capillary pressure = 35.999992 ± 0.000006 mmHg
Venule pressure = 20.000003 ± 0.000002 mmHg
Blood flow = 0.000009 ± 0.000056 nl/min
Arteriole flow = 0.000012 ± 0.000063 nl/min
Capillary flow = 0.000000 ± 0.000000 nl/min
Venule flow = 0.000012 ± 0.000067 nl/min
Blood velocity = 0.000045 ± 0.000112 mm/s
Arteriole velocity = 0.000001 ± 0.000001 mm/s
Capillary velocity = 0.000172 ± 0.000163 mm/s
Venule velocity = 0.000000 ± 0.000000 mm/s
Vessel Wall Shear Stress = 3.195934 ± 8.024600 dyn/cm2
Arteriole WSS = 0.000068 ± 0.000190 dyn/cm2
Capillary WSS = 12.260258 ± 11.658041 dyn/cm2
Venule WSS = 0.000019 ± 0.000039 dyn/cm2
Reynolds number = 0.000000 ± 0.000000
Vascular segment transit time = 32164475.392805 ± 70613049.862460 s
Setting build directory ...
Setting build directory ...
Directory does not exist. Creating folder ...
> Loading network...
Reading /home/vamshis/temp/reanimate_temp_08258256/reanimate.dat ...


---------------------------------------------
anon network derived from Amira Spatial Graph
---------------------------------------------

Importing network data ...
Tissue Dimensions (x,y,z) = 34810 um x 34738 um x 1130 um
nsol = 4
nnodbc = 2
No. of segments = 31886 
No. of nodes = 23542 
No. of boundary nodes = 2 

Analysing network edges ...
No. of edges = 24112 
Edge lengths = 259.073 ± 185.418 um
Edge diameters = 9.082 ± 12.419 um
Length / diameter ratio = 364.044 ± 633.219 um
> Setting stack size ...


-----------------
Blood Flow Module
-----------------

Cloning vascular network ...

Finding articulation points ...
No. of articulation points = 2 
% of total nodes = 0.008 

Finding dead ends ...
No. of dead end segments = 0 
% of total segments = 0 

Assigning rheological parameters ...

Simulating blood flow ...

Full boundary conditions detected -> Running full solver ...
Computing conductance matrix, M ...
Computing K matrix ...
Assigning boundary conditions ...
Solving linear system ...


----------------------- Analysing vascular flow -----------------------

Assigning rheological parameters ...
Blood pressure = 36.119426 ± 13.747176 mmHg
Arteriole pressure = 51.999997 ± 0.000002 mmHg
Capillary pressure = 36.000001 ± 0.000001 mmHg
Venule pressure = 20.000004 ± 0.000003 mmHg
Blood flow = 0.000009 ± 0.000059 nl/min
Arteriole flow = 0.000012 ± 0.000071 nl/min
Capillary flow = 0.000000 ± 0.000000 nl/min
Venule flow = 0.000012 ± 0.000067 nl/min
Blood velocity = 0.000045 ± 0.000108 mm/s
Arteriole velocity = 0.000000 ± 0.000000 mm/s
Capillary velocity = 0.000170 ± 0.000152 mm/s
Venule velocity = 0.000000 ± 0.000000 mm/s
Vessel Wall Shear Stress = 3.181113 ± 7.705934 dyn/cm2
Arteriole WSS = 0.000020 ± 0.000039 dyn/cm2
Capillary WSS = 12.153419 ± 10.854974 dyn/cm2
Venule WSS = 0.000024 ± 0.000062 dyn/cm2
Reynolds number = 0.000000 ± 0.000000
Vascular segment transit time = 37813552.236577 ± 74143477.581314 s
Setting build directory ...
Setting build directory ...
Directory does not exist. Creating folder ...
> Loading network...
Reading /home/vamshis/temp/reanimate_temp_03084475/reanimate.dat ...


---------------------------------------------
anon network derived from Amira Spatial Graph
---------------------------------------------

Importing network data ...
Tissue Dimensions (x,y,z) = 34810 um x 34738 um x 1133 um
nsol = 4
nnodbc = 2
No. of segments = 32209 
No. of nodes = 23808 
No. of boundary nodes = 2 

Analysing network edges ...
No. of edges = 24288 
Edge lengths = 257.943 ± 187.644 um
Edge diameters = 8.734 ± 12.071 um
Length / diameter ratio = 360.160 ± 620.162 um
> Setting stack size ...


-----------------
Blood Flow Module
-----------------

Cloning vascular network ...

Finding articulation points ...
No. of articulation points = 2 
% of total nodes = 0.008 

Finding dead ends ...
No. of dead end segments = 0 
% of total segments = 0 

Assigning rheological parameters ...

Simulating blood flow ...

Full boundary conditions detected -> Running full solver ...
Computing conductance matrix, M ...
Computing K matrix ...
Assigning boundary conditions ...
Solving linear system ...


----------------------- Analysing vascular flow -----------------------

Assigning rheological parameters ...
Blood pressure = 36.184791 ± 13.754411 mmHg
Arteriole pressure = 51.999993 ± 0.000004 mmHg
Capillary pressure = 35.999998 ± 0.000002 mmHg
Venule pressure = 20.000003 ± 0.000002 mmHg
Blood flow = 0.000009 ± 0.000057 nl/min
Arteriole flow = 0.000011 ± 0.000065 nl/min
Capillary flow = 0.000000 ± 0.000000 nl/min
Venule flow = 0.000013 ± 0.000068 nl/min
Blood velocity = 0.000045 ± 0.000109 mm/s
Arteriole velocity = 0.000000 ± 0.000000 mm/s
Capillary velocity = 0.000171 ± 0.000155 mm/s
Venule velocity = 0.000000 ± 0.000000 mm/s
Vessel Wall Shear Stress = 3.191005 ± 7.785978 dyn/cm2
Arteriole WSS = 0.000035 ± 0.000077 dyn/cm2
Capillary WSS = 12.231158 ± 11.036313 dyn/cm2
Venule WSS = 0.000021 ± 0.000060 dyn/cm2
Reynolds number = 0.000000 ± 0.000000
Vascular segment transit time = 35044901.426796 ± 72741275.816464 s
Setting build directory ...
Setting build directory ...
Directory does not exist. Creating folder ...
> Loading network...
Reading /home/vamshis/temp/reanimate_temp_06373260/reanimate.dat ...


---------------------------------------------
anon network derived from Amira Spatial Graph
---------------------------------------------

Importing network data ...
Tissue Dimensions (x,y,z) = 34810 um x 34738 um x 1127 um
nsol = 4
nnodbc = 2
No. of segments = 32010 
No. of nodes = 23576 
No. of boundary nodes = 2 

Analysing network edges ...
No. of edges = 24384 
Edge lengths = 257.182 ± 185.172 um
Edge diameters = 8.057 ± 11.017 um
Length / diameter ratio = 363.008 ± 617.688 um
> Setting stack size ...


-----------------
Blood Flow Module
-----------------

Cloning vascular network ...

Finding articulation points ...
No. of articulation points = 2 
% of total nodes = 0.008 

Finding dead ends ...
No. of dead end segments = 0 
% of total segments = 0 

Assigning rheological parameters ...

Simulating blood flow ...

Full boundary conditions detected -> Running full solver ...
Computing conductance matrix, M ...
Computing K matrix ...
Assigning boundary conditions ...
Solving linear system ...


----------------------- Analysing vascular flow -----------------------

Assigning rheological parameters ...
Blood pressure = 36.072982 ± 13.730749 mmHg
Arteriole pressure = 51.999996 ± 0.000002 mmHg
Capillary pressure = 36.000006 ± 0.000004 mmHg
Venule pressure = 20.000011 ± 0.000006 mmHg
Blood flow = 0.000008 ± 0.000054 nl/min
Arteriole flow = 0.000011 ± 0.000063 nl/min
Capillary flow = 0.000000 ± 0.000000 nl/min
Venule flow = 0.000012 ± 0.000062 nl/min
Blood velocity = 0.000045 ± 0.000107 mm/s
Arteriole velocity = 0.000000 ± 0.000000 mm/s
Capillary velocity = 0.000171 ± 0.000148 mm/s
Venule velocity = 0.000001 ± 0.000001 mm/s
Vessel Wall Shear Stress = 3.215525 ± 7.621747 dyn/cm2
Arteriole WSS = 0.000022 ± 0.000037 dyn/cm2
Capillary WSS = 12.201051 ± 10.526034 dyn/cm2
Venule WSS = 0.000054 ± 0.000117 dyn/cm2
Reynolds number = 0.000000 ± 0.000000
Vascular segment transit time = 29851284.021794 ± 58625174.620513 s
Setting build directory ...
Setting build directory ...
Directory does not exist. Creating folder ...
> Loading network...
Reading /home/vamshis/temp/reanimate_temp_01965218/reanimate.dat ...


---------------------------------------------
anon network derived from Amira Spatial Graph
---------------------------------------------

Importing network data ...
Tissue Dimensions (x,y,z) = 34810 um x 34738 um x 1106 um
nsol = 4
nnodbc = 2
No. of segments = 32000 
No. of nodes = 23637 
No. of boundary nodes = 2 

Analysing network edges ...
No. of edges = 24155 
Edge lengths = 258.920 ± 185.197 um
Edge diameters = 9.005 ± 12.413 um
Length / diameter ratio = 365.236 ± 634.863 um
> Setting stack size ...


-----------------
Blood Flow Module
-----------------

Cloning vascular network ...

Finding articulation points ...
No. of articulation points = 2 
% of total nodes = 0.008 

Finding dead ends ...
No. of dead end segments = 0 
% of total segments = 0 

Assigning rheological parameters ...

Simulating blood flow ...

Full boundary conditions detected -> Running full solver ...
Computing conductance matrix, M ...
Computing K matrix ...
Assigning boundary conditions ...
Solving linear system ...


----------------------- Analysing vascular flow -----------------------

Assigning rheological parameters ...
Blood pressure = 36.200498 ± 13.749386 mmHg
Arteriole pressure = 51.999994 ± 0.000003 mmHg
Capillary pressure = 35.999998 ± 0.000002 mmHg
Venule pressure = 20.000003 ± 0.000002 mmHg
Blood flow = 0.000009 ± 0.000057 nl/min
Arteriole flow = 0.000012 ± 0.000065 nl/min
Capillary flow = 0.000000 ± 0.000000 nl/min
Venule flow = 0.000012 ± 0.000066 nl/min
Blood velocity = 0.000044 ± 0.000106 mm/s
Arteriole velocity = 0.000000 ± 0.000000 mm/s
Capillary velocity = 0.000169 ± 0.000148 mm/s
Venule velocity = 0.000000 ± 0.000000 mm/s
Vessel Wall Shear Stress = 3.150314 ± 7.573469 dyn/cm2
Arteriole WSS = 0.000030 ± 0.000072 dyn/cm2
Capillary WSS = 12.051343 ± 10.590380 dyn/cm2
Venule WSS = 0.000018 ± 0.000031 dyn/cm2
Reynolds number = 0.000000 ± 0.000000
Vascular segment transit time = 37035764.469846 ± 77473819.181415 s
Setting build directory ...
Setting build directory ...
Directory does not exist. Creating folder ...
> Loading network...
Reading /home/vamshis/temp/reanimate_temp_04157243/reanimate.dat ...


---------------------------------------------
anon network derived from Amira Spatial Graph
---------------------------------------------

Importing network data ...
Tissue Dimensions (x,y,z) = 34810 um x 34738 um x 1145 um
nsol = 4
nnodbc = 2
No. of segments = 32055 
No. of nodes = 23653 
No. of boundary nodes = 2 

Analysing network edges ...
No. of edges = 24268 
Edge lengths = 257.556 ± 188.475 um
Edge diameters = 9.375 ± 12.929 um
Length / diameter ratio = 359.476 ± 620.101 um
> Setting stack size ...


-----------------
Blood Flow Module
-----------------

Cloning vascular network ...

Finding articulation points ...
No. of articulation points = 2 
% of total nodes = 0.008 

Finding dead ends ...
No. of dead end segments = 0 
% of total segments = 0 

Assigning rheological parameters ...

Simulating blood flow ...

Full boundary conditions detected -> Running full solver ...
Computing conductance matrix, M ...
Computing K matrix ...
Assigning boundary conditions ...
Solving linear system ...


----------------------- Analysing vascular flow -----------------------

Assigning rheological parameters ...
Blood pressure = 36.169211 ± 13.742654 mmHg
Arteriole pressure = 51.999997 ± 0.000001 mmHg
Capillary pressure = 36.000002 ± 0.000002 mmHg
Venule pressure = 20.000005 ± 0.000003 mmHg
Blood flow = 0.000009 ± 0.000061 nl/min
Arteriole flow = 0.000011 ± 0.000064 nl/min
Capillary flow = 0.000000 ± 0.000000 nl/min
Venule flow = 0.000014 ± 0.000078 nl/min
Blood velocity = 0.000046 ± 0.000115 mm/s
Arteriole velocity = 0.000000 ± 0.000000 mm/s
Capillary velocity = 0.000174 ± 0.000169 mm/s
Venule velocity = 0.000000 ± 0.000000 mm/s
Vessel Wall Shear Stress = 3.261677 ± 8.240843 dyn/cm2
Arteriole WSS = 0.000016 ± 0.000031 dyn/cm2
Capillary WSS = 12.440807 ± 12.035171 dyn/cm2
Venule WSS = 0.000026 ± 0.000054 dyn/cm2
Reynolds number = 0.000000 ± 0.000000
Vascular segment transit time = 40675804.444667 ± 85923424.444043 s
Setting build directory ...
Setting build directory ...
Directory does not exist. Creating folder ...
> Loading network...
Reading /home/vamshis/temp/reanimate_temp_00267165/reanimate.dat ...


---------------------------------------------
anon network derived from Amira Spatial Graph
---------------------------------------------

Importing network data ...
Tissue Dimensions (x,y,z) = 34810 um x 34738 um x 1130 um
nsol = 4
nnodbc = 2
No. of segments = 32096 
No. of nodes = 23708 
No. of boundary nodes = 2 

Analysing network edges ...
No. of edges = 24252 
Edge lengths = 258.631 ± 186.851 um
Edge diameters = 9.315 ± 12.631 um
Length / diameter ratio = 361.295 ± 629.053 um
> Setting stack size ...


-----------------
Blood Flow Module
-----------------

Cloning vascular network ...

Finding articulation points ...
No. of articulation points = 2 
% of total nodes = 0.008 

Finding dead ends ...
No. of dead end segments = 0 
% of total segments = 0 

Assigning rheological parameters ...

Simulating blood flow ...

Full boundary conditions detected -> Running full solver ...
Computing conductance matrix, M ...
Computing K matrix ...
Assigning boundary conditions ...
Solving linear system ...


----------------------- Analysing vascular flow -----------------------

Assigning rheological parameters ...
Blood pressure = 36.120637 ± 13.750346 mmHg
Arteriole pressure = 51.999995 ± 0.000003 mmHg
Capillary pressure = 35.999999 ± 0.000002 mmHg
Venule pressure = 20.000003 ± 0.000001 mmHg
Blood flow = 0.000009 ± 0.000056 nl/min
Arteriole flow = 0.000012 ± 0.000064 nl/min
Capillary flow = 0.000000 ± 0.000000 nl/min
Venule flow = 0.000012 ± 0.000065 nl/min
Blood velocity = 0.000045 ± 0.000106 mm/s
Arteriole velocity = 0.000000 ± 0.000000 mm/s
Capillary velocity = 0.000170 ± 0.000147 mm/s
Venule velocity = 0.000000 ± 0.000000 mm/s
Vessel Wall Shear Stress = 3.169130 ± 7.566581 dyn/cm2
Arteriole WSS = 0.000028 ± 0.000111 dyn/cm2
Capillary WSS = 12.123467 ± 10.510529 dyn/cm2
Venule WSS = 0.000016 ± 0.000033 dyn/cm2
Reynolds number = 0.000000 ± 0.000000
Vascular segment transit time = 40884251.180884 ± 87352573.876242 s
Setting build directory ...
Setting build directory ...
Directory does not exist. Creating folder ...
> Loading network...
Reading /home/vamshis/temp/reanimate_temp_03534726/reanimate.dat ...


---------------------------------------------
anon network derived from Amira Spatial Graph
---------------------------------------------

Importing network data ...
Tissue Dimensions (x,y,z) = 34810 um x 34738 um x 1135 um
nsol = 4
nnodbc = 2
No. of segments = 32221 
No. of nodes = 23772 
No. of boundary nodes = 2 

Analysing network edges ...
No. of edges = 24438 
Edge lengths = 257.078 ± 184.242 um
Edge diameters = 7.881 ± 10.973 um
Length / diameter ratio = 362.721 ± 622.625 um
> Setting stack size ...


-----------------
Blood Flow Module
-----------------

Cloning vascular network ...

Finding articulation points ...
No. of articulation points = 2 
% of total nodes = 0.008 

Finding dead ends ...
No. of dead end segments = 0 
% of total segments = 0 

Assigning rheological parameters ...

Simulating blood flow ...

Full boundary conditions detected -> Running full solver ...
Computing conductance matrix, M ...
Computing K matrix ...
Assigning boundary conditions ...
Solving linear system ...


----------------------- Analysing vascular flow -----------------------

Assigning rheological parameters ...
Blood pressure = 36.167835 ± 13.741659 mmHg
Arteriole pressure = 51.999986 ± 0.000009 mmHg
Capillary pressure = 35.999992 ± 0.000006 mmHg
Venule pressure = 20.000004 ± 0.000002 mmHg
Blood flow = 0.000009 ± 0.000058 nl/min
Arteriole flow = 0.000012 ± 0.000067 nl/min
Capillary flow = 0.000000 ± 0.000000 nl/min
Venule flow = 0.000012 ± 0.000068 nl/min
Blood velocity = 0.000046 ± 0.000110 mm/s
Arteriole velocity = 0.000001 ± 0.000001 mm/s
Capillary velocity = 0.000172 ± 0.000157 mm/s
Venule velocity = 0.000000 ± 0.000000 mm/s
Vessel Wall Shear Stress = 3.220339 ± 7.869447 dyn/cm2
Arteriole WSS = 0.000074 ± 0.000298 dyn/cm2
Capillary WSS = 12.278000 ± 11.176343 dyn/cm2
Venule WSS = 0.000024 ± 0.000063 dyn/cm2
Reynolds number = 0.000000 ± 0.000000
Vascular segment transit time = 29470845.819102 ± 70504382.831736 s
Setting build directory ...
Setting build directory ...
Directory does not exist. Creating folder ...
> Loading network...
Reading /home/vamshis/temp/reanimate_temp_07348690/reanimate.dat ...


---------------------------------------------
anon network derived from Amira Spatial Graph
---------------------------------------------

Importing network data ...
Tissue Dimensions (x,y,z) = 34810 um x 34738 um x 1139 um
nsol = 4
nnodbc = 2
No. of segments = 31917 
No. of nodes = 23560 
No. of boundary nodes = 2 

Analysing network edges ...
No. of edges = 24178 
Edge lengths = 260.318 ± 189.572 um
Edge diameters = 8.226 ± 11.406 um
Length / diameter ratio = 365.864 ± 632.350 um
> Setting stack size ...


-----------------
Blood Flow Module
-----------------

Cloning vascular network ...

Finding articulation points ...
No. of articulation points = 2 
% of total nodes = 0.008 

Finding dead ends ...
No. of dead end segments = 0 
% of total segments = 0 

Assigning rheological parameters ...

Simulating blood flow ...

Full boundary conditions detected -> Running full solver ...
Computing conductance matrix, M ...
Computing K matrix ...
Assigning boundary conditions ...
Solving linear system ...


----------------------- Analysing vascular flow -----------------------

Assigning rheological parameters ...
Blood pressure = 36.140363 ± 13.745551 mmHg
Arteriole pressure = 51.999993 ± 0.000004 mmHg
Capillary pressure = 35.999999 ± 0.000002 mmHg
Venule pressure = 20.000005 ± 0.000003 mmHg
Blood flow = 0.000009 ± 0.000058 nl/min
Arteriole flow = 0.000012 ± 0.000067 nl/min
Capillary flow = 0.000000 ± 0.000000 nl/min
Venule flow = 0.000012 ± 0.000067 nl/min
Blood velocity = 0.000045 ± 0.000107 mm/s
Arteriole velocity = 0.000000 ± 0.000000 mm/s
Capillary velocity = 0.000169 ± 0.000150 mm/s
Venule velocity = 0.000000 ± 0.000000 mm/s
Vessel Wall Shear Stress = 3.160752 ± 7.625994 dyn/cm2
Arteriole WSS = 0.000036 ± 0.000086 dyn/cm2
Capillary WSS = 12.068541 ± 10.703179 dyn/cm2
Venule WSS = 0.000030 ± 0.000087 dyn/cm2
Reynolds number = 0.000000 ± 0.000000
Vascular segment transit time = 31679686.424540 ± 66537558.532100 s
Setting build directory ...
Setting build directory ...
Directory does not exist. Creating folder ...
> Loading network...
Reading /home/vamshis/temp/reanimate_temp_04375536/reanimate.dat ...


---------------------------------------------
anon network derived from Amira Spatial Graph
---------------------------------------------

Importing network data ...
Tissue Dimensions (x,y,z) = 34810 um x 34738 um x 1137 um
nsol = 4
nnodbc = 2
No. of segments = 32370 
No. of nodes = 23945 
No. of boundary nodes = 2 

Analysing network edges ...
No. of edges = 24389 
Edge lengths = 257.881 ± 187.057 um
Edge diameters = 8.697 ± 11.810 um
Length / diameter ratio = 362.565 ± 626.000 um
> Setting stack size ...


-----------------
Blood Flow Module
-----------------

Cloning vascular network ...

Finding articulation points ...
No. of articulation points = 2 
% of total nodes = 0.008 

Finding dead ends ...
No. of dead end segments = 0 
% of total segments = 0 

Assigning rheological parameters ...

Simulating blood flow ...

Full boundary conditions detected -> Running full solver ...
Computing conductance matrix, M ...
Computing K matrix ...
Assigning boundary conditions ...
Solving linear system ...


----------------------- Analysing vascular flow -----------------------

Assigning rheological parameters ...
Blood pressure = 36.072660 ± 13.760634 mmHg
Arteriole pressure = 51.999995 ± 0.000003 mmHg
Capillary pressure = 36.000000 ± 0.000002 mmHg
Venule pressure = 20.000005 ± 0.000003 mmHg
Blood flow = 0.000009 ± 0.000058 nl/min
Arteriole flow = 0.000012 ± 0.000066 nl/min
Capillary flow = 0.000000 ± 0.000000 nl/min
Venule flow = 0.000012 ± 0.000067 nl/min
Blood velocity = 0.000045 ± 0.000111 mm/s
Arteriole velocity = 0.000000 ± 0.000000 mm/s
Capillary velocity = 0.000174 ± 0.000157 mm/s
Venule velocity = 0.000000 ± 0.000000 mm/s
Vessel Wall Shear Stress = 3.223697 ± 7.895624 dyn/cm2
Arteriole WSS = 0.000027 ± 0.000060 dyn/cm2
Capillary WSS = 12.382872 ± 11.227476 dyn/cm2
Venule WSS = 0.000025 ± 0.000048 dyn/cm2
Reynolds number = 0.000000 ± 0.000000
Vascular segment transit time = 34485278.382080 ± 69050008.455130 s
Setting build directory ...
Setting build directory ...
Directory does not exist. Creating folder ...
> Loading network...
Reading /home/vamshis/temp/reanimate_temp_00755414/reanimate.dat ...


---------------------------------------------
anon network derived from Amira Spatial Graph
---------------------------------------------

Importing network data ...
Tissue Dimensions (x,y,z) = 34810 um x 34738 um x 1123 um
nsol = 4
nnodbc = 2
No. of segments = 32204 
No. of nodes = 23762 
No. of boundary nodes = 2 

Analysing network edges ...
No. of edges = 24420 
Edge lengths = 255.669 ± 183.099 um
Edge diameters = 8.331 ± 11.597 um
Length / diameter ratio = 355.815 ± 599.198 um
> Setting stack size ...


-----------------
Blood Flow Module
-----------------

Cloning vascular network ...

Finding articulation points ...
No. of articulation points = 2 
% of total nodes = 0.008 

Finding dead ends ...
No. of dead end segments = 0 
% of total segments = 0 

Assigning rheological parameters ...

Simulating blood flow ...

Full boundary conditions detected -> Running full solver ...
Computing conductance matrix, M ...
Computing K matrix ...
Assigning boundary conditions ...
Solving linear system ...


----------------------- Analysing vascular flow -----------------------

Assigning rheological parameters ...
Blood pressure = 36.233507 ± 13.741437 mmHg
Arteriole pressure = 51.999990 ± 0.000006 mmHg
Capillary pressure = 35.999994 ± 0.000004 mmHg
Venule pressure = 20.000003 ± 0.000002 mmHg
Blood flow = 0.000009 ± 0.000059 nl/min
Arteriole flow = 0.000013 ± 0.000070 nl/min
Capillary flow = 0.000000 ± 0.000000 nl/min
Venule flow = 0.000012 ± 0.000067 nl/min
Blood velocity = 0.000046 ± 0.000111 mm/s
Arteriole velocity = 0.000001 ± 0.000001 mm/s
Capillary velocity = 0.000173 ± 0.000158 mm/s
Venule velocity = 0.000000 ± 0.000000 mm/s
Vessel Wall Shear Stress = 3.234631 ± 7.910810 dyn/cm2
Arteriole WSS = 0.000050 ± 0.000141 dyn/cm2
Capillary WSS = 12.336240 ± 11.242836 dyn/cm2
Venule WSS = 0.000020 ± 0.000050 dyn/cm2
Reynolds number = 0.000000 ± 0.000000
Vascular segment transit time = 32000350.167263 ± 69967451.881452 s
Setting build directory ...
Setting build directory ...
Directory does not exist. Creating folder ...
> Loading network...
Reading /home/vamshis/temp/reanimate_temp_05949111/reanimate.dat ...


---------------------------------------------
anon network derived from Amira Spatial Graph
---------------------------------------------

Importing network data ...
Tissue Dimensions (x,y,z) = 34810 um x 34738 um x 1125 um
nsol = 4
nnodbc = 2
No. of segments = 31997 
No. of nodes = 23575 
No. of boundary nodes = 2 

Analysing network edges ...
No. of edges = 24349 
Edge lengths = 258.096 ± 185.541 um
Edge diameters = 8.702 ± 12.111 um
Length / diameter ratio = 364.985 ± 629.120 um
> Setting stack size ...


-----------------
Blood Flow Module
-----------------

Cloning vascular network ...

Finding articulation points ...
No. of articulation points = 2 
% of total nodes = 0.008 

Finding dead ends ...
No. of dead end segments = 0 
% of total segments = 0 

Assigning rheological parameters ...

Simulating blood flow ...

Full boundary conditions detected -> Running full solver ...
Computing conductance matrix, M ...
Computing K matrix ...
Assigning boundary conditions ...
Solving linear system ...


----------------------- Analysing vascular flow -----------------------

Assigning rheological parameters ...
Blood pressure = 36.150513 ± 13.732618 mmHg
Arteriole pressure = 51.999994 ± 0.000003 mmHg
Capillary pressure = 35.999999 ± 0.000002 mmHg
Venule pressure = 20.000004 ± 0.000002 mmHg
Blood flow = 0.000009 ± 0.000059 nl/min
Arteriole flow = 0.000012 ± 0.000070 nl/min
Capillary flow = 0.000000 ± 0.000000 nl/min
Venule flow = 0.000012 ± 0.000067 nl/min
Blood velocity = 0.000045 ± 0.000106 mm/s
Arteriole velocity = 0.000000 ± 0.000000 mm/s
Capillary velocity = 0.000169 ± 0.000146 mm/s
Venule velocity = 0.000000 ± 0.000000 mm/s
Vessel Wall Shear Stress = 3.176968 ± 7.538631 dyn/cm2
Arteriole WSS = 0.000031 ± 0.000061 dyn/cm2
Capillary WSS = 12.067047 ± 10.420711 dyn/cm2
Venule WSS = 0.000022 ± 0.000042 dyn/cm2
Reynolds number = 0.000000 ± 0.000000
Vascular segment transit time = 35019959.089636 ± 77302943.842046 s
Setting build directory ...
Setting build directory ...
Directory does not exist. Creating folder ...
> Loading network...
Reading /home/vamshis/temp/reanimate_temp_02793265/reanimate.dat ...


---------------------------------------------
anon network derived from Amira Spatial Graph
---------------------------------------------

Importing network data ...
Tissue Dimensions (x,y,z) = 34810 um x 34738 um x 1116 um
nsol = 4
nnodbc = 2
No. of segments = 32168 
No. of nodes = 23745 
No. of boundary nodes = 2 

Analysing network edges ...
No. of edges = 24357 
Edge lengths = 257.905 ± 186.404 um
Edge diameters = 7.335 ± 10.021 um
Length / diameter ratio = 365.343 ± 617.253 um
> Setting stack size ...


-----------------
Blood Flow Module
-----------------

Cloning vascular network ...

Finding articulation points ...
No. of articulation points = 2 
% of total nodes = 0.008 

Finding dead ends ...
No. of dead end segments = 0 
% of total segments = 0 

Assigning rheological parameters ...

Simulating blood flow ...

Full boundary conditions detected -> Running full solver ...
Computing conductance matrix, M ...
Computing K matrix ...
Assigning boundary conditions ...
Solving linear system ...


----------------------- Analysing vascular flow -----------------------

Assigning rheological parameters ...
Blood pressure = 36.163638 ± 13.745212 mmHg
Arteriole pressure = 51.999987 ± 0.000008 mmHg
Capillary pressure = 35.999996 ± 0.000005 mmHg
Venule pressure = 20.000008 ± 0.000005 mmHg
Blood flow = 0.000009 ± 0.000057 nl/min
Arteriole flow = 0.000013 ± 0.000067 nl/min
Capillary flow = 0.000000 ± 0.000000 nl/min
Venule flow = 0.000012 ± 0.000065 nl/min
Blood velocity = 0.000046 ± 0.000112 mm/s
Arteriole velocity = 0.000001 ± 0.000001 mm/s
Capillary velocity = 0.000172 ± 0.000162 mm/s
Venule velocity = 0.000001 ± 0.000000 mm/s
Vessel Wall Shear Stress = 3.220670 ± 8.018283 dyn/cm2
Arteriole WSS = 0.000063 ± 0.000169 dyn/cm2
Capillary WSS = 12.296891 ± 11.570648 dyn/cm2
Venule WSS = 0.000040 ± 0.000095 dyn/cm2
Reynolds number = 0.000000 ± 0.000000
Vascular segment transit time = 24670191.784526 ± 50717862.413064 s
Setting build directory ...
Setting build directory ...
Directory does not exist. Creating folder ...
> Loading network...
Reading /home/vamshis/temp/reanimate_temp_00645839/reanimate.dat ...


---------------------------------------------
anon network derived from Amira Spatial Graph
---------------------------------------------

Importing network data ...
Tissue Dimensions (x,y,z) = 34810 um x 34738 um x 1111 um
nsol = 4
nnodbc = 2
No. of segments = 31911 
No. of nodes = 23577 
No. of boundary nodes = 2 

Analysing network edges ...
No. of edges = 24101 
Edge lengths = 260.677 ± 189.775 um
Edge diameters = 8.421 ± 11.521 um
Length / diameter ratio = 367.769 ± 637.265 um
> Setting stack size ...


-----------------
Blood Flow Module
-----------------

Cloning vascular network ...

Finding articulation points ...
No. of articulation points = 2 
% of total nodes = 0.008 

Finding dead ends ...
No. of dead end segments = 0 
% of total segments = 0 

Assigning rheological parameters ...

Simulating blood flow ...

Full boundary conditions detected -> Running full solver ...
Computing conductance matrix, M ...
Computing K matrix ...
Assigning boundary conditions ...
Solving linear system ...


----------------------- Analysing vascular flow -----------------------

Assigning rheological parameters ...
Blood pressure = 36.178995 ± 13.751354 mmHg
Arteriole pressure = 51.999991 ± 0.000005 mmHg
Capillary pressure = 35.999996 ± 0.000003 mmHg
Venule pressure = 20.000003 ± 0.000002 mmHg
Blood flow = 0.000009 ± 0.000055 nl/min
Arteriole flow = 0.000011 ± 0.000063 nl/min
Capillary flow = 0.000000 ± 0.000000 nl/min
Venule flow = 0.000012 ± 0.000065 nl/min
Blood velocity = 0.000045 ± 0.000111 mm/s
Arteriole velocity = 0.000001 ± 0.000001 mm/s
Capillary velocity = 0.000170 ± 0.000160 mm/s
Venule velocity = 0.000000 ± 0.000000 mm/s
Vessel Wall Shear Stress = 3.170650 ± 7.908686 dyn/cm2
Arteriole WSS = 0.000048 ± 0.000154 dyn/cm2
Capillary WSS = 12.137455 ± 11.428534 dyn/cm2
Venule WSS = 0.000020 ± 0.000047 dyn/cm2
Reynolds number = 0.000000 ± 0.000000
Vascular segment transit time = 34123730.981206 ± 71170775.108059 s
Setting build directory ...
Setting build directory ...
Directory does not exist. Creating folder ...
> Loading network...
Reading /home/vamshis/temp/reanimate_temp_07514469/reanimate.dat ...


---------------------------------------------
anon network derived from Amira Spatial Graph
---------------------------------------------

Importing network data ...
Tissue Dimensions (x,y,z) = 34810 um x 34738 um x 1140 um
nsol = 4
nnodbc = 2
No. of segments = 32214 
No. of nodes = 23878 
No. of boundary nodes = 2 

Analysing network edges ...
No. of edges = 24103 
Edge lengths = 259.556 ± 190.727 um
Edge diameters = 9.577 ± 12.901 um
Length / diameter ratio = 357.303 ± 620.979 um
> Setting stack size ...


-----------------
Blood Flow Module
-----------------

Cloning vascular network ...

Finding articulation points ...
No. of articulation points = 2 
% of total nodes = 0.008 

Finding dead ends ...
No. of dead end segments = 0 
% of total segments = 0 

Assigning rheological parameters ...

Simulating blood flow ...

Full boundary conditions detected -> Running full solver ...
Computing conductance matrix, M ...
Computing K matrix ...
Assigning boundary conditions ...
Solving linear system ...


----------------------- Analysing vascular flow -----------------------

Assigning rheological parameters ...
Blood pressure = 36.143043 ± 13.774051 mmHg
Arteriole pressure = 51.999996 ± 0.000002 mmHg
Capillary pressure = 35.999999 ± 0.000001 mmHg
Venule pressure = 20.000003 ± 0.000002 mmHg
Blood flow = 0.000008 ± 0.000055 nl/min
Arteriole flow = 0.000011 ± 0.000064 nl/min
Capillary flow = 0.000000 ± 0.000000 nl/min
Venule flow = 0.000012 ± 0.000065 nl/min
Blood velocity = 0.000045 ± 0.000108 mm/s
Arteriole velocity = 0.000000 ± 0.000000 mm/s
Capillary velocity = 0.000172 ± 0.000151 mm/s
Venule velocity = 0.000000 ± 0.000000 mm/s
Vessel Wall Shear Stress = 3.167562 ± 7.679466 dyn/cm2
Arteriole WSS = 0.000021 ± 0.000051 dyn/cm2
Capillary WSS = 12.237875 ± 10.809883 dyn/cm2
Venule WSS = 0.000015 ± 0.000026 dyn/cm2
Reynolds number = 0.000000 ± 0.000000
Vascular segment transit time = 42295762.151479 ± 83539579.170022 s
Setting build directory ...
Setting build directory ...
Directory does not exist. Creating folder ...
> Loading network...
Reading /home/vamshis/temp/reanimate_temp_05902712/reanimate.dat ...


---------------------------------------------
anon network derived from Amira Spatial Graph
---------------------------------------------

Importing network data ...
Tissue Dimensions (x,y,z) = 34810 um x 34738 um x 1147 um
nsol = 4
nnodbc = 2
No. of segments = 32079 
No. of nodes = 23725 
No. of boundary nodes = 2 

Analysing network edges ...
No. of edges = 24149 
Edge lengths = 258.916 ± 185.888 um
Edge diameters = 10.040 ± 13.950 um
Length / diameter ratio = 362.940 ± 631.314 um
> Setting stack size ...


-----------------
Blood Flow Module
-----------------

Cloning vascular network ...

Finding articulation points ...
No. of articulation points = 2 
% of total nodes = 0.008 

Finding dead ends ...
No. of dead end segments = 0 
% of total segments = 0 

Assigning rheological parameters ...

Simulating blood flow ...

Full boundary conditions detected -> Running full solver ...
Computing conductance matrix, M ...
Computing K matrix ...
Assigning boundary conditions ...
Solving linear system ...


----------------------- Analysing vascular flow -----------------------

Assigning rheological parameters ...
Blood pressure = 36.188035 ± 13.758165 mmHg
Arteriole pressure = 51.999997 ± 0.000002 mmHg
Capillary pressure = 35.999999 ± 0.000001 mmHg
Venule pressure = 20.000002 ± 0.000001 mmHg
Blood flow = 0.000010 ± 0.000060 nl/min
Arteriole flow = 0.000013 ± 0.000072 nl/min
Capillary flow = 0.000000 ± 0.000000 nl/min
Venule flow = 0.000013 ± 0.000067 nl/min
Blood velocity = 0.000045 ± 0.000117 mm/s
Arteriole velocity = 0.000000 ± 0.000000 mm/s
Capillary velocity = 0.000172 ± 0.000176 mm/s
Venule velocity = 0.000000 ± 0.000000 mm/s
Vessel Wall Shear Stress = 3.204491 ± 8.384073 dyn/cm2
Arteriole WSS = 0.000020 ± 0.000039 dyn/cm2
Capillary WSS = 12.302116 ± 12.567692 dyn/cm2
Venule WSS = 0.000013 ± 0.000034 dyn/cm2
Reynolds number = 0.000000 ± 0.000000
Vascular segment transit time = 46870480.478595 ± 100830349.374684 s
Setting build directory ...
Setting build directory ...
Directory does not exist. Creating folder ...
> Loading network...
Reading /home/vamshis/temp/reanimate_temp_03163474/reanimate.dat ...


---------------------------------------------
anon network derived from Amira Spatial Graph
---------------------------------------------

Importing network data ...
Tissue Dimensions (x,y,z) = 34810 um x 34738 um x 1104 um
nsol = 4
nnodbc = 2
No. of segments = 32324 
No. of nodes = 23915 
No. of boundary nodes = 2 

Analysing network edges ...
No. of edges = 24321 
Edge lengths = 257.946 ± 187.922 um
Edge diameters = 8.277 ± 11.350 um
Length / diameter ratio = 362.405 ± 624.457 um
> Setting stack size ...


-----------------
Blood Flow Module
-----------------

Cloning vascular network ...

Finding articulation points ...
No. of articulation points = 2 
% of total nodes = 0.008 

Finding dead ends ...
No. of dead end segments = 0 
% of total segments = 0 

Assigning rheological parameters ...

Simulating blood flow ...

Full boundary conditions detected -> Running full solver ...
Computing conductance matrix, M ...
Computing K matrix ...
Assigning boundary conditions ...
Solving linear system ...


----------------------- Analysing vascular flow -----------------------

Assigning rheological parameters ...
Blood pressure = 36.201458 ± 13.760508 mmHg
Arteriole pressure = 51.999992 ± 0.000005 mmHg
Capillary pressure = 35.999997 ± 0.000003 mmHg
Venule pressure = 20.000004 ± 0.000002 mmHg
Blood flow = 0.000009 ± 0.000058 nl/min
Arteriole flow = 0.000012 ± 0.000070 nl/min
Capillary flow = 0.000000 ± 0.000000 nl/min
Venule flow = 0.000012 ± 0.000065 nl/min
Blood velocity = 0.000046 ± 0.000115 mm/s
Arteriole velocity = 0.000001 ± 0.000001 mm/s
Capillary velocity = 0.000175 ± 0.000167 mm/s
Venule velocity = 0.000000 ± 0.000000 mm/s
Vessel Wall Shear Stress = 3.244540 ± 8.186103 dyn/cm2
Arteriole WSS = 0.000044 ± 0.000107 dyn/cm2
Capillary WSS = 12.468873 ± 11.938368 dyn/cm2
Venule WSS = 0.000023 ± 0.000052 dyn/cm2
Reynolds number = 0.000000 ± 0.000000
Vascular segment transit time = 32449447.893586 ± 71708834.554889 s
Setting build directory ...
Setting build directory ...
Directory does not exist. Creating folder ...
> Loading network...
Reading /home/vamshis/temp/reanimate_temp_04334451/reanimate.dat ...


---------------------------------------------
anon network derived from Amira Spatial Graph
---------------------------------------------

Importing network data ...
Tissue Dimensions (x,y,z) = 34810 um x 34738 um x 1127 um
nsol = 4
nnodbc = 2
No. of segments = 32354 
No. of nodes = 23994 
No. of boundary nodes = 2 

Analysing network edges ...
No. of edges = 24177 
Edge lengths = 259.027 ± 188.573 um
Edge diameters = 8.876 ± 12.136 um
Length / diameter ratio = 359.236 ± 623.443 um
> Setting stack size ...


-----------------
Blood Flow Module
-----------------

Cloning vascular network ...

Finding articulation points ...
No. of articulation points = 2 
% of total nodes = 0.008 

Finding dead ends ...
No. of dead end segments = 0 
% of total segments = 0 

Assigning rheological parameters ...

Simulating blood flow ...

Full boundary conditions detected -> Running full solver ...
Computing conductance matrix, M ...
Computing K matrix ...
Assigning boundary conditions ...
Solving linear system ...


----------------------- Analysing vascular flow -----------------------

Assigning rheological parameters ...
Blood pressure = 36.118685 ± 13.777794 mmHg
Arteriole pressure = 51.999994 ± 0.000003 mmHg
Capillary pressure = 35.999997 ± 0.000002 mmHg
Venule pressure = 20.000003 ± 0.000002 mmHg
Blood flow = 0.000009 ± 0.000058 nl/min
Arteriole flow = 0.000012 ± 0.000066 nl/min
Capillary flow = 0.000000 ± 0.000000 nl/min
Venule flow = 0.000012 ± 0.000067 nl/min
Blood velocity = 0.000045 ± 0.000106 mm/s
Arteriole velocity = 0.000000 ± 0.000000 mm/s
Capillary velocity = 0.000172 ± 0.000147 mm/s
Venule velocity = 0.000000 ± 0.000000 mm/s
Vessel Wall Shear Stress = 3.162957 ± 7.568533 dyn/cm2
Arteriole WSS = 0.000034 ± 0.000097 dyn/cm2
Capillary WSS = 12.237945 ± 10.515888 dyn/cm2
Venule WSS = 0.000018 ± 0.000039 dyn/cm2
Reynolds number = 0.000000 ± 0.000000
Vascular segment transit time = 36949348.462219 ± 84275174.196437 s
Setting build directory ...
Setting build directory ...
Directory does not exist. Creating folder ...
> Loading network...
Reading /home/vamshis/temp/reanimate_temp_01931685/reanimate.dat ...


---------------------------------------------
anon network derived from Amira Spatial Graph
---------------------------------------------

Importing network data ...
Tissue Dimensions (x,y,z) = 34810 um x 34738 um x 1140 um
nsol = 4
nnodbc = 2
No. of segments = 32270 
No. of nodes = 23892 
No. of boundary nodes = 2 

Analysing network edges ...
No. of edges = 24212 
Edge lengths = 258.887 ± 189.035 um
Edge diameters = 8.643 ± 11.758 um
Length / diameter ratio = 361.438 ± 620.097 um
> Setting stack size ...


-----------------
Blood Flow Module
-----------------

Cloning vascular network ...

Finding articulation points ...
No. of articulation points = 2 
% of total nodes = 0.008 

Finding dead ends ...
No. of dead end segments = 0 
% of total segments = 0 

Assigning rheological parameters ...

Simulating blood flow ...

Full boundary conditions detected -> Running full solver ...
Computing conductance matrix, M ...
Computing K matrix ...
Assigning boundary conditions ...
Solving linear system ...


----------------------- Analysing vascular flow -----------------------

Assigning rheological parameters ...
Blood pressure = 36.157669 ± 13.765966 mmHg
Arteriole pressure = 51.999995 ± 0.000003 mmHg
Capillary pressure = 35.999999 ± 0.000002 mmHg
Venule pressure = 20.000004 ± 0.000002 mmHg
Blood flow = 0.000009 ± 0.000057 nl/min
Arteriole flow = 0.000011 ± 0.000065 nl/min
Capillary flow = 0.000000 ± 0.000000 nl/min
Venule flow = 0.000012 ± 0.000068 nl/min
Blood velocity = 0.000045 ± 0.000108 mm/s
Arteriole velocity = 0.000000 ± 0.000000 mm/s
Capillary velocity = 0.000171 ± 0.000152 mm/s
Venule velocity = 0.000000 ± 0.000000 mm/s
Vessel Wall Shear Stress = 3.168945 ± 7.685566 dyn/cm2
Arteriole WSS = 0.000029 ± 0.000058 dyn/cm2
Capillary WSS = 12.203010 ± 10.827059 dyn/cm2
Venule WSS = 0.000024 ± 0.000049 dyn/cm2
Reynolds number = 0.000000 ± 0.000000
Vascular segment transit time = 34139277.842933 ± 67681412.874600 s
Setting build directory ...
Setting build directory ...
Directory does not exist. Creating folder ...
> Loading network...
Reading /home/vamshis/temp/reanimate_temp_00457432/reanimate.dat ...


---------------------------------------------
anon network derived from Amira Spatial Graph
---------------------------------------------

Importing network data ...
Tissue Dimensions (x,y,z) = 34810 um x 34738 um x 1117 um
nsol = 4
nnodbc = 2
No. of segments = 32137 
No. of nodes = 23745 
No. of boundary nodes = 2 

Analysing network edges ...
No. of edges = 24260 
Edge lengths = 257.588 ± 188.773 um
Edge diameters = 8.956 ± 12.230 um
Length / diameter ratio = 356.874 ± 613.590 um
> Setting stack size ...


-----------------
Blood Flow Module
-----------------

Cloning vascular network ...

Finding articulation points ...
No. of articulation points = 2 
% of total nodes = 0.008 

Finding dead ends ...
No. of dead end segments = 0 
% of total segments = 0 

Assigning rheological parameters ...

Simulating blood flow ...

Full boundary conditions detected -> Running full solver ...
Computing conductance matrix, M ...
Computing K matrix ...
Assigning boundary conditions ...
Solving linear system ...


----------------------- Analysing vascular flow -----------------------

Assigning rheological parameters ...
Blood pressure = 36.104054 ± 13.752426 mmHg
Arteriole pressure = 51.999995 ± 0.000003 mmHg
Capillary pressure = 35.999999 ± 0.000001 mmHg
Venule pressure = 20.000004 ± 0.000003 mmHg
Blood flow = 0.000009 ± 0.000056 nl/min
Arteriole flow = 0.000012 ± 0.000067 nl/min
Capillary flow = 0.000000 ± 0.000000 nl/min
Venule flow = 0.000011 ± 0.000064 nl/min
Blood velocity = 0.000046 ± 0.000113 mm/s
Arteriole velocity = 0.000000 ± 0.000000 mm/s
Capillary velocity = 0.000174 ± 0.000162 mm/s
Venule velocity = 0.000000 ± 0.000000 mm/s
Vessel Wall Shear Stress = 3.239062 ± 8.048437 dyn/cm2
Arteriole WSS = 0.000027 ± 0.000066 dyn/cm2
Capillary WSS = 12.400901 ± 11.593011 dyn/cm2
Venule WSS = 0.000022 ± 0.000048 dyn/cm2
Reynolds number = 0.000000 ± 0.000000
Vascular segment transit time = 36622794.014354 ± 76485366.375513 s
Setting build directory ...
Setting build directory ...
Directory does not exist. Creating folder ...
> Loading network...
Reading /home/vamshis/temp/reanimate_temp_05328553/reanimate.dat ...


---------------------------------------------
anon network derived from Amira Spatial Graph
---------------------------------------------

Importing network data ...
Tissue Dimensions (x,y,z) = 34810 um x 34738 um x 1134 um
nsol = 4
nnodbc = 2
No. of segments = 32071 
No. of nodes = 23713 
No. of boundary nodes = 2 

Analysing network edges ...
No. of edges = 24165 
Edge lengths = 259.181 ± 186.882 um
Edge diameters = 8.211 ± 11.445 um
Length / diameter ratio = 364.571 ± 626.958 um
> Setting stack size ...


-----------------
Blood Flow Module
-----------------

Cloning vascular network ...

Finding articulation points ...
No. of articulation points = 2 
% of total nodes = 0.008 

Finding dead ends ...
No. of dead end segments = 0 
% of total segments = 0 

Assigning rheological parameters ...

Simulating blood flow ...

Full boundary conditions detected -> Running full solver ...
Computing conductance matrix, M ...
Computing K matrix ...
Assigning boundary conditions ...
Solving linear system ...


----------------------- Analysing vascular flow -----------------------

Assigning rheological parameters ...
Blood pressure = 36.177101 ± 13.756540 mmHg
Arteriole pressure = 51.999986 ± 0.000008 mmHg
Capillary pressure = 35.999992 ± 0.000006 mmHg
Venule pressure = 20.000003 ± 0.000002 mmHg
Blood flow = 0.000009 ± 0.000056 nl/min
Arteriole flow = 0.000012 ± 0.000063 nl/min
Capillary flow = 0.000000 ± 0.000000 nl/min
Venule flow = 0.000012 ± 0.000067 nl/min
Blood velocity = 0.000045 ± 0.000112 mm/s
Arteriole velocity = 0.000001 ± 0.000001 mm/s
Capillary velocity = 0.000172 ± 0.000163 mm/s
Venule velocity = 0.000000 ± 0.000000 mm/s
Vessel Wall Shear Stress = 3.195934 ± 8.024601 dyn/cm2
Arteriole WSS = 0.000068 ± 0.000190 dyn/cm2
Capillary WSS = 12.260258 ± 11.658041 dyn/cm2
Venule WSS = 0.000019 ± 0.000039 dyn/cm2
Reynolds number = 0.000000 ± 0.000000
Vascular segment transit time = 32164473.506890 ± 70613045.245758 s
