==========================================
SLURM_CLUSTER_NAME = paramprabha
SLURM_JOB_ACCOUNT = cdac
SLURM_JOB_ID = 180417
SLURM_JOB_NAME = RETINASIM-HPC
SLURM_JOB_NODELIST = rpcn[485-486]
SLURM_JOB_USER = vamshis
SLURM_JOB_UID = 52008
SLURM_JOB_PARTITION = standard
SLURM_TASK_PID = 1417568
SLURM_SUBMIT_DIR = /home/vamshis/miniconda3/envs/retina/lib/python3.8/site-packages/retinasim
SLURM_CPUS_ON_NODE = 1
SLURM_NTASKS = 2
SLURM_TASK_PID = 1417568
==========================================
Setting build directory ...
Setting build directory ...
Directory does not exist. Creating folder ...
> Loading network...
Reading /home/vamshis/temp/reanimate_temp_04371370/reanimate.dat ...


---------------------------------------------
anon network derived from Amira Spatial Graph
---------------------------------------------

Importing network data ...
Tissue Dimensions (x,y,z) = 34810 um x 34738 um x 1116 um
nsol = 4
nnodbc = 2
No. of segments = 31984 
No. of nodes = 23651 
No. of boundary nodes = 2 

Analysing network edges ...
No. of edges = 24106 
Edge lengths = 260.370 ± 191.282 um
Edge diameters = 9.224 ± 12.641 um
Length / diameter ratio = 365.982 ± 642.439 um
> Setting stack size ...


-----------------
Blood Flow Module
-----------------

Cloning vascular network ...

Finding articulation points ...
No. of articulation points = 2 
% of total nodes = 0.008 

Finding dead ends ...
No. of dead end segments = 0 
% of total segments = 0 

Assigning rheological parameters ...

Simulating blood flow ...

Full boundary conditions detected -> Running full solver ...
Computing conductance matrix, M ...
Computing K matrix ...
Assigning boundary conditions ...
Solving linear system ...


----------------------- Analysing vascular flow -----------------------

Assigning rheological parameters ...
Blood pressure = 36.096548 ± 13.758021 mmHg
Arteriole pressure = 51.999996 ± 0.000003 mmHg
Capillary pressure = 35.999999 ± 0.000001 mmHg
Venule pressure = 20.000003 ± 0.000002 mmHg
Blood flow = 0.000008 ± 0.000054 nl/min
Arteriole flow = 0.000011 ± 0.000060 nl/min
Capillary flow = 0.000000 ± 0.000000 nl/min
Venule flow = 0.000012 ± 0.000064 nl/min
Blood velocity = 0.000045 ± 0.000111 mm/s
Arteriole velocity = 0.000000 ± 0.000000 mm/s
Capillary velocity = 0.000172 ± 0.000159 mm/s
Venule velocity = 0.000000 ± 0.000000 mm/s
Vessel Wall Shear Stress = 3.194407 ± 7.899936 dyn/cm2
Arteriole WSS = 0.000025 ± 0.000063 dyn/cm2
Capillary WSS = 12.257876 ± 11.331022 dyn/cm2
Venule WSS = 0.000019 ± 0.000034 dyn/cm2
Reynolds number = 0.000000 ± 0.000000
Vascular segment transit time = 39542520.808819 ± 81308833.592708 s
Setting build directory ...
Setting build directory ...
Directory does not exist. Creating folder ...
> Loading network...
Reading /home/vamshis/temp/reanimate_temp_02798839/reanimate.dat ...


---------------------------------------------
anon network derived from Amira Spatial Graph
---------------------------------------------

Importing network data ...
Tissue Dimensions (x,y,z) = 34810 um x 34738 um x 1133 um
nsol = 4
nnodbc = 2
No. of segments = 31931 
No. of nodes = 23537 
No. of boundary nodes = 2 

Analysing network edges ...
No. of edges = 24294 
Edge lengths = 258.687 ± 188.880 um
Edge diameters = 8.607 ± 12.675 um
Length / diameter ratio = 364.661 ± 627.330 um
> Setting stack size ...


-----------------
Blood Flow Module
-----------------

Cloning vascular network ...

Finding articulation points ...
No. of articulation points = 2 
% of total nodes = 0.008 

Finding dead ends ...
No. of dead end segments = 0 
% of total segments = 0 

Assigning rheological parameters ...

Simulating blood flow ...

Full boundary conditions detected -> Running full solver ...
Computing conductance matrix, M ...
Computing K matrix ...
Assigning boundary conditions ...
Solving linear system ...


----------------------- Analysing vascular flow -----------------------

Assigning rheological parameters ...
Blood pressure = 36.255038 ± 13.734170 mmHg
Arteriole pressure = 51.999978 ± 0.000014 mmHg
Capillary pressure = 35.999983 ± 0.000011 mmHg
Venule pressure = 20.000002 ± 0.000001 mmHg
Blood flow = 0.000009 ± 0.000058 nl/min
Arteriole flow = 0.000012 ± 0.000065 nl/min
Capillary flow = 0.000000 ± 0.000000 nl/min
Venule flow = 0.000012 ± 0.000071 nl/min
Blood velocity = 0.000045 ± 0.000107 mm/s
Arteriole velocity = 0.000001 ± 0.000001 mm/s
Capillary velocity = 0.000169 ± 0.000152 mm/s
Venule velocity = 0.000000 ± 0.000000 mm/s
Vessel Wall Shear Stress = 3.175272 ± 7.682094 dyn/cm2
Arteriole WSS = 0.000102 ± 0.000341 dyn/cm2
Capillary WSS = 12.075779 ± 10.815098 dyn/cm2
Venule WSS = 0.000012 ± 0.000023 dyn/cm2
Reynolds number = 0.000000 ± 0.000000
Vascular segment transit time = 37647954.234829 ± 96336439.018060 s
Setting build directory ...
Setting build directory ...
Directory does not exist. Creating folder ...
> Loading network...
Reading /home/vamshis/temp/reanimate_temp_04839338/reanimate.dat ...


---------------------------------------------
anon network derived from Amira Spatial Graph
---------------------------------------------

Importing network data ...
Tissue Dimensions (x,y,z) = 34810 um x 34738 um x 1116 um
nsol = 4
nnodbc = 2
No. of segments = 31984 
No. of nodes = 23651 
No. of boundary nodes = 2 

Analysing network edges ...
No. of edges = 24106 
Edge lengths = 260.370 ± 191.282 um
Edge diameters = 9.224 ± 12.641 um
Length / diameter ratio = 365.982 ± 642.439 um
> Setting stack size ...


-----------------
Blood Flow Module
-----------------

Cloning vascular network ...

Finding articulation points ...
No. of articulation points = 2 
% of total nodes = 0.008 

Finding dead ends ...
No. of dead end segments = 0 
% of total segments = 0 

Assigning rheological parameters ...

Simulating blood flow ...

Full boundary conditions detected -> Running full solver ...
Computing conductance matrix, M ...
Computing K matrix ...
Assigning boundary conditions ...
Solving linear system ...


----------------------- Analysing vascular flow -----------------------

Assigning rheological parameters ...
Blood pressure = 36.096548 ± 13.758021 mmHg
Arteriole pressure = 51.999996 ± 0.000003 mmHg
Capillary pressure = 35.999999 ± 0.000001 mmHg
Venule pressure = 20.000003 ± 0.000002 mmHg
Blood flow = 0.000008 ± 0.000054 nl/min
Arteriole flow = 0.000011 ± 0.000060 nl/min
Capillary flow = 0.000000 ± 0.000000 nl/min
Venule flow = 0.000012 ± 0.000064 nl/min
Blood velocity = 0.000045 ± 0.000111 mm/s
Arteriole velocity = 0.000000 ± 0.000000 mm/s
Capillary velocity = 0.000172 ± 0.000159 mm/s
Venule velocity = 0.000000 ± 0.000000 mm/s
Vessel Wall Shear Stress = 3.194407 ± 7.899937 dyn/cm2
Arteriole WSS = 0.000025 ± 0.000063 dyn/cm2
Capillary WSS = 12.257876 ± 11.331022 dyn/cm2
Venule WSS = 0.000019 ± 0.000034 dyn/cm2
Reynolds number = 0.000000 ± 0.000000
Vascular segment transit time = 39542518.321590 ± 81308828.778688 s
Setting build directory ...
Setting build directory ...
Directory does not exist. Creating folder ...
> Loading network...
Reading /home/vamshis/temp/reanimate_temp_04243143/reanimate.dat ...


---------------------------------------------
anon network derived from Amira Spatial Graph
---------------------------------------------

Importing network data ...
Tissue Dimensions (x,y,z) = 34810 um x 34738 um x 1133 um
nsol = 4
nnodbc = 2
No. of segments = 31931 
No. of nodes = 23537 
No. of boundary nodes = 2 

Analysing network edges ...
No. of edges = 24294 
Edge lengths = 258.687 ± 188.880 um
Edge diameters = 8.607 ± 12.675 um
Length / diameter ratio = 364.661 ± 627.330 um
> Setting stack size ...


-----------------
Blood Flow Module
-----------------

Cloning vascular network ...

Finding articulation points ...
No. of articulation points = 2 
% of total nodes = 0.008 

Finding dead ends ...
No. of dead end segments = 0 
% of total segments = 0 

Assigning rheological parameters ...

Simulating blood flow ...

Full boundary conditions detected -> Running full solver ...
Computing conductance matrix, M ...
Computing K matrix ...
Assigning boundary conditions ...
Solving linear system ...


----------------------- Analysing vascular flow -----------------------

Assigning rheological parameters ...
Blood pressure = 36.255038 ± 13.734170 mmHg
Arteriole pressure = 51.999978 ± 0.000014 mmHg
Capillary pressure = 35.999983 ± 0.000011 mmHg
Venule pressure = 20.000002 ± 0.000001 mmHg
Blood flow = 0.000009 ± 0.000058 nl/min
Arteriole flow = 0.000012 ± 0.000065 nl/min
Capillary flow = 0.000000 ± 0.000000 nl/min
Venule flow = 0.000012 ± 0.000071 nl/min
Blood velocity = 0.000045 ± 0.000107 mm/s
Arteriole velocity = 0.000001 ± 0.000001 mm/s
Capillary velocity = 0.000169 ± 0.000152 mm/s
Venule velocity = 0.000000 ± 0.000000 mm/s
Vessel Wall Shear Stress = 3.175272 ± 7.682094 dyn/cm2
Arteriole WSS = 0.000102 ± 0.000341 dyn/cm2
Capillary WSS = 12.075780 ± 10.815098 dyn/cm2
Venule WSS = 0.000012 ± 0.000023 dyn/cm2
Reynolds number = 0.000000 ± 0.000000
Vascular segment transit time = 37647951.692987 ± 96336433.237021 s
