==========================================
SLURM_CLUSTER_NAME = paramprabha
SLURM_JOB_ACCOUNT = cdac
SLURM_JOB_ID = 180430
SLURM_JOB_NAME = RETINASIM-HPC
SLURM_JOB_NODELIST = rpcn[127-128]
SLURM_JOB_USER = vamshis
SLURM_JOB_UID = 52008
SLURM_JOB_PARTITION = standard
SLURM_TASK_PID = 3187877
SLURM_SUBMIT_DIR = /home/vamshis/miniconda3/envs/retina/lib/python3.8/site-packages/retinasim
SLURM_CPUS_ON_NODE = 1
SLURM_NTASKS = 2
SLURM_TASK_PID = 3187877
==========================================
Setting build directory ...
Setting build directory ...
Directory does not exist. Creating folder ...
> Loading network...
Reading /home/vamshis/temp/reanimate_temp_02950226/reanimate.dat ...


---------------------------------------------
anon network derived from Amira Spatial Graph
---------------------------------------------

Importing network data ...
Tissue Dimensions (x,y,z) = 34810 um x 34738 um x 1122 um
nsol = 4
nnodbc = 2
No. of segments = 32269 
No. of nodes = 23847 
No. of boundary nodes = 2 

Analysing network edges ...
No. of edges = 24340 
Edge lengths = 257.596 ± 187.706 um
Edge diameters = 8.242 ± 11.269 um
Length / diameter ratio = 358.885 ± 612.088 um
> Setting stack size ...


-----------------
Blood Flow Module
-----------------

Cloning vascular network ...

Finding articulation points ...
No. of articulation points = 2 
% of total nodes = 0.008 

Finding dead ends ...
No. of dead end segments = 0 
% of total segments = 0 

Assigning rheological parameters ...

Simulating blood flow ...

Full boundary conditions detected -> Running full solver ...
Computing conductance matrix, M ...
Computing K matrix ...
Assigning boundary conditions ...
Solving linear system ...


----------------------- Analysing vascular flow -----------------------

Assigning rheological parameters ...
Blood pressure = 36.141311 ± 13.753383 mmHg
Arteriole pressure = 51.999993 ± 0.000004 mmHg
Capillary pressure = 35.999999 ± 0.000002 mmHg
Venule pressure = 20.000005 ± 0.000003 mmHg
Blood flow = 0.000009 ± 0.000059 nl/min
Arteriole flow = 0.000012 ± 0.000064 nl/min
Capillary flow = 0.000000 ± 0.000000 nl/min
Venule flow = 0.000013 ± 0.000072 nl/min
Blood velocity = 0.000045 ± 0.000109 mm/s
Arteriole velocity = 0.000000 ± 0.000000 mm/s
Capillary velocity = 0.000173 ± 0.000154 mm/s
Venule velocity = 0.000000 ± 0.000000 mm/s
Vessel Wall Shear Stress = 3.214436 ± 7.800897 dyn/cm2
Arteriole WSS = 0.000035 ± 0.000069 dyn/cm2
Capillary WSS = 12.313137 ± 11.003698 dyn/cm2
Venule WSS = 0.000028 ± 0.000059 dyn/cm2
Reynolds number = 0.000000 ± 0.000000
Vascular segment transit time = 31322247.318088 ± 64222121.957336 s
Setting build directory ...
Setting build directory ...
Directory does not exist. Creating folder ...
> Loading network...
Reading /home/vamshis/temp/reanimate_temp_06817374/reanimate.dat ...


---------------------------------------------
anon network derived from Amira Spatial Graph
---------------------------------------------

Importing network data ...
Tissue Dimensions (x,y,z) = 34810 um x 34738 um x 1145 um
nsol = 4
nnodbc = 2
No. of segments = 32031 
No. of nodes = 23645 
No. of boundary nodes = 2 

Analysing network edges ...
No. of edges = 24215 
Edge lengths = 258.406 ± 184.849 um
Edge diameters = 8.868 ± 12.096 um
Length / diameter ratio = 364.854 ± 629.760 um
> Setting stack size ...


-----------------
Blood Flow Module
-----------------

Cloning vascular network ...

Finding articulation points ...
No. of articulation points = 2 
% of total nodes = 0.008 

Finding dead ends ...
No. of dead end segments = 0 
% of total segments = 0 

Assigning rheological parameters ...

Simulating blood flow ...

Full boundary conditions detected -> Running full solver ...
Computing conductance matrix, M ...
Computing K matrix ...
Assigning boundary conditions ...
Solving linear system ...


----------------------- Analysing vascular flow -----------------------

Assigning rheological parameters ...
Blood pressure = 36.137367 ± 13.745831 mmHg
Arteriole pressure = 51.999996 ± 0.000002 mmHg
Capillary pressure = 36.000001 ± 0.000001 mmHg
Venule pressure = 20.000005 ± 0.000003 mmHg
Blood flow = 0.000009 ± 0.000057 nl/min
Arteriole flow = 0.000011 ± 0.000064 nl/min
Capillary flow = 0.000000 ± 0.000000 nl/min
Venule flow = 0.000012 ± 0.000068 nl/min
Blood velocity = 0.000045 ± 0.000108 mm/s
Arteriole velocity = 0.000000 ± 0.000000 mm/s
Capillary velocity = 0.000170 ± 0.000154 mm/s
Venule velocity = 0.000000 ± 0.000000 mm/s
Vessel Wall Shear Stress = 3.173085 ± 7.736436 dyn/cm2
Arteriole WSS = 0.000024 ± 0.000071 dyn/cm2
Capillary WSS = 12.116895 ± 10.963252 dyn/cm2
Venule WSS = 0.000026 ± 0.000052 dyn/cm2
Reynolds number = 0.000000 ± 0.000000
Vascular segment transit time = 36187552.704364 ± 71587274.920832 s
Setting build directory ...
Setting build directory ...
Directory does not exist. Creating folder ...
> Loading network...
Reading /home/vamshis/temp/reanimate_temp_08738511/reanimate.dat ...


---------------------------------------------
anon network derived from Amira Spatial Graph
---------------------------------------------

Importing network data ...
Tissue Dimensions (x,y,z) = 34810 um x 34738 um x 1122 um
nsol = 4
nnodbc = 2
No. of segments = 32269 
No. of nodes = 23847 
No. of boundary nodes = 2 

Analysing network edges ...
No. of edges = 24340 
Edge lengths = 257.596 ± 187.706 um
Edge diameters = 8.242 ± 11.269 um
Length / diameter ratio = 358.885 ± 612.088 um
> Setting stack size ...


-----------------
Blood Flow Module
-----------------

Cloning vascular network ...

Finding articulation points ...
No. of articulation points = 2 
% of total nodes = 0.008 

Finding dead ends ...
No. of dead end segments = 0 
% of total segments = 0 

Assigning rheological parameters ...

Simulating blood flow ...

Full boundary conditions detected -> Running full solver ...
Computing conductance matrix, M ...
Computing K matrix ...
Assigning boundary conditions ...
Solving linear system ...


----------------------- Analysing vascular flow -----------------------

Assigning rheological parameters ...
Blood pressure = 36.141311 ± 13.753383 mmHg
Arteriole pressure = 51.999993 ± 0.000004 mmHg
Capillary pressure = 35.999999 ± 0.000002 mmHg
Venule pressure = 20.000005 ± 0.000003 mmHg
Blood flow = 0.000009 ± 0.000059 nl/min
Arteriole flow = 0.000012 ± 0.000064 nl/min
Capillary flow = 0.000000 ± 0.000000 nl/min
Venule flow = 0.000013 ± 0.000072 nl/min
Blood velocity = 0.000045 ± 0.000109 mm/s
Arteriole velocity = 0.000000 ± 0.000000 mm/s
Capillary velocity = 0.000173 ± 0.000154 mm/s
Venule velocity = 0.000000 ± 0.000000 mm/s
Vessel Wall Shear Stress = 3.214436 ± 7.800897 dyn/cm2
Arteriole WSS = 0.000035 ± 0.000069 dyn/cm2
Capillary WSS = 12.313137 ± 11.003698 dyn/cm2
Venule WSS = 0.000028 ± 0.000059 dyn/cm2
Reynolds number = 0.000000 ± 0.000000
Vascular segment transit time = 31322245.256191 ± 64222117.490838 s
Setting build directory ...
Setting build directory ...
Directory does not exist. Creating folder ...
> Loading network...
Reading /home/vamshis/temp/reanimate_temp_02110212/reanimate.dat ...


---------------------------------------------
anon network derived from Amira Spatial Graph
---------------------------------------------

Importing network data ...
Tissue Dimensions (x,y,z) = 34810 um x 34738 um x 1145 um
nsol = 4
nnodbc = 2
No. of segments = 32031 
No. of nodes = 23645 
No. of boundary nodes = 2 

Analysing network edges ...
No. of edges = 24215 
Edge lengths = 258.406 ± 184.849 um
Edge diameters = 8.868 ± 12.096 um
Length / diameter ratio = 364.854 ± 629.760 um
> Setting stack size ...


-----------------
Blood Flow Module
-----------------

Cloning vascular network ...

Finding articulation points ...
No. of articulation points = 2 
% of total nodes = 0.008 

Finding dead ends ...
No. of dead end segments = 0 
% of total segments = 0 

Assigning rheological parameters ...

Simulating blood flow ...

Full boundary conditions detected -> Running full solver ...
Computing conductance matrix, M ...
Computing K matrix ...
Assigning boundary conditions ...
Solving linear system ...


----------------------- Analysing vascular flow -----------------------

Assigning rheological parameters ...
Blood pressure = 36.137367 ± 13.745831 mmHg
Arteriole pressure = 51.999996 ± 0.000002 mmHg
Capillary pressure = 36.000001 ± 0.000001 mmHg
Venule pressure = 20.000005 ± 0.000003 mmHg
Blood flow = 0.000009 ± 0.000057 nl/min
Arteriole flow = 0.000011 ± 0.000064 nl/min
Capillary flow = 0.000000 ± 0.000000 nl/min
Venule flow = 0.000012 ± 0.000068 nl/min
Blood velocity = 0.000045 ± 0.000108 mm/s
Arteriole velocity = 0.000000 ± 0.000000 mm/s
Capillary velocity = 0.000170 ± 0.000154 mm/s
Venule velocity = 0.000000 ± 0.000000 mm/s
Vessel Wall Shear Stress = 3.173085 ± 7.736436 dyn/cm2
Arteriole WSS = 0.000024 ± 0.000071 dyn/cm2
Capillary WSS = 12.116895 ± 10.963253 dyn/cm2
Venule WSS = 0.000026 ± 0.000052 dyn/cm2
Reynolds number = 0.000000 ± 0.000000
Vascular segment transit time = 36187550.919118 ± 71587269.505011 s
