==========================================
SLURM_CLUSTER_NAME = paramprabha
SLURM_JOB_ACCOUNT = cdac
SLURM_JOB_ID = 188362
SLURM_JOB_NAME = RETINASIM-HPC
SLURM_JOB_NODELIST = rpcn[304-313]
SLURM_JOB_USER = vamshis
SLURM_JOB_UID = 52008
SLURM_JOB_PARTITION = standard
SLURM_TASK_PID = 2851963
SLURM_SUBMIT_DIR = /home/vamshis/miniconda3/envs/retina/lib/python3.8/site-packages/retinasim
SLURM_CPUS_ON_NODE = 1
SLURM_NTASKS = 10
SLURM_TASK_PID = 2851963
==========================================
Setting build directory ...
Setting build directory ...
Directory does not exist. Creating folder ...
> Loading network...
Reading /home/vamshis/temp/reanimate_temp_04604691/reanimate.dat ...


---------------------------------------------
anon network derived from Amira Spatial Graph
---------------------------------------------

Importing network data ...
Tissue Dimensions (x,y,z) = 34810 um x 34738 um x 1131 um
nsol = 4
nnodbc = 2
No. of segments = 32122 
No. of nodes = 23735 
No. of boundary nodes = 2 

Analysing network edges ...
No. of edges = 24245 
Edge lengths = 258.528 ± 185.940 um
Edge diameters = 8.285 ± 11.406 um
Length / diameter ratio = 364.874 ± 630.745 um
> Setting stack size ...


-----------------
Blood Flow Module
-----------------

Cloning vascular network ...

Finding articulation points ...
No. of articulation points = 2 
% of total nodes = 0.008 

Finding dead ends ...
No. of dead end segments = 0 
% of total segments = 0 

Assigning rheological parameters ...

Simulating blood flow ...

Full boundary conditions detected -> Running full solver ...
Computing conductance matrix, M ...
Computing K matrix ...
Assigning boundary conditions ...
Solving linear system ...


----------------------- Analysing vascular flow -----------------------

Assigning rheological parameters ...
Blood pressure = 36.090153 ± 13.752836 mmHg
Arteriole pressure = 51.999991 ± 0.000006 mmHg
Capillary pressure = 35.999995 ± 0.000004 mmHg
Venule pressure = 20.000004 ± 0.000002 mmHg
Blood flow = 0.000009 ± 0.000056 nl/min
Arteriole flow = 0.000011 ± 0.000064 nl/min
Capillary flow = 0.000000 ± 0.000000 nl/min
Venule flow = 0.000012 ± 0.000066 nl/min
Blood velocity = 0.000045 ± 0.000115 mm/s
Arteriole velocity = 0.000001 ± 0.000001 mm/s
Capillary velocity = 0.000173 ± 0.000168 mm/s
Venule velocity = 0.000000 ± 0.000000 mm/s
Vessel Wall Shear Stress = 3.220486 ± 8.183316 dyn/cm2
Arteriole WSS = 0.000050 ± 0.000119 dyn/cm2
Capillary WSS = 12.331340 ± 12.003333 dyn/cm2
Venule WSS = 0.000021 ± 0.000048 dyn/cm2
Reynolds number = 0.000000 ± 0.000000
Vascular segment transit time = 32457694.621898 ± 70378526.316714 s
Setting build directory ...
Setting build directory ...
Directory does not exist. Creating folder ...
> Loading network...
Reading /home/vamshis/temp/reanimate_temp_03314486/reanimate.dat ...


---------------------------------------------
anon network derived from Amira Spatial Graph
---------------------------------------------

Importing network data ...
Tissue Dimensions (x,y,z) = 34810 um x 34738 um x 1120 um
nsol = 4
nnodbc = 2
No. of segments = 32281 
No. of nodes = 23902 
No. of boundary nodes = 2 

Analysing network edges ...
No. of edges = 24204 
Edge lengths = 258.743 ± 187.621 um
Edge diameters = 8.763 ± 12.205 um
Length / diameter ratio = 360.985 ± 622.023 um
> Setting stack size ...


-----------------
Blood Flow Module
-----------------

Cloning vascular network ...

Finding articulation points ...
No. of articulation points = 2 
% of total nodes = 0.008 

Finding dead ends ...
No. of dead end segments = 0 
% of total segments = 0 

Assigning rheological parameters ...

Simulating blood flow ...

Full boundary conditions detected -> Running full solver ...
Computing conductance matrix, M ...
Computing K matrix ...
Assigning boundary conditions ...
Solving linear system ...


----------------------- Analysing vascular flow -----------------------

Assigning rheological parameters ...
Blood pressure = 36.149683 ± 13.766589 mmHg
Arteriole pressure = 51.999992 ± 0.000004 mmHg
Capillary pressure = 35.999996 ± 0.000003 mmHg
Venule pressure = 20.000003 ± 0.000002 mmHg
Blood flow = 0.000009 ± 0.000054 nl/min
Arteriole flow = 0.000011 ± 0.000060 nl/min
Capillary flow = 0.000000 ± 0.000000 nl/min
Venule flow = 0.000012 ± 0.000065 nl/min
Blood velocity = 0.000045 ± 0.000112 mm/s
Arteriole velocity = 0.000001 ± 0.000001 mm/s
Capillary velocity = 0.000172 ± 0.000164 mm/s
Venule velocity = 0.000000 ± 0.000000 mm/s
Vessel Wall Shear Stress = 3.195089 ± 8.035912 dyn/cm2
Arteriole WSS = 0.000039 ± 0.000088 dyn/cm2
Capillary WSS = 12.306403 ± 11.687923 dyn/cm2
Venule WSS = 0.000019 ± 0.000048 dyn/cm2
Reynolds number = 0.000000 ± 0.000000
Vascular segment transit time = 35714860.422078 ± 80019039.059548 s
Setting build directory ...
Setting build directory ...
Directory does not exist. Creating folder ...
> Loading network...
Reading /home/vamshis/temp/reanimate_temp_05396339/reanimate.dat ...


---------------------------------------------
anon network derived from Amira Spatial Graph
---------------------------------------------

Importing network data ...
Tissue Dimensions (x,y,z) = 34810 um x 34738 um x 1161 um
nsol = 4
nnodbc = 2
No. of segments = 31981 
No. of nodes = 23655 
No. of boundary nodes = 2 

Analysing network edges ...
No. of edges = 24045 
Edge lengths = 259.068 ± 190.753 um
Edge diameters = 10.386 ± 14.210 um
Length / diameter ratio = 353.898 ± 611.933 um
> Setting stack size ...


-----------------
Blood Flow Module
-----------------

Cloning vascular network ...

Finding articulation points ...
No. of articulation points = 2 
% of total nodes = 0.008 

Finding dead ends ...
No. of dead end segments = 0 
% of total segments = 0 

Assigning rheological parameters ...

Simulating blood flow ...

Full boundary conditions detected -> Running full solver ...
Computing conductance matrix, M ...
Computing K matrix ...
Assigning boundary conditions ...
Solving linear system ...


----------------------- Analysing vascular flow -----------------------

Assigning rheological parameters ...
Blood pressure = 36.130577 ± 13.759551 mmHg
Arteriole pressure = 51.999997 ± 0.000001 mmHg
Capillary pressure = 35.999999 ± 0.000001 mmHg
Venule pressure = 20.000002 ± 0.000001 mmHg
Blood flow = 0.000009 ± 0.000058 nl/min
Arteriole flow = 0.000013 ± 0.000073 nl/min
Capillary flow = 0.000000 ± 0.000000 nl/min
Venule flow = 0.000011 ± 0.000062 nl/min
Blood velocity = 0.000044 ± 0.000105 mm/s
Arteriole velocity = 0.000000 ± 0.000000 mm/s
Capillary velocity = 0.000169 ± 0.000144 mm/s
Venule velocity = 0.000000 ± 0.000000 mm/s
Vessel Wall Shear Stress = 3.144233 ± 7.466964 dyn/cm2
Arteriole WSS = 0.000017 ± 0.000034 dyn/cm2
Capillary WSS = 12.074371 ± 10.309783 dyn/cm2
Venule WSS = 0.000013 ± 0.000025 dyn/cm2
Reynolds number = 0.000000 ± 0.000000
Vascular segment transit time = 49715927.678676 ± 100210324.788316 s
Setting build directory ...
Setting build directory ...
Directory does not exist. Creating folder ...
> Loading network...
Reading /home/vamshis/temp/reanimate_temp_01779318/reanimate.dat ...


---------------------------------------------
anon network derived from Amira Spatial Graph
---------------------------------------------

Importing network data ...
Tissue Dimensions (x,y,z) = 34810 um x 34738 um x 1089 um
nsol = 4
nnodbc = 2
No. of segments = 32386 
No. of nodes = 23906 
No. of boundary nodes = 2 

Analysing network edges ...
No. of edges = 24517 
Edge lengths = 254.887 ± 182.527 um
Edge diameters = 7.354 ± 10.153 um
Length / diameter ratio = 359.531 ± 600.503 um
> Setting stack size ...


-----------------
Blood Flow Module
-----------------

Cloning vascular network ...

Finding articulation points ...
No. of articulation points = 2 
% of total nodes = 0.008 

Finding dead ends ...
No. of dead end segments = 0 
% of total segments = 0 

Assigning rheological parameters ...

Simulating blood flow ...

Full boundary conditions detected -> Running full solver ...
Computing conductance matrix, M ...
Computing K matrix ...
Assigning boundary conditions ...
Solving linear system ...


----------------------- Analysing vascular flow -----------------------

Assigning rheological parameters ...
Blood pressure = 36.221322 ± 13.744428 mmHg
Arteriole pressure = 51.999981 ± 0.000012 mmHg
Capillary pressure = 35.999989 ± 0.000008 mmHg
Venule pressure = 20.000006 ± 0.000003 mmHg
Blood flow = 0.000009 ± 0.000060 nl/min
Arteriole flow = 0.000013 ± 0.000070 nl/min
Capillary flow = 0.000000 ± 0.000000 nl/min
Venule flow = 0.000013 ± 0.000069 nl/min
Blood velocity = 0.000046 ± 0.000113 mm/s
Arteriole velocity = 0.000001 ± 0.000001 mm/s
Capillary velocity = 0.000174 ± 0.000164 mm/s
Venule velocity = 0.000000 ± 0.000000 mm/s
Vessel Wall Shear Stress = 3.254689 ± 8.099131 dyn/cm2
Arteriole WSS = 0.000085 ± 0.000254 dyn/cm2
Capillary WSS = 12.426900 ± 11.682691 dyn/cm2
Venule WSS = 0.000030 ± 0.000057 dyn/cm2
Reynolds number = 0.000000 ± 0.000000
Vascular segment transit time = 25653757.058110 ± 64230288.638225 s
Setting build directory ...
Setting build directory ...
Directory does not exist. Creating folder ...
> Loading network...
Reading /home/vamshis/temp/reanimate_temp_09475150/reanimate.dat ...


---------------------------------------------
anon network derived from Amira Spatial Graph
---------------------------------------------

Importing network data ...
Tissue Dimensions (x,y,z) = 34810 um x 34738 um x 1136 um
nsol = 4
nnodbc = 2
No. of segments = 32230 
No. of nodes = 23825 
No. of boundary nodes = 2 

Analysing network edges ...
No. of edges = 24327 
Edge lengths = 256.750 ± 186.818 um
Edge diameters = 9.307 ± 12.960 um
Length / diameter ratio = 356.102 ± 612.129 um
> Setting stack size ...


-----------------
Blood Flow Module
-----------------

Cloning vascular network ...

Finding articulation points ...
No. of articulation points = 2 
% of total nodes = 0.008 

Finding dead ends ...
No. of dead end segments = 0 
% of total segments = 0 

Assigning rheological parameters ...

Simulating blood flow ...

Full boundary conditions detected -> Running full solver ...
Computing conductance matrix, M ...
Computing K matrix ...
Assigning boundary conditions ...
Solving linear system ...


----------------------- Analysing vascular flow -----------------------

Assigning rheological parameters ...
Blood pressure = 36.143467 ± 13.755332 mmHg
Arteriole pressure = 51.999995 ± 0.000003 mmHg
Capillary pressure = 35.999998 ± 0.000002 mmHg
Venule pressure = 20.000003 ± 0.000002 mmHg
Blood flow = 0.000010 ± 0.000063 nl/min
Arteriole flow = 0.000014 ± 0.000079 nl/min
Capillary flow = 0.000000 ± 0.000000 nl/min
Venule flow = 0.000012 ± 0.000067 nl/min
Blood velocity = 0.000045 ± 0.000110 mm/s
Arteriole velocity = 0.000000 ± 0.000000 mm/s
Capillary velocity = 0.000172 ± 0.000156 mm/s
Venule velocity = 0.000000 ± 0.000000 mm/s
Vessel Wall Shear Stress = 3.199290 ± 7.841315 dyn/cm2
Arteriole WSS = 0.000029 ± 0.000068 dyn/cm2
Capillary WSS = 12.265084 ± 11.159539 dyn/cm2
Venule WSS = 0.000016 ± 0.000032 dyn/cm2
Reynolds number = 0.000000 ± 0.000000
Vascular segment transit time = 39077738.716054 ± 82935464.896158 s
Setting build directory ...
Setting build directory ...
Directory does not exist. Creating folder ...
> Loading network...
Reading /home/vamshis/temp/reanimate_temp_07999771/reanimate.dat ...


---------------------------------------------
anon network derived from Amira Spatial Graph
---------------------------------------------

Importing network data ...
Tissue Dimensions (x,y,z) = 34810 um x 34738 um x 1139 um
nsol = 4
nnodbc = 2
No. of segments = 32001 
No. of nodes = 23595 
No. of boundary nodes = 2 

Analysing network edges ...
No. of edges = 24295 
Edge lengths = 255.917 ± 183.032 um
Edge diameters = 9.387 ± 12.995 um
Length / diameter ratio = 350.328 ± 594.102 um
> Setting stack size ...


-----------------
Blood Flow Module
-----------------

Cloning vascular network ...

Finding articulation points ...
No. of articulation points = 2 
% of total nodes = 0.008 

Finding dead ends ...
No. of dead end segments = 0 
% of total segments = 0 

Assigning rheological parameters ...

Simulating blood flow ...

Full boundary conditions detected -> Running full solver ...
Computing conductance matrix, M ...
Computing K matrix ...
Assigning boundary conditions ...
Solving linear system ...


----------------------- Analysing vascular flow -----------------------

Assigning rheological parameters ...
Blood pressure = 36.164493 ± 13.737425 mmHg
Arteriole pressure = 51.999994 ± 0.000003 mmHg
Capillary pressure = 35.999997 ± 0.000002 mmHg
Venule pressure = 20.000002 ± 0.000001 mmHg
Blood flow = 0.000009 ± 0.000057 nl/min
Arteriole flow = 0.000012 ± 0.000066 nl/min
Capillary flow = 0.000000 ± 0.000000 nl/min
Venule flow = 0.000012 ± 0.000065 nl/min
Blood velocity = 0.000046 ± 0.000111 mm/s
Arteriole velocity = 0.000000 ± 0.000000 mm/s
Capillary velocity = 0.000173 ± 0.000158 mm/s
Venule velocity = 0.000000 ± 0.000000 mm/s
Vessel Wall Shear Stress = 3.249885 ± 7.932531 dyn/cm2
Arteriole WSS = 0.000031 ± 0.000059 dyn/cm2
Capillary WSS = 12.369056 ± 11.256381 dyn/cm2
Venule WSS = 0.000014 ± 0.000027 dyn/cm2
Reynolds number = 0.000000 ± 0.000000
Vascular segment transit time = 40936384.538586 ± 92230618.492396 s
Setting build directory ...
Setting build directory ...
Directory does not exist. Creating folder ...
> Loading network...
Reading /home/vamshis/temp/reanimate_temp_00981311/reanimate.dat ...


---------------------------------------------
anon network derived from Amira Spatial Graph
---------------------------------------------

Importing network data ...
Tissue Dimensions (x,y,z) = 34810 um x 34738 um x 1105 um
nsol = 4
nnodbc = 2
No. of segments = 32115 
No. of nodes = 23741 
No. of boundary nodes = 2 

Analysing network edges ...
No. of edges = 24225 
Edge lengths = 260.199 ± 187.109 um
Edge diameters = 8.383 ± 11.643 um
Length / diameter ratio = 367.824 ± 637.415 um
> Setting stack size ...


-----------------
Blood Flow Module
-----------------

Cloning vascular network ...

Finding articulation points ...
No. of articulation points = 2 
% of total nodes = 0.008 

Finding dead ends ...
No. of dead end segments = 0 
% of total segments = 0 

Assigning rheological parameters ...

Simulating blood flow ...

Full boundary conditions detected -> Running full solver ...
Computing conductance matrix, M ...
Computing K matrix ...
Assigning boundary conditions ...
Solving linear system ...


----------------------- Analysing vascular flow -----------------------

Assigning rheological parameters ...
Blood pressure = 36.180846 ± 13.755180 mmHg
Arteriole pressure = 51.999990 ± 0.000006 mmHg
Capillary pressure = 35.999995 ± 0.000004 mmHg
Venule pressure = 20.000003 ± 0.000002 mmHg
Blood flow = 0.000009 ± 0.000056 nl/min
Arteriole flow = 0.000012 ± 0.000064 nl/min
Capillary flow = 0.000000 ± 0.000000 nl/min
Venule flow = 0.000012 ± 0.000065 nl/min
Blood velocity = 0.000045 ± 0.000110 mm/s
Arteriole velocity = 0.000001 ± 0.000001 mm/s
Capillary velocity = 0.000170 ± 0.000160 mm/s
Venule velocity = 0.000000 ± 0.000000 mm/s
Vessel Wall Shear Stress = 3.159638 ± 7.892429 dyn/cm2
Arteriole WSS = 0.000049 ± 0.000157 dyn/cm2
Capillary WSS = 12.114486 ± 11.417404 dyn/cm2
Venule WSS = 0.000020 ± 0.000040 dyn/cm2
Reynolds number = 0.000000 ± 0.000000
Vascular segment transit time = 34031139.197899 ± 78923753.379754 s
Setting build directory ...
Setting build directory ...
Directory does not exist. Creating folder ...
> Loading network...
Reading /home/vamshis/temp/reanimate_temp_05601248/reanimate.dat ...


---------------------------------------------
anon network derived from Amira Spatial Graph
---------------------------------------------

Importing network data ...
Tissue Dimensions (x,y,z) = 34810 um x 34738 um x 1114 um
nsol = 4
nnodbc = 2
No. of segments = 32290 
No. of nodes = 23891 
No. of boundary nodes = 2 

Analysing network edges ...
No. of edges = 24275 
Edge lengths = 257.649 ± 187.219 um
Edge diameters = 9.107 ± 12.408 um
Length / diameter ratio = 356.691 ± 609.156 um
> Setting stack size ...


-----------------
Blood Flow Module
-----------------

Cloning vascular network ...

Finding articulation points ...
No. of articulation points = 2 
% of total nodes = 0.008 

Finding dead ends ...
No. of dead end segments = 0 
% of total segments = 0 

Assigning rheological parameters ...

Simulating blood flow ...

Full boundary conditions detected -> Running full solver ...
Computing conductance matrix, M ...
Computing K matrix ...
Assigning boundary conditions ...
Solving linear system ...


----------------------- Analysing vascular flow -----------------------

Assigning rheological parameters ...
Blood pressure = 36.167978 ± 13.761292 mmHg
Arteriole pressure = 51.999996 ± 0.000002 mmHg
Capillary pressure = 36.000000 ± 0.000001 mmHg
Venule pressure = 20.000004 ± 0.000002 mmHg
Blood flow = 0.000009 ± 0.000058 nl/min
Arteriole flow = 0.000012 ± 0.000069 nl/min
Capillary flow = 0.000000 ± 0.000000 nl/min
Venule flow = 0.000012 ± 0.000064 nl/min
Blood velocity = 0.000045 ± 0.000110 mm/s
Arteriole velocity = 0.000000 ± 0.000000 mm/s
Capillary velocity = 0.000172 ± 0.000157 mm/s
Venule velocity = 0.000000 ± 0.000000 mm/s
Vessel Wall Shear Stress = 3.201689 ± 7.868214 dyn/cm2
Arteriole WSS = 0.000023 ± 0.000065 dyn/cm2
Capillary WSS = 12.305916 ± 11.221585 dyn/cm2
Venule WSS = 0.000021 ± 0.000047 dyn/cm2
Reynolds number = 0.000000 ± 0.000000
Vascular segment transit time = 37788991.601610 ± 75872395.505697 s
Setting build directory ...
Setting build directory ...
Directory does not exist. Creating folder ...
> Loading network...
Reading /home/vamshis/temp/reanimate_temp_03115605/reanimate.dat ...


---------------------------------------------
anon network derived from Amira Spatial Graph
---------------------------------------------

Importing network data ...
Tissue Dimensions (x,y,z) = 34810 um x 34738 um x 1110 um
nsol = 4
nnodbc = 2
No. of segments = 32430 
No. of nodes = 24029 
No. of boundary nodes = 2 

Analysing network edges ...
No. of edges = 24297 
Edge lengths = 260.624 ± 190.583 um
Edge diameters = 8.554 ± 11.598 um
Length / diameter ratio = 368.086 ± 643.117 um
> Setting stack size ...


-----------------
Blood Flow Module
-----------------

Cloning vascular network ...

Finding articulation points ...
No. of articulation points = 2 
% of total nodes = 0.008 

Finding dead ends ...
No. of dead end segments = 0 
% of total segments = 0 

Assigning rheological parameters ...

Simulating blood flow ...

Full boundary conditions detected -> Running full solver ...
Computing conductance matrix, M ...
Computing K matrix ...
Assigning boundary conditions ...
Solving linear system ...


----------------------- Analysing vascular flow -----------------------

Assigning rheological parameters ...
Blood pressure = 36.063645 ± 13.772038 mmHg
Arteriole pressure = 51.999995 ± 0.000003 mmHg
Capillary pressure = 36.000001 ± 0.000002 mmHg
Venule pressure = 20.000005 ± 0.000003 mmHg
Blood flow = 0.000009 ± 0.000059 nl/min
Arteriole flow = 0.000013 ± 0.000069 nl/min
Capillary flow = 0.000000 ± 0.000000 nl/min
Venule flow = 0.000012 ± 0.000067 nl/min
Blood velocity = 0.000044 ± 0.000109 mm/s
Arteriole velocity = 0.000000 ± 0.000000 mm/s
Capillary velocity = 0.000170 ± 0.000156 mm/s
Venule velocity = 0.000000 ± 0.000000 mm/s
Vessel Wall Shear Stress = 3.149721 ± 7.769451 dyn/cm2
Arteriole WSS = 0.000027 ± 0.000060 dyn/cm2
Capillary WSS = 12.155752 ± 11.113014 dyn/cm2
Venule WSS = 0.000028 ± 0.000066 dyn/cm2
Reynolds number = 0.000000 ± 0.000000
Vascular segment transit time = 33599490.401590 ± 68719969.035664 s
Setting build directory ...
Setting build directory ...
Directory does not exist. Creating folder ...
> Loading network...
Reading /home/vamshis/temp/reanimate_temp_03357106/reanimate.dat ...


---------------------------------------------
anon network derived from Amira Spatial Graph
---------------------------------------------

Importing network data ...
Tissue Dimensions (x,y,z) = 34810 um x 34738 um x 1113 um
nsol = 4
nnodbc = 2
No. of segments = 32085 
No. of nodes = 23721 
No. of boundary nodes = 2 

Analysing network edges ...
No. of edges = 24196 
Edge lengths = 259.239 ± 190.238 um
Edge diameters = 8.832 ± 12.018 um
Length / diameter ratio = 360.630 ± 624.681 um
> Setting stack size ...


-----------------
Blood Flow Module
-----------------

Cloning vascular network ...

Finding articulation points ...
No. of articulation points = 2 
% of total nodes = 0.008 

Finding dead ends ...
No. of dead end segments = 0 
% of total segments = 0 

Assigning rheological parameters ...

Simulating blood flow ...

Full boundary conditions detected -> Running full solver ...
Computing conductance matrix, M ...
Computing K matrix ...
Assigning boundary conditions ...
Solving linear system ...


----------------------- Analysing vascular flow -----------------------

Assigning rheological parameters ...
Blood pressure = 36.069316 ± 13.756827 mmHg
Arteriole pressure = 51.999996 ± 0.000003 mmHg
Capillary pressure = 36.000000 ± 0.000001 mmHg
Venule pressure = 20.000005 ± 0.000003 mmHg
Blood flow = 0.000009 ± 0.000058 nl/min
Arteriole flow = 0.000012 ± 0.000067 nl/min
Capillary flow = 0.000000 ± 0.000000 nl/min
Venule flow = 0.000012 ± 0.000067 nl/min
Blood velocity = 0.000045 ± 0.000111 mm/s
Arteriole velocity = 0.000000 ± 0.000000 mm/s
Capillary velocity = 0.000172 ± 0.000159 mm/s
Venule velocity = 0.000000 ± 0.000000 mm/s
Vessel Wall Shear Stress = 3.203522 ± 7.908221 dyn/cm2
Arteriole WSS = 0.000025 ± 0.000047 dyn/cm2
Capillary WSS = 12.285968 ± 11.325748 dyn/cm2
Venule WSS = 0.000024 ± 0.000048 dyn/cm2
Reynolds number = 0.000000 ± 0.000000
Vascular segment transit time = 35764447.819464 ± 72062095.718059 s
Setting build directory ...
Setting build directory ...
Directory does not exist. Creating folder ...
> Loading network...
Reading /home/vamshis/temp/reanimate_temp_04592143/reanimate.dat ...


---------------------------------------------
anon network derived from Amira Spatial Graph
---------------------------------------------

Importing network data ...
Tissue Dimensions (x,y,z) = 34810 um x 34738 um x 1089 um
nsol = 4
nnodbc = 2
No. of segments = 32386 
No. of nodes = 23906 
No. of boundary nodes = 2 

Analysing network edges ...
No. of edges = 24517 
Edge lengths = 254.887 ± 182.527 um
Edge diameters = 7.354 ± 10.153 um
Length / diameter ratio = 359.531 ± 600.503 um
> Setting stack size ...


-----------------
Blood Flow Module
-----------------

Cloning vascular network ...

Finding articulation points ...
No. of articulation points = 2 
% of total nodes = 0.008 

Finding dead ends ...
No. of dead end segments = 0 
% of total segments = 0 

Assigning rheological parameters ...

Simulating blood flow ...

Full boundary conditions detected -> Running full solver ...
Computing conductance matrix, M ...
Computing K matrix ...
Assigning boundary conditions ...
Solving linear system ...


----------------------- Analysing vascular flow -----------------------

Assigning rheological parameters ...
Blood pressure = 36.221322 ± 13.744428 mmHg
Arteriole pressure = 51.999981 ± 0.000012 mmHg
Capillary pressure = 35.999989 ± 0.000008 mmHg
Venule pressure = 20.000006 ± 0.000003 mmHg
Blood flow = 0.000009 ± 0.000060 nl/min
Arteriole flow = 0.000013 ± 0.000070 nl/min
Capillary flow = 0.000000 ± 0.000000 nl/min
Venule flow = 0.000013 ± 0.000069 nl/min
Blood velocity = 0.000046 ± 0.000113 mm/s
Arteriole velocity = 0.000001 ± 0.000001 mm/s
Capillary velocity = 0.000174 ± 0.000164 mm/s
Venule velocity = 0.000000 ± 0.000000 mm/s
Vessel Wall Shear Stress = 3.254689 ± 8.099131 dyn/cm2
Arteriole WSS = 0.000085 ± 0.000254 dyn/cm2
Capillary WSS = 12.426900 ± 11.682691 dyn/cm2
Venule WSS = 0.000030 ± 0.000057 dyn/cm2
Reynolds number = 0.000000 ± 0.000000
Vascular segment transit time = 25653755.407831 ± 64230284.968700 s
Setting build directory ...
Setting build directory ...
Directory does not exist. Creating folder ...
> Loading network...
Reading /home/vamshis/temp/reanimate_temp_09740811/reanimate.dat ...


---------------------------------------------
anon network derived from Amira Spatial Graph
---------------------------------------------

Importing network data ...
Tissue Dimensions (x,y,z) = 34810 um x 34738 um x 1161 um
nsol = 4
nnodbc = 2
No. of segments = 31981 
No. of nodes = 23655 
No. of boundary nodes = 2 

Analysing network edges ...
No. of edges = 24045 
Edge lengths = 259.068 ± 190.753 um
Edge diameters = 10.386 ± 14.210 um
Length / diameter ratio = 353.898 ± 611.933 um
> Setting stack size ...


-----------------
Blood Flow Module
-----------------

Cloning vascular network ...

Finding articulation points ...
No. of articulation points = 2 
% of total nodes = 0.008 

Finding dead ends ...
No. of dead end segments = 0 
% of total segments = 0 

Assigning rheological parameters ...

Simulating blood flow ...

Full boundary conditions detected -> Running full solver ...
Computing conductance matrix, M ...
Computing K matrix ...
Assigning boundary conditions ...
Solving linear system ...


----------------------- Analysing vascular flow -----------------------

Assigning rheological parameters ...
Blood pressure = 36.130577 ± 13.759551 mmHg
Arteriole pressure = 51.999997 ± 0.000001 mmHg
Capillary pressure = 35.999999 ± 0.000001 mmHg
Venule pressure = 20.000002 ± 0.000001 mmHg
Blood flow = 0.000009 ± 0.000058 nl/min
Arteriole flow = 0.000013 ± 0.000073 nl/min
Capillary flow = 0.000000 ± 0.000000 nl/min
Venule flow = 0.000011 ± 0.000062 nl/min
Blood velocity = 0.000044 ± 0.000105 mm/s
Arteriole velocity = 0.000000 ± 0.000000 mm/s
Capillary velocity = 0.000169 ± 0.000144 mm/s
Venule velocity = 0.000000 ± 0.000000 mm/s
Vessel Wall Shear Stress = 3.144233 ± 7.466964 dyn/cm2
Arteriole WSS = 0.000017 ± 0.000034 dyn/cm2
Capillary WSS = 12.074371 ± 10.309783 dyn/cm2
Venule WSS = 0.000013 ± 0.000025 dyn/cm2
Reynolds number = 0.000000 ± 0.000000
Vascular segment transit time = 49715924.623262 ± 100210319.539756 s
Setting build directory ...
Setting build directory ...
Directory does not exist. Creating folder ...
> Loading network...
Reading /home/vamshis/temp/reanimate_temp_06171064/reanimate.dat ...


---------------------------------------------
anon network derived from Amira Spatial Graph
---------------------------------------------

Importing network data ...
Tissue Dimensions (x,y,z) = 34810 um x 34738 um x 1131 um
nsol = 4
nnodbc = 2
No. of segments = 32122 
No. of nodes = 23735 
No. of boundary nodes = 2 

Analysing network edges ...
No. of edges = 24245 
Edge lengths = 258.528 ± 185.940 um
Edge diameters = 8.285 ± 11.406 um
Length / diameter ratio = 364.874 ± 630.745 um
> Setting stack size ...


-----------------
Blood Flow Module
-----------------

Cloning vascular network ...

Finding articulation points ...
No. of articulation points = 2 
% of total nodes = 0.008 

Finding dead ends ...
No. of dead end segments = 0 
% of total segments = 0 

Assigning rheological parameters ...

Simulating blood flow ...

Full boundary conditions detected -> Running full solver ...
Computing conductance matrix, M ...
Computing K matrix ...
Assigning boundary conditions ...
Solving linear system ...


----------------------- Analysing vascular flow -----------------------

Assigning rheological parameters ...
Blood pressure = 36.090153 ± 13.752836 mmHg
Arteriole pressure = 51.999991 ± 0.000006 mmHg
Capillary pressure = 35.999995 ± 0.000004 mmHg
Venule pressure = 20.000004 ± 0.000002 mmHg
Blood flow = 0.000009 ± 0.000056 nl/min
Arteriole flow = 0.000011 ± 0.000064 nl/min
Capillary flow = 0.000000 ± 0.000000 nl/min
Venule flow = 0.000012 ± 0.000066 nl/min
Blood velocity = 0.000045 ± 0.000115 mm/s
Arteriole velocity = 0.000001 ± 0.000001 mm/s
Capillary velocity = 0.000173 ± 0.000168 mm/s
Venule velocity = 0.000000 ± 0.000000 mm/s
Vessel Wall Shear Stress = 3.220486 ± 8.183316 dyn/cm2
Arteriole WSS = 0.000050 ± 0.000119 dyn/cm2
Capillary WSS = 12.331340 ± 12.003333 dyn/cm2
Venule WSS = 0.000021 ± 0.000048 dyn/cm2
Reynolds number = 0.000000 ± 0.000000
Vascular segment transit time = 32457691.933545 ± 70378521.599741 s
Setting build directory ...
Setting build directory ...
Directory does not exist. Creating folder ...
> Loading network...
Reading /home/vamshis/temp/reanimate_temp_08581429/reanimate.dat ...


---------------------------------------------
anon network derived from Amira Spatial Graph
---------------------------------------------

Importing network data ...
Tissue Dimensions (x,y,z) = 34810 um x 34738 um x 1120 um
nsol = 4
nnodbc = 2
No. of segments = 32281 
No. of nodes = 23902 
No. of boundary nodes = 2 

Analysing network edges ...
No. of edges = 24204 
Edge lengths = 258.743 ± 187.621 um
Edge diameters = 8.763 ± 12.205 um
Length / diameter ratio = 360.985 ± 622.023 um
> Setting stack size ...


-----------------
Blood Flow Module
-----------------

Cloning vascular network ...

Finding articulation points ...
No. of articulation points = 2 
% of total nodes = 0.008 

Finding dead ends ...
No. of dead end segments = 0 
% of total segments = 0 

Assigning rheological parameters ...

Simulating blood flow ...

Full boundary conditions detected -> Running full solver ...
Computing conductance matrix, M ...
Computing K matrix ...
Assigning boundary conditions ...
Solving linear system ...


----------------------- Analysing vascular flow -----------------------

Assigning rheological parameters ...
Blood pressure = 36.149683 ± 13.766589 mmHg
Arteriole pressure = 51.999992 ± 0.000004 mmHg
Capillary pressure = 35.999996 ± 0.000003 mmHg
Venule pressure = 20.000003 ± 0.000002 mmHg
Blood flow = 0.000009 ± 0.000054 nl/min
Arteriole flow = 0.000011 ± 0.000060 nl/min
Capillary flow = 0.000000 ± 0.000000 nl/min
Venule flow = 0.000012 ± 0.000065 nl/min
Blood velocity = 0.000045 ± 0.000112 mm/s
Arteriole velocity = 0.000001 ± 0.000001 mm/s
Capillary velocity = 0.000172 ± 0.000164 mm/s
Venule velocity = 0.000000 ± 0.000000 mm/s
Vessel Wall Shear Stress = 3.195089 ± 8.035912 dyn/cm2
Arteriole WSS = 0.000039 ± 0.000088 dyn/cm2
Capillary WSS = 12.306403 ± 11.687923 dyn/cm2
Venule WSS = 0.000019 ± 0.000048 dyn/cm2
Reynolds number = 0.000000 ± 0.000000
Vascular segment transit time = 35714858.057687 ± 80019034.546419 s
Setting build directory ...
Setting build directory ...
Directory does not exist. Creating folder ...
> Loading network...
Reading /home/vamshis/temp/reanimate_temp_09516621/reanimate.dat ...


---------------------------------------------
anon network derived from Amira Spatial Graph
---------------------------------------------

Importing network data ...
Tissue Dimensions (x,y,z) = 34810 um x 34738 um x 1114 um
nsol = 4
nnodbc = 2
No. of segments = 32290 
No. of nodes = 23891 
No. of boundary nodes = 2 

Analysing network edges ...
No. of edges = 24275 
Edge lengths = 257.649 ± 187.219 um
Edge diameters = 9.107 ± 12.408 um
Length / diameter ratio = 356.691 ± 609.156 um
> Setting stack size ...


-----------------
Blood Flow Module
-----------------

Cloning vascular network ...

Finding articulation points ...
No. of articulation points = 2 
% of total nodes = 0.008 

Finding dead ends ...
No. of dead end segments = 0 
% of total segments = 0 

Assigning rheological parameters ...

Simulating blood flow ...

Full boundary conditions detected -> Running full solver ...
Computing conductance matrix, M ...
Computing K matrix ...
Assigning boundary conditions ...
Solving linear system ...


----------------------- Analysing vascular flow -----------------------

Assigning rheological parameters ...
Blood pressure = 36.167978 ± 13.761292 mmHg
Arteriole pressure = 51.999996 ± 0.000002 mmHg
Capillary pressure = 36.000000 ± 0.000001 mmHg
Venule pressure = 20.000004 ± 0.000002 mmHg
Blood flow = 0.000009 ± 0.000058 nl/min
Arteriole flow = 0.000012 ± 0.000069 nl/min
Capillary flow = 0.000000 ± 0.000000 nl/min
Venule flow = 0.000012 ± 0.000064 nl/min
Blood velocity = 0.000045 ± 0.000110 mm/s
Arteriole velocity = 0.000000 ± 0.000000 mm/s
Capillary velocity = 0.000172 ± 0.000157 mm/s
Venule velocity = 0.000000 ± 0.000000 mm/s
Vessel Wall Shear Stress = 3.201689 ± 7.868214 dyn/cm2
Arteriole WSS = 0.000023 ± 0.000065 dyn/cm2
Capillary WSS = 12.305916 ± 11.221585 dyn/cm2
Venule WSS = 0.000021 ± 0.000047 dyn/cm2
Reynolds number = 0.000000 ± 0.000000
Vascular segment transit time = 37788989.253408 ± 75872390.890221 s
Setting build directory ...
Setting build directory ...
Directory does not exist. Creating folder ...
> Loading network...
Reading /home/vamshis/temp/reanimate_temp_08719143/reanimate.dat ...


---------------------------------------------
anon network derived from Amira Spatial Graph
---------------------------------------------

Importing network data ...
Tissue Dimensions (x,y,z) = 34810 um x 34738 um x 1136 um
nsol = 4
nnodbc = 2
No. of segments = 32230 
No. of nodes = 23825 
No. of boundary nodes = 2 

Analysing network edges ...
No. of edges = 24327 
Edge lengths = 256.750 ± 186.818 um
Edge diameters = 9.307 ± 12.960 um
Length / diameter ratio = 356.102 ± 612.129 um
> Setting stack size ...


-----------------
Blood Flow Module
-----------------

Cloning vascular network ...

Finding articulation points ...
No. of articulation points = 2 
% of total nodes = 0.008 

Finding dead ends ...
No. of dead end segments = 0 
% of total segments = 0 

Assigning rheological parameters ...

Simulating blood flow ...

Full boundary conditions detected -> Running full solver ...
Computing conductance matrix, M ...
Computing K matrix ...
Assigning boundary conditions ...
Solving linear system ...


----------------------- Analysing vascular flow -----------------------

Assigning rheological parameters ...
Blood pressure = 36.143467 ± 13.755332 mmHg
Arteriole pressure = 51.999995 ± 0.000003 mmHg
Capillary pressure = 35.999998 ± 0.000002 mmHg
Venule pressure = 20.000003 ± 0.000002 mmHg
Blood flow = 0.000010 ± 0.000063 nl/min
Arteriole flow = 0.000014 ± 0.000079 nl/min
Capillary flow = 0.000000 ± 0.000000 nl/min
Venule flow = 0.000012 ± 0.000067 nl/min
Blood velocity = 0.000045 ± 0.000110 mm/s
Arteriole velocity = 0.000000 ± 0.000000 mm/s
Capillary velocity = 0.000172 ± 0.000156 mm/s
Venule velocity = 0.000000 ± 0.000000 mm/s
Vessel Wall Shear Stress = 3.199290 ± 7.841315 dyn/cm2
Arteriole WSS = 0.000029 ± 0.000068 dyn/cm2
Capillary WSS = 12.265084 ± 11.159539 dyn/cm2
Venule WSS = 0.000016 ± 0.000032 dyn/cm2
Reynolds number = 0.000000 ± 0.000000
Vascular segment transit time = 39077734.291191 ± 82935459.791036 s
Setting build directory ...
Setting build directory ...
Directory does not exist. Creating folder ...
> Loading network...
Reading /home/vamshis/temp/reanimate_temp_02207420/reanimate.dat ...


---------------------------------------------
anon network derived from Amira Spatial Graph
---------------------------------------------

Importing network data ...
Tissue Dimensions (x,y,z) = 34810 um x 34738 um x 1139 um
nsol = 4
nnodbc = 2
No. of segments = 32001 
No. of nodes = 23595 
No. of boundary nodes = 2 

Analysing network edges ...
No. of edges = 24295 
Edge lengths = 255.917 ± 183.032 um
Edge diameters = 9.387 ± 12.995 um
Length / diameter ratio = 350.328 ± 594.102 um
> Setting stack size ...


-----------------
Blood Flow Module
-----------------

Cloning vascular network ...

Finding articulation points ...
No. of articulation points = 2 
% of total nodes = 0.008 

Finding dead ends ...
No. of dead end segments = 0 
% of total segments = 0 

Assigning rheological parameters ...

Simulating blood flow ...

Full boundary conditions detected -> Running full solver ...
Computing conductance matrix, M ...
Computing K matrix ...
Assigning boundary conditions ...
Solving linear system ...


----------------------- Analysing vascular flow -----------------------

Assigning rheological parameters ...
Blood pressure = 36.164493 ± 13.737425 mmHg
Arteriole pressure = 51.999994 ± 0.000003 mmHg
Capillary pressure = 35.999997 ± 0.000002 mmHg
Venule pressure = 20.000002 ± 0.000001 mmHg
Blood flow = 0.000009 ± 0.000057 nl/min
Arteriole flow = 0.000012 ± 0.000066 nl/min
Capillary flow = 0.000000 ± 0.000000 nl/min
Venule flow = 0.000012 ± 0.000065 nl/min
Blood velocity = 0.000046 ± 0.000111 mm/s
Arteriole velocity = 0.000000 ± 0.000000 mm/s
Capillary velocity = 0.000173 ± 0.000158 mm/s
Venule velocity = 0.000000 ± 0.000000 mm/s
Vessel Wall Shear Stress = 3.249885 ± 7.932531 dyn/cm2
Arteriole WSS = 0.000031 ± 0.000059 dyn/cm2
Capillary WSS = 12.369057 ± 11.256382 dyn/cm2
Venule WSS = 0.000014 ± 0.000027 dyn/cm2
Reynolds number = 0.000000 ± 0.000000
Vascular segment transit time = 40936381.607114 ± 92230609.990494 s
Setting build directory ...
Setting build directory ...
Directory does not exist. Creating folder ...
> Loading network...
Reading /home/vamshis/temp/reanimate_temp_08075674/reanimate.dat ...


---------------------------------------------
anon network derived from Amira Spatial Graph
---------------------------------------------

Importing network data ...
Tissue Dimensions (x,y,z) = 34810 um x 34738 um x 1110 um
nsol = 4
nnodbc = 2
No. of segments = 32430 
No. of nodes = 24029 
No. of boundary nodes = 2 

Analysing network edges ...
No. of edges = 24297 
Edge lengths = 260.624 ± 190.583 um
Edge diameters = 8.554 ± 11.598 um
Length / diameter ratio = 368.086 ± 643.117 um
> Setting stack size ...


-----------------
Blood Flow Module
-----------------

Cloning vascular network ...

Finding articulation points ...
No. of articulation points = 2 
% of total nodes = 0.008 

Finding dead ends ...
No. of dead end segments = 0 
% of total segments = 0 

Assigning rheological parameters ...

Simulating blood flow ...

Full boundary conditions detected -> Running full solver ...
Computing conductance matrix, M ...
Computing K matrix ...
Assigning boundary conditions ...
Solving linear system ...


----------------------- Analysing vascular flow -----------------------

Assigning rheological parameters ...
Blood pressure = 36.063645 ± 13.772038 mmHg
Arteriole pressure = 51.999995 ± 0.000003 mmHg
Capillary pressure = 36.000001 ± 0.000002 mmHg
Venule pressure = 20.000005 ± 0.000003 mmHg
Blood flow = 0.000009 ± 0.000059 nl/min
Arteriole flow = 0.000013 ± 0.000069 nl/min
Capillary flow = 0.000000 ± 0.000000 nl/min
Venule flow = 0.000012 ± 0.000067 nl/min
Blood velocity = 0.000044 ± 0.000109 mm/s
Arteriole velocity = 0.000000 ± 0.000000 mm/s
Capillary velocity = 0.000170 ± 0.000156 mm/s
Venule velocity = 0.000000 ± 0.000000 mm/s
Vessel Wall Shear Stress = 3.149721 ± 7.769452 dyn/cm2
Arteriole WSS = 0.000027 ± 0.000060 dyn/cm2
Capillary WSS = 12.155752 ± 11.113014 dyn/cm2
Venule WSS = 0.000028 ± 0.000066 dyn/cm2
Reynolds number = 0.000000 ± 0.000000
Vascular segment transit time = 33599488.297397 ± 68719965.326027 s
Setting build directory ...
Setting build directory ...
Directory does not exist. Creating folder ...
> Loading network...
Reading /home/vamshis/temp/reanimate_temp_01900329/reanimate.dat ...


---------------------------------------------
anon network derived from Amira Spatial Graph
---------------------------------------------

Importing network data ...
Tissue Dimensions (x,y,z) = 34810 um x 34738 um x 1113 um
nsol = 4
nnodbc = 2
No. of segments = 32085 
No. of nodes = 23721 
No. of boundary nodes = 2 

Analysing network edges ...
No. of edges = 24196 
Edge lengths = 259.239 ± 190.238 um
Edge diameters = 8.832 ± 12.018 um
Length / diameter ratio = 360.630 ± 624.681 um
> Setting stack size ...


-----------------
Blood Flow Module
-----------------

Cloning vascular network ...

Finding articulation points ...
No. of articulation points = 2 
% of total nodes = 0.008 

Finding dead ends ...
No. of dead end segments = 0 
% of total segments = 0 

Assigning rheological parameters ...

Simulating blood flow ...

Full boundary conditions detected -> Running full solver ...
Computing conductance matrix, M ...
Computing K matrix ...
Assigning boundary conditions ...
Solving linear system ...


----------------------- Analysing vascular flow -----------------------

Assigning rheological parameters ...
Blood pressure = 36.069316 ± 13.756827 mmHg
Arteriole pressure = 51.999996 ± 0.000003 mmHg
Capillary pressure = 36.000000 ± 0.000001 mmHg
Venule pressure = 20.000005 ± 0.000003 mmHg
Blood flow = 0.000009 ± 0.000058 nl/min
Arteriole flow = 0.000012 ± 0.000067 nl/min
Capillary flow = 0.000000 ± 0.000000 nl/min
Venule flow = 0.000012 ± 0.000067 nl/min
Blood velocity = 0.000045 ± 0.000111 mm/s
Arteriole velocity = 0.000000 ± 0.000000 mm/s
Capillary velocity = 0.000172 ± 0.000159 mm/s
Venule velocity = 0.000000 ± 0.000000 mm/s
Vessel Wall Shear Stress = 3.203522 ± 7.908221 dyn/cm2
Arteriole WSS = 0.000025 ± 0.000047 dyn/cm2
Capillary WSS = 12.285968 ± 11.325749 dyn/cm2
Venule WSS = 0.000024 ± 0.000048 dyn/cm2
Reynolds number = 0.000000 ± 0.000000
Vascular segment transit time = 35764445.351443 ± 72062091.136480 s
Setting build directory ...
Setting build directory ...
Directory does not exist. Creating folder ...
> Loading network...
Reading /home/vamshis/temp/reanimate_temp_01014192/reanimate.dat ...


---------------------------------------------
anon network derived from Amira Spatial Graph
---------------------------------------------

Importing network data ...
Tissue Dimensions (x,y,z) = 34810 um x 34738 um x 1105 um
nsol = 4
nnodbc = 2
No. of segments = 32115 
No. of nodes = 23741 
No. of boundary nodes = 2 

Analysing network edges ...
No. of edges = 24225 
Edge lengths = 260.199 ± 187.109 um
Edge diameters = 8.383 ± 11.643 um
Length / diameter ratio = 367.824 ± 637.415 um
> Setting stack size ...


-----------------
Blood Flow Module
-----------------

Cloning vascular network ...

Finding articulation points ...
No. of articulation points = 2 
% of total nodes = 0.008 

Finding dead ends ...
No. of dead end segments = 0 
% of total segments = 0 

Assigning rheological parameters ...

Simulating blood flow ...

Full boundary conditions detected -> Running full solver ...
Computing conductance matrix, M ...
Computing K matrix ...
Assigning boundary conditions ...
Solving linear system ...


----------------------- Analysing vascular flow -----------------------

Assigning rheological parameters ...
Blood pressure = 36.180846 ± 13.755180 mmHg
Arteriole pressure = 51.999990 ± 0.000006 mmHg
Capillary pressure = 35.999995 ± 0.000004 mmHg
Venule pressure = 20.000003 ± 0.000002 mmHg
Blood flow = 0.000009 ± 0.000056 nl/min
Arteriole flow = 0.000012 ± 0.000064 nl/min
Capillary flow = 0.000000 ± 0.000000 nl/min
Venule flow = 0.000012 ± 0.000065 nl/min
Blood velocity = 0.000045 ± 0.000110 mm/s
Arteriole velocity = 0.000001 ± 0.000001 mm/s
Capillary velocity = 0.000170 ± 0.000160 mm/s
Venule velocity = 0.000000 ± 0.000000 mm/s
Vessel Wall Shear Stress = 3.159638 ± 7.892429 dyn/cm2
Arteriole WSS = 0.000049 ± 0.000157 dyn/cm2
Capillary WSS = 12.114486 ± 11.417404 dyn/cm2
Venule WSS = 0.000020 ± 0.000040 dyn/cm2
Reynolds number = 0.000000 ± 0.000000
Vascular segment transit time = 34031137.177351 ± 78923748.632816 s
Setting build directory ...
Setting build directory ...
Directory does not exist. Creating folder ...
> Loading network...
Reading /home/vamshis/temp/reanimate_temp_02133399/reanimate.dat ...


---------------------------------------------
anon network derived from Amira Spatial Graph
---------------------------------------------

Importing network data ...
Tissue Dimensions (x,y,z) = 34810 um x 34738 um x 1200 um
nsol = 4
nnodbc = 2
No. of segments = 32109 
No. of nodes = 23710 
No. of boundary nodes = 2 

Analysing network edges ...
No. of edges = 24306 
Edge lengths = 258.746 ± 187.234 um
Edge diameters = 9.457 ± 13.226 um
Length / diameter ratio = 364.259 ± 635.332 um
> Setting stack size ...


-----------------
Blood Flow Module
-----------------

Cloning vascular network ...

Finding articulation points ...
No. of articulation points = 2 
% of total nodes = 0.008 

Finding dead ends ...
No. of dead end segments = 0 
% of total segments = 0 

Assigning rheological parameters ...

Simulating blood flow ...

Full boundary conditions detected -> Running full solver ...
Computing conductance matrix, M ...
Computing K matrix ...
Assigning boundary conditions ...
Solving linear system ...


----------------------- Analysing vascular flow -----------------------

Assigning rheological parameters ...
Blood pressure = 36.258117 ± 13.746247 mmHg
Arteriole pressure = 51.999992 ± 0.000005 mmHg
Capillary pressure = 35.999995 ± 0.000003 mmHg
Venule pressure = 20.000002 ± 0.000001 mmHg
Blood flow = 0.000009 ± 0.000058 nl/min
Arteriole flow = 0.000012 ± 0.000064 nl/min
Capillary flow = 0.000000 ± 0.000000 nl/min
Venule flow = 0.000012 ± 0.000070 nl/min
Blood velocity = 0.000045 ± 0.000111 mm/s
Arteriole velocity = 0.000001 ± 0.000001 mm/s
Capillary velocity = 0.000172 ± 0.000160 mm/s
Venule velocity = 0.000000 ± 0.000000 mm/s
Vessel Wall Shear Stress = 3.204424 ± 7.953711 dyn/cm2
Arteriole WSS = 0.000039 ± 0.000089 dyn/cm2
Capillary WSS = 12.247382 ± 11.447450 dyn/cm2
Venule WSS = 0.000011 ± 0.000020 dyn/cm2
Reynolds number = 0.000000 ± 0.000000
Vascular segment transit time = 43810209.678077 ± 102549505.284822 s
Setting build directory ...
Setting build directory ...
Directory does not exist. Creating folder ...
> Loading network...
Reading /home/vamshis/temp/reanimate_temp_04930869/reanimate.dat ...


---------------------------------------------
anon network derived from Amira Spatial Graph
---------------------------------------------

Importing network data ...
Tissue Dimensions (x,y,z) = 34810 um x 34738 um x 1101 um
nsol = 4
nnodbc = 2
No. of segments = 32259 
No. of nodes = 23886 
No. of boundary nodes = 2 

Analysing network edges ...
No. of edges = 24204 
Edge lengths = 259.296 ± 191.889 um
Edge diameters = 8.750 ± 11.622 um
Length / diameter ratio = 360.521 ± 626.916 um
> Setting stack size ...


-----------------
Blood Flow Module
-----------------

Cloning vascular network ...

Finding articulation points ...
No. of articulation points = 2 
% of total nodes = 0.008 

Finding dead ends ...
No. of dead end segments = 0 
% of total segments = 0 

Assigning rheological parameters ...

Simulating blood flow ...

Full boundary conditions detected -> Running full solver ...
Computing conductance matrix, M ...
Computing K matrix ...
Assigning boundary conditions ...
Solving linear system ...


----------------------- Analysing vascular flow -----------------------

Assigning rheological parameters ...
Blood pressure = 36.165658 ± 13.766490 mmHg
Arteriole pressure = 51.999995 ± 0.000003 mmHg
Capillary pressure = 35.999999 ± 0.000002 mmHg
Venule pressure = 20.000004 ± 0.000002 mmHg
Blood flow = 0.000008 ± 0.000056 nl/min
Arteriole flow = 0.000011 ± 0.000064 nl/min
Capillary flow = 0.000000 ± 0.000000 nl/min
Venule flow = 0.000012 ± 0.000066 nl/min
Blood velocity = 0.000045 ± 0.000110 mm/s
Arteriole velocity = 0.000000 ± 0.000000 mm/s
Capillary velocity = 0.000171 ± 0.000158 mm/s
Venule velocity = 0.000000 ± 0.000000 mm/s
Vessel Wall Shear Stress = 3.175956 ± 7.865362 dyn/cm2
Arteriole WSS = 0.000028 ± 0.000054 dyn/cm2
Capillary WSS = 12.233142 ± 11.291543 dyn/cm2
Venule WSS = 0.000021 ± 0.000040 dyn/cm2
Reynolds number = 0.000000 ± 0.000000
Vascular segment transit time = 36247411.038239 ± 75002075.579944 s
Setting build directory ...
Setting build directory ...
Directory does not exist. Creating folder ...
> Loading network...
Reading /home/vamshis/temp/reanimate_temp_04178972/reanimate.dat ...


---------------------------------------------
anon network derived from Amira Spatial Graph
---------------------------------------------

Importing network data ...
Tissue Dimensions (x,y,z) = 34810 um x 34738 um x 1115 um
nsol = 4
nnodbc = 2
No. of segments = 32298 
No. of nodes = 23898 
No. of boundary nodes = 2 

Analysing network edges ...
No. of edges = 24293 
Edge lengths = 256.630 ± 187.221 um
Edge diameters = 7.900 ± 10.605 um
Length / diameter ratio = 357.618 ± 606.764 um
> Setting stack size ...


-----------------
Blood Flow Module
-----------------

Cloning vascular network ...

Finding articulation points ...
No. of articulation points = 2 
% of total nodes = 0.008 

Finding dead ends ...
No. of dead end segments = 0 
% of total segments = 0 

Assigning rheological parameters ...

Simulating blood flow ...

Full boundary conditions detected -> Running full solver ...
Computing conductance matrix, M ...
Computing K matrix ...
Assigning boundary conditions ...
Solving linear system ...


----------------------- Analysing vascular flow -----------------------

Assigning rheological parameters ...
Blood pressure = 36.156540 ± 13.761735 mmHg
Arteriole pressure = 51.999991 ± 0.000006 mmHg
Capillary pressure = 35.999997 ± 0.000003 mmHg
Venule pressure = 20.000006 ± 0.000003 mmHg
Blood flow = 0.000009 ± 0.000061 nl/min
Arteriole flow = 0.000012 ± 0.000068 nl/min
Capillary flow = 0.000000 ± 0.000000 nl/min
Venule flow = 0.000013 ± 0.000074 nl/min
Blood velocity = 0.000046 ± 0.000116 mm/s
Arteriole velocity = 0.000001 ± 0.000001 mm/s
Capillary velocity = 0.000177 ± 0.000171 mm/s
Venule velocity = 0.000000 ± 0.000001 mm/s
Vessel Wall Shear Stress = 3.276565 ± 8.313330 dyn/cm2
Arteriole WSS = 0.000047 ± 0.000125 dyn/cm2
Capillary WSS = 12.595283 ± 12.178186 dyn/cm2
Venule WSS = 0.000030 ± 0.000080 dyn/cm2
Reynolds number = 0.000000 ± 0.000000
Vascular segment transit time = 29185257.220438 ± 62927622.498104 s
Setting build directory ...
Setting build directory ...
Directory does not exist. Creating folder ...
> Loading network...
Reading /home/vamshis/temp/reanimate_temp_05001981/reanimate.dat ...


---------------------------------------------
anon network derived from Amira Spatial Graph
---------------------------------------------

Importing network data ...
Tissue Dimensions (x,y,z) = 34810 um x 34738 um x 1153 um
nsol = 4
nnodbc = 2
No. of segments = 32461 
No. of nodes = 24057 
No. of boundary nodes = 2 

Analysing network edges ...
No. of edges = 24303 
Edge lengths = 258.408 ± 188.712 um
Edge diameters = 9.658 ± 13.282 um
Length / diameter ratio = 358.871 ± 621.750 um
> Setting stack size ...


-----------------
Blood Flow Module
-----------------

Cloning vascular network ...

Finding articulation points ...
No. of articulation points = 2 
% of total nodes = 0.008 

Finding dead ends ...
No. of dead end segments = 0 
% of total segments = 0 

Assigning rheological parameters ...

Simulating blood flow ...

Full boundary conditions detected -> Running full solver ...
Computing conductance matrix, M ...
Computing K matrix ...
Assigning boundary conditions ...
Solving linear system ...


----------------------- Analysing vascular flow -----------------------

Assigning rheological parameters ...
Blood pressure = 36.124703 ± 13.773063 mmHg
Arteriole pressure = 51.999996 ± 0.000002 mmHg
Capillary pressure = 35.999999 ± 0.000001 mmHg
Venule pressure = 20.000003 ± 0.000001 mmHg
Blood flow = 0.000009 ± 0.000060 nl/min
Arteriole flow = 0.000012 ± 0.000070 nl/min
Capillary flow = 0.000000 ± 0.000000 nl/min
Venule flow = 0.000013 ± 0.000069 nl/min
Blood velocity = 0.000045 ± 0.000107 mm/s
Arteriole velocity = 0.000000 ± 0.000000 mm/s
Capillary velocity = 0.000171 ± 0.000151 mm/s
Venule velocity = 0.000000 ± 0.000000 mm/s
Vessel Wall Shear Stress = 3.166288 ± 7.668751 dyn/cm2
Arteriole WSS = 0.000021 ± 0.000040 dyn/cm2
Capillary WSS = 12.227033 ± 10.785332 dyn/cm2
Venule WSS = 0.000015 ± 0.000027 dyn/cm2
Reynolds number = 0.000000 ± 0.000000
Vascular segment transit time = 42223421.748994 ± 84921865.815701 s
Setting build directory ...
Setting build directory ...
Directory does not exist. Creating folder ...
> Loading network...
Reading /home/vamshis/temp/reanimate_temp_06470391/reanimate.dat ...


---------------------------------------------
anon network derived from Amira Spatial Graph
---------------------------------------------

Importing network data ...
Tissue Dimensions (x,y,z) = 34810 um x 34738 um x 1175 um
nsol = 4
nnodbc = 2
No. of segments = 32433 
No. of nodes = 24056 
No. of boundary nodes = 2 

Analysing network edges ...
No. of edges = 24209 
Edge lengths = 259.285 ± 184.560 um
Edge diameters = 10.284 ± 14.451 um
Length / diameter ratio = 361.276 ± 634.247 um
> Setting stack size ...


-----------------
Blood Flow Module
-----------------

Cloning vascular network ...

Finding articulation points ...
No. of articulation points = 2 
% of total nodes = 0.008 

Finding dead ends ...
No. of dead end segments = 0 
% of total segments = 0 

Assigning rheological parameters ...

Simulating blood flow ...

Full boundary conditions detected -> Running full solver ...
Computing conductance matrix, M ...
Computing K matrix ...
Assigning boundary conditions ...
Solving linear system ...


----------------------- Analysing vascular flow -----------------------

Assigning rheological parameters ...
Blood pressure = 36.136157 ± 13.778613 mmHg
Arteriole pressure = 51.999997 ± 0.000002 mmHg
Capillary pressure = 35.999999 ± 0.000001 mmHg
Venule pressure = 20.000002 ± 0.000001 mmHg
Blood flow = 0.000010 ± 0.000062 nl/min
Arteriole flow = 0.000014 ± 0.000077 nl/min
Capillary flow = 0.000000 ± 0.000000 nl/min
Venule flow = 0.000012 ± 0.000066 nl/min
Blood velocity = 0.000044 ± 0.000108 mm/s
Arteriole velocity = 0.000000 ± 0.000000 mm/s
Capillary velocity = 0.000171 ± 0.000155 mm/s
Venule velocity = 0.000000 ± 0.000000 mm/s
Vessel Wall Shear Stress = 3.153938 ± 7.745074 dyn/cm2
Arteriole WSS = 0.000018 ± 0.000034 dyn/cm2
Capillary WSS = 12.208057 ± 11.030216 dyn/cm2
Venule WSS = 0.000013 ± 0.000024 dyn/cm2
Reynolds number = 0.000000 ± 0.000000
Vascular segment transit time = 46927750.953856 ± 96568740.891135 s
Setting build directory ...
Setting build directory ...
Directory does not exist. Creating folder ...
> Loading network...
Reading /home/vamshis/temp/reanimate_temp_09907095/reanimate.dat ...


---------------------------------------------
anon network derived from Amira Spatial Graph
---------------------------------------------

Importing network data ...
Tissue Dimensions (x,y,z) = 34810 um x 34738 um x 1123 um
nsol = 4
nnodbc = 2
No. of segments = 32209 
No. of nodes = 23796 
No. of boundary nodes = 2 

Analysing network edges ...
No. of edges = 24360 
Edge lengths = 259.031 ± 188.449 um
Edge diameters = 8.057 ± 11.013 um
Length / diameter ratio = 366.751 ± 632.501 um
> Setting stack size ...


-----------------
Blood Flow Module
-----------------

Cloning vascular network ...

Finding articulation points ...
No. of articulation points = 2 
% of total nodes = 0.008 

Finding dead ends ...
No. of dead end segments = 0 
% of total segments = 0 

Assigning rheological parameters ...

Simulating blood flow ...

Full boundary conditions detected -> Running full solver ...
Computing conductance matrix, M ...
Computing K matrix ...
Assigning boundary conditions ...
Solving linear system ...


----------------------- Analysing vascular flow -----------------------

Assigning rheological parameters ...
Blood pressure = 36.190751 ± 13.750860 mmHg
Arteriole pressure = 51.999990 ± 0.000006 mmHg
Capillary pressure = 35.999995 ± 0.000004 mmHg
Venule pressure = 20.000004 ± 0.000003 mmHg
Blood flow = 0.000009 ± 0.000058 nl/min
Arteriole flow = 0.000011 ± 0.000063 nl/min
Capillary flow = 0.000000 ± 0.000000 nl/min
Venule flow = 0.000012 ± 0.000071 nl/min
Blood velocity = 0.000045 ± 0.000113 mm/s
Arteriole velocity = 0.000001 ± 0.000001 mm/s
Capillary velocity = 0.000171 ± 0.000165 mm/s
Venule velocity = 0.000000 ± 0.000000 mm/s
Vessel Wall Shear Stress = 3.194265 ± 8.056853 dyn/cm2
Arteriole WSS = 0.000051 ± 0.000124 dyn/cm2
Capillary WSS = 12.226164 ± 11.749133 dyn/cm2
Venule WSS = 0.000024 ± 0.000049 dyn/cm2
Reynolds number = 0.000000 ± 0.000000
Vascular segment transit time = 31769977.102906 ± 73587604.684706 s
Setting build directory ...
Setting build directory ...
Directory does not exist. Creating folder ...
> Loading network...
Reading /home/vamshis/temp/reanimate_temp_06156722/reanimate.dat ...


---------------------------------------------
anon network derived from Amira Spatial Graph
---------------------------------------------

Importing network data ...
Tissue Dimensions (x,y,z) = 34810 um x 34738 um x 1144 um
nsol = 4
nnodbc = 2
No. of segments = 32110 
No. of nodes = 23750 
No. of boundary nodes = 2 

Analysing network edges ...
No. of edges = 24205 
Edge lengths = 258.585 ± 187.264 um
Edge diameters = 9.714 ± 13.354 um
Length / diameter ratio = 359.373 ± 623.933 um
> Setting stack size ...


-----------------
Blood Flow Module
-----------------

Cloning vascular network ...

Finding articulation points ...
No. of articulation points = 2 
% of total nodes = 0.008 

Finding dead ends ...
No. of dead end segments = 0 
% of total segments = 0 

Assigning rheological parameters ...

Simulating blood flow ...

Full boundary conditions detected -> Running full solver ...
Computing conductance matrix, M ...
Computing K matrix ...
Assigning boundary conditions ...
Solving linear system ...


----------------------- Analysing vascular flow -----------------------

Assigning rheological parameters ...
Blood pressure = 36.137527 ± 13.759363 mmHg
Arteriole pressure = 51.999997 ± 0.000002 mmHg
Capillary pressure = 36.000000 ± 0.000001 mmHg
Venule pressure = 20.000003 ± 0.000002 mmHg
Blood flow = 0.000009 ± 0.000055 nl/min
Arteriole flow = 0.000011 ± 0.000065 nl/min
Capillary flow = 0.000000 ± 0.000000 nl/min
Venule flow = 0.000012 ± 0.000062 nl/min
Blood velocity = 0.000045 ± 0.000106 mm/s
Arteriole velocity = 0.000000 ± 0.000000 mm/s
Capillary velocity = 0.000170 ± 0.000148 mm/s
Venule velocity = 0.000000 ± 0.000000 mm/s
Vessel Wall Shear Stress = 3.167163 ± 7.574768 dyn/cm2
Arteriole WSS = 0.000020 ± 0.000050 dyn/cm2
Capillary WSS = 12.161821 ± 10.532934 dyn/cm2
Venule WSS = 0.000017 ± 0.000057 dyn/cm2
Reynolds number = 0.000000 ± 0.000000
Vascular segment transit time = 42434001.703616 ± 87411882.536188 s
Setting build directory ...
Setting build directory ...
Directory does not exist. Creating folder ...
> Loading network...
Reading /home/vamshis/temp/reanimate_temp_03542925/reanimate.dat ...


---------------------------------------------
anon network derived from Amira Spatial Graph
---------------------------------------------

Importing network data ...
Tissue Dimensions (x,y,z) = 34810 um x 34738 um x 1108 um
nsol = 4
nnodbc = 2
No. of segments = 32329 
No. of nodes = 23872 
No. of boundary nodes = 2 

Analysing network edges ...
No. of edges = 24461 
Edge lengths = 257.850 ± 184.356 um
Edge diameters = 7.307 ± 10.293 um
Length / diameter ratio = 368.843 ± 628.180 um
> Setting stack size ...


-----------------
Blood Flow Module
-----------------

Cloning vascular network ...

Finding articulation points ...
No. of articulation points = 2 
% of total nodes = 0.008 

Finding dead ends ...
No. of dead end segments = 0 
% of total segments = 0 

Assigning rheological parameters ...

Simulating blood flow ...

Full boundary conditions detected -> Running full solver ...
Computing conductance matrix, M ...
Computing K matrix ...
Assigning boundary conditions ...
Solving linear system ...


----------------------- Analysing vascular flow -----------------------

Assigning rheological parameters ...
Blood pressure = 36.166278 ± 13.747527 mmHg
Arteriole pressure = 51.999974 ± 0.000016 mmHg
Capillary pressure = 35.999982 ± 0.000012 mmHg
Venule pressure = 20.000005 ± 0.000003 mmHg
Blood flow = 0.000009 ± 0.000057 nl/min
Arteriole flow = 0.000012 ± 0.000069 nl/min
Capillary flow = 0.000000 ± 0.000000 nl/min
Venule flow = 0.000011 ± 0.000064 nl/min
Blood velocity = 0.000045 ± 0.000111 mm/s
Arteriole velocity = 0.000001 ± 0.000001 mm/s
Capillary velocity = 0.000172 ± 0.000159 mm/s
Venule velocity = 0.000000 ± 0.000000 mm/s
Vessel Wall Shear Stress = 3.202507 ± 7.906194 dyn/cm2
Arteriole WSS = 0.000118 ± 0.000367 dyn/cm2
Capillary WSS = 12.239283 ± 11.326975 dyn/cm2
Venule WSS = 0.000026 ± 0.000061 dyn/cm2
Reynolds number = 0.000000 ± 0.000000
Vascular segment transit time = 25319034.626485 ± 57244530.253667 s
Setting build directory ...
Setting build directory ...
Directory does not exist. Creating folder ...
> Loading network...
Reading /home/vamshis/temp/reanimate_temp_06926134/reanimate.dat ...


---------------------------------------------
anon network derived from Amira Spatial Graph
---------------------------------------------

Importing network data ...
Tissue Dimensions (x,y,z) = 34810 um x 34738 um x 1157 um
nsol = 4
nnodbc = 2
No. of segments = 32418 
No. of nodes = 23990 
No. of boundary nodes = 2 

Analysing network edges ...
No. of edges = 24359 
Edge lengths = 258.425 ± 187.077 um
Edge diameters = 8.818 ± 12.120 um
Length / diameter ratio = 361.718 ± 625.435 um
> Setting stack size ...


-----------------
Blood Flow Module
-----------------

Cloning vascular network ...

Finding articulation points ...
No. of articulation points = 2 
% of total nodes = 0.008 

Finding dead ends ...
No. of dead end segments = 0 
% of total segments = 0 

Assigning rheological parameters ...

Simulating blood flow ...

Full boundary conditions detected -> Running full solver ...
Computing conductance matrix, M ...
Computing K matrix ...
Assigning boundary conditions ...
Solving linear system ...


----------------------- Analysing vascular flow -----------------------

Assigning rheological parameters ...
Blood pressure = 36.192484 ± 13.762204 mmHg
Arteriole pressure = 51.999994 ± 0.000003 mmHg
Capillary pressure = 35.999998 ± 0.000002 mmHg
Venule pressure = 20.000003 ± 0.000002 mmHg
Blood flow = 0.000009 ± 0.000060 nl/min
Arteriole flow = 0.000013 ± 0.000071 nl/min
Capillary flow = 0.000000 ± 0.000000 nl/min
Venule flow = 0.000012 ± 0.000069 nl/min
Blood velocity = 0.000045 ± 0.000108 mm/s
Arteriole velocity = 0.000000 ± 0.000000 mm/s
Capillary velocity = 0.000172 ± 0.000153 mm/s
Venule velocity = 0.000000 ± 0.000000 mm/s
Vessel Wall Shear Stress = 3.195433 ± 7.741643 dyn/cm2
Arteriole WSS = 0.000033 ± 0.000075 dyn/cm2
Capillary WSS = 12.288129 ± 10.897274 dyn/cm2
Venule WSS = 0.000019 ± 0.000034 dyn/cm2
Reynolds number = 0.000000 ± 0.000000
Vascular segment transit time = 35633081.175667 ± 75747625.766863 s
Setting build directory ...
Setting build directory ...
Directory does not exist. Creating folder ...
> Loading network...
Reading /home/vamshis/temp/reanimate_temp_06521523/reanimate.dat ...


---------------------------------------------
anon network derived from Amira Spatial Graph
---------------------------------------------

Importing network data ...
Tissue Dimensions (x,y,z) = 34810 um x 34738 um x 1159 um
nsol = 4
nnodbc = 2
No. of segments = 32189 
No. of nodes = 23783 
No. of boundary nodes = 2 

Analysing network edges ...
No. of edges = 24315 
Edge lengths = 258.750 ± 191.008 um
Edge diameters = 9.321 ± 12.507 um
Length / diameter ratio = 361.983 ± 633.636 um
> Setting stack size ...


-----------------
Blood Flow Module
-----------------

Cloning vascular network ...

Finding articulation points ...
No. of articulation points = 2 
% of total nodes = 0.008 

Finding dead ends ...
No. of dead end segments = 0 
% of total segments = 0 

Assigning rheological parameters ...

Simulating blood flow ...

Full boundary conditions detected -> Running full solver ...
Computing conductance matrix, M ...
Computing K matrix ...
Assigning boundary conditions ...
Solving linear system ...


----------------------- Analysing vascular flow -----------------------

Assigning rheological parameters ...
Blood pressure = 36.084998 ± 13.752437 mmHg
Arteriole pressure = 51.999996 ± 0.000002 mmHg
Capillary pressure = 36.000000 ± 0.000001 mmHg
Venule pressure = 20.000003 ± 0.000002 mmHg
Blood flow = 0.000009 ± 0.000057 nl/min
Arteriole flow = 0.000012 ± 0.000066 nl/min
Capillary flow = 0.000000 ± 0.000000 nl/min
Venule flow = 0.000012 ± 0.000067 nl/min
Blood velocity = 0.000045 ± 0.000113 mm/s
Arteriole velocity = 0.000000 ± 0.000000 mm/s
Capillary velocity = 0.000172 ± 0.000164 mm/s
Venule velocity = 0.000000 ± 0.000000 mm/s
Vessel Wall Shear Stress = 3.210491 ± 8.054912 dyn/cm2
Arteriole WSS = 0.000023 ± 0.000052 dyn/cm2
Capillary WSS = 12.290913 ± 11.695870 dyn/cm2
Venule WSS = 0.000019 ± 0.000036 dyn/cm2
Reynolds number = 0.000000 ± 0.000000
Vascular segment transit time = 40894329.080144 ± 85003649.874774 s
Setting build directory ...
Setting build directory ...
Directory does not exist. Creating folder ...
> Loading network...
Reading /home/vamshis/temp/reanimate_temp_01413488/reanimate.dat ...


---------------------------------------------
anon network derived from Amira Spatial Graph
---------------------------------------------

Importing network data ...
Tissue Dimensions (x,y,z) = 34810 um x 34738 um x 1101 um
nsol = 4
nnodbc = 2
No. of segments = 32259 
No. of nodes = 23886 
No. of boundary nodes = 2 

Analysing network edges ...
No. of edges = 24204 
Edge lengths = 259.296 ± 191.889 um
Edge diameters = 8.750 ± 11.622 um
Length / diameter ratio = 360.520 ± 626.916 um
> Setting stack size ...


-----------------
Blood Flow Module
-----------------

Cloning vascular network ...

Finding articulation points ...
No. of articulation points = 2 
% of total nodes = 0.008 

Finding dead ends ...
No. of dead end segments = 0 
% of total segments = 0 

Assigning rheological parameters ...

Simulating blood flow ...

Full boundary conditions detected -> Running full solver ...
Computing conductance matrix, M ...
Computing K matrix ...
Assigning boundary conditions ...
Solving linear system ...


----------------------- Analysing vascular flow -----------------------

Assigning rheological parameters ...
Blood pressure = 36.165658 ± 13.766490 mmHg
Arteriole pressure = 51.999995 ± 0.000003 mmHg
Capillary pressure = 35.999999 ± 0.000002 mmHg
Venule pressure = 20.000004 ± 0.000002 mmHg
Blood flow = 0.000008 ± 0.000056 nl/min
Arteriole flow = 0.000011 ± 0.000064 nl/min
Capillary flow = 0.000000 ± 0.000000 nl/min
Venule flow = 0.000012 ± 0.000066 nl/min
Blood velocity = 0.000045 ± 0.000110 mm/s
Arteriole velocity = 0.000000 ± 0.000000 mm/s
Capillary velocity = 0.000171 ± 0.000158 mm/s
Venule velocity = 0.000000 ± 0.000000 mm/s
Vessel Wall Shear Stress = 3.175956 ± 7.865362 dyn/cm2
Arteriole WSS = 0.000028 ± 0.000054 dyn/cm2
Capillary WSS = 12.233143 ± 11.291543 dyn/cm2
Venule WSS = 0.000021 ± 0.000040 dyn/cm2
Reynolds number = 0.000000 ± 0.000000
Vascular segment transit time = 36247408.682460 ± 75002070.723850 s
Setting build directory ...
Setting build directory ...
Directory does not exist. Creating folder ...
> Loading network...
Reading /home/vamshis/temp/reanimate_temp_06236777/reanimate.dat ...


---------------------------------------------
anon network derived from Amira Spatial Graph
---------------------------------------------

Importing network data ...
Tissue Dimensions (x,y,z) = 34810 um x 34738 um x 1200 um
nsol = 4
nnodbc = 2
No. of segments = 32109 
No. of nodes = 23710 
No. of boundary nodes = 2 

Analysing network edges ...
No. of edges = 24306 
Edge lengths = 258.746 ± 187.234 um
Edge diameters = 9.457 ± 13.226 um
Length / diameter ratio = 364.259 ± 635.332 um
> Setting stack size ...


-----------------
Blood Flow Module
-----------------

Cloning vascular network ...

Finding articulation points ...
No. of articulation points = 2 
% of total nodes = 0.008 

Finding dead ends ...
No. of dead end segments = 0 
% of total segments = 0 

Assigning rheological parameters ...

Simulating blood flow ...

Full boundary conditions detected -> Running full solver ...
Computing conductance matrix, M ...
Computing K matrix ...
Assigning boundary conditions ...
Solving linear system ...


----------------------- Analysing vascular flow -----------------------

Assigning rheological parameters ...
Blood pressure = 36.258117 ± 13.746247 mmHg
Arteriole pressure = 51.999992 ± 0.000005 mmHg
Capillary pressure = 35.999995 ± 0.000003 mmHg
Venule pressure = 20.000002 ± 0.000001 mmHg
Blood flow = 0.000009 ± 0.000058 nl/min
Arteriole flow = 0.000012 ± 0.000064 nl/min
Capillary flow = 0.000000 ± 0.000000 nl/min
Venule flow = 0.000012 ± 0.000070 nl/min
Blood velocity = 0.000045 ± 0.000111 mm/s
Arteriole velocity = 0.000001 ± 0.000001 mm/s
Capillary velocity = 0.000172 ± 0.000160 mm/s
Venule velocity = 0.000000 ± 0.000000 mm/s
Vessel Wall Shear Stress = 3.204424 ± 7.953711 dyn/cm2
Arteriole WSS = 0.000039 ± 0.000089 dyn/cm2
Capillary WSS = 12.247383 ± 11.447450 dyn/cm2
Venule WSS = 0.000011 ± 0.000020 dyn/cm2
Reynolds number = 0.000000 ± 0.000000
Vascular segment transit time = 43810206.704000 ± 102549500.866599 s
Setting build directory ...
Setting build directory ...
Directory does not exist. Creating folder ...
> Loading network...
Reading /home/vamshis/temp/reanimate_temp_01992873/reanimate.dat ...


---------------------------------------------
anon network derived from Amira Spatial Graph
---------------------------------------------

Importing network data ...
Tissue Dimensions (x,y,z) = 34810 um x 34738 um x 1153 um
nsol = 4
nnodbc = 2
No. of segments = 32461 
No. of nodes = 24057 
No. of boundary nodes = 2 

Analysing network edges ...
No. of edges = 24303 
Edge lengths = 258.408 ± 188.712 um
Edge diameters = 9.658 ± 13.282 um
Length / diameter ratio = 358.871 ± 621.750 um
> Setting stack size ...


-----------------
Blood Flow Module
-----------------

Cloning vascular network ...

Finding articulation points ...
No. of articulation points = 2 
% of total nodes = 0.008 

Finding dead ends ...
No. of dead end segments = 0 
% of total segments = 0 

Assigning rheological parameters ...

Simulating blood flow ...

Full boundary conditions detected -> Running full solver ...
Computing conductance matrix, M ...
Computing K matrix ...
Assigning boundary conditions ...
Solving linear system ...


----------------------- Analysing vascular flow -----------------------

Assigning rheological parameters ...
Blood pressure = 36.124703 ± 13.773063 mmHg
Arteriole pressure = 51.999996 ± 0.000002 mmHg
Capillary pressure = 35.999999 ± 0.000001 mmHg
Venule pressure = 20.000003 ± 0.000001 mmHg
Blood flow = 0.000009 ± 0.000060 nl/min
Arteriole flow = 0.000012 ± 0.000070 nl/min
Capillary flow = 0.000000 ± 0.000000 nl/min
Venule flow = 0.000013 ± 0.000069 nl/min
Blood velocity = 0.000045 ± 0.000107 mm/s
Arteriole velocity = 0.000000 ± 0.000000 mm/s
Capillary velocity = 0.000171 ± 0.000151 mm/s
Venule velocity = 0.000000 ± 0.000000 mm/s
Vessel Wall Shear Stress = 3.166288 ± 7.668751 dyn/cm2
Arteriole WSS = 0.000021 ± 0.000040 dyn/cm2
Capillary WSS = 12.227033 ± 10.785333 dyn/cm2
Venule WSS = 0.000015 ± 0.000027 dyn/cm2
Reynolds number = 0.000000 ± 0.000000
Vascular segment transit time = 42223419.191784 ± 84921859.231551 s
Setting build directory ...
Setting build directory ...
Directory does not exist. Creating folder ...
> Loading network...
Reading /home/vamshis/temp/reanimate_temp_03015846/reanimate.dat ...


---------------------------------------------
anon network derived from Amira Spatial Graph
---------------------------------------------

Importing network data ...
Tissue Dimensions (x,y,z) = 34810 um x 34738 um x 1115 um
nsol = 4
nnodbc = 2
No. of segments = 32298 
No. of nodes = 23898 
No. of boundary nodes = 2 

Analysing network edges ...
No. of edges = 24293 
Edge lengths = 256.630 ± 187.221 um
Edge diameters = 7.900 ± 10.605 um
Length / diameter ratio = 357.618 ± 606.764 um
> Setting stack size ...


-----------------
Blood Flow Module
-----------------

Cloning vascular network ...

Finding articulation points ...
No. of articulation points = 2 
% of total nodes = 0.008 

Finding dead ends ...
No. of dead end segments = 0 
% of total segments = 0 

Assigning rheological parameters ...

Simulating blood flow ...

Full boundary conditions detected -> Running full solver ...
Computing conductance matrix, M ...
Computing K matrix ...
Assigning boundary conditions ...
Solving linear system ...


----------------------- Analysing vascular flow -----------------------

Assigning rheological parameters ...
Blood pressure = 36.156540 ± 13.761735 mmHg
Arteriole pressure = 51.999991 ± 0.000006 mmHg
Capillary pressure = 35.999997 ± 0.000003 mmHg
Venule pressure = 20.000006 ± 0.000003 mmHg
Blood flow = 0.000009 ± 0.000061 nl/min
Arteriole flow = 0.000012 ± 0.000068 nl/min
Capillary flow = 0.000000 ± 0.000000 nl/min
Venule flow = 0.000013 ± 0.000074 nl/min
Blood velocity = 0.000046 ± 0.000116 mm/s
Arteriole velocity = 0.000001 ± 0.000001 mm/s
Capillary velocity = 0.000177 ± 0.000171 mm/s
Venule velocity = 0.000000 ± 0.000001 mm/s
Vessel Wall Shear Stress = 3.276565 ± 8.313330 dyn/cm2
Arteriole WSS = 0.000047 ± 0.000125 dyn/cm2
Capillary WSS = 12.595283 ± 12.178186 dyn/cm2
Venule WSS = 0.000030 ± 0.000080 dyn/cm2
Reynolds number = 0.000000 ± 0.000000
Vascular segment transit time = 29185255.547058 ± 62927618.533324 s
Setting build directory ...
Setting build directory ...
Directory does not exist. Creating folder ...
> Loading network...
Reading /home/vamshis/temp/reanimate_temp_08701733/reanimate.dat ...


---------------------------------------------
anon network derived from Amira Spatial Graph
---------------------------------------------

Importing network data ...
Tissue Dimensions (x,y,z) = 34810 um x 34738 um x 1175 um
nsol = 4
nnodbc = 2
No. of segments = 32433 
No. of nodes = 24056 
No. of boundary nodes = 2 

Analysing network edges ...
No. of edges = 24209 
Edge lengths = 259.285 ± 184.560 um
Edge diameters = 10.284 ± 14.451 um
Length / diameter ratio = 361.276 ± 634.247 um
> Setting stack size ...


-----------------
Blood Flow Module
-----------------

Cloning vascular network ...

Finding articulation points ...
No. of articulation points = 2 
% of total nodes = 0.008 

Finding dead ends ...
No. of dead end segments = 0 
% of total segments = 0 

Assigning rheological parameters ...

Simulating blood flow ...

Full boundary conditions detected -> Running full solver ...
Computing conductance matrix, M ...
Computing K matrix ...
Assigning boundary conditions ...
Solving linear system ...


----------------------- Analysing vascular flow -----------------------

Assigning rheological parameters ...
Blood pressure = 36.136157 ± 13.778613 mmHg
Arteriole pressure = 51.999997 ± 0.000002 mmHg
Capillary pressure = 35.999999 ± 0.000001 mmHg
Venule pressure = 20.000002 ± 0.000001 mmHg
Blood flow = 0.000010 ± 0.000062 nl/min
Arteriole flow = 0.000014 ± 0.000077 nl/min
Capillary flow = 0.000000 ± 0.000000 nl/min
Venule flow = 0.000012 ± 0.000066 nl/min
Blood velocity = 0.000044 ± 0.000108 mm/s
Arteriole velocity = 0.000000 ± 0.000000 mm/s
Capillary velocity = 0.000171 ± 0.000155 mm/s
Venule velocity = 0.000000 ± 0.000000 mm/s
Vessel Wall Shear Stress = 3.153938 ± 7.745074 dyn/cm2
Arteriole WSS = 0.000018 ± 0.000034 dyn/cm2
Capillary WSS = 12.208057 ± 11.030217 dyn/cm2
Venule WSS = 0.000013 ± 0.000024 dyn/cm2
Reynolds number = 0.000000 ± 0.000000
Vascular segment transit time = 46927748.454932 ± 96568740.119901 s
Setting build directory ...
Setting build directory ...
Directory does not exist. Creating folder ...
> Loading network...
Reading /home/vamshis/temp/reanimate_temp_08167289/reanimate.dat ...


---------------------------------------------
anon network derived from Amira Spatial Graph
---------------------------------------------

Importing network data ...
Tissue Dimensions (x,y,z) = 34810 um x 34738 um x 1123 um
nsol = 4
nnodbc = 2
No. of segments = 32209 
No. of nodes = 23796 
No. of boundary nodes = 2 

Analysing network edges ...
No. of edges = 24360 
Edge lengths = 259.031 ± 188.449 um
Edge diameters = 8.057 ± 11.013 um
Length / diameter ratio = 366.751 ± 632.501 um
> Setting stack size ...


-----------------
Blood Flow Module
-----------------

Cloning vascular network ...

Finding articulation points ...
No. of articulation points = 2 
% of total nodes = 0.008 

Finding dead ends ...
No. of dead end segments = 0 
% of total segments = 0 

Assigning rheological parameters ...

Simulating blood flow ...

Full boundary conditions detected -> Running full solver ...
Computing conductance matrix, M ...
Computing K matrix ...
Assigning boundary conditions ...
Solving linear system ...


----------------------- Analysing vascular flow -----------------------

Assigning rheological parameters ...
Blood pressure = 36.190751 ± 13.750860 mmHg
Arteriole pressure = 51.999990 ± 0.000006 mmHg
Capillary pressure = 35.999995 ± 0.000004 mmHg
Venule pressure = 20.000004 ± 0.000003 mmHg
Blood flow = 0.000009 ± 0.000058 nl/min
Arteriole flow = 0.000011 ± 0.000063 nl/min
Capillary flow = 0.000000 ± 0.000000 nl/min
Venule flow = 0.000012 ± 0.000071 nl/min
Blood velocity = 0.000045 ± 0.000113 mm/s
Arteriole velocity = 0.000001 ± 0.000001 mm/s
Capillary velocity = 0.000171 ± 0.000165 mm/s
Venule velocity = 0.000000 ± 0.000000 mm/s
Vessel Wall Shear Stress = 3.194265 ± 8.056853 dyn/cm2
Arteriole WSS = 0.000051 ± 0.000124 dyn/cm2
Capillary WSS = 12.226165 ± 11.749133 dyn/cm2
Venule WSS = 0.000024 ± 0.000049 dyn/cm2
Reynolds number = 0.000000 ± 0.000000
Vascular segment transit time = 31769974.943400 ± 73587600.031758 s
Setting build directory ...
Setting build directory ...
Directory does not exist. Creating folder ...
> Loading network...
Reading /home/vamshis/temp/reanimate_temp_02956103/reanimate.dat ...


---------------------------------------------
anon network derived from Amira Spatial Graph
---------------------------------------------

Importing network data ...
Tissue Dimensions (x,y,z) = 34810 um x 34738 um x 1144 um
nsol = 4
nnodbc = 2
No. of segments = 32110 
No. of nodes = 23750 
No. of boundary nodes = 2 

Analysing network edges ...
No. of edges = 24205 
Edge lengths = 258.585 ± 187.264 um
Edge diameters = 9.714 ± 13.354 um
Length / diameter ratio = 359.373 ± 623.933 um
> Setting stack size ...


-----------------
Blood Flow Module
-----------------

Cloning vascular network ...

Finding articulation points ...
No. of articulation points = 2 
% of total nodes = 0.008 

Finding dead ends ...
No. of dead end segments = 0 
% of total segments = 0 

Assigning rheological parameters ...

Simulating blood flow ...

Full boundary conditions detected -> Running full solver ...
Computing conductance matrix, M ...
Computing K matrix ...
Assigning boundary conditions ...
Solving linear system ...


----------------------- Analysing vascular flow -----------------------

Assigning rheological parameters ...
Blood pressure = 36.137527 ± 13.759363 mmHg
Arteriole pressure = 51.999997 ± 0.000002 mmHg
Capillary pressure = 36.000000 ± 0.000001 mmHg
Venule pressure = 20.000003 ± 0.000002 mmHg
Blood flow = 0.000009 ± 0.000055 nl/min
Arteriole flow = 0.000011 ± 0.000065 nl/min
Capillary flow = 0.000000 ± 0.000000 nl/min
Venule flow = 0.000012 ± 0.000062 nl/min
Blood velocity = 0.000045 ± 0.000106 mm/s
Arteriole velocity = 0.000000 ± 0.000000 mm/s
Capillary velocity = 0.000170 ± 0.000148 mm/s
Venule velocity = 0.000000 ± 0.000000 mm/s
Vessel Wall Shear Stress = 3.167163 ± 7.574768 dyn/cm2
Arteriole WSS = 0.000020 ± 0.000050 dyn/cm2
Capillary WSS = 12.161821 ± 10.532934 dyn/cm2
Venule WSS = 0.000017 ± 0.000057 dyn/cm2
Reynolds number = 0.000000 ± 0.000000
Vascular segment transit time = 42433998.885168 ± 87411875.377556 s
Setting build directory ...
Setting build directory ...
Directory does not exist. Creating folder ...
> Loading network...
Reading /home/vamshis/temp/reanimate_temp_05613594/reanimate.dat ...


---------------------------------------------
anon network derived from Amira Spatial Graph
---------------------------------------------

Importing network data ...
Tissue Dimensions (x,y,z) = 34810 um x 34738 um x 1157 um
nsol = 4
nnodbc = 2
No. of segments = 32418 
No. of nodes = 23990 
No. of boundary nodes = 2 

Analysing network edges ...
No. of edges = 24359 
Edge lengths = 258.425 ± 187.077 um
Edge diameters = 8.818 ± 12.120 um
Length / diameter ratio = 361.718 ± 625.435 um
> Setting stack size ...


-----------------
Blood Flow Module
-----------------

Cloning vascular network ...

Finding articulation points ...
No. of articulation points = 2 
% of total nodes = 0.008 

Finding dead ends ...
No. of dead end segments = 0 
% of total segments = 0 

Assigning rheological parameters ...

Simulating blood flow ...

Full boundary conditions detected -> Running full solver ...
Computing conductance matrix, M ...
Computing K matrix ...
Assigning boundary conditions ...
Solving linear system ...


----------------------- Analysing vascular flow -----------------------

Assigning rheological parameters ...
Blood pressure = 36.192484 ± 13.762204 mmHg
Arteriole pressure = 51.999994 ± 0.000003 mmHg
Capillary pressure = 35.999998 ± 0.000002 mmHg
Venule pressure = 20.000003 ± 0.000002 mmHg
Blood flow = 0.000009 ± 0.000060 nl/min
Arteriole flow = 0.000013 ± 0.000071 nl/min
Capillary flow = 0.000000 ± 0.000000 nl/min
Venule flow = 0.000012 ± 0.000069 nl/min
Blood velocity = 0.000045 ± 0.000108 mm/s
Arteriole velocity = 0.000000 ± 0.000000 mm/s
Capillary velocity = 0.000172 ± 0.000153 mm/s
Venule velocity = 0.000000 ± 0.000000 mm/s
Vessel Wall Shear Stress = 3.195433 ± 7.741643 dyn/cm2
Arteriole WSS = 0.000033 ± 0.000075 dyn/cm2
Capillary WSS = 12.288129 ± 10.897274 dyn/cm2
Venule WSS = 0.000019 ± 0.000034 dyn/cm2
Reynolds number = 0.000000 ± 0.000000
Vascular segment transit time = 35633079.007915 ± 75747620.754209 s
Setting build directory ...
Setting build directory ...
Directory does not exist. Creating folder ...
> Loading network...
Reading /home/vamshis/temp/reanimate_temp_08663032/reanimate.dat ...


---------------------------------------------
anon network derived from Amira Spatial Graph
---------------------------------------------

Importing network data ...
Tissue Dimensions (x,y,z) = 34810 um x 34738 um x 1108 um
nsol = 4
nnodbc = 2
No. of segments = 32329 
No. of nodes = 23872 
No. of boundary nodes = 2 

Analysing network edges ...
No. of edges = 24461 
Edge lengths = 257.850 ± 184.356 um
Edge diameters = 7.307 ± 10.293 um
Length / diameter ratio = 368.843 ± 628.180 um
> Setting stack size ...


-----------------
Blood Flow Module
-----------------

Cloning vascular network ...

Finding articulation points ...
No. of articulation points = 2 
% of total nodes = 0.008 

Finding dead ends ...
No. of dead end segments = 0 
% of total segments = 0 

Assigning rheological parameters ...

Simulating blood flow ...

Full boundary conditions detected -> Running full solver ...
Computing conductance matrix, M ...
Computing K matrix ...
Assigning boundary conditions ...
Solving linear system ...


----------------------- Analysing vascular flow -----------------------

Assigning rheological parameters ...
Blood pressure = 36.166278 ± 13.747527 mmHg
Arteriole pressure = 51.999974 ± 0.000016 mmHg
Capillary pressure = 35.999982 ± 0.000012 mmHg
Venule pressure = 20.000005 ± 0.000003 mmHg
Blood flow = 0.000009 ± 0.000057 nl/min
Arteriole flow = 0.000012 ± 0.000069 nl/min
Capillary flow = 0.000000 ± 0.000000 nl/min
Venule flow = 0.000011 ± 0.000064 nl/min
Blood velocity = 0.000045 ± 0.000111 mm/s
Arteriole velocity = 0.000001 ± 0.000001 mm/s
Capillary velocity = 0.000172 ± 0.000159 mm/s
Venule velocity = 0.000000 ± 0.000000 mm/s
Vessel Wall Shear Stress = 3.202507 ± 7.906194 dyn/cm2
Arteriole WSS = 0.000118 ± 0.000367 dyn/cm2
Capillary WSS = 12.239283 ± 11.326975 dyn/cm2
Venule WSS = 0.000026 ± 0.000061 dyn/cm2
Reynolds number = 0.000000 ± 0.000000
Vascular segment transit time = 25319033.225472 ± 57244527.269810 s
Setting build directory ...
Setting build directory ...
Directory does not exist. Creating folder ...
> Loading network...
Reading /home/vamshis/temp/reanimate_temp_02025963/reanimate.dat ...


---------------------------------------------
anon network derived from Amira Spatial Graph
---------------------------------------------

Importing network data ...
Tissue Dimensions (x,y,z) = 34810 um x 34738 um x 1159 um
nsol = 4
nnodbc = 2
No. of segments = 32189 
No. of nodes = 23783 
No. of boundary nodes = 2 

Analysing network edges ...
No. of edges = 24315 
Edge lengths = 258.750 ± 191.008 um
Edge diameters = 9.321 ± 12.507 um
Length / diameter ratio = 361.983 ± 633.636 um
> Setting stack size ...


-----------------
Blood Flow Module
-----------------

Cloning vascular network ...

Finding articulation points ...
No. of articulation points = 2 
% of total nodes = 0.008 

Finding dead ends ...
No. of dead end segments = 0 
% of total segments = 0 

Assigning rheological parameters ...

Simulating blood flow ...

Full boundary conditions detected -> Running full solver ...
Computing conductance matrix, M ...
Computing K matrix ...
Assigning boundary conditions ...
Solving linear system ...


----------------------- Analysing vascular flow -----------------------

Assigning rheological parameters ...
Blood pressure = 36.084998 ± 13.752437 mmHg
Arteriole pressure = 51.999996 ± 0.000002 mmHg
Capillary pressure = 36.000000 ± 0.000001 mmHg
Venule pressure = 20.000003 ± 0.000002 mmHg
Blood flow = 0.000009 ± 0.000057 nl/min
Arteriole flow = 0.000012 ± 0.000066 nl/min
Capillary flow = 0.000000 ± 0.000000 nl/min
Venule flow = 0.000012 ± 0.000067 nl/min
Blood velocity = 0.000045 ± 0.000113 mm/s
Arteriole velocity = 0.000000 ± 0.000000 mm/s
Capillary velocity = 0.000172 ± 0.000164 mm/s
Venule velocity = 0.000000 ± 0.000000 mm/s
Vessel Wall Shear Stress = 3.210491 ± 8.054912 dyn/cm2
Arteriole WSS = 0.000023 ± 0.000052 dyn/cm2
Capillary WSS = 12.290913 ± 11.695870 dyn/cm2
Venule WSS = 0.000019 ± 0.000036 dyn/cm2
Reynolds number = 0.000000 ± 0.000000
Vascular segment transit time = 40894326.227390 ± 85003644.558510 s
