==========================================
SLURM_CLUSTER_NAME = paramprabha
SLURM_JOB_ACCOUNT = cdac
SLURM_JOB_ID = 179923
SLURM_JOB_NAME = RETINASIM-HPC
SLURM_JOB_NODELIST = rphm[029-038]
SLURM_JOB_USER = vamshis
SLURM_JOB_UID = 52008
SLURM_JOB_PARTITION = standard
SLURM_TASK_PID = 972511
SLURM_SUBMIT_DIR = /home/vamshis/miniconda3/envs/retina/lib/python3.8/site-packages/retinasim
SLURM_CPUS_ON_NODE = 1
SLURM_NTASKS = 10
SLURM_TASK_PID = 972511
==========================================
Setting build directory ...
Setting build directory ...
Directory does not exist. Creating folder ...
> Loading network...
Reading /home/vamshis/temp/reanimate_temp_09536829/reanimate.dat ...


---------------------------------------------
anon network derived from Amira Spatial Graph
---------------------------------------------

Importing network data ...
Tissue Dimensions (x,y,z) = 34810 um x 34738 um x 1109 um
nsol = 4
nnodbc = 2
No. of segments = 32087 
No. of nodes = 23710 
No. of boundary nodes = 2 

Analysing network edges ...
No. of edges = 24214 
Edge lengths = 259.125 ± 187.566 um
Edge diameters = 8.297 ± 11.538 um
Length / diameter ratio = 366.392 ± 631.287 um
> Setting stack size ...


-----------------
Blood Flow Module
-----------------

Cloning vascular network ...

Finding articulation points ...
No. of articulation points = 2 
% of total nodes = 0.008 

Finding dead ends ...
No. of dead end segments = 0 
% of total segments = 0 

Assigning rheological parameters ...

Simulating blood flow ...

Full boundary conditions detected -> Running full solver ...
Computing conductance matrix, M ...
Computing K matrix ...
Assigning boundary conditions ...
Solving linear system ...


----------------------- Analysing vascular flow -----------------------

Assigning rheological parameters ...
Blood pressure = 36.252305 ± 13.751064 mmHg
Arteriole pressure = 51.999983 ± 0.000010 mmHg
Capillary pressure = 35.999988 ± 0.000007 mmHg
Venule pressure = 20.000002 ± 0.000001 mmHg
Blood flow = 0.000009 ± 0.000057 nl/min
Arteriole flow = 0.000012 ± 0.000067 nl/min
Capillary flow = 0.000000 ± 0.000000 nl/min
Venule flow = 0.000011 ± 0.000064 nl/min
Blood velocity = 0.000045 ± 0.000106 mm/s
Arteriole velocity = 0.000001 ± 0.000001 mm/s
Capillary velocity = 0.000169 ± 0.000149 mm/s
Venule velocity = 0.000000 ± 0.000000 mm/s
Vessel Wall Shear Stress = 3.157262 ± 7.589027 dyn/cm2
Arteriole WSS = 0.000072 ± 0.000152 dyn/cm2
Capillary WSS = 12.090467 ± 10.609024 dyn/cm2
Venule WSS = 0.000015 ± 0.000033 dyn/cm2
Reynolds number = 0.000000 ± 0.000000
Vascular segment transit time = 34735208.967593 ± 83355100.697225 s
Setting build directory ...
Setting build directory ...
Directory does not exist. Creating folder ...
> Loading network...
Reading /home/vamshis/temp/reanimate_temp_04944884/reanimate.dat ...


---------------------------------------------
anon network derived from Amira Spatial Graph
---------------------------------------------

Importing network data ...
Tissue Dimensions (x,y,z) = 34810 um x 34738 um x 1163 um
nsol = 4
nnodbc = 2
No. of segments = 32189 
No. of nodes = 23806 
No. of boundary nodes = 2 

Analysing network edges ...
No. of edges = 24228 
Edge lengths = 257.842 ± 186.658 um
Edge diameters = 8.601 ± 11.739 um
Length / diameter ratio = 360.510 ± 617.973 um
> Setting stack size ...


-----------------
Blood Flow Module
-----------------

Cloning vascular network ...

Finding articulation points ...
No. of articulation points = 2 
% of total nodes = 0.008 

Finding dead ends ...
No. of dead end segments = 0 
% of total segments = 0 

Assigning rheological parameters ...

Simulating blood flow ...

Full boundary conditions detected -> Running full solver ...
Computing conductance matrix, M ...
Computing K matrix ...
Assigning boundary conditions ...
Solving linear system ...


----------------------- Analysing vascular flow -----------------------

Assigning rheological parameters ...
Blood pressure = 36.152100 ± 13.758506 mmHg
Arteriole pressure = 51.999993 ± 0.000004 mmHg
Capillary pressure = 35.999998 ± 0.000002 mmHg
Venule pressure = 20.000004 ± 0.000002 mmHg
Blood flow = 0.000009 ± 0.000061 nl/min
Arteriole flow = 0.000013 ± 0.000072 nl/min
Capillary flow = 0.000000 ± 0.000000 nl/min
Venule flow = 0.000012 ± 0.000068 nl/min
Blood velocity = 0.000045 ± 0.000111 mm/s
Arteriole velocity = 0.000001 ± 0.000001 mm/s
Capillary velocity = 0.000173 ± 0.000160 mm/s
Venule velocity = 0.000000 ± 0.000000 mm/s
Vessel Wall Shear Stress = 3.214202 ± 7.954233 dyn/cm2
Arteriole WSS = 0.000038 ± 0.000116 dyn/cm2
Capillary WSS = 12.338846 ± 11.415160 dyn/cm2
Venule WSS = 0.000023 ± 0.000052 dyn/cm2
Reynolds number = 0.000000 ± 0.000000
Vascular segment transit time = 33674010.283156 ± 71694861.671008 s
Setting build directory ...
Setting build directory ...
Directory does not exist. Creating folder ...
> Loading network...
Reading /home/vamshis/temp/reanimate_temp_08359390/reanimate.dat ...


---------------------------------------------
anon network derived from Amira Spatial Graph
---------------------------------------------

Importing network data ...
Tissue Dimensions (x,y,z) = 34810 um x 34738 um x 1135 um
nsol = 4
nnodbc = 2
No. of segments = 32130 
No. of nodes = 23738 
No. of boundary nodes = 2 

Analysing network edges ...
No. of edges = 24254 
Edge lengths = 258.026 ± 185.633 um
Edge diameters = 7.960 ± 10.826 um
Length / diameter ratio = 359.827 ± 612.707 um
> Setting stack size ...


-----------------
Blood Flow Module
-----------------

Cloning vascular network ...

Finding articulation points ...
No. of articulation points = 2 
% of total nodes = 0.008 

Finding dead ends ...
No. of dead end segments = 0 
% of total segments = 0 

Assigning rheological parameters ...

Simulating blood flow ...

Full boundary conditions detected -> Running full solver ...
Computing conductance matrix, M ...
Computing K matrix ...
Assigning boundary conditions ...
Solving linear system ...


----------------------- Analysing vascular flow -----------------------

Assigning rheological parameters ...
Blood pressure = 36.144410 ± 13.751529 mmHg
Arteriole pressure = 51.999990 ± 0.000005 mmHg
Capillary pressure = 35.999996 ± 0.000003 mmHg
Venule pressure = 20.000005 ± 0.000003 mmHg
Blood flow = 0.000009 ± 0.000056 nl/min
Arteriole flow = 0.000012 ± 0.000065 nl/min
Capillary flow = 0.000000 ± 0.000000 nl/min
Venule flow = 0.000012 ± 0.000066 nl/min
Blood velocity = 0.000046 ± 0.000110 mm/s
Arteriole velocity = 0.000001 ± 0.000001 mm/s
Capillary velocity = 0.000173 ± 0.000157 mm/s
Venule velocity = 0.000000 ± 0.000000 mm/s
Vessel Wall Shear Stress = 3.220620 ± 7.877276 dyn/cm2
Arteriole WSS = 0.000050 ± 0.000134 dyn/cm2
Capillary WSS = 12.327566 ± 11.191870 dyn/cm2
Venule WSS = 0.000027 ± 0.000061 dyn/cm2
Reynolds number = 0.000000 ± 0.000000
Vascular segment transit time = 29636452.742317 ± 65099694.166192 s
Setting build directory ...
Setting build directory ...
Directory does not exist. Creating folder ...
> Loading network...
Reading /home/vamshis/temp/reanimate_temp_00534669/reanimate.dat ...


---------------------------------------------
anon network derived from Amira Spatial Graph
---------------------------------------------

Importing network data ...
Tissue Dimensions (x,y,z) = 34810 um x 34738 um x 1184 um
nsol = 4
nnodbc = 2
No. of segments = 32032 
No. of nodes = 23682 
No. of boundary nodes = 2 

Analysing network edges ...
No. of edges = 24143 
Edge lengths = 258.488 ± 186.741 um
Edge diameters = 8.740 ± 11.979 um
Length / diameter ratio = 360.972 ± 619.586 um
> Setting stack size ...


-----------------
Blood Flow Module
-----------------

Cloning vascular network ...

Finding articulation points ...
No. of articulation points = 2 
% of total nodes = 0.008 

Finding dead ends ...
No. of dead end segments = 0 
% of total segments = 0 

Assigning rheological parameters ...

Simulating blood flow ...

Full boundary conditions detected -> Running full solver ...
Computing conductance matrix, M ...
Computing K matrix ...
Assigning boundary conditions ...
Solving linear system ...


----------------------- Analysing vascular flow -----------------------

Assigning rheological parameters ...
Blood pressure = 36.189808 ± 13.755745 mmHg
Arteriole pressure = 51.999993 ± 0.000005 mmHg
Capillary pressure = 35.999997 ± 0.000003 mmHg
Venule pressure = 20.000003 ± 0.000002 mmHg
Blood flow = 0.000009 ± 0.000056 nl/min
Arteriole flow = 0.000011 ± 0.000064 nl/min
Capillary flow = 0.000000 ± 0.000000 nl/min
Venule flow = 0.000012 ± 0.000065 nl/min
Blood velocity = 0.000044 ± 0.000105 mm/s
Arteriole velocity = 0.000001 ± 0.000001 mm/s
Capillary velocity = 0.000169 ± 0.000146 mm/s
Venule velocity = 0.000000 ± 0.000000 mm/s
Vessel Wall Shear Stress = 3.149893 ± 7.524371 dyn/cm2
Arteriole WSS = 0.000038 ± 0.000087 dyn/cm2
Capillary WSS = 12.080545 ± 10.452582 dyn/cm2
Venule WSS = 0.000018 ± 0.000036 dyn/cm2
Reynolds number = 0.000000 ± 0.000000
Vascular segment transit time = 36334551.677565 ± 80592647.230418 s
Setting build directory ...
Setting build directory ...
Directory does not exist. Creating folder ...
> Loading network...
Reading /home/vamshis/temp/reanimate_temp_09525503/reanimate.dat ...


---------------------------------------------
anon network derived from Amira Spatial Graph
---------------------------------------------

Importing network data ...
Tissue Dimensions (x,y,z) = 34810 um x 34738 um x 1120 um
nsol = 4
nnodbc = 2
No. of segments = 32100 
No. of nodes = 23765 
No. of boundary nodes = 2 

Analysing network edges ...
No. of edges = 24098 
Edge lengths = 259.277 ± 188.963 um
Edge diameters = 8.567 ± 11.807 um
Length / diameter ratio = 360.109 ± 621.455 um
> Setting stack size ...


-----------------
Blood Flow Module
-----------------

Cloning vascular network ...

Finding articulation points ...
No. of articulation points = 2 
% of total nodes = 0.008 

Finding dead ends ...
No. of dead end segments = 0 
% of total segments = 0 

Assigning rheological parameters ...

Simulating blood flow ...

Full boundary conditions detected -> Running full solver ...
Computing conductance matrix, M ...
Computing K matrix ...
Assigning boundary conditions ...
Solving linear system ...


----------------------- Analysing vascular flow -----------------------

Assigning rheological parameters ...
Blood pressure = 36.123115 ± 13.765987 mmHg
Arteriole pressure = 51.999995 ± 0.000003 mmHg
Capillary pressure = 36.000000 ± 0.000002 mmHg
Venule pressure = 20.000005 ± 0.000003 mmHg
Blood flow = 0.000009 ± 0.000059 nl/min
Arteriole flow = 0.000012 ± 0.000071 nl/min
Capillary flow = 0.000000 ± 0.000000 nl/min
Venule flow = 0.000012 ± 0.000066 nl/min
Blood velocity = 0.000045 ± 0.000107 mm/s
Arteriole velocity = 0.000000 ± 0.000000 mm/s
Capillary velocity = 0.000171 ± 0.000150 mm/s
Venule velocity = 0.000000 ± 0.000000 mm/s
Vessel Wall Shear Stress = 3.167508 ± 7.637951 dyn/cm2
Arteriole WSS = 0.000028 ± 0.000055 dyn/cm2
Capillary WSS = 12.195794 ± 10.701410 dyn/cm2
Venule WSS = 0.000028 ± 0.000061 dyn/cm2
Reynolds number = 0.000000 ± 0.000000
Vascular segment transit time = 33193507.516698 ± 66800879.915639 s
Setting build directory ...
Setting build directory ...
Directory does not exist. Creating folder ...
> Loading network...
Reading /home/vamshis/temp/reanimate_temp_05879389/reanimate.dat ...


---------------------------------------------
anon network derived from Amira Spatial Graph
---------------------------------------------

Importing network data ...
Tissue Dimensions (x,y,z) = 34810 um x 34738 um x 1120 um
nsol = 4
nnodbc = 2
No. of segments = 32298 
No. of nodes = 23956 
No. of boundary nodes = 2 

Analysing network edges ...
No. of edges = 24126 
Edge lengths = 259.504 ± 187.918 um
Edge diameters = 9.067 ± 12.804 um
Length / diameter ratio = 361.757 ± 623.977 um
> Setting stack size ...


-----------------
Blood Flow Module
-----------------

Cloning vascular network ...

Finding articulation points ...
No. of articulation points = 2 
% of total nodes = 0.008 

Finding dead ends ...
No. of dead end segments = 0 
% of total segments = 0 

Assigning rheological parameters ...

Simulating blood flow ...

Full boundary conditions detected -> Running full solver ...
Computing conductance matrix, M ...
Computing K matrix ...
Assigning boundary conditions ...
Solving linear system ...


----------------------- Analysing vascular flow -----------------------

Assigning rheological parameters ...
Blood pressure = 36.270476 ± 13.776664 mmHg
Arteriole pressure = 51.999990 ± 0.000007 mmHg
Capillary pressure = 35.999993 ± 0.000004 mmHg
Venule pressure = 20.000002 ± 0.000001 mmHg
Blood flow = 0.000009 ± 0.000057 nl/min
Arteriole flow = 0.000013 ± 0.000069 nl/min
Capillary flow = 0.000000 ± 0.000000 nl/min
Venule flow = 0.000012 ± 0.000063 nl/min
Blood velocity = 0.000044 ± 0.000107 mm/s
Arteriole velocity = 0.000001 ± 0.000001 mm/s
Capillary velocity = 0.000171 ± 0.000151 mm/s
Venule velocity = 0.000000 ± 0.000000 mm/s
Vessel Wall Shear Stress = 3.147955 ± 7.641919 dyn/cm2
Arteriole WSS = 0.000049 ± 0.000125 dyn/cm2
Capillary WSS = 12.185029 ± 10.767591 dyn/cm2
Venule WSS = 0.000013 ± 0.000034 dyn/cm2
Reynolds number = 0.000000 ± 0.000000
Vascular segment transit time = 39865824.829559 ± 97719647.114651 s
Setting build directory ...
Setting build directory ...
Directory does not exist. Creating folder ...
> Loading network...
Reading /home/vamshis/temp/reanimate_temp_09556288/reanimate.dat ...


---------------------------------------------
anon network derived from Amira Spatial Graph
---------------------------------------------

Importing network data ...
Tissue Dimensions (x,y,z) = 34810 um x 34738 um x 1148 um
nsol = 4
nnodbc = 2
No. of segments = 32281 
No. of nodes = 23966 
No. of boundary nodes = 2 

Analysing network edges ...
No. of edges = 24063 
Edge lengths = 259.694 ± 190.241 um
Edge diameters = 9.522 ± 12.954 um
Length / diameter ratio = 362.506 ± 636.999 um
> Setting stack size ...


-----------------
Blood Flow Module
-----------------

Cloning vascular network ...

Finding articulation points ...
No. of articulation points = 2 
% of total nodes = 0.008 

Finding dead ends ...
No. of dead end segments = 0 
% of total segments = 0 

Assigning rheological parameters ...

Simulating blood flow ...

Full boundary conditions detected -> Running full solver ...
Computing conductance matrix, M ...
Computing K matrix ...
Assigning boundary conditions ...
Solving linear system ...


----------------------- Analysing vascular flow -----------------------

Assigning rheological parameters ...
Blood pressure = 36.172484 ± 13.784747 mmHg
Arteriole pressure = 51.999995 ± 0.000003 mmHg
Capillary pressure = 35.999998 ± 0.000001 mmHg
Venule pressure = 20.000002 ± 0.000001 mmHg
Blood flow = 0.000009 ± 0.000058 nl/min
Arteriole flow = 0.000011 ± 0.000067 nl/min
Capillary flow = 0.000000 ± 0.000000 nl/min
Venule flow = 0.000012 ± 0.000067 nl/min
Blood velocity = 0.000044 ± 0.000108 mm/s
Arteriole velocity = 0.000000 ± 0.000000 mm/s
Capillary velocity = 0.000172 ± 0.000152 mm/s
Venule velocity = 0.000000 ± 0.000000 mm/s
Vessel Wall Shear Stress = 3.153421 ± 7.685484 dyn/cm2
Arteriole WSS = 0.000027 ± 0.000055 dyn/cm2
Capillary WSS = 12.239402 ± 10.865421 dyn/cm2
Venule WSS = 0.000014 ± 0.000035 dyn/cm2
Reynolds number = 0.000000 ± 0.000000
Vascular segment transit time = 42811168.627119 ± 91833214.439940 s
Setting build directory ...
Setting build directory ...
Directory does not exist. Creating folder ...
> Loading network...
Reading /home/vamshis/temp/reanimate_temp_05106099/reanimate.dat ...


---------------------------------------------
anon network derived from Amira Spatial Graph
---------------------------------------------

Importing network data ...
Tissue Dimensions (x,y,z) = 34810 um x 34738 um x 1139 um
nsol = 4
nnodbc = 2
No. of segments = 32210 
No. of nodes = 23798 
No. of boundary nodes = 2 

Analysing network edges ...
No. of edges = 24350 
Edge lengths = 259.205 ± 187.045 um
Edge diameters = 9.202 ± 12.692 um
Length / diameter ratio = 366.000 ± 639.863 um
> Setting stack size ...


-----------------
Blood Flow Module
-----------------

Cloning vascular network ...

Finding articulation points ...
No. of articulation points = 2 
% of total nodes = 0.008 

Finding dead ends ...
No. of dead end segments = 0 
% of total segments = 0 

Assigning rheological parameters ...

Simulating blood flow ...

Full boundary conditions detected -> Running full solver ...
Computing conductance matrix, M ...
Computing K matrix ...
Assigning boundary conditions ...
Solving linear system ...


----------------------- Analysing vascular flow -----------------------

Assigning rheological parameters ...
Blood pressure = 36.133125 ± 13.751906 mmHg
Arteriole pressure = 51.999995 ± 0.000003 mmHg
Capillary pressure = 35.999999 ± 0.000001 mmHg
Venule pressure = 20.000003 ± 0.000002 mmHg
Blood flow = 0.000009 ± 0.000057 nl/min
Arteriole flow = 0.000012 ± 0.000066 nl/min
Capillary flow = 0.000000 ± 0.000000 nl/min
Venule flow = 0.000012 ± 0.000065 nl/min
Blood velocity = 0.000045 ± 0.000110 mm/s
Arteriole velocity = 0.000000 ± 0.000000 mm/s
Capillary velocity = 0.000171 ± 0.000157 mm/s
Venule velocity = 0.000000 ± 0.000000 mm/s
Vessel Wall Shear Stress = 3.180228 ± 7.843175 dyn/cm2
Arteriole WSS = 0.000027 ± 0.000073 dyn/cm2
Capillary WSS = 12.174303 ± 11.225018 dyn/cm2
Venule WSS = 0.000019 ± 0.000040 dyn/cm2
Reynolds number = 0.000000 ± 0.000000
Vascular segment transit time = 38673877.004983 ± 80541887.381395 s
Setting build directory ...
Setting build directory ...
Directory does not exist. Creating folder ...
> Loading network...
Reading /home/vamshis/temp/reanimate_temp_04952443/reanimate.dat ...


---------------------------------------------
anon network derived from Amira Spatial Graph
---------------------------------------------

Importing network data ...
Tissue Dimensions (x,y,z) = 34810 um x 34738 um x 1121 um
nsol = 4
nnodbc = 2
No. of segments = 32439 
No. of nodes = 24006 
No. of boundary nodes = 2 

Analysing network edges ...
No. of edges = 24400 
Edge lengths = 258.438 ± 189.295 um
Edge diameters = 7.726 ± 10.323 um
Length / diameter ratio = 364.634 ± 617.571 um
> Setting stack size ...


-----------------
Blood Flow Module
-----------------

Cloning vascular network ...

Finding articulation points ...
No. of articulation points = 2 
% of total nodes = 0.008 

Finding dead ends ...
No. of dead end segments = 0 
% of total segments = 0 

Assigning rheological parameters ...

Simulating blood flow ...

Full boundary conditions detected -> Running full solver ...
Computing conductance matrix, M ...
Computing K matrix ...
Assigning boundary conditions ...
Solving linear system ...


----------------------- Analysing vascular flow -----------------------

Assigning rheological parameters ...
Blood pressure = 36.134158 ± 13.763025 mmHg
Arteriole pressure = 51.999991 ± 0.000006 mmHg
Capillary pressure = 35.999999 ± 0.000003 mmHg
Venule pressure = 20.000007 ± 0.000004 mmHg
Blood flow = 0.000009 ± 0.000058 nl/min
Arteriole flow = 0.000012 ± 0.000064 nl/min
Capillary flow = 0.000000 ± 0.000000 nl/min
Venule flow = 0.000012 ± 0.000071 nl/min
Blood velocity = 0.000045 ± 0.000114 mm/s
Arteriole velocity = 0.000001 ± 0.000001 mm/s
Capillary velocity = 0.000173 ± 0.000168 mm/s
Venule velocity = 0.000001 ± 0.000001 mm/s
Vessel Wall Shear Stress = 3.203396 ± 8.166461 dyn/cm2
Arteriole WSS = 0.000045 ± 0.000113 dyn/cm2
Capillary WSS = 12.319380 ± 12.007677 dyn/cm2
Venule WSS = 0.000036 ± 0.000098 dyn/cm2
Reynolds number = 0.000000 ± 0.000000
Vascular segment transit time = 27636860.692884 ± 59051628.332015 s
Setting build directory ...
Setting build directory ...
Directory does not exist. Creating folder ...
> Loading network...
Reading /home/vamshis/temp/reanimate_temp_07565263/reanimate.dat ...


---------------------------------------------
anon network derived from Amira Spatial Graph
---------------------------------------------

Importing network data ...
Tissue Dimensions (x,y,z) = 34810 um x 34738 um x 1115 um
nsol = 4
nnodbc = 2
No. of segments = 32197 
No. of nodes = 23757 
No. of boundary nodes = 2 

Analysing network edges ...
No. of edges = 24395 
Edge lengths = 257.209 ± 187.415 um
Edge diameters = 8.099 ± 11.022 um
Length / diameter ratio = 363.661 ± 624.058 um
> Setting stack size ...


-----------------
Blood Flow Module
-----------------

Cloning vascular network ...

Finding articulation points ...
No. of articulation points = 2 
% of total nodes = 0.008 

Finding dead ends ...
No. of dead end segments = 0 
% of total segments = 0 

Assigning rheological parameters ...

Simulating blood flow ...

Full boundary conditions detected -> Running full solver ...
Computing conductance matrix, M ...
Computing K matrix ...
Assigning boundary conditions ...
Solving linear system ...


----------------------- Analysing vascular flow -----------------------

Assigning rheological parameters ...
Blood pressure = 36.145604 ± 13.742698 mmHg
Arteriole pressure = 51.999994 ± 0.000004 mmHg
Capillary pressure = 36.000001 ± 0.000002 mmHg
Venule pressure = 20.000007 ± 0.000005 mmHg
Blood flow = 0.000009 ± 0.000060 nl/min
Arteriole flow = 0.000012 ± 0.000070 nl/min
Capillary flow = 0.000000 ± 0.000000 nl/min
Venule flow = 0.000012 ± 0.000070 nl/min
Blood velocity = 0.000046 ± 0.000111 mm/s
Arteriole velocity = 0.000000 ± 0.000000 mm/s
Capillary velocity = 0.000173 ± 0.000159 mm/s
Venule velocity = 0.000001 ± 0.000000 mm/s
Vessel Wall Shear Stress = 3.235774 ± 7.943942 dyn/cm2
Arteriole WSS = 0.000034 ± 0.000099 dyn/cm2
Capillary WSS = 12.340841 ± 11.328065 dyn/cm2
Venule WSS = 0.000035 ± 0.000071 dyn/cm2
Reynolds number = 0.000000 ± 0.000000
Vascular segment transit time = 29862755.624477 ± 60058893.428578 s
Setting build directory ...
Setting build directory ...
Directory does not exist. Creating folder ...
> Loading network...
Reading /home/vamshis/temp/reanimate_temp_01518316/reanimate.dat ...


---------------------------------------------
anon network derived from Amira Spatial Graph
---------------------------------------------

Importing network data ...
Tissue Dimensions (x,y,z) = 34810 um x 34738 um x 1109 um
nsol = 4
nnodbc = 2
No. of segments = 32087 
No. of nodes = 23710 
No. of boundary nodes = 2 

Analysing network edges ...
No. of edges = 24214 
Edge lengths = 259.125 ± 187.566 um
Edge diameters = 8.297 ± 11.538 um
Length / diameter ratio = 366.392 ± 631.287 um
> Setting stack size ...


-----------------
Blood Flow Module
-----------------

Cloning vascular network ...

Finding articulation points ...
No. of articulation points = 2 
% of total nodes = 0.008 

Finding dead ends ...
No. of dead end segments = 0 
% of total segments = 0 

Assigning rheological parameters ...

Simulating blood flow ...

Full boundary conditions detected -> Running full solver ...
Computing conductance matrix, M ...
Computing K matrix ...
Assigning boundary conditions ...
Solving linear system ...


----------------------- Analysing vascular flow -----------------------

Assigning rheological parameters ...
Blood pressure = 36.252305 ± 13.751064 mmHg
Arteriole pressure = 51.999983 ± 0.000010 mmHg
Capillary pressure = 35.999988 ± 0.000007 mmHg
Venule pressure = 20.000002 ± 0.000001 mmHg
Blood flow = 0.000009 ± 0.000057 nl/min
Arteriole flow = 0.000012 ± 0.000067 nl/min
Capillary flow = 0.000000 ± 0.000000 nl/min
Venule flow = 0.000011 ± 0.000064 nl/min
Blood velocity = 0.000045 ± 0.000106 mm/s
Arteriole velocity = 0.000001 ± 0.000001 mm/s
Capillary velocity = 0.000169 ± 0.000149 mm/s
Venule velocity = 0.000000 ± 0.000000 mm/s
Vessel Wall Shear Stress = 3.157262 ± 7.589027 dyn/cm2
Arteriole WSS = 0.000072 ± 0.000152 dyn/cm2
Capillary WSS = 12.090467 ± 10.609024 dyn/cm2
Venule WSS = 0.000015 ± 0.000033 dyn/cm2
Reynolds number = 0.000000 ± 0.000000
Vascular segment transit time = 34735206.868155 ± 83355095.619700 s
Setting build directory ...
Setting build directory ...
Directory does not exist. Creating folder ...
> Loading network...
Reading /home/vamshis/temp/reanimate_temp_05629092/reanimate.dat ...


---------------------------------------------
anon network derived from Amira Spatial Graph
---------------------------------------------

Importing network data ...
Tissue Dimensions (x,y,z) = 34810 um x 34738 um x 1135 um
nsol = 4
nnodbc = 2
No. of segments = 32130 
No. of nodes = 23738 
No. of boundary nodes = 2 

Analysing network edges ...
No. of edges = 24254 
Edge lengths = 258.026 ± 185.633 um
Edge diameters = 7.960 ± 10.826 um
Length / diameter ratio = 359.827 ± 612.707 um
> Setting stack size ...


-----------------
Blood Flow Module
-----------------

Cloning vascular network ...

Finding articulation points ...
No. of articulation points = 2 
% of total nodes = 0.008 

Finding dead ends ...
No. of dead end segments = 0 
% of total segments = 0 

Assigning rheological parameters ...

Simulating blood flow ...

Full boundary conditions detected -> Running full solver ...
Computing conductance matrix, M ...
Computing K matrix ...
Assigning boundary conditions ...
Solving linear system ...


----------------------- Analysing vascular flow -----------------------

Assigning rheological parameters ...
Blood pressure = 36.144410 ± 13.751529 mmHg
Arteriole pressure = 51.999990 ± 0.000005 mmHg
Capillary pressure = 35.999996 ± 0.000003 mmHg
Venule pressure = 20.000005 ± 0.000003 mmHg
Blood flow = 0.000009 ± 0.000056 nl/min
Arteriole flow = 0.000012 ± 0.000065 nl/min
Capillary flow = 0.000000 ± 0.000000 nl/min
Venule flow = 0.000012 ± 0.000066 nl/min
Blood velocity = 0.000046 ± 0.000110 mm/s
Arteriole velocity = 0.000001 ± 0.000001 mm/s
Capillary velocity = 0.000173 ± 0.000157 mm/s
Venule velocity = 0.000000 ± 0.000000 mm/s
Vessel Wall Shear Stress = 3.220620 ± 7.877276 dyn/cm2
Arteriole WSS = 0.000050 ± 0.000134 dyn/cm2
Capillary WSS = 12.327566 ± 11.191870 dyn/cm2
Venule WSS = 0.000027 ± 0.000061 dyn/cm2
Reynolds number = 0.000000 ± 0.000000
Vascular segment transit time = 29636450.902102 ± 65099690.080692 s
Setting build directory ...
Setting build directory ...
Directory does not exist. Creating folder ...
> Loading network...
Reading /home/vamshis/temp/reanimate_temp_06218770/reanimate.dat ...


---------------------------------------------
anon network derived from Amira Spatial Graph
---------------------------------------------

Importing network data ...
Tissue Dimensions (x,y,z) = 34810 um x 34738 um x 1184 um
nsol = 4
nnodbc = 2
No. of segments = 32032 
No. of nodes = 23682 
No. of boundary nodes = 2 

Analysing network edges ...
No. of edges = 24143 
Edge lengths = 258.488 ± 186.741 um
Edge diameters = 8.740 ± 11.979 um
Length / diameter ratio = 360.972 ± 619.586 um
> Setting stack size ...


-----------------
Blood Flow Module
-----------------

Cloning vascular network ...

Finding articulation points ...
No. of articulation points = 2 
% of total nodes = 0.008 

Finding dead ends ...
No. of dead end segments = 0 
% of total segments = 0 

Assigning rheological parameters ...

Simulating blood flow ...

Full boundary conditions detected -> Running full solver ...
Computing conductance matrix, M ...
Computing K matrix ...
Assigning boundary conditions ...
Solving linear system ...


----------------------- Analysing vascular flow -----------------------

Assigning rheological parameters ...
Blood pressure = 36.189808 ± 13.755745 mmHg
Arteriole pressure = 51.999993 ± 0.000005 mmHg
Capillary pressure = 35.999997 ± 0.000003 mmHg
Venule pressure = 20.000003 ± 0.000002 mmHg
Blood flow = 0.000009 ± 0.000056 nl/min
Arteriole flow = 0.000011 ± 0.000064 nl/min
Capillary flow = 0.000000 ± 0.000000 nl/min
Venule flow = 0.000012 ± 0.000065 nl/min
Blood velocity = 0.000044 ± 0.000105 mm/s
Arteriole velocity = 0.000001 ± 0.000001 mm/s
Capillary velocity = 0.000169 ± 0.000146 mm/s
Venule velocity = 0.000000 ± 0.000000 mm/s
Vessel Wall Shear Stress = 3.149893 ± 7.524371 dyn/cm2
Arteriole WSS = 0.000038 ± 0.000087 dyn/cm2
Capillary WSS = 12.080545 ± 10.452582 dyn/cm2
Venule WSS = 0.000018 ± 0.000036 dyn/cm2
Reynolds number = 0.000000 ± 0.000000
Vascular segment transit time = 36334549.075248 ± 80592641.559893 s
Setting build directory ...
Setting build directory ...
Directory does not exist. Creating folder ...
> Loading network...
Reading /home/vamshis/temp/reanimate_temp_05610341/reanimate.dat ...


---------------------------------------------
anon network derived from Amira Spatial Graph
---------------------------------------------

Importing network data ...
Tissue Dimensions (x,y,z) = 34810 um x 34738 um x 1148 um
nsol = 4
nnodbc = 2
No. of segments = 32281 
No. of nodes = 23966 
No. of boundary nodes = 2 

Analysing network edges ...
No. of edges = 24063 
Edge lengths = 259.694 ± 190.241 um
Edge diameters = 9.522 ± 12.954 um
Length / diameter ratio = 362.506 ± 636.999 um
> Setting stack size ...


-----------------
Blood Flow Module
-----------------

Cloning vascular network ...

Finding articulation points ...
No. of articulation points = 2 
% of total nodes = 0.008 

Finding dead ends ...
No. of dead end segments = 0 
% of total segments = 0 

Assigning rheological parameters ...

Simulating blood flow ...

Full boundary conditions detected -> Running full solver ...
Computing conductance matrix, M ...
Computing K matrix ...
Assigning boundary conditions ...
Solving linear system ...


----------------------- Analysing vascular flow -----------------------

Assigning rheological parameters ...
Blood pressure = 36.172484 ± 13.784747 mmHg
Arteriole pressure = 51.999995 ± 0.000003 mmHg
Capillary pressure = 35.999998 ± 0.000001 mmHg
Venule pressure = 20.000002 ± 0.000001 mmHg
Blood flow = 0.000009 ± 0.000058 nl/min
Arteriole flow = 0.000011 ± 0.000067 nl/min
Capillary flow = 0.000000 ± 0.000000 nl/min
Venule flow = 0.000012 ± 0.000067 nl/min
Blood velocity = 0.000044 ± 0.000108 mm/s
Arteriole velocity = 0.000000 ± 0.000000 mm/s
Capillary velocity = 0.000172 ± 0.000152 mm/s
Venule velocity = 0.000000 ± 0.000000 mm/s
Vessel Wall Shear Stress = 3.153421 ± 7.685484 dyn/cm2
Arteriole WSS = 0.000027 ± 0.000055 dyn/cm2
Capillary WSS = 12.239403 ± 10.865421 dyn/cm2
Venule WSS = 0.000014 ± 0.000035 dyn/cm2
Reynolds number = 0.000000 ± 0.000000
Vascular segment transit time = 42811166.026192 ± 91833207.672739 s
Setting build directory ...
Setting build directory ...
Directory does not exist. Creating folder ...
> Loading network...
Reading /home/vamshis/temp/reanimate_temp_09393866/reanimate.dat ...


---------------------------------------------
anon network derived from Amira Spatial Graph
---------------------------------------------

Importing network data ...
Tissue Dimensions (x,y,z) = 34810 um x 34738 um x 1163 um
nsol = 4
nnodbc = 2
No. of segments = 32189 
No. of nodes = 23806 
No. of boundary nodes = 2 

Analysing network edges ...
No. of edges = 24228 
Edge lengths = 257.842 ± 186.658 um
Edge diameters = 8.601 ± 11.739 um
Length / diameter ratio = 360.510 ± 617.973 um
> Setting stack size ...


-----------------
Blood Flow Module
-----------------

Cloning vascular network ...

Finding articulation points ...
No. of articulation points = 2 
% of total nodes = 0.008 

Finding dead ends ...
No. of dead end segments = 0 
% of total segments = 0 

Assigning rheological parameters ...

Simulating blood flow ...

Full boundary conditions detected -> Running full solver ...
Computing conductance matrix, M ...
Computing K matrix ...
Assigning boundary conditions ...
Solving linear system ...


----------------------- Analysing vascular flow -----------------------

Assigning rheological parameters ...
Blood pressure = 36.152100 ± 13.758506 mmHg
Arteriole pressure = 51.999993 ± 0.000004 mmHg
Capillary pressure = 35.999998 ± 0.000002 mmHg
Venule pressure = 20.000004 ± 0.000002 mmHg
Blood flow = 0.000009 ± 0.000061 nl/min
Arteriole flow = 0.000013 ± 0.000072 nl/min
Capillary flow = 0.000000 ± 0.000000 nl/min
Venule flow = 0.000012 ± 0.000068 nl/min
Blood velocity = 0.000045 ± 0.000111 mm/s
Arteriole velocity = 0.000001 ± 0.000001 mm/s
Capillary velocity = 0.000173 ± 0.000160 mm/s
Venule velocity = 0.000000 ± 0.000000 mm/s
Vessel Wall Shear Stress = 3.214202 ± 7.954233 dyn/cm2
Arteriole WSS = 0.000038 ± 0.000116 dyn/cm2
Capillary WSS = 12.338846 ± 11.415160 dyn/cm2
Venule WSS = 0.000023 ± 0.000052 dyn/cm2
Reynolds number = 0.000000 ± 0.000000
Vascular segment transit time = 33674007.697493 ± 71694856.454773 s
Setting build directory ...
Setting build directory ...
Directory does not exist. Creating folder ...
> Loading network...
Reading /home/vamshis/temp/reanimate_temp_06025996/reanimate.dat ...


---------------------------------------------
anon network derived from Amira Spatial Graph
---------------------------------------------

Importing network data ...
Tissue Dimensions (x,y,z) = 34810 um x 34738 um x 1115 um
nsol = 4
nnodbc = 2
No. of segments = 32197 
No. of nodes = 23757 
No. of boundary nodes = 2 

Analysing network edges ...
No. of edges = 24395 
Edge lengths = 257.209 ± 187.415 um
Edge diameters = 8.099 ± 11.022 um
Length / diameter ratio = 363.661 ± 624.058 um
> Setting stack size ...


-----------------
Blood Flow Module
-----------------

Cloning vascular network ...

Finding articulation points ...
No. of articulation points = 2 
% of total nodes = 0.008 

Finding dead ends ...
No. of dead end segments = 0 
% of total segments = 0 

Assigning rheological parameters ...

Simulating blood flow ...

Full boundary conditions detected -> Running full solver ...
Computing conductance matrix, M ...
Computing K matrix ...
Assigning boundary conditions ...
Solving linear system ...


----------------------- Analysing vascular flow -----------------------

Assigning rheological parameters ...
Blood pressure = 36.145604 ± 13.742698 mmHg
Arteriole pressure = 51.999994 ± 0.000004 mmHg
Capillary pressure = 36.000001 ± 0.000002 mmHg
Venule pressure = 20.000007 ± 0.000005 mmHg
Blood flow = 0.000009 ± 0.000060 nl/min
Arteriole flow = 0.000012 ± 0.000070 nl/min
Capillary flow = 0.000000 ± 0.000000 nl/min
Venule flow = 0.000012 ± 0.000070 nl/min
Blood velocity = 0.000046 ± 0.000111 mm/s
Arteriole velocity = 0.000000 ± 0.000000 mm/s
Capillary velocity = 0.000173 ± 0.000159 mm/s
Venule velocity = 0.000001 ± 0.000000 mm/s
Vessel Wall Shear Stress = 3.235774 ± 7.943942 dyn/cm2
Arteriole WSS = 0.000034 ± 0.000099 dyn/cm2
Capillary WSS = 12.340841 ± 11.328065 dyn/cm2
Venule WSS = 0.000035 ± 0.000071 dyn/cm2
Reynolds number = 0.000000 ± 0.000000
Vascular segment transit time = 29862753.550462 ± 60058889.685073 s
Setting build directory ...
Setting build directory ...
Directory does not exist. Creating folder ...
> Loading network...
Reading /home/vamshis/temp/reanimate_temp_09610265/reanimate.dat ...


---------------------------------------------
anon network derived from Amira Spatial Graph
---------------------------------------------

Importing network data ...
Tissue Dimensions (x,y,z) = 34810 um x 34738 um x 1139 um
nsol = 4
nnodbc = 2
No. of segments = 32210 
No. of nodes = 23798 
No. of boundary nodes = 2 

Analysing network edges ...
No. of edges = 24350 
Edge lengths = 259.205 ± 187.045 um
Edge diameters = 9.202 ± 12.692 um
Length / diameter ratio = 366.000 ± 639.863 um
> Setting stack size ...


-----------------
Blood Flow Module
-----------------

Cloning vascular network ...

Finding articulation points ...
No. of articulation points = 2 
% of total nodes = 0.008 

Finding dead ends ...
No. of dead end segments = 0 
% of total segments = 0 

Assigning rheological parameters ...

Simulating blood flow ...

Full boundary conditions detected -> Running full solver ...
Computing conductance matrix, M ...
Computing K matrix ...
Assigning boundary conditions ...
Solving linear system ...


----------------------- Analysing vascular flow -----------------------

Assigning rheological parameters ...
Blood pressure = 36.133125 ± 13.751906 mmHg
Arteriole pressure = 51.999995 ± 0.000003 mmHg
Capillary pressure = 35.999999 ± 0.000001 mmHg
Venule pressure = 20.000003 ± 0.000002 mmHg
Blood flow = 0.000009 ± 0.000057 nl/min
Arteriole flow = 0.000012 ± 0.000066 nl/min
Capillary flow = 0.000000 ± 0.000000 nl/min
Venule flow = 0.000012 ± 0.000065 nl/min
Blood velocity = 0.000045 ± 0.000110 mm/s
Arteriole velocity = 0.000000 ± 0.000000 mm/s
Capillary velocity = 0.000171 ± 0.000157 mm/s
Venule velocity = 0.000000 ± 0.000000 mm/s
Vessel Wall Shear Stress = 3.180228 ± 7.843175 dyn/cm2
Arteriole WSS = 0.000027 ± 0.000073 dyn/cm2
Capillary WSS = 12.174303 ± 11.225018 dyn/cm2
Venule WSS = 0.000019 ± 0.000040 dyn/cm2
Reynolds number = 0.000000 ± 0.000000
Vascular segment transit time = 38673874.767694 ± 80541881.623945 s
Setting build directory ...
Setting build directory ...
Directory does not exist. Creating folder ...
> Loading network...
Reading /home/vamshis/temp/reanimate_temp_06264836/reanimate.dat ...


---------------------------------------------
anon network derived from Amira Spatial Graph
---------------------------------------------

Importing network data ...
Tissue Dimensions (x,y,z) = 34810 um x 34738 um x 1121 um
nsol = 4
nnodbc = 2
No. of segments = 32439 
No. of nodes = 24006 
No. of boundary nodes = 2 

Analysing network edges ...
No. of edges = 24400 
Edge lengths = 258.438 ± 189.295 um
Edge diameters = 7.726 ± 10.323 um
Length / diameter ratio = 364.634 ± 617.571 um
> Setting stack size ...


-----------------
Blood Flow Module
-----------------

Cloning vascular network ...

Finding articulation points ...
No. of articulation points = 2 
% of total nodes = 0.008 

Finding dead ends ...
No. of dead end segments = 0 
% of total segments = 0 

Assigning rheological parameters ...

Simulating blood flow ...

Full boundary conditions detected -> Running full solver ...
Computing conductance matrix, M ...
Computing K matrix ...
Assigning boundary conditions ...
Solving linear system ...


----------------------- Analysing vascular flow -----------------------

Assigning rheological parameters ...
Blood pressure = 36.134158 ± 13.763025 mmHg
Arteriole pressure = 51.999991 ± 0.000006 mmHg
Capillary pressure = 35.999999 ± 0.000003 mmHg
Venule pressure = 20.000007 ± 0.000004 mmHg
Blood flow = 0.000009 ± 0.000058 nl/min
Arteriole flow = 0.000012 ± 0.000064 nl/min
Capillary flow = 0.000000 ± 0.000000 nl/min
Venule flow = 0.000012 ± 0.000071 nl/min
Blood velocity = 0.000045 ± 0.000114 mm/s
Arteriole velocity = 0.000001 ± 0.000001 mm/s
Capillary velocity = 0.000173 ± 0.000168 mm/s
Venule velocity = 0.000001 ± 0.000001 mm/s
Vessel Wall Shear Stress = 3.203396 ± 8.166461 dyn/cm2
Arteriole WSS = 0.000045 ± 0.000113 dyn/cm2
Capillary WSS = 12.319380 ± 12.007678 dyn/cm2
Venule WSS = 0.000036 ± 0.000098 dyn/cm2
Reynolds number = 0.000000 ± 0.000000
Vascular segment transit time = 27636858.836333 ± 59051624.585355 s
Setting build directory ...
Setting build directory ...
Directory does not exist. Creating folder ...
> Loading network...
Reading /home/vamshis/temp/reanimate_temp_03039657/reanimate.dat ...


---------------------------------------------
anon network derived from Amira Spatial Graph
---------------------------------------------

Importing network data ...
Tissue Dimensions (x,y,z) = 34810 um x 34738 um x 1120 um
nsol = 4
nnodbc = 2
No. of segments = 32100 
No. of nodes = 23765 
No. of boundary nodes = 2 

Analysing network edges ...
No. of edges = 24098 
Edge lengths = 259.277 ± 188.963 um
Edge diameters = 8.567 ± 11.807 um
Length / diameter ratio = 360.109 ± 621.455 um
> Setting stack size ...


-----------------
Blood Flow Module
-----------------

Cloning vascular network ...

Finding articulation points ...
No. of articulation points = 2 
% of total nodes = 0.008 

Finding dead ends ...
No. of dead end segments = 0 
% of total segments = 0 

Assigning rheological parameters ...

Simulating blood flow ...

Full boundary conditions detected -> Running full solver ...
Computing conductance matrix, M ...
Computing K matrix ...
Assigning boundary conditions ...
Solving linear system ...


----------------------- Analysing vascular flow -----------------------

Assigning rheological parameters ...
Blood pressure = 36.123115 ± 13.765987 mmHg
Arteriole pressure = 51.999995 ± 0.000003 mmHg
Capillary pressure = 36.000000 ± 0.000002 mmHg
Venule pressure = 20.000005 ± 0.000003 mmHg
Blood flow = 0.000009 ± 0.000059 nl/min
Arteriole flow = 0.000012 ± 0.000071 nl/min
Capillary flow = 0.000000 ± 0.000000 nl/min
Venule flow = 0.000012 ± 0.000066 nl/min
Blood velocity = 0.000045 ± 0.000107 mm/s
Arteriole velocity = 0.000000 ± 0.000000 mm/s
Capillary velocity = 0.000171 ± 0.000150 mm/s
Venule velocity = 0.000000 ± 0.000000 mm/s
Vessel Wall Shear Stress = 3.167508 ± 7.637951 dyn/cm2
Arteriole WSS = 0.000028 ± 0.000055 dyn/cm2
Capillary WSS = 12.195794 ± 10.701410 dyn/cm2
Venule WSS = 0.000028 ± 0.000061 dyn/cm2
Reynolds number = 0.000000 ± 0.000000
Vascular segment transit time = 33193505.407365 ± 66800875.264385 s
Setting build directory ...
Setting build directory ...
Directory does not exist. Creating folder ...
> Loading network...
Reading /home/vamshis/temp/reanimate_temp_01859847/reanimate.dat ...


---------------------------------------------
anon network derived from Amira Spatial Graph
---------------------------------------------

Importing network data ...
Tissue Dimensions (x,y,z) = 34810 um x 34738 um x 1120 um
nsol = 4
nnodbc = 2
No. of segments = 32298 
No. of nodes = 23956 
No. of boundary nodes = 2 

Analysing network edges ...
No. of edges = 24126 
Edge lengths = 259.504 ± 187.918 um
Edge diameters = 9.067 ± 12.804 um
Length / diameter ratio = 361.757 ± 623.977 um
> Setting stack size ...


-----------------
Blood Flow Module
-----------------

Cloning vascular network ...

Finding articulation points ...
No. of articulation points = 2 
% of total nodes = 0.008 

Finding dead ends ...
No. of dead end segments = 0 
% of total segments = 0 

Assigning rheological parameters ...

Simulating blood flow ...

Full boundary conditions detected -> Running full solver ...
Computing conductance matrix, M ...
Computing K matrix ...
Assigning boundary conditions ...
Solving linear system ...


----------------------- Analysing vascular flow -----------------------

Assigning rheological parameters ...
Blood pressure = 36.270476 ± 13.776664 mmHg
Arteriole pressure = 51.999990 ± 0.000007 mmHg
Capillary pressure = 35.999993 ± 0.000004 mmHg
Venule pressure = 20.000002 ± 0.000001 mmHg
Blood flow = 0.000009 ± 0.000057 nl/min
Arteriole flow = 0.000013 ± 0.000069 nl/min
Capillary flow = 0.000000 ± 0.000000 nl/min
Venule flow = 0.000012 ± 0.000063 nl/min
Blood velocity = 0.000044 ± 0.000107 mm/s
Arteriole velocity = 0.000001 ± 0.000001 mm/s
Capillary velocity = 0.000171 ± 0.000151 mm/s
Venule velocity = 0.000000 ± 0.000000 mm/s
Vessel Wall Shear Stress = 3.147955 ± 7.641919 dyn/cm2
Arteriole WSS = 0.000049 ± 0.000125 dyn/cm2
Capillary WSS = 12.185029 ± 10.767591 dyn/cm2
Venule WSS = 0.000013 ± 0.000034 dyn/cm2
Reynolds number = 0.000000 ± 0.000000
Vascular segment transit time = 39865822.452772 ± 97719639.638228 s
[Rank 7] Running simulation 7 as /scratch/vamshis/FINAL/TEST_4/sim00000007
First branch length 2011.5874725941646
Graph written to /scratch/vamshis/FINAL/TEST_4/sim00000007/lsystem/retina_artery_upper.am
First branch length 2011.5874725941646
Graph written to /scratch/vamshis/FINAL/TEST_4/sim00000007/lsystem/retina_vein_upper.am
First branch length 2011.5874725941646
Graph written to /scratch/vamshis/FINAL/TEST_4/sim00000007/lsystem/retina_artery_lower.am
First branch length 2011.5874725941646
Graph written to /scratch/vamshis/FINAL/TEST_4/sim00000007/lsystem/retina_vein_lower.am
Combined graph written to /scratch/vamshis/FINAL/TEST_4/sim00000007/lsystem/retina_lsystem.am
[INFO] Attempting headless mesh export instead of screen grab...
Preparing graph (creating cylinders)...
Headless mode! Skipping rendering setup.
Headless mode! Cannot render image
[SUCCESS] Mesh saved to: /scratch/vamshis/FINAL/TEST_4/sim00000007/lsystem/lsystem_output_mesh.ply
Written param file: /scratch/vamshis/FINAL/TEST_4/sim00000007/cco/retina_upper_discs_params.json
Simulating from /scratch/vamshis/FINAL/TEST_4/sim00000007/cco/retina_upper_discs_params.json
Converting CSV to AM: /scratch/vamshis/FINAL/TEST_4/sim00000007/cco/retina_artery_upper.csv
Converting CSV to AM: /scratch/vamshis/FINAL/TEST_4/sim00000007/cco/retina_vein_upper.csv
Written param file: /scratch/vamshis/FINAL/TEST_4/sim00000007/cco/retina_lower_discs_params.json
Simulating from /scratch/vamshis/FINAL/TEST_4/sim00000007/cco/retina_lower_discs_params.json
Converting CSV to AM: /scratch/vamshis/FINAL/TEST_4/sim00000007/cco/retina_artery_lower.csv
Converting CSV to AM: /scratch/vamshis/FINAL/TEST_4/sim00000007/cco/retina_vein_lower.csv
Combined graph written to /scratch/vamshis/FINAL/TEST_4/sim00000007/cco/retina_cco.am
Joining feeding vessels...
[INFO] Exporting headless mesh instead of screen rendering...
Preparing graph (creating cylinders)...
Headless mode! Skipping rendering setup.
Headless mode! Cannot render image
[SUCCESS] Mesh saved to: /scratch/vamshis/FINAL/TEST_4/sim00000007/cco/vascular_output_mesh.ply
Connecting endpoints...
Directly connecting arterial terminal nodes to venous terminal nodes
Connecting arterial endpoints to venous endpoints
Connecting venous endpoints to arterial endpoints
Shortest vessel length: 0.0826638713479042
Writing dat file... /home/vamshis/temp/reanimate_temp_04952443/reanimate.dat
Max diameter = 196.265625, idx = 24001
Calling REANIMATE...
REANIMATE complete
Saving Amira graph to retina_cco_a2v_reanimate.am
Max. flow = 0.002745
Calculating lengths...
Fetching edge radii...
Fetching node pressure...
Fetching vessel type...
Max. flow = 0.002745
Calculating lengths...
Fetching edge radii...
Fetching node pressure...
Fetching vessel type...
Interpolating graph (10.0 um)
Overlaying wriggle (by branch). afH=None,afL=None,pfH=None,pfL=None
Preparing graph (creating cylinders)...
Headless mode! Skipping rendering setup.
Headless mode! Cannot render image
screen_grab skipped: Headless mode active.
screen_grab skipped: Headless mode active.
Writing dat file... /home/vamshis/temp/reanimate_temp_06264836/reanimate.dat
Max diameter = 196.265625, idx = 24001
Calling REANIMATE...
REANIMATE complete
Saving Amira graph to retina_cco_a2v_reanimate_crawl.am
Preparing graph (creating cylinders)...
Headless mode! Skipping rendering setup.
Headless mode! Cannot render image
screen_grab skipped: Headless mode active.
screen_grab skipped: Headless mode active.
Saved enface segmentation to to enface_segmentation.png
Simulating macular geometry...
Simulating optic nerve geometry...
Creating grid fill
Grid fill complete
Stitching macula model into grid...
Stitching optic nerve model into grid...
Adding simplex noise
Adding independent layer noise
Adding common layer noise
Projecting onto sphere
Projecting vertices onto sphere...
Projecting edgepoints onto sphere...
Ray tracing for surface embedding...
Writing graph to /scratch/vamshis/FINAL/TEST_4/sim00000007/cco/retina_cco_a2v_reanimate_crawl_projected.am
Writing vessel mesh...
Preparing graph (creating cylinders)...
Headless mode! Skipping rendering setup.
Headless mode! Cannot render image
Preparing graph (creating cylinders)...
Headless mode! Skipping rendering setup.
Headless mode! Cannot render image
Max. flow = 0.002745
Calculating lengths...
Fetching edge radii...
Fetching node pressure...
Fetching vessel type...
Creating artery-vein graph
Preparing graph (creating cylinders)...
Headless mode! Skipping rendering setup.
Headless mode! Cannot render image
screen_grab skipped: Headless mode active.
Creating perfused graph
screen_grab skipped: Headless mode active.
Creating order graph
screen_grab skipped: Headless mode active.
Creating branch graph
screen_grab skipped: Headless mode active.
Storing injection result...
[Rank 4] Running simulation 4 as /scratch/vamshis/FINAL/TEST_4/sim00000004
First branch length 1871.9907301569551
Graph written to /scratch/vamshis/FINAL/TEST_4/sim00000004/lsystem/retina_artery_upper.am
First branch length 1871.9907301569551
Graph written to /scratch/vamshis/FINAL/TEST_4/sim00000004/lsystem/retina_vein_upper.am
First branch length 1871.9907301569551
Graph written to /scratch/vamshis/FINAL/TEST_4/sim00000004/lsystem/retina_artery_lower.am
First branch length 1871.9907301569551
Graph written to /scratch/vamshis/FINAL/TEST_4/sim00000004/lsystem/retina_vein_lower.am
Combined graph written to /scratch/vamshis/FINAL/TEST_4/sim00000004/lsystem/retina_lsystem.am
[INFO] Attempting headless mesh export instead of screen grab...
Preparing graph (creating cylinders)...
Headless mode! Skipping rendering setup.
Headless mode! Cannot render image
[SUCCESS] Mesh saved to: /scratch/vamshis/FINAL/TEST_4/sim00000004/lsystem/lsystem_output_mesh.ply
Written param file: /scratch/vamshis/FINAL/TEST_4/sim00000004/cco/retina_upper_discs_params.json
Simulating from /scratch/vamshis/FINAL/TEST_4/sim00000004/cco/retina_upper_discs_params.json
Converting CSV to AM: /scratch/vamshis/FINAL/TEST_4/sim00000004/cco/retina_artery_upper.csv
Converting CSV to AM: /scratch/vamshis/FINAL/TEST_4/sim00000004/cco/retina_vein_upper.csv
Written param file: /scratch/vamshis/FINAL/TEST_4/sim00000004/cco/retina_lower_discs_params.json
Simulating from /scratch/vamshis/FINAL/TEST_4/sim00000004/cco/retina_lower_discs_params.json
Converting CSV to AM: /scratch/vamshis/FINAL/TEST_4/sim00000004/cco/retina_artery_lower.csv
Converting CSV to AM: /scratch/vamshis/FINAL/TEST_4/sim00000004/cco/retina_vein_lower.csv
Combined graph written to /scratch/vamshis/FINAL/TEST_4/sim00000004/cco/retina_cco.am
Joining feeding vessels...
[INFO] Exporting headless mesh instead of screen rendering...
Preparing graph (creating cylinders)...
Headless mode! Skipping rendering setup.
Headless mode! Cannot render image
[SUCCESS] Mesh saved to: /scratch/vamshis/FINAL/TEST_4/sim00000004/cco/vascular_output_mesh.ply
Connecting endpoints...
Directly connecting arterial terminal nodes to venous terminal nodes
Connecting arterial endpoints to venous endpoints
Connecting venous endpoints to arterial endpoints
Shortest vessel length: 0.12697607278823853
Writing dat file... /home/vamshis/temp/reanimate_temp_09525503/reanimate.dat
Max diameter = 209.10116577148438, idx = 23760
Calling REANIMATE...
REANIMATE complete
Saving Amira graph to retina_cco_a2v_reanimate.am
Max. flow = 0.002686
Calculating lengths...
Fetching edge radii...
Fetching node pressure...
Fetching vessel type...
Max. flow = 0.002686
Calculating lengths...
Fetching edge radii...
Fetching node pressure...
Fetching vessel type...
Interpolating graph (10.0 um)
Overlaying wriggle (by branch). afH=None,afL=None,pfH=None,pfL=None
Preparing graph (creating cylinders)...
Headless mode! Skipping rendering setup.
Headless mode! Cannot render image
screen_grab skipped: Headless mode active.
screen_grab skipped: Headless mode active.
Writing dat file... /home/vamshis/temp/reanimate_temp_03039657/reanimate.dat
Max diameter = 209.10116577148438, idx = 23760
Calling REANIMATE...
REANIMATE complete
Saving Amira graph to retina_cco_a2v_reanimate_crawl.am
Preparing graph (creating cylinders)...
Headless mode! Skipping rendering setup.
Headless mode! Cannot render image
screen_grab skipped: Headless mode active.
screen_grab skipped: Headless mode active.
Saved enface segmentation to to enface_segmentation.png
Simulating macular geometry...
Simulating optic nerve geometry...
Creating grid fill
Grid fill complete
Stitching macula model into grid...
Stitching optic nerve model into grid...
Adding simplex noise
Adding independent layer noise
Adding common layer noise
Projecting onto sphere
Projecting vertices onto sphere...
Projecting edgepoints onto sphere...
Ray tracing for surface embedding...
Writing graph to /scratch/vamshis/FINAL/TEST_4/sim00000004/cco/retina_cco_a2v_reanimate_crawl_projected.am
Writing vessel mesh...
Preparing graph (creating cylinders)...
Headless mode! Skipping rendering setup.
Headless mode! Cannot render image
Preparing graph (creating cylinders)...
Headless mode! Skipping rendering setup.
Headless mode! Cannot render image
Max. flow = 0.002686
Calculating lengths...
Fetching edge radii...
Fetching node pressure...
Fetching vessel type...
Creating artery-vein graph
Preparing graph (creating cylinders)...
Headless mode! Skipping rendering setup.
Headless mode! Cannot render image
screen_grab skipped: Headless mode active.
Creating perfused graph
screen_grab skipped: Headless mode active.
Creating order graph
screen_grab skipped: Headless mode active.
Creating branch graph
screen_grab skipped: Headless mode active.
Storing injection result...
[Rank 9] Running simulation 9 as /scratch/vamshis/FINAL/TEST_4/sim00000009
First branch length 1845.2244381101218
Graph written to /scratch/vamshis/FINAL/TEST_4/sim00000009/lsystem/retina_artery_upper.am
First branch length 1845.2244381101218
Graph written to /scratch/vamshis/FINAL/TEST_4/sim00000009/lsystem/retina_vein_upper.am
First branch length 1845.2244381101218
Graph written to /scratch/vamshis/FINAL/TEST_4/sim00000009/lsystem/retina_artery_lower.am
First branch length 1845.2244381101218
Graph written to /scratch/vamshis/FINAL/TEST_4/sim00000009/lsystem/retina_vein_lower.am
Combined graph written to /scratch/vamshis/FINAL/TEST_4/sim00000009/lsystem/retina_lsystem.am
[INFO] Attempting headless mesh export instead of screen grab...
Preparing graph (creating cylinders)...
Headless mode! Skipping rendering setup.
Headless mode! Cannot render image
[SUCCESS] Mesh saved to: /scratch/vamshis/FINAL/TEST_4/sim00000009/lsystem/lsystem_output_mesh.ply
Written param file: /scratch/vamshis/FINAL/TEST_4/sim00000009/cco/retina_upper_discs_params.json
Simulating from /scratch/vamshis/FINAL/TEST_4/sim00000009/cco/retina_upper_discs_params.json
Converting CSV to AM: /scratch/vamshis/FINAL/TEST_4/sim00000009/cco/retina_artery_upper.csv
Converting CSV to AM: /scratch/vamshis/FINAL/TEST_4/sim00000009/cco/retina_vein_upper.csv
Written param file: /scratch/vamshis/FINAL/TEST_4/sim00000009/cco/retina_lower_discs_params.json
Simulating from /scratch/vamshis/FINAL/TEST_4/sim00000009/cco/retina_lower_discs_params.json
Converting CSV to AM: /scratch/vamshis/FINAL/TEST_4/sim00000009/cco/retina_artery_lower.csv
Converting CSV to AM: /scratch/vamshis/FINAL/TEST_4/sim00000009/cco/retina_vein_lower.csv
Combined graph written to /scratch/vamshis/FINAL/TEST_4/sim00000009/cco/retina_cco.am
Joining feeding vessels...
[INFO] Exporting headless mesh instead of screen rendering...
Preparing graph (creating cylinders)...
Headless mode! Skipping rendering setup.
Headless mode! Cannot render image
[SUCCESS] Mesh saved to: /scratch/vamshis/FINAL/TEST_4/sim00000009/cco/vascular_output_mesh.ply
Connecting endpoints...
Directly connecting arterial terminal nodes to venous terminal nodes
Connecting arterial endpoints to venous endpoints
Connecting venous endpoints to arterial endpoints
Shortest vessel length: 0.1937643438577652
Writing dat file... /home/vamshis/temp/reanimate_temp_05879389/reanimate.dat
Max diameter = 265.0684814453125, idx = 23951
Calling REANIMATE...
REANIMATE complete
Saving Amira graph to retina_cco_a2v_reanimate.am
Max. flow = 0.002686
Calculating lengths...
Fetching edge radii...
Fetching node pressure...
Fetching vessel type...
Max. flow = 0.002686
Calculating lengths...
Fetching edge radii...
Fetching node pressure...
Fetching vessel type...
Interpolating graph (10.0 um)
Overlaying wriggle (by branch). afH=None,afL=None,pfH=None,pfL=None
Preparing graph (creating cylinders)...
Headless mode! Skipping rendering setup.
Headless mode! Cannot render image
screen_grab skipped: Headless mode active.
screen_grab skipped: Headless mode active.
Writing dat file... /home/vamshis/temp/reanimate_temp_01859847/reanimate.dat
Max diameter = 265.0684814453125, idx = 23951
Calling REANIMATE...
REANIMATE complete
Saving Amira graph to retina_cco_a2v_reanimate_crawl.am
Preparing graph (creating cylinders)...
Headless mode! Skipping rendering setup.
Headless mode! Cannot render image
screen_grab skipped: Headless mode active.
screen_grab skipped: Headless mode active.
Saved enface segmentation to to enface_segmentation.png
Simulating macular geometry...
Simulating optic nerve geometry...
Creating grid fill
Grid fill complete
Stitching macula model into grid...
Stitching optic nerve model into grid...
Adding simplex noise
Adding independent layer noise
Adding common layer noise
Projecting onto sphere
Projecting vertices onto sphere...
Projecting edgepoints onto sphere...
Ray tracing for surface embedding...
Writing graph to /scratch/vamshis/FINAL/TEST_4/sim00000009/cco/retina_cco_a2v_reanimate_crawl_projected.am
Writing vessel mesh...
Preparing graph (creating cylinders)...
Headless mode! Skipping rendering setup.
Headless mode! Cannot render image
Preparing graph (creating cylinders)...
Headless mode! Skipping rendering setup.
Headless mode! Cannot render image
Max. flow = 0.002686
Calculating lengths...
Fetching edge radii...
Fetching node pressure...
Fetching vessel type...
Creating artery-vein graph
Preparing graph (creating cylinders)...
Headless mode! Skipping rendering setup.
Headless mode! Cannot render image
screen_grab skipped: Headless mode active.
Creating perfused graph
screen_grab skipped: Headless mode active.
Creating order graph
screen_grab skipped: Headless mode active.
Creating branch graph
screen_grab skipped: Headless mode active.
Storing injection result...
[Rank 3] Running simulation 3 as /scratch/vamshis/FINAL/TEST_4/sim00000003
First branch length 2440.529970722494
Graph written to /scratch/vamshis/FINAL/TEST_4/sim00000003/lsystem/retina_artery_upper.am
First branch length 2440.529970722494
Graph written to /scratch/vamshis/FINAL/TEST_4/sim00000003/lsystem/retina_vein_upper.am
First branch length 2440.529970722494
Graph written to /scratch/vamshis/FINAL/TEST_4/sim00000003/lsystem/retina_artery_lower.am
First branch length 2440.529970722494
Graph written to /scratch/vamshis/FINAL/TEST_4/sim00000003/lsystem/retina_vein_lower.am
Combined graph written to /scratch/vamshis/FINAL/TEST_4/sim00000003/lsystem/retina_lsystem.am
[INFO] Attempting headless mesh export instead of screen grab...
Preparing graph (creating cylinders)...
Headless mode! Skipping rendering setup.
Headless mode! Cannot render image
[SUCCESS] Mesh saved to: /scratch/vamshis/FINAL/TEST_4/sim00000003/lsystem/lsystem_output_mesh.ply
Written param file: /scratch/vamshis/FINAL/TEST_4/sim00000003/cco/retina_upper_discs_params.json
Simulating from /scratch/vamshis/FINAL/TEST_4/sim00000003/cco/retina_upper_discs_params.json
Converting CSV to AM: /scratch/vamshis/FINAL/TEST_4/sim00000003/cco/retina_artery_upper.csv
Converting CSV to AM: /scratch/vamshis/FINAL/TEST_4/sim00000003/cco/retina_vein_upper.csv
Written param file: /scratch/vamshis/FINAL/TEST_4/sim00000003/cco/retina_lower_discs_params.json
Simulating from /scratch/vamshis/FINAL/TEST_4/sim00000003/cco/retina_lower_discs_params.json
Converting CSV to AM: /scratch/vamshis/FINAL/TEST_4/sim00000003/cco/retina_artery_lower.csv
Converting CSV to AM: /scratch/vamshis/FINAL/TEST_4/sim00000003/cco/retina_vein_lower.csv
Combined graph written to /scratch/vamshis/FINAL/TEST_4/sim00000003/cco/retina_cco.am
Joining feeding vessels...
[INFO] Exporting headless mesh instead of screen rendering...
Preparing graph (creating cylinders)...
Headless mode! Skipping rendering setup.
Headless mode! Cannot render image
[SUCCESS] Mesh saved to: /scratch/vamshis/FINAL/TEST_4/sim00000003/cco/vascular_output_mesh.ply
Connecting endpoints...
Directly connecting arterial terminal nodes to venous terminal nodes
Connecting arterial endpoints to venous endpoints
Connecting venous endpoints to arterial endpoints
Shortest vessel length: 0.16895247995853424
Writing dat file... /home/vamshis/temp/reanimate_temp_00534669/reanimate.dat
Max diameter = 237.82382202148438, idx = 23677
Calling REANIMATE...
REANIMATE complete
Saving Amira graph to retina_cco_a2v_reanimate.am
Max. flow = 0.002665
Calculating lengths...
Fetching edge radii...
Fetching node pressure...
Fetching vessel type...
Max. flow = 0.002665
Calculating lengths...
Fetching edge radii...
Fetching node pressure...
Fetching vessel type...
Interpolating graph (10.0 um)
Overlaying wriggle (by branch). afH=None,afL=None,pfH=None,pfL=None
Preparing graph (creating cylinders)...
Headless mode! Skipping rendering setup.
Headless mode! Cannot render image
screen_grab skipped: Headless mode active.
screen_grab skipped: Headless mode active.
Writing dat file... /home/vamshis/temp/reanimate_temp_06218770/reanimate.dat
Max diameter = 237.82382202148438, idx = 23677
Calling REANIMATE...
REANIMATE complete
Saving Amira graph to retina_cco_a2v_reanimate_crawl.am
Preparing graph (creating cylinders)...
Headless mode! Skipping rendering setup.
Headless mode! Cannot render image
screen_grab skipped: Headless mode active.
screen_grab skipped: Headless mode active.
Saved enface segmentation to to enface_segmentation.png
Simulating macular geometry...
Simulating optic nerve geometry...
Creating grid fill
Grid fill complete
Stitching macula model into grid...
Stitching optic nerve model into grid...
Adding simplex noise
Adding independent layer noise
Adding common layer noise
Projecting onto sphere
Projecting vertices onto sphere...
Projecting edgepoints onto sphere...
Ray tracing for surface embedding...
Writing graph to /scratch/vamshis/FINAL/TEST_4/sim00000003/cco/retina_cco_a2v_reanimate_crawl_projected.am
Writing vessel mesh...
Preparing graph (creating cylinders)...
Headless mode! Skipping rendering setup.
Headless mode! Cannot render image
Preparing graph (creating cylinders)...
Headless mode! Skipping rendering setup.
Headless mode! Cannot render image
Max. flow = 0.002665
Calculating lengths...
Fetching edge radii...
Fetching node pressure...
Fetching vessel type...
Creating artery-vein graph
Preparing graph (creating cylinders)...
Headless mode! Skipping rendering setup.
Headless mode! Cannot render image
screen_grab skipped: Headless mode active.
Creating perfused graph
screen_grab skipped: Headless mode active.
Creating order graph
screen_grab skipped: Headless mode active.
Creating branch graph
screen_grab skipped: Headless mode active.
Storing injection result...
 Saved 15000 frames to /scratch/vamshis/FINAL/TEST_4/sim00000003/ffa/concentration_data.npz
[Rank 1] Running simulation 1 as /scratch/vamshis/FINAL/TEST_4/sim00000001
First branch length 1711.7726389697675
Graph written to /scratch/vamshis/FINAL/TEST_4/sim00000001/lsystem/retina_artery_upper.am
First branch length 1711.7726389697675
Graph written to /scratch/vamshis/FINAL/TEST_4/sim00000001/lsystem/retina_vein_upper.am
First branch length 1711.7726389697675
Graph written to /scratch/vamshis/FINAL/TEST_4/sim00000001/lsystem/retina_artery_lower.am
First branch length 1711.7726389697675
Graph written to /scratch/vamshis/FINAL/TEST_4/sim00000001/lsystem/retina_vein_lower.am
Combined graph written to /scratch/vamshis/FINAL/TEST_4/sim00000001/lsystem/retina_lsystem.am
[INFO] Attempting headless mesh export instead of screen grab...
Preparing graph (creating cylinders)...
Headless mode! Skipping rendering setup.
Headless mode! Cannot render image
[SUCCESS] Mesh saved to: /scratch/vamshis/FINAL/TEST_4/sim00000001/lsystem/lsystem_output_mesh.ply
Written param file: /scratch/vamshis/FINAL/TEST_4/sim00000001/cco/retina_upper_discs_params.json
Simulating from /scratch/vamshis/FINAL/TEST_4/sim00000001/cco/retina_upper_discs_params.json
Converting CSV to AM: /scratch/vamshis/FINAL/TEST_4/sim00000001/cco/retina_artery_upper.csv
Converting CSV to AM: /scratch/vamshis/FINAL/TEST_4/sim00000001/cco/retina_vein_upper.csv
Written param file: /scratch/vamshis/FINAL/TEST_4/sim00000001/cco/retina_lower_discs_params.json
Simulating from /scratch/vamshis/FINAL/TEST_4/sim00000001/cco/retina_lower_discs_params.json
Converting CSV to AM: /scratch/vamshis/FINAL/TEST_4/sim00000001/cco/retina_artery_lower.csv
Converting CSV to AM: /scratch/vamshis/FINAL/TEST_4/sim00000001/cco/retina_vein_lower.csv
Combined graph written to /scratch/vamshis/FINAL/TEST_4/sim00000001/cco/retina_cco.am
Joining feeding vessels...
[INFO] Exporting headless mesh instead of screen rendering...
Preparing graph (creating cylinders)...
Headless mode! Skipping rendering setup.
Headless mode! Cannot render image
[SUCCESS] Mesh saved to: /scratch/vamshis/FINAL/TEST_4/sim00000001/cco/vascular_output_mesh.ply
Connecting endpoints...
Directly connecting arterial terminal nodes to venous terminal nodes
Connecting arterial endpoints to venous endpoints
Connecting venous endpoints to arterial endpoints
Shortest vessel length: 0.09228556603193283
Writing dat file... /home/vamshis/temp/reanimate_temp_08359390/reanimate.dat
Max diameter = 211.75875854492188, idx = 23733
Calling REANIMATE...
REANIMATE complete
Saving Amira graph to retina_cco_a2v_reanimate.am
Max. flow = 0.002734
Calculating lengths...
Fetching edge radii...
Fetching node pressure...
Fetching vessel type...
Max. flow = 0.002734
Calculating lengths...
Fetching edge radii...
Fetching node pressure...
Fetching vessel type...
Interpolating graph (10.0 um)
Overlaying wriggle (by branch). afH=None,afL=None,pfH=None,pfL=None
Preparing graph (creating cylinders)...
Headless mode! Skipping rendering setup.
Headless mode! Cannot render image
screen_grab skipped: Headless mode active.
screen_grab skipped: Headless mode active.
Writing dat file... /home/vamshis/temp/reanimate_temp_05629092/reanimate.dat
Max diameter = 211.75875854492188, idx = 23733
Calling REANIMATE...
REANIMATE complete
Saving Amira graph to retina_cco_a2v_reanimate_crawl.am
Preparing graph (creating cylinders)...
Headless mode! Skipping rendering setup.
Headless mode! Cannot render image
screen_grab skipped: Headless mode active.
screen_grab skipped: Headless mode active.
Saved enface segmentation to to enface_segmentation.png
Simulating macular geometry...
Simulating optic nerve geometry...
Creating grid fill
Grid fill complete
Stitching macula model into grid...
Stitching optic nerve model into grid...
Adding simplex noise
Adding independent layer noise
Adding common layer noise
Projecting onto sphere
Projecting vertices onto sphere...
Projecting edgepoints onto sphere...
Ray tracing for surface embedding...
Writing graph to /scratch/vamshis/FINAL/TEST_4/sim00000001/cco/retina_cco_a2v_reanimate_crawl_projected.am
Writing vessel mesh...
Preparing graph (creating cylinders)...
Headless mode! Skipping rendering setup.
Headless mode! Cannot render image
Preparing graph (creating cylinders)...
Headless mode! Skipping rendering setup.
Headless mode! Cannot render image
Max. flow = 0.002734
Calculating lengths...
Fetching edge radii...
Fetching node pressure...
Fetching vessel type...
Creating artery-vein graph
Preparing graph (creating cylinders)...
Headless mode! Skipping rendering setup.
Headless mode! Cannot render image
screen_grab skipped: Headless mode active.
Creating perfused graph
screen_grab skipped: Headless mode active.
Creating order graph
screen_grab skipped: Headless mode active.
Creating branch graph
screen_grab skipped: Headless mode active.
Storing injection result...
 Saved 15000 frames to /scratch/vamshis/FINAL/TEST_4/sim00000001/ffa/concentration_data.npz
[Rank 8] Running simulation 8 as /scratch/vamshis/FINAL/TEST_4/sim00000008
First branch length 1493.3904955593175
Graph written to /scratch/vamshis/FINAL/TEST_4/sim00000008/lsystem/retina_artery_upper.am
First branch length 1493.3904955593175
Graph written to /scratch/vamshis/FINAL/TEST_4/sim00000008/lsystem/retina_vein_upper.am
First branch length 1493.3904955593175
Graph written to /scratch/vamshis/FINAL/TEST_4/sim00000008/lsystem/retina_artery_lower.am
First branch length 1493.3904955593175
Graph written to /scratch/vamshis/FINAL/TEST_4/sim00000008/lsystem/retina_vein_lower.am
Combined graph written to /scratch/vamshis/FINAL/TEST_4/sim00000008/lsystem/retina_lsystem.am
[INFO] Attempting headless mesh export instead of screen grab...
Preparing graph (creating cylinders)...
Headless mode! Skipping rendering setup.
Headless mode! Cannot render image
[SUCCESS] Mesh saved to: /scratch/vamshis/FINAL/TEST_4/sim00000008/lsystem/lsystem_output_mesh.ply
Written param file: /scratch/vamshis/FINAL/TEST_4/sim00000008/cco/retina_upper_discs_params.json
Simulating from /scratch/vamshis/FINAL/TEST_4/sim00000008/cco/retina_upper_discs_params.json
Converting CSV to AM: /scratch/vamshis/FINAL/TEST_4/sim00000008/cco/retina_artery_upper.csv
Converting CSV to AM: /scratch/vamshis/FINAL/TEST_4/sim00000008/cco/retina_vein_upper.csv
Written param file: /scratch/vamshis/FINAL/TEST_4/sim00000008/cco/retina_lower_discs_params.json
Simulating from /scratch/vamshis/FINAL/TEST_4/sim00000008/cco/retina_lower_discs_params.json
Converting CSV to AM: /scratch/vamshis/FINAL/TEST_4/sim00000008/cco/retina_artery_lower.csv
Converting CSV to AM: /scratch/vamshis/FINAL/TEST_4/sim00000008/cco/retina_vein_lower.csv
Combined graph written to /scratch/vamshis/FINAL/TEST_4/sim00000008/cco/retina_cco.am
Joining feeding vessels...
[INFO] Exporting headless mesh instead of screen rendering...
Preparing graph (creating cylinders)...
Headless mode! Skipping rendering setup.
Headless mode! Cannot render image
[SUCCESS] Mesh saved to: /scratch/vamshis/FINAL/TEST_4/sim00000008/cco/vascular_output_mesh.ply
Connecting endpoints...
Directly connecting arterial terminal nodes to venous terminal nodes
Connecting arterial endpoints to venous endpoints
Connecting venous endpoints to arterial endpoints
Shortest vessel length: 0.15442536771297455
Writing dat file... /home/vamshis/temp/reanimate_temp_07565263/reanimate.dat
Max diameter = 201.81396484375, idx = 23749
Calling REANIMATE...
REANIMATE complete
Saving Amira graph to retina_cco_a2v_reanimate.am
Max. flow = 0.002752
Calculating lengths...
Fetching edge radii...
Fetching node pressure...
Fetching vessel type...
Max. flow = 0.002752
Calculating lengths...
Fetching edge radii...
Fetching node pressure...
Fetching vessel type...
Interpolating graph (10.0 um)
Overlaying wriggle (by branch). afH=None,afL=None,pfH=None,pfL=None
Preparing graph (creating cylinders)...
Headless mode! Skipping rendering setup.
Headless mode! Cannot render image
screen_grab skipped: Headless mode active.
screen_grab skipped: Headless mode active.
Writing dat file... /home/vamshis/temp/reanimate_temp_06025996/reanimate.dat
Max diameter = 201.81396484375, idx = 23749
Calling REANIMATE...
REANIMATE complete
Saving Amira graph to retina_cco_a2v_reanimate_crawl.am
Preparing graph (creating cylinders)...
Headless mode! Skipping rendering setup.
Headless mode! Cannot render image
screen_grab skipped: Headless mode active.
screen_grab skipped: Headless mode active.
Saved enface segmentation to to enface_segmentation.png
Simulating macular geometry...
Simulating optic nerve geometry...
Creating grid fill
Grid fill complete
Stitching macula model into grid...
Stitching optic nerve model into grid...
Adding simplex noise
Adding independent layer noise
Adding common layer noise
Projecting onto sphere
Projecting vertices onto sphere...
Projecting edgepoints onto sphere...
Ray tracing for surface embedding...
Writing graph to /scratch/vamshis/FINAL/TEST_4/sim00000008/cco/retina_cco_a2v_reanimate_crawl_projected.am
Writing vessel mesh...
Preparing graph (creating cylinders)...
Headless mode! Skipping rendering setup.
Headless mode! Cannot render image
Preparing graph (creating cylinders)...
Headless mode! Skipping rendering setup.
Headless mode! Cannot render image
Max. flow = 0.002752
Calculating lengths...
Fetching edge radii...
Fetching node pressure...
Fetching vessel type...
Creating artery-vein graph
Preparing graph (creating cylinders)...
Headless mode! Skipping rendering setup.
Headless mode! Cannot render image
screen_grab skipped: Headless mode active.
Creating perfused graph
screen_grab skipped: Headless mode active.
Creating order graph
screen_grab skipped: Headless mode active.
Creating branch graph
screen_grab skipped: Headless mode active.
Storing injection result...
 Saved 15000 frames to /scratch/vamshis/FINAL/TEST_4/sim00000008/ffa/concentration_data.npz
[Rank 6] Running simulation 6 as /scratch/vamshis/FINAL/TEST_4/sim00000006
First branch length 2121.558675989517
Graph written to /scratch/vamshis/FINAL/TEST_4/sim00000006/lsystem/retina_artery_upper.am
First branch length 2121.558675989517
Graph written to /scratch/vamshis/FINAL/TEST_4/sim00000006/lsystem/retina_vein_upper.am
First branch length 2121.558675989517
Graph written to /scratch/vamshis/FINAL/TEST_4/sim00000006/lsystem/retina_artery_lower.am
First branch length 2121.558675989517
Graph written to /scratch/vamshis/FINAL/TEST_4/sim00000006/lsystem/retina_vein_lower.am
Combined graph written to /scratch/vamshis/FINAL/TEST_4/sim00000006/lsystem/retina_lsystem.am
[INFO] Attempting headless mesh export instead of screen grab...
Preparing graph (creating cylinders)...
Headless mode! Skipping rendering setup.
Headless mode! Cannot render image
[SUCCESS] Mesh saved to: /scratch/vamshis/FINAL/TEST_4/sim00000006/lsystem/lsystem_output_mesh.ply
Written param file: /scratch/vamshis/FINAL/TEST_4/sim00000006/cco/retina_upper_discs_params.json
Simulating from /scratch/vamshis/FINAL/TEST_4/sim00000006/cco/retina_upper_discs_params.json
Converting CSV to AM: /scratch/vamshis/FINAL/TEST_4/sim00000006/cco/retina_artery_upper.csv
Converting CSV to AM: /scratch/vamshis/FINAL/TEST_4/sim00000006/cco/retina_vein_upper.csv
Written param file: /scratch/vamshis/FINAL/TEST_4/sim00000006/cco/retina_lower_discs_params.json
Simulating from /scratch/vamshis/FINAL/TEST_4/sim00000006/cco/retina_lower_discs_params.json
Converting CSV to AM: /scratch/vamshis/FINAL/TEST_4/sim00000006/cco/retina_artery_lower.csv
Converting CSV to AM: /scratch/vamshis/FINAL/TEST_4/sim00000006/cco/retina_vein_lower.csv
Combined graph written to /scratch/vamshis/FINAL/TEST_4/sim00000006/cco/retina_cco.am
Joining feeding vessels...
[INFO] Exporting headless mesh instead of screen rendering...
Preparing graph (creating cylinders)...
Headless mode! Skipping rendering setup.
Headless mode! Cannot render image
[SUCCESS] Mesh saved to: /scratch/vamshis/FINAL/TEST_4/sim00000006/cco/vascular_output_mesh.ply
Connecting endpoints...
Directly connecting arterial terminal nodes to venous terminal nodes
Connecting arterial endpoints to venous endpoints
Connecting venous endpoints to arterial endpoints
Shortest vessel length: 0.2939635217189789
Writing dat file... /home/vamshis/temp/reanimate_temp_05106099/reanimate.dat
Max diameter = 235.3894500732422, idx = 23793
Calling REANIMATE...
REANIMATE complete
Saving Amira graph to retina_cco_a2v_reanimate.am
Max. flow = 0.002706
Calculating lengths...
Fetching edge radii...
Fetching node pressure...
Fetching vessel type...
Max. flow = 0.002706
Calculating lengths...
Fetching edge radii...
Fetching node pressure...
Fetching vessel type...
Interpolating graph (10.0 um)
Overlaying wriggle (by branch). afH=None,afL=None,pfH=None,pfL=None
Preparing graph (creating cylinders)...
Headless mode! Skipping rendering setup.
Headless mode! Cannot render image
screen_grab skipped: Headless mode active.
screen_grab skipped: Headless mode active.
Writing dat file... /home/vamshis/temp/reanimate_temp_09610265/reanimate.dat
Max diameter = 235.3894500732422, idx = 23793
Calling REANIMATE...
REANIMATE complete
Saving Amira graph to retina_cco_a2v_reanimate_crawl.am
Preparing graph (creating cylinders)...
Headless mode! Skipping rendering setup.
Headless mode! Cannot render image
screen_grab skipped: Headless mode active.
screen_grab skipped: Headless mode active.
Saved enface segmentation to to enface_segmentation.png
Simulating macular geometry...
Simulating optic nerve geometry...
Creating grid fill
Grid fill complete
Stitching macula model into grid...
Stitching optic nerve model into grid...
Adding simplex noise
Adding independent layer noise
Adding common layer noise
Projecting onto sphere
Projecting vertices onto sphere...
Projecting edgepoints onto sphere...
Ray tracing for surface embedding...
Writing graph to /scratch/vamshis/FINAL/TEST_4/sim00000006/cco/retina_cco_a2v_reanimate_crawl_projected.am
Writing vessel mesh...
Preparing graph (creating cylinders)...
Headless mode! Skipping rendering setup.
Headless mode! Cannot render image
Preparing graph (creating cylinders)...
Headless mode! Skipping rendering setup.
Headless mode! Cannot render image
Max. flow = 0.002706
Calculating lengths...
Fetching edge radii...
Fetching node pressure...
Fetching vessel type...
Creating artery-vein graph
Preparing graph (creating cylinders)...
Headless mode! Skipping rendering setup.
Headless mode! Cannot render image
screen_grab skipped: Headless mode active.
Creating perfused graph
screen_grab skipped: Headless mode active.
Creating order graph
screen_grab skipped: Headless mode active.
Creating branch graph
screen_grab skipped: Headless mode active.
Storing injection result...
 Saved 15000 frames to /scratch/vamshis/FINAL/TEST_4/sim00000006/ffa/concentration_data.npz
