==========================================
SLURM_CLUSTER_NAME = paramprabha
SLURM_JOB_ACCOUNT = cdac
SLURM_JOB_ID = 180438
SLURM_JOB_NAME = RETINASIM-HPC
SLURM_JOB_NODELIST = rpcn[181-190]
SLURM_JOB_USER = vamshis
SLURM_JOB_UID = 52008
SLURM_JOB_PARTITION = standard
SLURM_TASK_PID = 1816486
SLURM_SUBMIT_DIR = /home/vamshis/miniconda3/envs/retina/lib/python3.8/site-packages/retinasim
SLURM_CPUS_ON_NODE = 1
SLURM_NTASKS = 10
SLURM_TASK_PID = 1816486
==========================================
Setting build directory ...
Setting build directory ...
Directory does not exist. Creating folder ...
> Loading network...
Reading /home/vamshis/temp/reanimate_temp_09445839/reanimate.dat ...


---------------------------------------------
anon network derived from Amira Spatial Graph
---------------------------------------------

Importing network data ...
Tissue Dimensions (x,y,z) = 34810 um x 34738 um x 1142 um
nsol = 4
nnodbc = 2
No. of segments = 32187 
No. of nodes = 23780 
No. of boundary nodes = 2 

Analysing network edges ...
No. of edges = 24298 
Edge lengths = 259.213 ± 187.294 um
Edge diameters = 8.220 ± 11.427 um
Length / diameter ratio = 364.556 ± 629.907 um
> Setting stack size ...


-----------------
Blood Flow Module
-----------------

Cloning vascular network ...

Finding articulation points ...
No. of articulation points = 2 
% of total nodes = 0.008 

Finding dead ends ...
No. of dead end segments = 0 
% of total segments = 0 

Assigning rheological parameters ...

Simulating blood flow ...

Full boundary conditions detected -> Running full solver ...
Computing conductance matrix, M ...
Computing K matrix ...
Assigning boundary conditions ...
Solving linear system ...


----------------------- Analysing vascular flow -----------------------

Assigning rheological parameters ...
Blood pressure = 36.115322 ± 13.751772 mmHg
Arteriole pressure = 51.999989 ± 0.000006 mmHg
Capillary pressure = 35.999994 ± 0.000004 mmHg
Venule pressure = 20.000004 ± 0.000002 mmHg
Blood flow = 0.000009 ± 0.000057 nl/min
Arteriole flow = 0.000012 ± 0.000066 nl/min
Capillary flow = 0.000000 ± 0.000000 nl/min
Venule flow = 0.000012 ± 0.000067 nl/min
Blood velocity = 0.000045 ± 0.000110 mm/s
Arteriole velocity = 0.000001 ± 0.000001 mm/s
Capillary velocity = 0.000172 ± 0.000157 mm/s
Venule velocity = 0.000000 ± 0.000000 mm/s
Vessel Wall Shear Stress = 3.200395 ± 7.850502 dyn/cm2
Arteriole WSS = 0.000053 ± 0.000134 dyn/cm2
Capillary WSS = 12.249996 ± 11.182663 dyn/cm2
Venule WSS = 0.000023 ± 0.000060 dyn/cm2
Reynolds number = 0.000000 ± 0.000000
Vascular segment transit time = 31620360.235270 ± 70543032.019645 s
Setting build directory ...
Setting build directory ...
Directory does not exist. Creating folder ...
> Loading network...
Reading /home/vamshis/temp/reanimate_temp_01437504/reanimate.dat ...


---------------------------------------------
anon network derived from Amira Spatial Graph
---------------------------------------------

Importing network data ...
Tissue Dimensions (x,y,z) = 34810 um x 34738 um x 1130 um
nsol = 4
nnodbc = 2
No. of segments = 32115 
No. of nodes = 23783 
No. of boundary nodes = 2 

Analysing network edges ...
No. of edges = 24107 
Edge lengths = 260.260 ± 192.546 um
Edge diameters = 9.003 ± 12.330 um
Length / diameter ratio = 363.096 ± 636.025 um
> Setting stack size ...


-----------------
Blood Flow Module
-----------------

Cloning vascular network ...

Finding articulation points ...
No. of articulation points = 2 
% of total nodes = 0.008 

Finding dead ends ...
No. of dead end segments = 0 
% of total segments = 0 

Assigning rheological parameters ...

Simulating blood flow ...

Full boundary conditions detected -> Running full solver ...
Computing conductance matrix, M ...
Computing K matrix ...
Assigning boundary conditions ...
Solving linear system ...


----------------------- Analysing vascular flow -----------------------

Assigning rheological parameters ...
Blood pressure = 36.109108 ± 13.768102 mmHg
Arteriole pressure = 51.999996 ± 0.000003 mmHg
Capillary pressure = 36.000000 ± 0.000002 mmHg
Venule pressure = 20.000004 ± 0.000003 mmHg
Blood flow = 0.000009 ± 0.000055 nl/min
Arteriole flow = 0.000011 ± 0.000062 nl/min
Capillary flow = 0.000000 ± 0.000000 nl/min
Venule flow = 0.000013 ± 0.000065 nl/min
Blood velocity = 0.000045 ± 0.000111 mm/s
Arteriole velocity = 0.000000 ± 0.000000 mm/s
Capillary velocity = 0.000171 ± 0.000160 mm/s
Venule velocity = 0.000000 ± 0.000000 mm/s
Vessel Wall Shear Stress = 3.172737 ± 7.896745 dyn/cm2
Arteriole WSS = 0.000025 ± 0.000063 dyn/cm2
Capillary WSS = 12.226047 ± 11.385095 dyn/cm2
Venule WSS = 0.000024 ± 0.000067 dyn/cm2
Reynolds number = 0.000000 ± 0.000000
Vascular segment transit time = 37263258.370111 ± 76043377.238349 s
Setting build directory ...
Setting build directory ...
Directory does not exist. Creating folder ...
> Loading network...
Reading /home/vamshis/temp/reanimate_temp_04687014/reanimate.dat ...


---------------------------------------------
anon network derived from Amira Spatial Graph
---------------------------------------------

Importing network data ...
Tissue Dimensions (x,y,z) = 34810 um x 34738 um x 1197 um
nsol = 4
nnodbc = 2
No. of segments = 32032 
No. of nodes = 23671 
No. of boundary nodes = 2 

Analysing network edges ...
No. of edges = 24179 
Edge lengths = 259.350 ± 187.533 um
Edge diameters = 9.557 ± 13.454 um
Length / diameter ratio = 357.696 ± 614.012 um
> Setting stack size ...


-----------------
Blood Flow Module
-----------------

Cloning vascular network ...

Finding articulation points ...
No. of articulation points = 2 
% of total nodes = 0.008 

Finding dead ends ...
No. of dead end segments = 0 
% of total segments = 0 

Assigning rheological parameters ...

Simulating blood flow ...

Full boundary conditions detected -> Running full solver ...
Computing conductance matrix, M ...
Computing K matrix ...
Assigning boundary conditions ...
Solving linear system ...


----------------------- Analysing vascular flow -----------------------

Assigning rheological parameters ...
Blood pressure = 36.183315 ± 13.752638 mmHg
Arteriole pressure = 51.999994 ± 0.000003 mmHg
Capillary pressure = 35.999997 ± 0.000002 mmHg
Venule pressure = 20.000002 ± 0.000001 mmHg
Blood flow = 0.000009 ± 0.000059 nl/min
Arteriole flow = 0.000012 ± 0.000063 nl/min
Capillary flow = 0.000000 ± 0.000000 nl/min
Venule flow = 0.000013 ± 0.000073 nl/min
Blood velocity = 0.000045 ± 0.000109 mm/s
Arteriole velocity = 0.000000 ± 0.000000 mm/s
Capillary velocity = 0.000171 ± 0.000154 mm/s
Venule velocity = 0.000000 ± 0.000000 mm/s
Vessel Wall Shear Stress = 3.189294 ± 7.754782 dyn/cm2
Arteriole WSS = 0.000031 ± 0.000071 dyn/cm2
Capillary WSS = 12.215584 ± 10.958175 dyn/cm2
Venule WSS = 0.000013 ± 0.000028 dyn/cm2
Reynolds number = 0.000000 ± 0.000000
Vascular segment transit time = 42836010.949364 ± 94790419.955471 s
Setting build directory ...
Setting build directory ...
Directory does not exist. Creating folder ...
> Loading network...
Reading /home/vamshis/temp/reanimate_temp_06584612/reanimate.dat ...


---------------------------------------------
anon network derived from Amira Spatial Graph
---------------------------------------------

Importing network data ...
Tissue Dimensions (x,y,z) = 34810 um x 34738 um x 1109 um
nsol = 4
nnodbc = 2
No. of segments = 32514 
No. of nodes = 24103 
No. of boundary nodes = 2 

Analysing network edges ...
No. of edges = 24315 
Edge lengths = 258.151 ± 185.587 um
Edge diameters = 9.114 ± 12.430 um
Length / diameter ratio = 359.924 ± 622.875 um
> Setting stack size ...


-----------------
Blood Flow Module
-----------------

Cloning vascular network ...

Finding articulation points ...
No. of articulation points = 2 
% of total nodes = 0.008 

Finding dead ends ...
No. of dead end segments = 0 
% of total segments = 0 

Assigning rheological parameters ...

Simulating blood flow ...

Full boundary conditions detected -> Running full solver ...
Computing conductance matrix, M ...
Computing K matrix ...
Assigning boundary conditions ...
Solving linear system ...


----------------------- Analysing vascular flow -----------------------

Assigning rheological parameters ...
Blood pressure = 36.109738 ± 13.775111 mmHg
Arteriole pressure = 51.999997 ± 0.000002 mmHg
Capillary pressure = 36.000001 ± 0.000001 mmHg
Venule pressure = 20.000005 ± 0.000003 mmHg
Blood flow = 0.000009 ± 0.000060 nl/min
Arteriole flow = 0.000012 ± 0.000068 nl/min
Capillary flow = 0.000000 ± 0.000000 nl/min
Venule flow = 0.000013 ± 0.000070 nl/min
Blood velocity = 0.000045 ± 0.000111 mm/s
Arteriole velocity = 0.000000 ± 0.000000 mm/s
Capillary velocity = 0.000172 ± 0.000159 mm/s
Venule velocity = 0.000000 ± 0.000000 mm/s
Vessel Wall Shear Stress = 3.184212 ± 7.895344 dyn/cm2
Arteriole WSS = 0.000020 ± 0.000045 dyn/cm2
Capillary WSS = 12.306065 ± 11.343180 dyn/cm2
Venule WSS = 0.000025 ± 0.000051 dyn/cm2
Reynolds number = 0.000000 ± 0.000000
Vascular segment transit time = 38160468.606069 ± 77209853.084117 s
Setting build directory ...
Setting build directory ...
Directory does not exist. Creating folder ...
> Loading network...
Reading /home/vamshis/temp/reanimate_temp_03951143/reanimate.dat ...


---------------------------------------------
anon network derived from Amira Spatial Graph
---------------------------------------------

Importing network data ...
Tissue Dimensions (x,y,z) = 34810 um x 34738 um x 1108 um
nsol = 4
nnodbc = 2
No. of segments = 32289 
No. of nodes = 23851 
No. of boundary nodes = 2 

Analysing network edges ...
No. of edges = 24390 
Edge lengths = 258.407 ± 184.211 um
Edge diameters = 9.100 ± 12.799 um
Length / diameter ratio = 364.749 ± 630.919 um
> Setting stack size ...


-----------------
Blood Flow Module
-----------------

Cloning vascular network ...

Finding articulation points ...
No. of articulation points = 2 
% of total nodes = 0.008 

Finding dead ends ...
No. of dead end segments = 0 
% of total segments = 0 

Assigning rheological parameters ...

Simulating blood flow ...

Full boundary conditions detected -> Running full solver ...
Computing conductance matrix, M ...
Computing K matrix ...
Assigning boundary conditions ...
Solving linear system ...


----------------------- Analysing vascular flow -----------------------

Assigning rheological parameters ...
Blood pressure = 36.160056 ± 13.750072 mmHg
Arteriole pressure = 51.999997 ± 0.000002 mmHg
Capillary pressure = 36.000002 ± 0.000002 mmHg
Venule pressure = 20.000005 ± 0.000003 mmHg
Blood flow = 0.000009 ± 0.000062 nl/min
Arteriole flow = 0.000012 ± 0.000069 nl/min
Capillary flow = 0.000000 ± 0.000000 nl/min
Venule flow = 0.000013 ± 0.000074 nl/min
Blood velocity = 0.000045 ± 0.000112 mm/s
Arteriole velocity = 0.000000 ± 0.000000 mm/s
Capillary velocity = 0.000172 ± 0.000162 mm/s
Venule velocity = 0.000000 ± 0.000000 mm/s
Vessel Wall Shear Stress = 3.201256 ± 8.003734 dyn/cm2
Arteriole WSS = 0.000020 ± 0.000044 dyn/cm2
Capillary WSS = 12.247011 ± 11.588753 dyn/cm2
Venule WSS = 0.000029 ± 0.000093 dyn/cm2
Reynolds number = 0.000000 ± 0.000000
Vascular segment transit time = 36793780.858521 ± 70302617.084419 s
Setting build directory ...
Setting build directory ...
Directory does not exist. Creating folder ...
> Loading network...
Reading /home/vamshis/temp/reanimate_temp_04105429/reanimate.dat ...


---------------------------------------------
anon network derived from Amira Spatial Graph
---------------------------------------------

Importing network data ...
Tissue Dimensions (x,y,z) = 34810 um x 34738 um x 1145 um
nsol = 4
nnodbc = 2
No. of segments = 32252 
No. of nodes = 23846 
No. of boundary nodes = 2 

Analysing network edges ...
No. of edges = 24326 
Edge lengths = 258.586 ± 185.070 um
Edge diameters = 8.819 ± 12.087 um
Length / diameter ratio = 364.096 ± 628.274 um
> Setting stack size ...


-----------------
Blood Flow Module
-----------------

Cloning vascular network ...

Finding articulation points ...
No. of articulation points = 2 
% of total nodes = 0.008 

Finding dead ends ...
No. of dead end segments = 0 
% of total segments = 0 

Assigning rheological parameters ...

Simulating blood flow ...

Full boundary conditions detected -> Running full solver ...
Computing conductance matrix, M ...
Computing K matrix ...
Assigning boundary conditions ...
Solving linear system ...


----------------------- Analysing vascular flow -----------------------

Assigning rheological parameters ...
Blood pressure = 36.163710 ± 13.756472 mmHg
Arteriole pressure = 51.999994 ± 0.000003 mmHg
Capillary pressure = 35.999998 ± 0.000002 mmHg
Venule pressure = 20.000004 ± 0.000002 mmHg
Blood flow = 0.000009 ± 0.000058 nl/min
Arteriole flow = 0.000012 ± 0.000067 nl/min
Capillary flow = 0.000000 ± 0.000000 nl/min
Venule flow = 0.000012 ± 0.000067 nl/min
Blood velocity = 0.000045 ± 0.000112 mm/s
Arteriole velocity = 0.000000 ± 0.000000 mm/s
Capillary velocity = 0.000173 ± 0.000162 mm/s
Venule velocity = 0.000000 ± 0.000000 mm/s
Vessel Wall Shear Stress = 3.210930 ± 8.007134 dyn/cm2
Arteriole WSS = 0.000030 ± 0.000065 dyn/cm2
Capillary WSS = 12.316638 ± 11.566789 dyn/cm2
Venule WSS = 0.000022 ± 0.000055 dyn/cm2
Reynolds number = 0.000000 ± 0.000000
Vascular segment transit time = 35487622.361764 ± 72061319.037819 s
Setting build directory ...
Setting build directory ...
Directory does not exist. Creating folder ...
> Loading network...
Reading /home/vamshis/temp/reanimate_temp_02330997/reanimate.dat ...


---------------------------------------------
anon network derived from Amira Spatial Graph
---------------------------------------------

Importing network data ...
Tissue Dimensions (x,y,z) = 34810 um x 34738 um x 1100 um
nsol = 4
nnodbc = 2
No. of segments = 32074 
No. of nodes = 23698 
No. of boundary nodes = 2 

Analysing network edges ...
No. of edges = 24232 
Edge lengths = 258.722 ± 188.436 um
Edge diameters = 8.091 ± 11.311 um
Length / diameter ratio = 361.425 ± 615.188 um
> Setting stack size ...


-----------------
Blood Flow Module
-----------------

Cloning vascular network ...

Finding articulation points ...
No. of articulation points = 2 
% of total nodes = 0.008 

Finding dead ends ...
No. of dead end segments = 0 
% of total segments = 0 

Assigning rheological parameters ...

Simulating blood flow ...

Full boundary conditions detected -> Running full solver ...
Computing conductance matrix, M ...
Computing K matrix ...
Assigning boundary conditions ...
Solving linear system ...


----------------------- Analysing vascular flow -----------------------

Assigning rheological parameters ...
Blood pressure = 36.189555 ± 13.751377 mmHg
Arteriole pressure = 51.999985 ± 0.000009 mmHg
Capillary pressure = 35.999990 ± 0.000007 mmHg
Venule pressure = 20.000003 ± 0.000002 mmHg
Blood flow = 0.000009 ± 0.000062 nl/min
Arteriole flow = 0.000012 ± 0.000070 nl/min
Capillary flow = 0.000000 ± 0.000000 nl/min
Venule flow = 0.000013 ± 0.000073 nl/min
Blood velocity = 0.000045 ± 0.000111 mm/s
Arteriole velocity = 0.000001 ± 0.000001 mm/s
Capillary velocity = 0.000172 ± 0.000159 mm/s
Venule velocity = 0.000000 ± 0.000000 mm/s
Vessel Wall Shear Stress = 3.215058 ± 7.935906 dyn/cm2
Arteriole WSS = 0.000075 ± 0.000224 dyn/cm2
Capillary WSS = 12.308263 ± 11.366245 dyn/cm2
Venule WSS = 0.000020 ± 0.000042 dyn/cm2
Reynolds number = 0.000000 ± 0.000000
Vascular segment transit time = 32358636.875588 ± 80525158.212726 s
Setting build directory ...
Setting build directory ...
Directory does not exist. Creating folder ...
> Loading network...
Reading /home/vamshis/temp/reanimate_temp_07134015/reanimate.dat ...


---------------------------------------------
anon network derived from Amira Spatial Graph
---------------------------------------------

Importing network data ...
Tissue Dimensions (x,y,z) = 34810 um x 34738 um x 1135 um
nsol = 4
nnodbc = 2
No. of segments = 32170 
No. of nodes = 23799 
No. of boundary nodes = 2 

Analysing network edges ...
No. of edges = 24207 
Edge lengths = 259.229 ± 187.583 um
Edge diameters = 9.430 ± 12.792 um
Length / diameter ratio = 360.537 ± 629.347 um
> Setting stack size ...


-----------------
Blood Flow Module
-----------------

Cloning vascular network ...

Finding articulation points ...
No. of articulation points = 2 
% of total nodes = 0.008 

Finding dead ends ...
No. of dead end segments = 0 
% of total segments = 0 

Assigning rheological parameters ...

Simulating blood flow ...

Full boundary conditions detected -> Running full solver ...
Computing conductance matrix, M ...
Computing K matrix ...
Assigning boundary conditions ...
Solving linear system ...


----------------------- Analysing vascular flow -----------------------

Assigning rheological parameters ...
Blood pressure = 36.130805 ± 13.760766 mmHg
Arteriole pressure = 51.999996 ± 0.000003 mmHg
Capillary pressure = 36.000000 ± 0.000001 mmHg
Venule pressure = 20.000003 ± 0.000002 mmHg
Blood flow = 0.000009 ± 0.000057 nl/min
Arteriole flow = 0.000012 ± 0.000066 nl/min
Capillary flow = 0.000000 ± 0.000000 nl/min
Venule flow = 0.000012 ± 0.000065 nl/min
Blood velocity = 0.000045 ± 0.000113 mm/s
Arteriole velocity = 0.000000 ± 0.000000 mm/s
Capillary velocity = 0.000171 ± 0.000166 mm/s
Venule velocity = 0.000000 ± 0.000000 mm/s
Vessel Wall Shear Stress = 3.183006 ± 8.083162 dyn/cm2
Arteriole WSS = 0.000023 ± 0.000053 dyn/cm2
Capillary WSS = 12.229407 ± 11.849515 dyn/cm2
Venule WSS = 0.000018 ± 0.000049 dyn/cm2
Reynolds number = 0.000000 ± 0.000000
Vascular segment transit time = 42034434.666522 ± 86254366.428659 s
Setting build directory ...
Setting build directory ...
Directory does not exist. Creating folder ...
> Loading network...
Reading /home/vamshis/temp/reanimate_temp_03248784/reanimate.dat ...


---------------------------------------------
anon network derived from Amira Spatial Graph
---------------------------------------------

Importing network data ...
Tissue Dimensions (x,y,z) = 34810 um x 34738 um x 1143 um
nsol = 4
nnodbc = 2
No. of segments = 32108 
No. of nodes = 23736 
No. of boundary nodes = 2 

Analysing network edges ...
No. of edges = 24186 
Edge lengths = 258.546 ± 186.992 um
Edge diameters = 9.496 ± 13.160 um
Length / diameter ratio = 359.663 ± 623.581 um
> Setting stack size ...


-----------------
Blood Flow Module
-----------------

Cloning vascular network ...

Finding articulation points ...
No. of articulation points = 2 
% of total nodes = 0.008 

Finding dead ends ...
No. of dead end segments = 0 
% of total segments = 0 

Assigning rheological parameters ...

Simulating blood flow ...

Full boundary conditions detected -> Running full solver ...
Computing conductance matrix, M ...
Computing K matrix ...
Assigning boundary conditions ...
Solving linear system ...


----------------------- Analysing vascular flow -----------------------

Assigning rheological parameters ...
Blood pressure = 36.141522 ± 13.755694 mmHg
Arteriole pressure = 51.999996 ± 0.000002 mmHg
Capillary pressure = 35.999999 ± 0.000001 mmHg
Venule pressure = 20.000003 ± 0.000002 mmHg
Blood flow = 0.000009 ± 0.000061 nl/min
Arteriole flow = 0.000013 ± 0.000075 nl/min
Capillary flow = 0.000000 ± 0.000000 nl/min
Venule flow = 0.000012 ± 0.000065 nl/min
Blood velocity = 0.000045 ± 0.000113 mm/s
Arteriole velocity = 0.000000 ± 0.000000 mm/s
Capillary velocity = 0.000172 ± 0.000164 mm/s
Venule velocity = 0.000000 ± 0.000000 mm/s
Vessel Wall Shear Stress = 3.205970 ± 8.052930 dyn/cm2
Arteriole WSS = 0.000023 ± 0.000046 dyn/cm2
Capillary WSS = 12.292431 ± 11.703158 dyn/cm2
Venule WSS = 0.000016 ± 0.000035 dyn/cm2
Reynolds number = 0.000000 ± 0.000000
Vascular segment transit time = 41578803.550057 ± 88779092.554773 s
Setting build directory ...
Setting build directory ...
Directory does not exist. Creating folder ...
> Loading network...
Reading /home/vamshis/temp/reanimate_temp_09141818/reanimate.dat ...


---------------------------------------------
anon network derived from Amira Spatial Graph
---------------------------------------------

Importing network data ...
Tissue Dimensions (x,y,z) = 34810 um x 34738 um x 1143 um
nsol = 4
nnodbc = 2
No. of segments = 31832 
No. of nodes = 23521 
No. of boundary nodes = 2 

Analysing network edges ...
No. of edges = 24044 
Edge lengths = 260.233 ± 188.942 um
Edge diameters = 9.519 ± 12.964 um
Length / diameter ratio = 363.174 ± 634.975 um
> Setting stack size ...


-----------------
Blood Flow Module
-----------------

Cloning vascular network ...

Finding articulation points ...
No. of articulation points = 2 
% of total nodes = 0.009 

Finding dead ends ...
No. of dead end segments = 0 
% of total segments = 0 

Assigning rheological parameters ...

Simulating blood flow ...

Full boundary conditions detected -> Running full solver ...
Computing conductance matrix, M ...
Computing K matrix ...
Assigning boundary conditions ...
Solving linear system ...


----------------------- Analysing vascular flow -----------------------

Assigning rheological parameters ...
Blood pressure = 36.105052 ± 13.752812 mmHg
Arteriole pressure = 51.999997 ± 0.000002 mmHg
Capillary pressure = 36.000000 ± 0.000001 mmHg
Venule pressure = 20.000003 ± 0.000002 mmHg
Blood flow = 0.000009 ± 0.000055 nl/min
Arteriole flow = 0.000011 ± 0.000061 nl/min
Capillary flow = 0.000000 ± 0.000000 nl/min
Venule flow = 0.000012 ± 0.000066 nl/min
Blood velocity = 0.000044 ± 0.000106 mm/s
Arteriole velocity = 0.000000 ± 0.000000 mm/s
Capillary velocity = 0.000169 ± 0.000149 mm/s
Venule velocity = 0.000000 ± 0.000000 mm/s
Vessel Wall Shear Stress = 3.154361 ± 7.603896 dyn/cm2
Arteriole WSS = 0.000019 ± 0.000041 dyn/cm2
Capillary WSS = 12.078571 ± 10.659064 dyn/cm2
Venule WSS = 0.000019 ± 0.000036 dyn/cm2
Reynolds number = 0.000000 ± 0.000000
Vascular segment transit time = 42749713.919328 ± 89673057.865221 s
Setting build directory ...
Setting build directory ...
Directory does not exist. Creating folder ...
> Loading network...
Reading /home/vamshis/temp/reanimate_temp_04707184/reanimate.dat ...


---------------------------------------------
anon network derived from Amira Spatial Graph
---------------------------------------------

Importing network data ...
Tissue Dimensions (x,y,z) = 34810 um x 34738 um x 1142 um
nsol = 4
nnodbc = 2
No. of segments = 32187 
No. of nodes = 23780 
No. of boundary nodes = 2 

Analysing network edges ...
No. of edges = 24298 
Edge lengths = 259.213 ± 187.294 um
Edge diameters = 8.220 ± 11.427 um
Length / diameter ratio = 364.556 ± 629.907 um
> Setting stack size ...


-----------------
Blood Flow Module
-----------------

Cloning vascular network ...

Finding articulation points ...
No. of articulation points = 2 
% of total nodes = 0.008 

Finding dead ends ...
No. of dead end segments = 0 
% of total segments = 0 

Assigning rheological parameters ...

Simulating blood flow ...

Full boundary conditions detected -> Running full solver ...
Computing conductance matrix, M ...
Computing K matrix ...
Assigning boundary conditions ...
Solving linear system ...


----------------------- Analysing vascular flow -----------------------

Assigning rheological parameters ...
Blood pressure = 36.115322 ± 13.751772 mmHg
Arteriole pressure = 51.999989 ± 0.000006 mmHg
Capillary pressure = 35.999994 ± 0.000004 mmHg
Venule pressure = 20.000004 ± 0.000002 mmHg
Blood flow = 0.000009 ± 0.000057 nl/min
Arteriole flow = 0.000012 ± 0.000066 nl/min
Capillary flow = 0.000000 ± 0.000000 nl/min
Venule flow = 0.000012 ± 0.000067 nl/min
Blood velocity = 0.000045 ± 0.000110 mm/s
Arteriole velocity = 0.000001 ± 0.000001 mm/s
Capillary velocity = 0.000172 ± 0.000157 mm/s
Venule velocity = 0.000000 ± 0.000000 mm/s
Vessel Wall Shear Stress = 3.200395 ± 7.850502 dyn/cm2
Arteriole WSS = 0.000053 ± 0.000134 dyn/cm2
Capillary WSS = 12.249997 ± 11.182663 dyn/cm2
Venule WSS = 0.000023 ± 0.000060 dyn/cm2
Reynolds number = 0.000000 ± 0.000000
Vascular segment transit time = 31620358.287940 ± 70543026.813931 s
Setting build directory ...
Setting build directory ...
Directory does not exist. Creating folder ...
> Loading network...
Reading /home/vamshis/temp/reanimate_temp_00874857/reanimate.dat ...


---------------------------------------------
anon network derived from Amira Spatial Graph
---------------------------------------------

Importing network data ...
Tissue Dimensions (x,y,z) = 34810 um x 34738 um x 1130 um
nsol = 4
nnodbc = 2
No. of segments = 32115 
No. of nodes = 23783 
No. of boundary nodes = 2 

Analysing network edges ...
No. of edges = 24107 
Edge lengths = 260.260 ± 192.546 um
Edge diameters = 9.003 ± 12.330 um
Length / diameter ratio = 363.096 ± 636.025 um
> Setting stack size ...


-----------------
Blood Flow Module
-----------------

Cloning vascular network ...

Finding articulation points ...
No. of articulation points = 2 
% of total nodes = 0.008 

Finding dead ends ...
No. of dead end segments = 0 
% of total segments = 0 

Assigning rheological parameters ...

Simulating blood flow ...

Full boundary conditions detected -> Running full solver ...
Computing conductance matrix, M ...
Computing K matrix ...
Assigning boundary conditions ...
Solving linear system ...


----------------------- Analysing vascular flow -----------------------

Assigning rheological parameters ...
Blood pressure = 36.109108 ± 13.768102 mmHg
Arteriole pressure = 51.999996 ± 0.000003 mmHg
Capillary pressure = 36.000000 ± 0.000002 mmHg
Venule pressure = 20.000004 ± 0.000003 mmHg
Blood flow = 0.000009 ± 0.000055 nl/min
Arteriole flow = 0.000011 ± 0.000062 nl/min
Capillary flow = 0.000000 ± 0.000000 nl/min
Venule flow = 0.000013 ± 0.000065 nl/min
Blood velocity = 0.000045 ± 0.000111 mm/s
Arteriole velocity = 0.000000 ± 0.000000 mm/s
Capillary velocity = 0.000171 ± 0.000160 mm/s
Venule velocity = 0.000000 ± 0.000000 mm/s
Vessel Wall Shear Stress = 3.172737 ± 7.896745 dyn/cm2
Arteriole WSS = 0.000025 ± 0.000063 dyn/cm2
Capillary WSS = 12.226047 ± 11.385095 dyn/cm2
Venule WSS = 0.000024 ± 0.000067 dyn/cm2
Reynolds number = 0.000000 ± 0.000000
Vascular segment transit time = 37263255.839570 ± 76043371.875413 s
Setting build directory ...
Setting build directory ...
Directory does not exist. Creating folder ...
> Loading network...
Reading /home/vamshis/temp/reanimate_temp_03851309/reanimate.dat ...


---------------------------------------------
anon network derived from Amira Spatial Graph
---------------------------------------------

Importing network data ...
Tissue Dimensions (x,y,z) = 34810 um x 34738 um x 1100 um
nsol = 4
nnodbc = 2
No. of segments = 32074 
No. of nodes = 23698 
No. of boundary nodes = 2 

Analysing network edges ...
No. of edges = 24232 
Edge lengths = 258.722 ± 188.436 um
Edge diameters = 8.091 ± 11.311 um
Length / diameter ratio = 361.425 ± 615.188 um
> Setting stack size ...


-----------------
Blood Flow Module
-----------------

Cloning vascular network ...

Finding articulation points ...
No. of articulation points = 2 
% of total nodes = 0.008 

Finding dead ends ...
No. of dead end segments = 0 
% of total segments = 0 

Assigning rheological parameters ...

Simulating blood flow ...

Full boundary conditions detected -> Running full solver ...
Computing conductance matrix, M ...
Computing K matrix ...
Assigning boundary conditions ...
Solving linear system ...


----------------------- Analysing vascular flow -----------------------

Assigning rheological parameters ...
Blood pressure = 36.189555 ± 13.751377 mmHg
Arteriole pressure = 51.999985 ± 0.000009 mmHg
Capillary pressure = 35.999990 ± 0.000007 mmHg
Venule pressure = 20.000003 ± 0.000002 mmHg
Blood flow = 0.000009 ± 0.000062 nl/min
Arteriole flow = 0.000012 ± 0.000070 nl/min
Capillary flow = 0.000000 ± 0.000000 nl/min
Venule flow = 0.000013 ± 0.000073 nl/min
Blood velocity = 0.000045 ± 0.000111 mm/s
Arteriole velocity = 0.000001 ± 0.000001 mm/s
Capillary velocity = 0.000172 ± 0.000159 mm/s
Venule velocity = 0.000000 ± 0.000000 mm/s
Vessel Wall Shear Stress = 3.215058 ± 7.935906 dyn/cm2
Arteriole WSS = 0.000075 ± 0.000224 dyn/cm2
Capillary WSS = 12.308263 ± 11.366245 dyn/cm2
Venule WSS = 0.000020 ± 0.000042 dyn/cm2
Reynolds number = 0.000000 ± 0.000000
Vascular segment transit time = 32358634.615284 ± 80525151.816939 s
Setting build directory ...
Setting build directory ...
Directory does not exist. Creating folder ...
> Loading network...
Reading /home/vamshis/temp/reanimate_temp_01147626/reanimate.dat ...


---------------------------------------------
anon network derived from Amira Spatial Graph
---------------------------------------------

Importing network data ...
Tissue Dimensions (x,y,z) = 34810 um x 34738 um x 1109 um
nsol = 4
nnodbc = 2
No. of segments = 32514 
No. of nodes = 24103 
No. of boundary nodes = 2 

Analysing network edges ...
No. of edges = 24315 
Edge lengths = 258.151 ± 185.587 um
Edge diameters = 9.114 ± 12.430 um
Length / diameter ratio = 359.924 ± 622.875 um
> Setting stack size ...


-----------------
Blood Flow Module
-----------------

Cloning vascular network ...

Finding articulation points ...
No. of articulation points = 2 
% of total nodes = 0.008 

Finding dead ends ...
No. of dead end segments = 0 
% of total segments = 0 

Assigning rheological parameters ...

Simulating blood flow ...

Full boundary conditions detected -> Running full solver ...
Computing conductance matrix, M ...
Computing K matrix ...
Assigning boundary conditions ...
Solving linear system ...


----------------------- Analysing vascular flow -----------------------

Assigning rheological parameters ...
Blood pressure = 36.109738 ± 13.775111 mmHg
Arteriole pressure = 51.999997 ± 0.000002 mmHg
Capillary pressure = 36.000001 ± 0.000001 mmHg
Venule pressure = 20.000005 ± 0.000003 mmHg
Blood flow = 0.000009 ± 0.000060 nl/min
Arteriole flow = 0.000012 ± 0.000068 nl/min
Capillary flow = 0.000000 ± 0.000000 nl/min
Venule flow = 0.000013 ± 0.000070 nl/min
Blood velocity = 0.000045 ± 0.000111 mm/s
Arteriole velocity = 0.000000 ± 0.000000 mm/s
Capillary velocity = 0.000172 ± 0.000159 mm/s
Venule velocity = 0.000000 ± 0.000000 mm/s
Vessel Wall Shear Stress = 3.184212 ± 7.895344 dyn/cm2
Arteriole WSS = 0.000020 ± 0.000045 dyn/cm2
Capillary WSS = 12.306065 ± 11.343180 dyn/cm2
Venule WSS = 0.000025 ± 0.000051 dyn/cm2
Reynolds number = 0.000000 ± 0.000000
Vascular segment transit time = 38160466.973535 ± 77209847.953994 s
Setting build directory ...
Setting build directory ...
Directory does not exist. Creating folder ...
> Loading network...
Reading /home/vamshis/temp/reanimate_temp_03862930/reanimate.dat ...


---------------------------------------------
anon network derived from Amira Spatial Graph
---------------------------------------------

Importing network data ...
Tissue Dimensions (x,y,z) = 34810 um x 34738 um x 1197 um
nsol = 4
nnodbc = 2
No. of segments = 32032 
No. of nodes = 23671 
No. of boundary nodes = 2 

Analysing network edges ...
No. of edges = 24179 
Edge lengths = 259.350 ± 187.533 um
Edge diameters = 9.557 ± 13.454 um
Length / diameter ratio = 357.696 ± 614.012 um
> Setting stack size ...


-----------------
Blood Flow Module
-----------------

Cloning vascular network ...

Finding articulation points ...
No. of articulation points = 2 
% of total nodes = 0.008 

Finding dead ends ...
No. of dead end segments = 0 
% of total segments = 0 

Assigning rheological parameters ...

Simulating blood flow ...

Full boundary conditions detected -> Running full solver ...
Computing conductance matrix, M ...
Computing K matrix ...
Assigning boundary conditions ...
Solving linear system ...


----------------------- Analysing vascular flow -----------------------

Assigning rheological parameters ...
Blood pressure = 36.183315 ± 13.752638 mmHg
Arteriole pressure = 51.999994 ± 0.000003 mmHg
Capillary pressure = 35.999997 ± 0.000002 mmHg
Venule pressure = 20.000002 ± 0.000001 mmHg
Blood flow = 0.000009 ± 0.000059 nl/min
Arteriole flow = 0.000012 ± 0.000063 nl/min
Capillary flow = 0.000000 ± 0.000000 nl/min
Venule flow = 0.000013 ± 0.000073 nl/min
Blood velocity = 0.000045 ± 0.000109 mm/s
Arteriole velocity = 0.000000 ± 0.000000 mm/s
Capillary velocity = 0.000171 ± 0.000154 mm/s
Venule velocity = 0.000000 ± 0.000000 mm/s
Vessel Wall Shear Stress = 3.189294 ± 7.754782 dyn/cm2
Arteriole WSS = 0.000031 ± 0.000071 dyn/cm2
Capillary WSS = 12.215584 ± 10.958175 dyn/cm2
Venule WSS = 0.000013 ± 0.000028 dyn/cm2
Reynolds number = 0.000000 ± 0.000000
Vascular segment transit time = 42836007.827527 ± 94790412.923814 s
Setting build directory ...
Setting build directory ...
Directory does not exist. Creating folder ...
> Loading network...
Reading /home/vamshis/temp/reanimate_temp_04587876/reanimate.dat ...


---------------------------------------------
anon network derived from Amira Spatial Graph
---------------------------------------------

Importing network data ...
Tissue Dimensions (x,y,z) = 34810 um x 34738 um x 1143 um
nsol = 4
nnodbc = 2
No. of segments = 32108 
No. of nodes = 23736 
No. of boundary nodes = 2 

Analysing network edges ...
No. of edges = 24186 
Edge lengths = 258.546 ± 186.992 um
Edge diameters = 9.496 ± 13.160 um
Length / diameter ratio = 359.663 ± 623.581 um
> Setting stack size ...


-----------------
Blood Flow Module
-----------------

Cloning vascular network ...

Finding articulation points ...
No. of articulation points = 2 
% of total nodes = 0.008 

Finding dead ends ...
No. of dead end segments = 0 
% of total segments = 0 

Assigning rheological parameters ...

Simulating blood flow ...

Full boundary conditions detected -> Running full solver ...
Computing conductance matrix, M ...
Computing K matrix ...
Assigning boundary conditions ...
Solving linear system ...


----------------------- Analysing vascular flow -----------------------

Assigning rheological parameters ...
Blood pressure = 36.141522 ± 13.755694 mmHg
Arteriole pressure = 51.999996 ± 0.000002 mmHg
Capillary pressure = 35.999999 ± 0.000001 mmHg
Venule pressure = 20.000003 ± 0.000002 mmHg
Blood flow = 0.000009 ± 0.000061 nl/min
Arteriole flow = 0.000013 ± 0.000075 nl/min
Capillary flow = 0.000000 ± 0.000000 nl/min
Venule flow = 0.000012 ± 0.000065 nl/min
Blood velocity = 0.000045 ± 0.000113 mm/s
Arteriole velocity = 0.000000 ± 0.000000 mm/s
Capillary velocity = 0.000172 ± 0.000164 mm/s
Venule velocity = 0.000000 ± 0.000000 mm/s
Vessel Wall Shear Stress = 3.205970 ± 8.052930 dyn/cm2
Arteriole WSS = 0.000023 ± 0.000046 dyn/cm2
Capillary WSS = 12.292431 ± 11.703158 dyn/cm2
Venule WSS = 0.000016 ± 0.000035 dyn/cm2
Reynolds number = 0.000000 ± 0.000000
Vascular segment transit time = 41578801.353123 ± 88779087.780487 s
Setting build directory ...
Setting build directory ...
Directory does not exist. Creating folder ...
> Loading network...
Reading /home/vamshis/temp/reanimate_temp_04117611/reanimate.dat ...


---------------------------------------------
anon network derived from Amira Spatial Graph
---------------------------------------------

Importing network data ...
Tissue Dimensions (x,y,z) = 34810 um x 34738 um x 1108 um
nsol = 4
nnodbc = 2
No. of segments = 32289 
No. of nodes = 23851 
No. of boundary nodes = 2 

Analysing network edges ...
No. of edges = 24390 
Edge lengths = 258.407 ± 184.211 um
Edge diameters = 9.100 ± 12.799 um
Length / diameter ratio = 364.749 ± 630.919 um
> Setting stack size ...


-----------------
Blood Flow Module
-----------------

Cloning vascular network ...

Finding articulation points ...
No. of articulation points = 2 
% of total nodes = 0.008 

Finding dead ends ...
No. of dead end segments = 0 
% of total segments = 0 

Assigning rheological parameters ...

Simulating blood flow ...

Full boundary conditions detected -> Running full solver ...
Computing conductance matrix, M ...
Computing K matrix ...
Assigning boundary conditions ...
Solving linear system ...


----------------------- Analysing vascular flow -----------------------

Assigning rheological parameters ...
Blood pressure = 36.160056 ± 13.750072 mmHg
Arteriole pressure = 51.999997 ± 0.000002 mmHg
Capillary pressure = 36.000002 ± 0.000002 mmHg
Venule pressure = 20.000005 ± 0.000003 mmHg
Blood flow = 0.000009 ± 0.000062 nl/min
Arteriole flow = 0.000012 ± 0.000069 nl/min
Capillary flow = 0.000000 ± 0.000000 nl/min
Venule flow = 0.000013 ± 0.000074 nl/min
Blood velocity = 0.000045 ± 0.000112 mm/s
Arteriole velocity = 0.000000 ± 0.000000 mm/s
Capillary velocity = 0.000172 ± 0.000162 mm/s
Venule velocity = 0.000000 ± 0.000000 mm/s
Vessel Wall Shear Stress = 3.201256 ± 8.003734 dyn/cm2
Arteriole WSS = 0.000020 ± 0.000044 dyn/cm2
Capillary WSS = 12.247011 ± 11.588753 dyn/cm2
Venule WSS = 0.000029 ± 0.000093 dyn/cm2
Reynolds number = 0.000000 ± 0.000000
Vascular segment transit time = 36793778.642855 ± 70302612.483273 s
Setting build directory ...
Setting build directory ...
Directory does not exist. Creating folder ...
> Loading network...
Reading /home/vamshis/temp/reanimate_temp_04524815/reanimate.dat ...


---------------------------------------------
anon network derived from Amira Spatial Graph
---------------------------------------------

Importing network data ...
Tissue Dimensions (x,y,z) = 34810 um x 34738 um x 1135 um
nsol = 4
nnodbc = 2
No. of segments = 32170 
No. of nodes = 23799 
No. of boundary nodes = 2 

Analysing network edges ...
No. of edges = 24207 
Edge lengths = 259.229 ± 187.583 um
Edge diameters = 9.430 ± 12.792 um
Length / diameter ratio = 360.537 ± 629.347 um
> Setting stack size ...


-----------------
Blood Flow Module
-----------------

Cloning vascular network ...

Finding articulation points ...
No. of articulation points = 2 
% of total nodes = 0.008 

Finding dead ends ...
No. of dead end segments = 0 
% of total segments = 0 

Assigning rheological parameters ...

Simulating blood flow ...

Full boundary conditions detected -> Running full solver ...
Computing conductance matrix, M ...
Computing K matrix ...
Assigning boundary conditions ...
Solving linear system ...


----------------------- Analysing vascular flow -----------------------

Assigning rheological parameters ...
Blood pressure = 36.130805 ± 13.760766 mmHg
Arteriole pressure = 51.999996 ± 0.000003 mmHg
Capillary pressure = 36.000000 ± 0.000001 mmHg
Venule pressure = 20.000003 ± 0.000002 mmHg
Blood flow = 0.000009 ± 0.000057 nl/min
Arteriole flow = 0.000012 ± 0.000066 nl/min
Capillary flow = 0.000000 ± 0.000000 nl/min
Venule flow = 0.000012 ± 0.000065 nl/min
Blood velocity = 0.000045 ± 0.000113 mm/s
Arteriole velocity = 0.000000 ± 0.000000 mm/s
Capillary velocity = 0.000171 ± 0.000166 mm/s
Venule velocity = 0.000000 ± 0.000000 mm/s
Vessel Wall Shear Stress = 3.183006 ± 8.083162 dyn/cm2
Arteriole WSS = 0.000023 ± 0.000053 dyn/cm2
Capillary WSS = 12.229407 ± 11.849515 dyn/cm2
Venule WSS = 0.000018 ± 0.000049 dyn/cm2
Reynolds number = 0.000000 ± 0.000000
Vascular segment transit time = 42034431.684188 ± 86254361.928732 s
Setting build directory ...
Setting build directory ...
Directory does not exist. Creating folder ...
> Loading network...
Reading /home/vamshis/temp/reanimate_temp_06351247/reanimate.dat ...


---------------------------------------------
anon network derived from Amira Spatial Graph
---------------------------------------------

Importing network data ...
Tissue Dimensions (x,y,z) = 34810 um x 34738 um x 1143 um
nsol = 4
nnodbc = 2
No. of segments = 31832 
No. of nodes = 23521 
No. of boundary nodes = 2 

Analysing network edges ...
No. of edges = 24044 
Edge lengths = 260.233 ± 188.942 um
Edge diameters = 9.519 ± 12.964 um
Length / diameter ratio = 363.174 ± 634.975 um
> Setting stack size ...


-----------------
Blood Flow Module
-----------------

Cloning vascular network ...

Finding articulation points ...
No. of articulation points = 2 
% of total nodes = 0.009 

Finding dead ends ...
No. of dead end segments = 0 
% of total segments = 0 

Assigning rheological parameters ...

Simulating blood flow ...

Full boundary conditions detected -> Running full solver ...
Computing conductance matrix, M ...
Computing K matrix ...
Assigning boundary conditions ...
Solving linear system ...


----------------------- Analysing vascular flow -----------------------

Assigning rheological parameters ...
Blood pressure = 36.105052 ± 13.752812 mmHg
Arteriole pressure = 51.999997 ± 0.000002 mmHg
Capillary pressure = 36.000000 ± 0.000001 mmHg
Venule pressure = 20.000003 ± 0.000002 mmHg
Blood flow = 0.000009 ± 0.000055 nl/min
Arteriole flow = 0.000011 ± 0.000061 nl/min
Capillary flow = 0.000000 ± 0.000000 nl/min
Venule flow = 0.000012 ± 0.000066 nl/min
Blood velocity = 0.000044 ± 0.000106 mm/s
Arteriole velocity = 0.000000 ± 0.000000 mm/s
Capillary velocity = 0.000169 ± 0.000149 mm/s
Venule velocity = 0.000000 ± 0.000000 mm/s
Vessel Wall Shear Stress = 3.154361 ± 7.603896 dyn/cm2
Arteriole WSS = 0.000019 ± 0.000041 dyn/cm2
Capillary WSS = 12.078571 ± 10.659064 dyn/cm2
Venule WSS = 0.000019 ± 0.000036 dyn/cm2
Reynolds number = 0.000000 ± 0.000000
Vascular segment transit time = 42749710.990076 ± 89673051.459785 s
Setting build directory ...
Setting build directory ...
Directory does not exist. Creating folder ...
> Loading network...
Reading /home/vamshis/temp/reanimate_temp_05052987/reanimate.dat ...


---------------------------------------------
anon network derived from Amira Spatial Graph
---------------------------------------------

Importing network data ...
Tissue Dimensions (x,y,z) = 34810 um x 34738 um x 1145 um
nsol = 4
nnodbc = 2
No. of segments = 32252 
No. of nodes = 23846 
No. of boundary nodes = 2 

Analysing network edges ...
No. of edges = 24326 
Edge lengths = 258.586 ± 185.070 um
Edge diameters = 8.819 ± 12.087 um
Length / diameter ratio = 364.096 ± 628.274 um
> Setting stack size ...


-----------------
Blood Flow Module
-----------------

Cloning vascular network ...

Finding articulation points ...
No. of articulation points = 2 
% of total nodes = 0.008 

Finding dead ends ...
No. of dead end segments = 0 
% of total segments = 0 

Assigning rheological parameters ...

Simulating blood flow ...

Full boundary conditions detected -> Running full solver ...
Computing conductance matrix, M ...
Computing K matrix ...
Assigning boundary conditions ...
Solving linear system ...


----------------------- Analysing vascular flow -----------------------

Assigning rheological parameters ...
Blood pressure = 36.163710 ± 13.756472 mmHg
Arteriole pressure = 51.999994 ± 0.000003 mmHg
Capillary pressure = 35.999998 ± 0.000002 mmHg
Venule pressure = 20.000004 ± 0.000002 mmHg
Blood flow = 0.000009 ± 0.000058 nl/min
Arteriole flow = 0.000012 ± 0.000067 nl/min
Capillary flow = 0.000000 ± 0.000000 nl/min
Venule flow = 0.000012 ± 0.000067 nl/min
Blood velocity = 0.000045 ± 0.000112 mm/s
Arteriole velocity = 0.000000 ± 0.000000 mm/s
Capillary velocity = 0.000173 ± 0.000162 mm/s
Venule velocity = 0.000000 ± 0.000000 mm/s
Vessel Wall Shear Stress = 3.210930 ± 8.007135 dyn/cm2
Arteriole WSS = 0.000030 ± 0.000065 dyn/cm2
Capillary WSS = 12.316638 ± 11.566789 dyn/cm2
Venule WSS = 0.000022 ± 0.000055 dyn/cm2
Reynolds number = 0.000000 ± 0.000000
Vascular segment transit time = 35487620.236403 ± 72061314.285249 s
