==========================================
SLURM_CLUSTER_NAME = paramprabha
SLURM_JOB_ACCOUNT = cdac
SLURM_JOB_ID = 179932
SLURM_JOB_NAME = RETINASIM-HPC
SLURM_JOB_NODELIST = rpcn[098-107]
SLURM_JOB_USER = vamshis
SLURM_JOB_UID = 52008
SLURM_JOB_PARTITION = standard
SLURM_TASK_PID = 953516
SLURM_SUBMIT_DIR = /home/vamshis/miniconda3/envs/retina/lib/python3.8/site-packages/retinasim
SLURM_CPUS_ON_NODE = 1
SLURM_NTASKS = 10
SLURM_TASK_PID = 953516
==========================================
[Rank 4] Running simulation 4 as /scratch/vamshis/FINAL/TEST_4/sim00000004
First branch length 1780.31298813916
Graph written to /scratch/vamshis/FINAL/TEST_4/sim00000004/lsystem/retina_artery_upper.am
First branch length 1780.31298813916
Graph written to /scratch/vamshis/FINAL/TEST_4/sim00000004/lsystem/retina_vein_upper.am
First branch length 1780.31298813916
[Rank 8] Running simulation 8 as /scratch/vamshis/FINAL/TEST_4/sim00000008
First branch length 2173.0762886459806
Graph written to /scratch/vamshis/FINAL/TEST_4/sim00000008/lsystem/retina_artery_upper.am
First branch length 2173.0762886459806
Graph written to /scratch/vamshis/FINAL/TEST_4/sim00000008/lsystem/retina_vein_upper.am
First branch length 2173.0762886459806
[Rank 7] Running simulation 7 as /scratch/vamshis/FINAL/TEST_4/sim00000007
First branch length 2077.459948811911
Graph written to /scratch/vamshis/FINAL/TEST_4/sim00000007/lsystem/retina_artery_upper.am
First branch length 2077.459948811911
Graph written to /scratch/vamshis/FINAL/TEST_4/sim00000007/lsystem/retina_vein_upper.am
First branch length 2077.459948811911
Graph written to /scratch/vamshis/FINAL/TEST_4/sim00000007/lsystem/retina_artery_lower.am
First branch length 2077.459948811911
Graph written to /scratch/vamshis/FINAL/TEST_4/sim00000007/lsystem/retina_vein_lower.am
[Rank 6] Running simulation 6 as /scratch/vamshis/FINAL/TEST_4/sim00000006
First branch length 1901.6420020822077
Graph written to /scratch/vamshis/FINAL/TEST_4/sim00000006/lsystem/retina_artery_upper.am
First branch length 1901.6420020822077
Graph written to /scratch/vamshis/FINAL/TEST_4/sim00000006/lsystem/retina_vein_upper.am
First branch length 1901.6420020822077
Graph written to /scratch/vamshis/FINAL/TEST_4/sim00000006/lsystem/retina_artery_lower.am
First branch length 1901.6420020822077
Graph written to /scratch/vamshis/FINAL/TEST_4/sim00000006/lsystem/retina_vein_lower.am
[Rank 3] Running simulation 3 as /scratch/vamshis/FINAL/TEST_4/sim00000003
First branch length 2097.3656566827854
Graph written to /scratch/vamshis/FINAL/TEST_4/sim00000003/lsystem/retina_artery_upper.am
First branch length 2097.3656566827854
Graph written to /scratch/vamshis/FINAL/TEST_4/sim00000003/lsystem/retina_vein_upper.am
First branch length 2097.3656566827854
Graph written to /scratch/vamshis/FINAL/TEST_4/sim00000003/lsystem/retina_artery_lower.am
First branch length 2097.3656566827854
Graph written to /scratch/vamshis/FINAL/TEST_4/sim00000003/lsystem/retina_vein_lower.am
Combined graph written to /scratch/vamshis/FINAL/TEST_4/sim00000003/lsystem/retina_lsystem.am
[INFO] Attempting headless mesh export instead of screen grab...
Preparing graph (creating cylinders)...
Headless mode! Skipping rendering setup.
Headless mode! Cannot render image
[SUCCESS] Mesh saved to: /scratch/vamshis/FINAL/TEST_4/sim00000003/lsystem/lsystem_output_mesh.ply
[Rank 5] Running simulation 5 as /scratch/vamshis/FINAL/TEST_4/sim00000005
First branch length 1412.513017291113
Graph written to /scratch/vamshis/FINAL/TEST_4/sim00000005/lsystem/retina_artery_upper.am
First branch length 1412.513017291113
Graph written to /scratch/vamshis/FINAL/TEST_4/sim00000005/lsystem/retina_vein_upper.am
First branch length 1412.513017291113
Graph written to /scratch/vamshis/FINAL/TEST_4/sim00000005/lsystem/retina_artery_lower.am
First branch length 1412.513017291113
Graph written to /scratch/vamshis/FINAL/TEST_4/sim00000005/lsystem/retina_vein_lower.am
Combined graph written to /scratch/vamshis/FINAL/TEST_4/sim00000005/lsystem/retina_lsystem.am
[INFO] Attempting headless mesh export instead of screen grab...
Preparing graph (creating cylinders)...
Headless mode! Skipping rendering setup.
Headless mode! Cannot render image
[SUCCESS] Mesh saved to: /scratch/vamshis/FINAL/TEST_4/sim00000005/lsystem/lsystem_output_mesh.ply
Written param file: /scratch/vamshis/FINAL/TEST_4/sim00000005/cco/retina_upper_discs_params.json
[Rank 9] Running simulation 9 as /scratch/vamshis/FINAL/TEST_4/sim00000009
First branch length 2082.434245511661
Graph written to /scratch/vamshis/FINAL/TEST_4/sim00000009/lsystem/retina_artery_upper.am
First branch length 2082.434245511661
Graph written to /scratch/vamshis/FINAL/TEST_4/sim00000009/lsystem/retina_vein_upper.am
First branch length 2082.434245511661
Graph written to /scratch/vamshis/FINAL/TEST_4/sim00000009/lsystem/retina_artery_lower.am
First branch length 2082.434245511661
Graph written to /scratch/vamshis/FINAL/TEST_4/sim00000009/lsystem/retina_vein_lower.am
Combined graph written to /scratch/vamshis/FINAL/TEST_4/sim00000009/lsystem/retina_lsystem.am
[INFO] Attempting headless mesh export instead of screen grab...
Preparing graph (creating cylinders)...
Headless mode! Skipping rendering setup.
Headless mode! Cannot render image
[SUCCESS] Mesh saved to: /scratch/vamshis/FINAL/TEST_4/sim00000009/lsystem/lsystem_output_mesh.ply
Written param file: /scratch/vamshis/FINAL/TEST_4/sim00000009/cco/retina_upper_discs_params.json
Simulating from /scratch/vamshis/FINAL/TEST_4/sim00000009/cco/retina_upper_discs_params.json
Converting CSV to AM: /scratch/vamshis/FINAL/TEST_4/sim00000009/cco/retina_artery_upper.csv
Setting build directory ...
Setting build directory ...
Directory does not exist. Creating folder ...
> Loading network...
Reading /home/vamshis/temp/reanimate_temp_04137389/reanimate.dat ...


---------------------------------------------
anon network derived from Amira Spatial Graph
---------------------------------------------

Importing network data ...
Tissue Dimensions (x,y,z) = 34810 um x 34738 um x 1135 um
nsol = 4
nnodbc = 2
No. of segments = 32130 
No. of nodes = 23738 
No. of boundary nodes = 2 

Analysing network edges ...
No. of edges = 24254 
Edge lengths = 258.026 ± 185.633 um
Edge diameters = 7.960 ± 10.826 um
Length / diameter ratio = 359.827 ± 612.707 um
> Setting stack size ...


-----------------
Blood Flow Module
-----------------

Cloning vascular network ...

Finding articulation points ...
No. of articulation points = 2 
% of total nodes = 0.008 

Finding dead ends ...
No. of dead end segments = 0 
% of total segments = 0 

Assigning rheological parameters ...

Simulating blood flow ...

Full boundary conditions detected -> Running full solver ...
Computing conductance matrix, M ...
Computing K matrix ...
Assigning boundary conditions ...
Solving linear system ...


----------------------- Analysing vascular flow -----------------------

Assigning rheological parameters ...
Blood pressure = 36.144410 ± 13.751529 mmHg
Arteriole pressure = 51.999990 ± 0.000005 mmHg
Capillary pressure = 35.999996 ± 0.000003 mmHg
Venule pressure = 20.000005 ± 0.000003 mmHg
Blood flow = 0.000009 ± 0.000056 nl/min
Arteriole flow = 0.000012 ± 0.000065 nl/min
Capillary flow = 0.000000 ± 0.000000 nl/min
Venule flow = 0.000012 ± 0.000066 nl/min
Blood velocity = 0.000046 ± 0.000110 mm/s
Arteriole velocity = 0.000001 ± 0.000001 mm/s
Capillary velocity = 0.000173 ± 0.000157 mm/s
Venule velocity = 0.000000 ± 0.000000 mm/s
Vessel Wall Shear Stress = 3.220620 ± 7.877276 dyn/cm2
Arteriole WSS = 0.000050 ± 0.000134 dyn/cm2
Capillary WSS = 12.327566 ± 11.191870 dyn/cm2
Venule WSS = 0.000027 ± 0.000061 dyn/cm2
Reynolds number = 0.000000 ± 0.000000
Vascular segment transit time = 29636452.742317 ± 65099694.166192 s
[Rank 2] Running simulation 2 as /scratch/vamshis/FINAL/TEST_4/sim00000002
First branch length 1559.719273759153
Graph written to /scratch/vamshis/FINAL/TEST_4/sim00000002/lsystem/retina_artery_upper.am
First branch length 1559.719273759153
Graph written to /scratch/vamshis/FINAL/TEST_4/sim00000002/lsystem/retina_vein_upper.am
First branch length 1559.719273759153
Graph written to /scratch/vamshis/FINAL/TEST_4/sim00000002/lsystem/retina_artery_lower.am
First branch length 1559.719273759153
Graph written to /scratch/vamshis/FINAL/TEST_4/sim00000002/lsystem/retina_vein_lower.am
Combined graph written to /scratch/vamshis/FINAL/TEST_4/sim00000002/lsystem/retina_lsystem.am
[INFO] Attempting headless mesh export instead of screen grab...
Preparing graph (creating cylinders)...
Headless mode! Skipping rendering setup.
Headless mode! Cannot render image
[SUCCESS] Mesh saved to: /scratch/vamshis/FINAL/TEST_4/sim00000002/lsystem/lsystem_output_mesh.ply
Written param file: /scratch/vamshis/FINAL/TEST_4/sim00000002/cco/retina_upper_discs_params.json
Simulating from /scratch/vamshis/FINAL/TEST_4/sim00000002/cco/retina_upper_discs_params.json
Converting CSV to AM: /scratch/vamshis/FINAL/TEST_4/sim00000002/cco/retina_artery_upper.csv
[Rank 0] Running simulation 0 as /scratch/vamshis/FINAL/TEST_4/sim00000000
First branch length 2407.622060986094
Graph written to /scratch/vamshis/FINAL/TEST_4/sim00000000/lsystem/retina_artery_upper.am
First branch length 2407.622060986094
Graph written to /scratch/vamshis/FINAL/TEST_4/sim00000000/lsystem/retina_vein_upper.am
First branch length 2407.622060986094
Graph written to /scratch/vamshis/FINAL/TEST_4/sim00000000/lsystem/retina_artery_lower.am
First branch length 2407.622060986094
Graph written to /scratch/vamshis/FINAL/TEST_4/sim00000000/lsystem/retina_vein_lower.am
Combined graph written to /scratch/vamshis/FINAL/TEST_4/sim00000000/lsystem/retina_lsystem.am
[INFO] Attempting headless mesh export instead of screen grab...
Preparing graph (creating cylinders)...
Headless mode! Skipping rendering setup.
Headless mode! Cannot render image
[SUCCESS] Mesh saved to: /scratch/vamshis/FINAL/TEST_4/sim00000000/lsystem/lsystem_output_mesh.ply
Written param file: /scratch/vamshis/FINAL/TEST_4/sim00000000/cco/retina_upper_discs_params.json
Simulating from /scratch/vamshis/FINAL/TEST_4/sim00000000/cco/retina_upper_discs_params.json
Connecting endpoints...
Directly connecting arterial terminal nodes to venous terminal nodes
Connecting arterial endpoints to venous endpoints
Connecting venous endpoints to arterial endpoints
Shortest vessel length: 0.23113812506198883
