==========================================
SLURM_CLUSTER_NAME = paramprabha
SLURM_JOB_ACCOUNT = cdac
SLURM_JOB_ID = 180434
SLURM_JOB_NAME = RETINASIM-HPC
SLURM_JOB_NODELIST = rpcn[001-002]
SLURM_JOB_USER = vamshis
SLURM_JOB_UID = 52008
SLURM_JOB_PARTITION = standard
SLURM_TASK_PID = 724693
SLURM_SUBMIT_DIR = /home/vamshis/miniconda3/envs/retina/lib/python3.8/site-packages/retinasim
SLURM_CPUS_ON_NODE = 1
SLURM_NTASKS = 2
SLURM_TASK_PID = 724693
==========================================
Setting build directory ...
Setting build directory ...
Directory does not exist. Creating folder ...
> Loading network...
Reading /home/vamshis/temp/reanimate_temp_02318428/reanimate.dat ...


---------------------------------------------
anon network derived from Amira Spatial Graph
---------------------------------------------

Importing network data ...
Tissue Dimensions (x,y,z) = 34810 um x 34738 um x 1137 um
nsol = 4
nnodbc = 2
No. of segments = 32548 
No. of nodes = 24136 
No. of boundary nodes = 2 

Analysing network edges ...
No. of edges = 24335 
Edge lengths = 258.695 ± 188.428 um
Edge diameters = 8.155 ± 10.875 um
Length / diameter ratio = 364.195 ± 627.842 um
> Setting stack size ...


-----------------
Blood Flow Module
-----------------

Cloning vascular network ...

Finding articulation points ...
No. of articulation points = 2 
% of total nodes = 0.008 

Finding dead ends ...
No. of dead end segments = 0 
% of total segments = 0 

Assigning rheological parameters ...

Simulating blood flow ...

Full boundary conditions detected -> Running full solver ...
Computing conductance matrix, M ...
Computing K matrix ...
Assigning boundary conditions ...
Solving linear system ...


----------------------- Analysing vascular flow -----------------------

Assigning rheological parameters ...
Blood pressure = 36.102250 ± 13.777392 mmHg
Arteriole pressure = 51.999995 ± 0.000003 mmHg
Capillary pressure = 36.000002 ± 0.000002 mmHg
Venule pressure = 20.000007 ± 0.000004 mmHg
Blood flow = 0.000009 ± 0.000058 nl/min
Arteriole flow = 0.000012 ± 0.000065 nl/min
Capillary flow = 0.000000 ± 0.000000 nl/min
Venule flow = 0.000012 ± 0.000069 nl/min
Blood velocity = 0.000045 ± 0.000110 mm/s
Arteriole velocity = 0.000000 ± 0.000000 mm/s
Capillary velocity = 0.000172 ± 0.000157 mm/s
Venule velocity = 0.000001 ± 0.000000 mm/s
Vessel Wall Shear Stress = 3.168154 ± 7.825287 dyn/cm2
Arteriole WSS = 0.000027 ± 0.000051 dyn/cm2
Capillary WSS = 12.255324 ± 11.203499 dyn/cm2
Venule WSS = 0.000037 ± 0.000078 dyn/cm2
Reynolds number = 0.000000 ± 0.000000
Vascular segment transit time = 30615234.964384 ± 59779199.183095 s
Setting build directory ...
Setting build directory ...
Directory does not exist. Creating folder ...
> Loading network...
Reading /home/vamshis/temp/reanimate_temp_09386320/reanimate.dat ...


---------------------------------------------
anon network derived from Amira Spatial Graph
---------------------------------------------

Importing network data ...
Tissue Dimensions (x,y,z) = 34810 um x 34738 um x 1109 um
nsol = 4
nnodbc = 2
No. of segments = 32139 
No. of nodes = 23719 
No. of boundary nodes = 2 

Analysing network edges ...
No. of edges = 24329 
Edge lengths = 257.417 ± 185.046 um
Edge diameters = 8.349 ± 11.413 um
Length / diameter ratio = 359.187 ± 618.846 um
> Setting stack size ...


-----------------
Blood Flow Module
-----------------

Cloning vascular network ...

Finding articulation points ...
No. of articulation points = 2 
% of total nodes = 0.008 

Finding dead ends ...
No. of dead end segments = 0 
% of total segments = 0 

Assigning rheological parameters ...

Simulating blood flow ...

Full boundary conditions detected -> Running full solver ...
Computing conductance matrix, M ...
Computing K matrix ...
Assigning boundary conditions ...
Solving linear system ...


----------------------- Analysing vascular flow -----------------------

Assigning rheological parameters ...
Blood pressure = 36.121969 ± 13.744317 mmHg
Arteriole pressure = 51.999993 ± 0.000004 mmHg
Capillary pressure = 35.999998 ± 0.000002 mmHg
Venule pressure = 20.000005 ± 0.000003 mmHg
Blood flow = 0.000009 ± 0.000060 nl/min
Arteriole flow = 0.000012 ± 0.000068 nl/min
Capillary flow = 0.000000 ± 0.000000 nl/min
Venule flow = 0.000012 ± 0.000071 nl/min
Blood velocity = 0.000046 ± 0.000110 mm/s
Arteriole velocity = 0.000001 ± 0.000000 mm/s
Capillary velocity = 0.000173 ± 0.000157 mm/s
Venule velocity = 0.000000 ± 0.000000 mm/s
Vessel Wall Shear Stress = 3.229277 ± 7.889806 dyn/cm2
Arteriole WSS = 0.000037 ± 0.000079 dyn/cm2
Capillary WSS = 12.323083 ± 11.202285 dyn/cm2
Venule WSS = 0.000025 ± 0.000054 dyn/cm2
Reynolds number = 0.000000 ± 0.000000
Vascular segment transit time = 31643221.182536 ± 64993677.684357 s
Setting build directory ...
Setting build directory ...
Directory does not exist. Creating folder ...
> Loading network...
Reading /home/vamshis/temp/reanimate_temp_00093874/reanimate.dat ...


---------------------------------------------
anon network derived from Amira Spatial Graph
---------------------------------------------

Importing network data ...
Tissue Dimensions (x,y,z) = 34810 um x 34738 um x 1109 um
nsol = 4
nnodbc = 2
No. of segments = 32139 
No. of nodes = 23719 
No. of boundary nodes = 2 

Analysing network edges ...
No. of edges = 24329 
Edge lengths = 257.417 ± 185.046 um
Edge diameters = 8.349 ± 11.413 um
Length / diameter ratio = 359.187 ± 618.846 um
> Setting stack size ...


-----------------
Blood Flow Module
-----------------

Cloning vascular network ...

Finding articulation points ...
No. of articulation points = 2 
% of total nodes = 0.008 

Finding dead ends ...
No. of dead end segments = 0 
% of total segments = 0 

Assigning rheological parameters ...

Simulating blood flow ...

Full boundary conditions detected -> Running full solver ...
Computing conductance matrix, M ...
Computing K matrix ...
Assigning boundary conditions ...
Solving linear system ...


----------------------- Analysing vascular flow -----------------------

Assigning rheological parameters ...
Blood pressure = 36.121969 ± 13.744317 mmHg
Arteriole pressure = 51.999993 ± 0.000004 mmHg
Capillary pressure = 35.999998 ± 0.000002 mmHg
Venule pressure = 20.000005 ± 0.000003 mmHg
Blood flow = 0.000009 ± 0.000060 nl/min
Arteriole flow = 0.000012 ± 0.000068 nl/min
Capillary flow = 0.000000 ± 0.000000 nl/min
Venule flow = 0.000012 ± 0.000071 nl/min
Blood velocity = 0.000046 ± 0.000110 mm/s
Arteriole velocity = 0.000001 ± 0.000000 mm/s
Capillary velocity = 0.000173 ± 0.000157 mm/s
Venule velocity = 0.000000 ± 0.000000 mm/s
Vessel Wall Shear Stress = 3.229277 ± 7.889806 dyn/cm2
Arteriole WSS = 0.000037 ± 0.000079 dyn/cm2
Capillary WSS = 12.323084 ± 11.202285 dyn/cm2
Venule WSS = 0.000025 ± 0.000054 dyn/cm2
Reynolds number = 0.000000 ± 0.000000
Vascular segment transit time = 31643218.955534 ± 64993673.695299 s
Setting build directory ...
Setting build directory ...
Directory does not exist. Creating folder ...
> Loading network...
Reading /home/vamshis/temp/reanimate_temp_05900772/reanimate.dat ...


---------------------------------------------
anon network derived from Amira Spatial Graph
---------------------------------------------

Importing network data ...
Tissue Dimensions (x,y,z) = 34810 um x 34738 um x 1137 um
nsol = 4
nnodbc = 2
No. of segments = 32548 
No. of nodes = 24136 
No. of boundary nodes = 2 

Analysing network edges ...
No. of edges = 24335 
Edge lengths = 258.695 ± 188.428 um
Edge diameters = 8.155 ± 10.875 um
Length / diameter ratio = 364.195 ± 627.842 um
> Setting stack size ...


-----------------
Blood Flow Module
-----------------

Cloning vascular network ...

Finding articulation points ...
No. of articulation points = 2 
% of total nodes = 0.008 

Finding dead ends ...
No. of dead end segments = 0 
% of total segments = 0 

Assigning rheological parameters ...

Simulating blood flow ...

Full boundary conditions detected -> Running full solver ...
Computing conductance matrix, M ...
Computing K matrix ...
Assigning boundary conditions ...
Solving linear system ...


----------------------- Analysing vascular flow -----------------------

Assigning rheological parameters ...
Blood pressure = 36.102250 ± 13.777392 mmHg
Arteriole pressure = 51.999995 ± 0.000003 mmHg
Capillary pressure = 36.000002 ± 0.000002 mmHg
Venule pressure = 20.000007 ± 0.000004 mmHg
Blood flow = 0.000009 ± 0.000058 nl/min
Arteriole flow = 0.000012 ± 0.000065 nl/min
Capillary flow = 0.000000 ± 0.000000 nl/min
Venule flow = 0.000012 ± 0.000069 nl/min
Blood velocity = 0.000045 ± 0.000110 mm/s
Arteriole velocity = 0.000000 ± 0.000000 mm/s
Capillary velocity = 0.000172 ± 0.000157 mm/s
Venule velocity = 0.000001 ± 0.000000 mm/s
Vessel Wall Shear Stress = 3.168154 ± 7.825287 dyn/cm2
Arteriole WSS = 0.000027 ± 0.000051 dyn/cm2
Capillary WSS = 12.255325 ± 11.203499 dyn/cm2
Venule WSS = 0.000037 ± 0.000078 dyn/cm2
Reynolds number = 0.000000 ± 0.000000
Vascular segment transit time = 30615233.128523 ± 59779195.410432 s
