==========================================
SLURM_CLUSTER_NAME = paramprabha
SLURM_JOB_ACCOUNT = cdac
SLURM_JOB_ID = 179985
SLURM_JOB_NAME = RETINASIM-HPC
SLURM_JOB_NODELIST = rphm[029-038]
SLURM_JOB_USER = vamshis
SLURM_JOB_UID = 52008
SLURM_JOB_PARTITION = standard
SLURM_TASK_PID = 973875
SLURM_SUBMIT_DIR = /home/vamshis/miniconda3/envs/retina/lib/python3.8/site-packages/retinasim
SLURM_CPUS_ON_NODE = 1
SLURM_NTASKS = 10
SLURM_TASK_PID = 973875
==========================================
Setting build directory ...
Setting build directory ...
Directory does not exist. Creating folder ...
> Loading network...
Reading /home/vamshis/temp/reanimate_temp_03653102/reanimate.dat ...


---------------------------------------------
anon network derived from Amira Spatial Graph
---------------------------------------------

Importing network data ...
Tissue Dimensions (x,y,z) = 34810 um x 34738 um x 1120 um
nsol = 4
nnodbc = 2
No. of segments = 31717 
No. of nodes = 23433 
No. of boundary nodes = 2 

Analysing network edges ...
No. of edges = 23964 
Edge lengths = 259.991 ± 193.814 um
Edge diameters = 7.816 ± 10.565 um
Length / diameter ratio = 360.869 ± 616.176 um
> Setting stack size ...


-----------------
Blood Flow Module
-----------------

Cloning vascular network ...

Finding articulation points ...
No. of articulation points = 2 
% of total nodes = 0.009 

Finding dead ends ...
No. of dead end segments = 0 
% of total segments = 0 

Assigning rheological parameters ...

Simulating blood flow ...

Full boundary conditions detected -> Running full solver ...
Computing conductance matrix, M ...
Computing K matrix ...
Assigning boundary conditions ...
Solving linear system ...


----------------------- Analysing vascular flow -----------------------

Assigning rheological parameters ...
Blood pressure = 36.076171 ± 13.752109 mmHg
Arteriole pressure = 51.999990 ± 0.000006 mmHg
Capillary pressure = 35.999997 ± 0.000004 mmHg
Venule pressure = 20.000006 ± 0.000003 mmHg
Blood flow = 0.000009 ± 0.000058 nl/min
Arteriole flow = 0.000012 ± 0.000066 nl/min
Capillary flow = 0.000000 ± 0.000000 nl/min
Venule flow = 0.000012 ± 0.000068 nl/min
Blood velocity = 0.000045 ± 0.000108 mm/s
Arteriole velocity = 0.000001 ± 0.000001 mm/s
Capillary velocity = 0.000171 ± 0.000152 mm/s
Venule velocity = 0.000000 ± 0.000000 mm/s
Vessel Wall Shear Stress = 3.185283 ± 7.696967 dyn/cm2
Arteriole WSS = 0.000051 ± 0.000148 dyn/cm2
Capillary WSS = 12.192454 ± 10.814724 dyn/cm2
Venule WSS = 0.000031 ± 0.000092 dyn/cm2
Reynolds number = 0.000000 ± 0.000000
Vascular segment transit time = 28588499.406579 ± 58961382.478031 s
Setting build directory ...
Setting build directory ...
Directory does not exist. Creating folder ...
> Loading network...
Reading /home/vamshis/temp/reanimate_temp_06417339/reanimate.dat ...


---------------------------------------------
anon network derived from Amira Spatial Graph
---------------------------------------------

Importing network data ...
Tissue Dimensions (x,y,z) = 34810 um x 34738 um x 1142 um
nsol = 4
nnodbc = 2
No. of segments = 32085 
No. of nodes = 23744 
No. of boundary nodes = 2 

Analysing network edges ...
No. of edges = 24117 
Edge lengths = 261.014 ± 189.511 um
Edge diameters = 8.261 ± 11.283 um
Length / diameter ratio = 367.494 ± 633.056 um
> Setting stack size ...


-----------------
Blood Flow Module
-----------------

Cloning vascular network ...

Finding articulation points ...
No. of articulation points = 2 
% of total nodes = 0.008 

Finding dead ends ...
No. of dead end segments = 0 
% of total segments = 0 

Assigning rheological parameters ...

Simulating blood flow ...

Full boundary conditions detected -> Running full solver ...
Computing conductance matrix, M ...
Computing K matrix ...
Assigning boundary conditions ...
Solving linear system ...


----------------------- Analysing vascular flow -----------------------

Assigning rheological parameters ...
Blood pressure = 36.079786 ± 13.763437 mmHg
Arteriole pressure = 51.999991 ± 0.000005 mmHg
Capillary pressure = 35.999997 ± 0.000003 mmHg
Venule pressure = 20.000004 ± 0.000003 mmHg
Blood flow = 0.000009 ± 0.000056 nl/min
Arteriole flow = 0.000012 ± 0.000065 nl/min
Capillary flow = 0.000000 ± 0.000000 nl/min
Venule flow = 0.000012 ± 0.000065 nl/min
Blood velocity = 0.000044 ± 0.000107 mm/s
Arteriole velocity = 0.000001 ± 0.000001 mm/s
Capillary velocity = 0.000169 ± 0.000152 mm/s
Venule velocity = 0.000000 ± 0.000000 mm/s
Vessel Wall Shear Stress = 3.140491 ± 7.651633 dyn/cm2
Arteriole WSS = 0.000045 ± 0.000140 dyn/cm2
Capillary WSS = 12.077410 ± 10.827321 dyn/cm2
Venule WSS = 0.000024 ± 0.000050 dyn/cm2
Reynolds number = 0.000000 ± 0.000000
Vascular segment transit time = 32579225.139368 ± 69894336.963222 s
Setting build directory ...
Setting build directory ...
Directory does not exist. Creating folder ...
> Loading network...
Reading /home/vamshis/temp/reanimate_temp_09299250/reanimate.dat ...


---------------------------------------------
anon network derived from Amira Spatial Graph
---------------------------------------------

Importing network data ...
Tissue Dimensions (x,y,z) = 34810 um x 34738 um x 1138 um
nsol = 4
nnodbc = 2
No. of segments = 32142 
No. of nodes = 23790 
No. of boundary nodes = 2 

Analysing network edges ...
No. of edges = 24150 
Edge lengths = 260.498 ± 190.119 um
Edge diameters = 9.282 ± 12.822 um
Length / diameter ratio = 364.995 ± 635.675 um
> Setting stack size ...


-----------------
Blood Flow Module
-----------------

Cloning vascular network ...

Finding articulation points ...
No. of articulation points = 2 
% of total nodes = 0.008 

Finding dead ends ...
No. of dead end segments = 0 
% of total segments = 0 

Assigning rheological parameters ...

Simulating blood flow ...

Full boundary conditions detected -> Running full solver ...
Computing conductance matrix, M ...
Computing K matrix ...
Assigning boundary conditions ...
Solving linear system ...


----------------------- Analysing vascular flow -----------------------

Assigning rheological parameters ...
Blood pressure = 36.089601 ± 13.764485 mmHg
Arteriole pressure = 51.999995 ± 0.000003 mmHg
Capillary pressure = 35.999998 ± 0.000002 mmHg
Venule pressure = 20.000003 ± 0.000002 mmHg
Blood flow = 0.000009 ± 0.000057 nl/min
Arteriole flow = 0.000012 ± 0.000068 nl/min
Capillary flow = 0.000000 ± 0.000000 nl/min
Venule flow = 0.000012 ± 0.000064 nl/min
Blood velocity = 0.000044 ± 0.000110 mm/s
Arteriole velocity = 0.000000 ± 0.000000 mm/s
Capillary velocity = 0.000169 ± 0.000159 mm/s
Venule velocity = 0.000000 ± 0.000000 mm/s
Vessel Wall Shear Stress = 3.140674 ± 7.852463 dyn/cm2
Arteriole WSS = 0.000027 ± 0.000061 dyn/cm2
Capillary WSS = 12.083675 ± 11.365968 dyn/cm2
Venule WSS = 0.000016 ± 0.000034 dyn/cm2
Reynolds number = 0.000000 ± 0.000000
Vascular segment transit time = 40133944.283455 ± 84761221.491828 s
Setting build directory ...
Setting build directory ...
Directory does not exist. Creating folder ...
> Loading network...
Reading /home/vamshis/temp/reanimate_temp_06879187/reanimate.dat ...


---------------------------------------------
anon network derived from Amira Spatial Graph
---------------------------------------------

Importing network data ...
Tissue Dimensions (x,y,z) = 34810 um x 34738 um x 1135 um
nsol = 4
nnodbc = 2
No. of segments = 32224 
No. of nodes = 23850 
No. of boundary nodes = 2 

Analysing network edges ...
No. of edges = 24225 
Edge lengths = 258.292 ± 186.568 um
Edge diameters = 9.203 ± 12.545 um
Length / diameter ratio = 359.702 ± 621.766 um
> Setting stack size ...


-----------------
Blood Flow Module
-----------------

Cloning vascular network ...

Finding articulation points ...
No. of articulation points = 2 
% of total nodes = 0.008 

Finding dead ends ...
No. of dead end segments = 0 
% of total segments = 0 

Assigning rheological parameters ...

Simulating blood flow ...

Full boundary conditions detected -> Running full solver ...
Computing conductance matrix, M ...
Computing K matrix ...
Assigning boundary conditions ...
Solving linear system ...


----------------------- Analysing vascular flow -----------------------

Assigning rheological parameters ...
Blood pressure = 36.187685 ± 13.763297 mmHg
Arteriole pressure = 51.999995 ± 0.000003 mmHg
Capillary pressure = 35.999998 ± 0.000001 mmHg
Venule pressure = 20.000003 ± 0.000002 mmHg
Blood flow = 0.000009 ± 0.000059 nl/min
Arteriole flow = 0.000013 ± 0.000070 nl/min
Capillary flow = 0.000000 ± 0.000000 nl/min
Venule flow = 0.000012 ± 0.000066 nl/min
Blood velocity = 0.000044 ± 0.000106 mm/s
Arteriole velocity = 0.000000 ± 0.000000 mm/s
Capillary velocity = 0.000170 ± 0.000149 mm/s
Venule velocity = 0.000000 ± 0.000000 mm/s
Vessel Wall Shear Stress = 3.149291 ± 7.580299 dyn/cm2
Arteriole WSS = 0.000027 ± 0.000056 dyn/cm2
Capillary WSS = 12.115837 ± 10.603409 dyn/cm2
Venule WSS = 0.000017 ± 0.000034 dyn/cm2
Reynolds number = 0.000000 ± 0.000000
Vascular segment transit time = 39658874.503400 ± 82779655.618142 s
Setting build directory ...
Setting build directory ...
Directory does not exist. Creating folder ...
> Loading network...
Reading /home/vamshis/temp/reanimate_temp_03432084/reanimate.dat ...


---------------------------------------------
anon network derived from Amira Spatial Graph
---------------------------------------------

Importing network data ...
Tissue Dimensions (x,y,z) = 34810 um x 34738 um x 1114 um
nsol = 4
nnodbc = 2
No. of segments = 32188 
No. of nodes = 23783 
No. of boundary nodes = 2 

Analysing network edges ...
No. of edges = 24336 
Edge lengths = 258.808 ± 189.544 um
Edge diameters = 8.437 ± 11.597 um
Length / diameter ratio = 367.246 ± 638.203 um
> Setting stack size ...


-----------------
Blood Flow Module
-----------------

Cloning vascular network ...

Finding articulation points ...
No. of articulation points = 2 
% of total nodes = 0.008 

Finding dead ends ...
No. of dead end segments = 0 
% of total segments = 0 

Assigning rheological parameters ...

Simulating blood flow ...

Full boundary conditions detected -> Running full solver ...
Computing conductance matrix, M ...
Computing K matrix ...
Assigning boundary conditions ...
Solving linear system ...


----------------------- Analysing vascular flow -----------------------

Assigning rheological parameters ...
Blood pressure = 36.132716 ± 13.752270 mmHg
Arteriole pressure = 51.999990 ± 0.000006 mmHg
Capillary pressure = 35.999995 ± 0.000003 mmHg
Venule pressure = 20.000003 ± 0.000002 mmHg
Blood flow = 0.000009 ± 0.000057 nl/min
Arteriole flow = 0.000012 ± 0.000068 nl/min
Capillary flow = 0.000000 ± 0.000000 nl/min
Venule flow = 0.000012 ± 0.000065 nl/min
Blood velocity = 0.000045 ± 0.000109 mm/s
Arteriole velocity = 0.000001 ± 0.000001 mm/s
Capillary velocity = 0.000171 ± 0.000157 mm/s
Venule velocity = 0.000000 ± 0.000000 mm/s
Vessel Wall Shear Stress = 3.179923 ± 7.822830 dyn/cm2
Arteriole WSS = 0.000051 ± 0.000137 dyn/cm2
Capillary WSS = 12.174915 ± 11.171355 dyn/cm2
Venule WSS = 0.000019 ± 0.000048 dyn/cm2
Reynolds number = 0.000000 ± 0.000000
Vascular segment transit time = 33789411.947839 ± 76773563.828275 s
Setting build directory ...
Setting build directory ...
Directory does not exist. Creating folder ...
> Loading network...
Reading /home/vamshis/temp/reanimate_temp_05441306/reanimate.dat ...


---------------------------------------------
anon network derived from Amira Spatial Graph
---------------------------------------------

Importing network data ...
Tissue Dimensions (x,y,z) = 34810 um x 34738 um x 1109 um
nsol = 4
nnodbc = 2
No. of segments = 32350 
No. of nodes = 23854 
No. of boundary nodes = 2 

Analysing network edges ...
No. of edges = 24562 
Edge lengths = 256.948 ± 182.487 um
Edge diameters = 7.429 ± 10.244 um
Length / diameter ratio = 369.510 ± 628.360 um
> Setting stack size ...


-----------------
Blood Flow Module
-----------------

Cloning vascular network ...

Finding articulation points ...
No. of articulation points = 2 
% of total nodes = 0.008 

Finding dead ends ...
No. of dead end segments = 0 
% of total segments = 0 

Assigning rheological parameters ...

Simulating blood flow ...

Full boundary conditions detected -> Running full solver ...
Computing conductance matrix, M ...
Computing K matrix ...
Assigning boundary conditions ...
Solving linear system ...


----------------------- Analysing vascular flow -----------------------

Assigning rheological parameters ...
Blood pressure = 36.165190 ± 13.737898 mmHg
Arteriole pressure = 51.999987 ± 0.000008 mmHg
Capillary pressure = 35.999996 ± 0.000005 mmHg
Venule pressure = 20.000007 ± 0.000004 mmHg
Blood flow = 0.000009 ± 0.000057 nl/min
Arteriole flow = 0.000012 ± 0.000067 nl/min
Capillary flow = 0.000000 ± 0.000000 nl/min
Venule flow = 0.000012 ± 0.000064 nl/min
Blood velocity = 0.000046 ± 0.000110 mm/s
Arteriole velocity = 0.000001 ± 0.000001 mm/s
Capillary velocity = 0.000172 ± 0.000157 mm/s
Venule velocity = 0.000001 ± 0.000001 mm/s
Vessel Wall Shear Stress = 3.225744 ± 7.883262 dyn/cm2
Arteriole WSS = 0.000063 ± 0.000177 dyn/cm2
Capillary WSS = 12.279551 ± 11.198508 dyn/cm2
Venule WSS = 0.000037 ± 0.000088 dyn/cm2
Reynolds number = 0.000000 ± 0.000000
Vascular segment transit time = 25217561.855907 ± 52895480.726952 s
Setting build directory ...
Setting build directory ...
Directory does not exist. Creating folder ...
> Loading network...
Reading /home/vamshis/temp/reanimate_temp_00325470/reanimate.dat ...


---------------------------------------------
anon network derived from Amira Spatial Graph
---------------------------------------------

Importing network data ...
Tissue Dimensions (x,y,z) = 34810 um x 34738 um x 1113 um
nsol = 4
nnodbc = 2
No. of segments = 31815 
No. of nodes = 23449 
No. of boundary nodes = 2 

Analysing network edges ...
No. of edges = 24210 
Edge lengths = 258.802 ± 187.287 um
Edge diameters = 8.059 ± 11.244 um
Length / diameter ratio = 366.976 ± 633.504 um
> Setting stack size ...


-----------------
Blood Flow Module
-----------------

Cloning vascular network ...

Finding articulation points ...
No. of articulation points = 2 
% of total nodes = 0.009 

Finding dead ends ...
No. of dead end segments = 0 
% of total segments = 0 

Assigning rheological parameters ...

Simulating blood flow ...

Full boundary conditions detected -> Running full solver ...
Computing conductance matrix, M ...
Computing K matrix ...
Assigning boundary conditions ...
Solving linear system ...


----------------------- Analysing vascular flow -----------------------

Assigning rheological parameters ...
Blood pressure = 36.120190 ± 13.735284 mmHg
Arteriole pressure = 51.999988 ± 0.000006 mmHg
Capillary pressure = 35.999994 ± 0.000004 mmHg
Venule pressure = 20.000004 ± 0.000002 mmHg
Blood flow = 0.000009 ± 0.000057 nl/min
Arteriole flow = 0.000012 ± 0.000066 nl/min
Capillary flow = 0.000000 ± 0.000000 nl/min
Venule flow = 0.000012 ± 0.000066 nl/min
Blood velocity = 0.000045 ± 0.000109 mm/s
Arteriole velocity = 0.000001 ± 0.000001 mm/s
Capillary velocity = 0.000171 ± 0.000154 mm/s
Venule velocity = 0.000000 ± 0.000000 mm/s
Vessel Wall Shear Stress = 3.217753 ± 7.787428 dyn/cm2
Arteriole WSS = 0.000057 ± 0.000129 dyn/cm2
Capillary WSS = 12.233733 ± 10.967042 dyn/cm2
Venule WSS = 0.000022 ± 0.000052 dyn/cm2
Reynolds number = 0.000000 ± 0.000000
Vascular segment transit time = 30665866.153913 ± 66811271.114755 s
Setting build directory ...
Setting build directory ...
Directory does not exist. Creating folder ...
> Loading network...
Reading /home/vamshis/temp/reanimate_temp_07004295/reanimate.dat ...


---------------------------------------------
anon network derived from Amira Spatial Graph
---------------------------------------------

Importing network data ...
Tissue Dimensions (x,y,z) = 34810 um x 34738 um x 1158 um
nsol = 4
nnodbc = 2
No. of segments = 32036 
No. of nodes = 23780 
No. of boundary nodes = 2 

Analysing network edges ...
No. of edges = 23911 
Edge lengths = 261.629 ± 188.283 um
Edge diameters = 9.987 ± 14.471 um
Length / diameter ratio = 362.535 ± 634.166 um
> Setting stack size ...


-----------------
Blood Flow Module
-----------------

Cloning vascular network ...

Finding articulation points ...
No. of articulation points = 2 
% of total nodes = 0.008 

Finding dead ends ...
No. of dead end segments = 0 
% of total segments = 0 

Assigning rheological parameters ...

Simulating blood flow ...

Full boundary conditions detected -> Running full solver ...
Computing conductance matrix, M ...
Computing K matrix ...
Assigning boundary conditions ...
Solving linear system ...


----------------------- Analysing vascular flow -----------------------

Assigning rheological parameters ...
Blood pressure = 36.210759 ± 13.783020 mmHg
Arteriole pressure = 51.999993 ± 0.000004 mmHg
Capillary pressure = 35.999995 ± 0.000003 mmHg
Venule pressure = 20.000001 ± 0.000001 mmHg
Blood flow = 0.000009 ± 0.000058 nl/min
Arteriole flow = 0.000012 ± 0.000067 nl/min
Capillary flow = 0.000000 ± 0.000000 nl/min
Venule flow = 0.000013 ± 0.000067 nl/min
Blood velocity = 0.000044 ± 0.000109 mm/s
Arteriole velocity = 0.000001 ± 0.000000 mm/s
Capillary velocity = 0.000169 ± 0.000159 mm/s
Venule velocity = 0.000000 ± 0.000000 mm/s
Vessel Wall Shear Stress = 3.102412 ± 7.794992 dyn/cm2
Arteriole WSS = 0.000040 ± 0.000101 dyn/cm2
Capillary WSS = 12.035393 ± 11.323230 dyn/cm2
Venule WSS = 0.000009 ± 0.000025 dyn/cm2
Reynolds number = 0.000000 ± 0.000000
Vascular segment transit time = 48063695.398170 ± 112491301.374112 s
Setting build directory ...
Setting build directory ...
Directory does not exist. Creating folder ...
> Loading network...
Reading /home/vamshis/temp/reanimate_temp_07577385/reanimate.dat ...


---------------------------------------------
anon network derived from Amira Spatial Graph
---------------------------------------------

Importing network data ...
Tissue Dimensions (x,y,z) = 34810 um x 34738 um x 1158 um
nsol = 4
nnodbc = 2
No. of segments = 32402 
No. of nodes = 24003 
No. of boundary nodes = 2 

Analysing network edges ...
No. of edges = 24288 
Edge lengths = 259.047 ± 187.103 um
Edge diameters = 8.932 ± 12.547 um
Length / diameter ratio = 360.839 ± 623.733 um
> Setting stack size ...


-----------------
Blood Flow Module
-----------------

Cloning vascular network ...

Finding articulation points ...
No. of articulation points = 2 
% of total nodes = 0.008 

Finding dead ends ...
No. of dead end segments = 0 
% of total segments = 0 

Assigning rheological parameters ...

Simulating blood flow ...

Full boundary conditions detected -> Running full solver ...
Computing conductance matrix, M ...
Computing K matrix ...
Assigning boundary conditions ...
Solving linear system ...


----------------------- Analysing vascular flow -----------------------

Assigning rheological parameters ...
Blood pressure = 36.148631 ± 13.769876 mmHg
Arteriole pressure = 51.999994 ± 0.000003 mmHg
Capillary pressure = 35.999998 ± 0.000002 mmHg
Venule pressure = 20.000003 ± 0.000002 mmHg
Blood flow = 0.000009 ± 0.000055 nl/min
Arteriole flow = 0.000011 ± 0.000062 nl/min
Capillary flow = 0.000000 ± 0.000000 nl/min
Venule flow = 0.000012 ± 0.000066 nl/min
Blood velocity = 0.000044 ± 0.000104 mm/s
Arteriole velocity = 0.000000 ± 0.000000 mm/s
Capillary velocity = 0.000168 ± 0.000143 mm/s
Venule velocity = 0.000000 ± 0.000000 mm/s
Vessel Wall Shear Stress = 3.114168 ± 7.408107 dyn/cm2
Arteriole WSS = 0.000033 ± 0.000071 dyn/cm2
Capillary WSS = 12.011029 ± 10.237861 dyn/cm2
Venule WSS = 0.000019 ± 0.000046 dyn/cm2
Reynolds number = 0.000000 ± 0.000000
Vascular segment transit time = 36790291.318086 ± 76524788.972869 s
Setting build directory ...
Setting build directory ...
Directory does not exist. Creating folder ...
> Loading network...
Reading /home/vamshis/temp/reanimate_temp_03006716/reanimate.dat ...


---------------------------------------------
anon network derived from Amira Spatial Graph
---------------------------------------------

Importing network data ...
Tissue Dimensions (x,y,z) = 34810 um x 34738 um x 1097 um
nsol = 4
nnodbc = 2
No. of segments = 32058 
No. of nodes = 23647 
No. of boundary nodes = 2 

Analysing network edges ...
No. of edges = 24314 
Edge lengths = 257.965 ± 186.933 um
Edge diameters = 7.544 ± 10.411 um
Length / diameter ratio = 365.658 ± 617.199 um
> Setting stack size ...


-----------------
Blood Flow Module
-----------------

Cloning vascular network ...

Finding articulation points ...
No. of articulation points = 2 
% of total nodes = 0.008 

Finding dead ends ...
No. of dead end segments = 0 
% of total segments = 0 

Assigning rheological parameters ...

Simulating blood flow ...

Full boundary conditions detected -> Running full solver ...
Computing conductance matrix, M ...
Computing K matrix ...
Assigning boundary conditions ...
Solving linear system ...


----------------------- Analysing vascular flow -----------------------

Assigning rheological parameters ...
Blood pressure = 36.141244 ± 13.740578 mmHg
Arteriole pressure = 51.999991 ± 0.000005 mmHg
Capillary pressure = 36.000000 ± 0.000003 mmHg
Venule pressure = 20.000009 ± 0.000005 mmHg
Blood flow = 0.000009 ± 0.000058 nl/min
Arteriole flow = 0.000011 ± 0.000064 nl/min
Capillary flow = 0.000000 ± 0.000000 nl/min
Venule flow = 0.000013 ± 0.000070 nl/min
Blood velocity = 0.000045 ± 0.000110 mm/s
Arteriole velocity = 0.000001 ± 0.000001 mm/s
Capillary velocity = 0.000171 ± 0.000158 mm/s
Venule velocity = 0.000001 ± 0.000001 mm/s
Vessel Wall Shear Stress = 3.203574 ± 7.874362 dyn/cm2
Arteriole WSS = 0.000046 ± 0.000116 dyn/cm2
Capillary WSS = 12.207191 ± 11.241591 dyn/cm2
Venule WSS = 0.000044 ± 0.000090 dyn/cm2
Reynolds number = 0.000000 ± 0.000000
Vascular segment transit time = 26113256.337849 ± 55025111.712374 s
Setting build directory ...
Setting build directory ...
Directory does not exist. Creating folder ...
> Loading network...
Reading /home/vamshis/temp/reanimate_temp_09409372/reanimate.dat ...


---------------------------------------------
anon network derived from Amira Spatial Graph
---------------------------------------------

Importing network data ...
Tissue Dimensions (x,y,z) = 34810 um x 34738 um x 1138 um
nsol = 4
nnodbc = 2
No. of segments = 32142 
No. of nodes = 23790 
No. of boundary nodes = 2 

Analysing network edges ...
No. of edges = 24150 
Edge lengths = 260.498 ± 190.119 um
Edge diameters = 9.282 ± 12.822 um
Length / diameter ratio = 364.995 ± 635.675 um
> Setting stack size ...


-----------------
Blood Flow Module
-----------------

Cloning vascular network ...

Finding articulation points ...
No. of articulation points = 2 
% of total nodes = 0.008 

Finding dead ends ...
No. of dead end segments = 0 
% of total segments = 0 

Assigning rheological parameters ...

Simulating blood flow ...

Full boundary conditions detected -> Running full solver ...
Computing conductance matrix, M ...
Computing K matrix ...
Assigning boundary conditions ...
Solving linear system ...


----------------------- Analysing vascular flow -----------------------

Assigning rheological parameters ...
Blood pressure = 36.089601 ± 13.764485 mmHg
Arteriole pressure = 51.999995 ± 0.000003 mmHg
Capillary pressure = 35.999998 ± 0.000002 mmHg
Venule pressure = 20.000003 ± 0.000002 mmHg
Blood flow = 0.000009 ± 0.000057 nl/min
Arteriole flow = 0.000012 ± 0.000068 nl/min
Capillary flow = 0.000000 ± 0.000000 nl/min
Venule flow = 0.000012 ± 0.000064 nl/min
Blood velocity = 0.000044 ± 0.000110 mm/s
Arteriole velocity = 0.000000 ± 0.000000 mm/s
Capillary velocity = 0.000169 ± 0.000159 mm/s
Venule velocity = 0.000000 ± 0.000000 mm/s
Vessel Wall Shear Stress = 3.140674 ± 7.852463 dyn/cm2
Arteriole WSS = 0.000027 ± 0.000061 dyn/cm2
Capillary WSS = 12.083675 ± 11.365969 dyn/cm2
Venule WSS = 0.000016 ± 0.000034 dyn/cm2
Reynolds number = 0.000000 ± 0.000000
Vascular segment transit time = 40133941.593437 ± 84761216.096257 s
Setting build directory ...
Setting build directory ...
Directory does not exist. Creating folder ...
> Loading network...
Reading /home/vamshis/temp/reanimate_temp_09471456/reanimate.dat ...


---------------------------------------------
anon network derived from Amira Spatial Graph
---------------------------------------------

Importing network data ...
Tissue Dimensions (x,y,z) = 34810 um x 34738 um x 1142 um
nsol = 4
nnodbc = 2
No. of segments = 32085 
No. of nodes = 23744 
No. of boundary nodes = 2 

Analysing network edges ...
No. of edges = 24117 
Edge lengths = 261.014 ± 189.511 um
Edge diameters = 8.261 ± 11.283 um
Length / diameter ratio = 367.494 ± 633.056 um
> Setting stack size ...


-----------------
Blood Flow Module
-----------------

Cloning vascular network ...

Finding articulation points ...
No. of articulation points = 2 
% of total nodes = 0.008 

Finding dead ends ...
No. of dead end segments = 0 
% of total segments = 0 

Assigning rheological parameters ...

Simulating blood flow ...

Full boundary conditions detected -> Running full solver ...
Computing conductance matrix, M ...
Computing K matrix ...
Assigning boundary conditions ...
Solving linear system ...


----------------------- Analysing vascular flow -----------------------

Assigning rheological parameters ...
Blood pressure = 36.079786 ± 13.763437 mmHg
Arteriole pressure = 51.999991 ± 0.000005 mmHg
Capillary pressure = 35.999997 ± 0.000003 mmHg
Venule pressure = 20.000004 ± 0.000003 mmHg
Blood flow = 0.000009 ± 0.000056 nl/min
Arteriole flow = 0.000012 ± 0.000065 nl/min
Capillary flow = 0.000000 ± 0.000000 nl/min
Venule flow = 0.000012 ± 0.000065 nl/min
Blood velocity = 0.000044 ± 0.000107 mm/s
Arteriole velocity = 0.000001 ± 0.000001 mm/s
Capillary velocity = 0.000169 ± 0.000152 mm/s
Venule velocity = 0.000000 ± 0.000000 mm/s
Vessel Wall Shear Stress = 3.140491 ± 7.651633 dyn/cm2
Arteriole WSS = 0.000045 ± 0.000140 dyn/cm2
Capillary WSS = 12.077410 ± 10.827321 dyn/cm2
Venule WSS = 0.000024 ± 0.000050 dyn/cm2
Reynolds number = 0.000000 ± 0.000000
Vascular segment transit time = 32579223.331033 ± 69894332.568710 s
Setting build directory ...
Setting build directory ...
Directory does not exist. Creating folder ...
> Loading network...
Reading /home/vamshis/temp/reanimate_temp_08760001/reanimate.dat ...


---------------------------------------------
anon network derived from Amira Spatial Graph
---------------------------------------------

Importing network data ...
Tissue Dimensions (x,y,z) = 34810 um x 34738 um x 1120 um
nsol = 4
nnodbc = 2
No. of segments = 31717 
No. of nodes = 23433 
No. of boundary nodes = 2 

Analysing network edges ...
No. of edges = 23964 
Edge lengths = 259.991 ± 193.814 um
Edge diameters = 7.816 ± 10.565 um
Length / diameter ratio = 360.869 ± 616.176 um
> Setting stack size ...


-----------------
Blood Flow Module
-----------------

Cloning vascular network ...

Finding articulation points ...
No. of articulation points = 2 
% of total nodes = 0.009 

Finding dead ends ...
No. of dead end segments = 0 
% of total segments = 0 

Assigning rheological parameters ...

Simulating blood flow ...

Full boundary conditions detected -> Running full solver ...
Computing conductance matrix, M ...
Computing K matrix ...
Assigning boundary conditions ...
Solving linear system ...


----------------------- Analysing vascular flow -----------------------

Assigning rheological parameters ...
Blood pressure = 36.076171 ± 13.752109 mmHg
Arteriole pressure = 51.999990 ± 0.000006 mmHg
Capillary pressure = 35.999997 ± 0.000004 mmHg
Venule pressure = 20.000006 ± 0.000003 mmHg
Blood flow = 0.000009 ± 0.000058 nl/min
Arteriole flow = 0.000012 ± 0.000066 nl/min
Capillary flow = 0.000000 ± 0.000000 nl/min
Venule flow = 0.000012 ± 0.000068 nl/min
Blood velocity = 0.000045 ± 0.000108 mm/s
Arteriole velocity = 0.000001 ± 0.000001 mm/s
Capillary velocity = 0.000171 ± 0.000152 mm/s
Venule velocity = 0.000000 ± 0.000000 mm/s
Vessel Wall Shear Stress = 3.185283 ± 7.696967 dyn/cm2
Arteriole WSS = 0.000051 ± 0.000148 dyn/cm2
Capillary WSS = 12.192455 ± 10.814724 dyn/cm2
Venule WSS = 0.000031 ± 0.000092 dyn/cm2
Reynolds number = 0.000000 ± 0.000000
Vascular segment transit time = 28588497.441097 ± 58961376.509033 s
Setting build directory ...
Setting build directory ...
Directory does not exist. Creating folder ...
> Loading network...
Reading /home/vamshis/temp/reanimate_temp_05119812/reanimate.dat ...


---------------------------------------------
anon network derived from Amira Spatial Graph
---------------------------------------------

Importing network data ...
Tissue Dimensions (x,y,z) = 34810 um x 34738 um x 1135 um
nsol = 4
nnodbc = 2
No. of segments = 32224 
No. of nodes = 23850 
No. of boundary nodes = 2 

Analysing network edges ...
No. of edges = 24225 
Edge lengths = 258.292 ± 186.568 um
Edge diameters = 9.203 ± 12.545 um
Length / diameter ratio = 359.702 ± 621.766 um
> Setting stack size ...


-----------------
Blood Flow Module
-----------------

Cloning vascular network ...

Finding articulation points ...
No. of articulation points = 2 
% of total nodes = 0.008 

Finding dead ends ...
No. of dead end segments = 0 
% of total segments = 0 

Assigning rheological parameters ...

Simulating blood flow ...

Full boundary conditions detected -> Running full solver ...
Computing conductance matrix, M ...
Computing K matrix ...
Assigning boundary conditions ...
Solving linear system ...


----------------------- Analysing vascular flow -----------------------

Assigning rheological parameters ...
Blood pressure = 36.187685 ± 13.763297 mmHg
Arteriole pressure = 51.999995 ± 0.000003 mmHg
Capillary pressure = 35.999998 ± 0.000001 mmHg
Venule pressure = 20.000003 ± 0.000002 mmHg
Blood flow = 0.000009 ± 0.000059 nl/min
Arteriole flow = 0.000013 ± 0.000070 nl/min
Capillary flow = 0.000000 ± 0.000000 nl/min
Venule flow = 0.000012 ± 0.000066 nl/min
Blood velocity = 0.000044 ± 0.000106 mm/s
Arteriole velocity = 0.000000 ± 0.000000 mm/s
Capillary velocity = 0.000170 ± 0.000149 mm/s
Venule velocity = 0.000000 ± 0.000000 mm/s
Vessel Wall Shear Stress = 3.149291 ± 7.580300 dyn/cm2
Arteriole WSS = 0.000027 ± 0.000056 dyn/cm2
Capillary WSS = 12.115837 ± 10.603409 dyn/cm2
Venule WSS = 0.000017 ± 0.000034 dyn/cm2
Reynolds number = 0.000000 ± 0.000000
Vascular segment transit time = 39658872.338602 ± 82779649.959156 s
Setting build directory ...
Setting build directory ...
Directory does not exist. Creating folder ...
> Loading network...
Reading /home/vamshis/temp/reanimate_temp_01820611/reanimate.dat ...


---------------------------------------------
anon network derived from Amira Spatial Graph
---------------------------------------------

Importing network data ...
Tissue Dimensions (x,y,z) = 34810 um x 34738 um x 1097 um
nsol = 4
nnodbc = 2
No. of segments = 32058 
No. of nodes = 23647 
No. of boundary nodes = 2 

Analysing network edges ...
No. of edges = 24314 
Edge lengths = 257.965 ± 186.933 um
Edge diameters = 7.544 ± 10.411 um
Length / diameter ratio = 365.658 ± 617.199 um
> Setting stack size ...


-----------------
Blood Flow Module
-----------------

Cloning vascular network ...

Finding articulation points ...
No. of articulation points = 2 
% of total nodes = 0.008 

Finding dead ends ...
No. of dead end segments = 0 
% of total segments = 0 

Assigning rheological parameters ...

Simulating blood flow ...

Full boundary conditions detected -> Running full solver ...
Computing conductance matrix, M ...
Computing K matrix ...
Assigning boundary conditions ...
Solving linear system ...


----------------------- Analysing vascular flow -----------------------

Assigning rheological parameters ...
Blood pressure = 36.141244 ± 13.740578 mmHg
Arteriole pressure = 51.999991 ± 0.000005 mmHg
Capillary pressure = 36.000000 ± 0.000003 mmHg
Venule pressure = 20.000009 ± 0.000005 mmHg
Blood flow = 0.000009 ± 0.000058 nl/min
Arteriole flow = 0.000011 ± 0.000064 nl/min
Capillary flow = 0.000000 ± 0.000000 nl/min
Venule flow = 0.000013 ± 0.000070 nl/min
Blood velocity = 0.000045 ± 0.000110 mm/s
Arteriole velocity = 0.000001 ± 0.000001 mm/s
Capillary velocity = 0.000171 ± 0.000158 mm/s
Venule velocity = 0.000001 ± 0.000001 mm/s
Vessel Wall Shear Stress = 3.203574 ± 7.874362 dyn/cm2
Arteriole WSS = 0.000046 ± 0.000116 dyn/cm2
Capillary WSS = 12.207192 ± 11.241591 dyn/cm2
Venule WSS = 0.000044 ± 0.000090 dyn/cm2
Reynolds number = 0.000000 ± 0.000000
Vascular segment transit time = 26113254.656056 ± 55025108.432963 s
Setting build directory ...
Setting build directory ...
Directory does not exist. Creating folder ...
> Loading network...
Reading /home/vamshis/temp/reanimate_temp_09926707/reanimate.dat ...


---------------------------------------------
anon network derived from Amira Spatial Graph
---------------------------------------------

Importing network data ...
Tissue Dimensions (x,y,z) = 34810 um x 34738 um x 1158 um
nsol = 4
nnodbc = 2
No. of segments = 32402 
No. of nodes = 24003 
No. of boundary nodes = 2 

Analysing network edges ...
No. of edges = 24288 
Edge lengths = 259.047 ± 187.103 um
Edge diameters = 8.932 ± 12.547 um
Length / diameter ratio = 360.839 ± 623.733 um
> Setting stack size ...


-----------------
Blood Flow Module
-----------------

Cloning vascular network ...

Finding articulation points ...
No. of articulation points = 2 
% of total nodes = 0.008 

Finding dead ends ...
No. of dead end segments = 0 
% of total segments = 0 

Assigning rheological parameters ...

Simulating blood flow ...

Full boundary conditions detected -> Running full solver ...
Computing conductance matrix, M ...
Computing K matrix ...
Assigning boundary conditions ...
Solving linear system ...


----------------------- Analysing vascular flow -----------------------

Assigning rheological parameters ...
Blood pressure = 36.148631 ± 13.769876 mmHg
Arteriole pressure = 51.999994 ± 0.000003 mmHg
Capillary pressure = 35.999998 ± 0.000002 mmHg
Venule pressure = 20.000003 ± 0.000002 mmHg
Blood flow = 0.000009 ± 0.000055 nl/min
Arteriole flow = 0.000011 ± 0.000062 nl/min
Capillary flow = 0.000000 ± 0.000000 nl/min
Venule flow = 0.000012 ± 0.000066 nl/min
Blood velocity = 0.000044 ± 0.000104 mm/s
Arteriole velocity = 0.000000 ± 0.000000 mm/s
Capillary velocity = 0.000168 ± 0.000143 mm/s
Venule velocity = 0.000000 ± 0.000000 mm/s
Vessel Wall Shear Stress = 3.114168 ± 7.408108 dyn/cm2
Arteriole WSS = 0.000033 ± 0.000071 dyn/cm2
Capillary WSS = 12.011029 ± 10.237861 dyn/cm2
Venule WSS = 0.000019 ± 0.000046 dyn/cm2
Reynolds number = 0.000000 ± 0.000000
Vascular segment transit time = 36790289.144106 ± 76524784.081729 s
Setting build directory ...
Setting build directory ...
Directory does not exist. Creating folder ...
> Loading network...
Reading /home/vamshis/temp/reanimate_temp_01809275/reanimate.dat ...


---------------------------------------------
anon network derived from Amira Spatial Graph
---------------------------------------------

Importing network data ...
Tissue Dimensions (x,y,z) = 34810 um x 34738 um x 1113 um
nsol = 4
nnodbc = 2
No. of segments = 31815 
No. of nodes = 23449 
No. of boundary nodes = 2 

Analysing network edges ...
No. of edges = 24210 
Edge lengths = 258.802 ± 187.287 um
Edge diameters = 8.059 ± 11.244 um
Length / diameter ratio = 366.976 ± 633.504 um
> Setting stack size ...


-----------------
Blood Flow Module
-----------------

Cloning vascular network ...

Finding articulation points ...
No. of articulation points = 2 
% of total nodes = 0.009 

Finding dead ends ...
No. of dead end segments = 0 
% of total segments = 0 

Assigning rheological parameters ...

Simulating blood flow ...

Full boundary conditions detected -> Running full solver ...
Computing conductance matrix, M ...
Computing K matrix ...
Assigning boundary conditions ...
Solving linear system ...


----------------------- Analysing vascular flow -----------------------

Assigning rheological parameters ...
Blood pressure = 36.120190 ± 13.735284 mmHg
Arteriole pressure = 51.999988 ± 0.000006 mmHg
Capillary pressure = 35.999994 ± 0.000004 mmHg
Venule pressure = 20.000004 ± 0.000002 mmHg
Blood flow = 0.000009 ± 0.000057 nl/min
Arteriole flow = 0.000012 ± 0.000066 nl/min
Capillary flow = 0.000000 ± 0.000000 nl/min
Venule flow = 0.000012 ± 0.000066 nl/min
Blood velocity = 0.000045 ± 0.000109 mm/s
Arteriole velocity = 0.000001 ± 0.000001 mm/s
Capillary velocity = 0.000171 ± 0.000154 mm/s
Venule velocity = 0.000000 ± 0.000000 mm/s
Vessel Wall Shear Stress = 3.217753 ± 7.787428 dyn/cm2
Arteriole WSS = 0.000057 ± 0.000129 dyn/cm2
Capillary WSS = 12.233734 ± 10.967042 dyn/cm2
Venule WSS = 0.000022 ± 0.000052 dyn/cm2
Reynolds number = 0.000000 ± 0.000000
Vascular segment transit time = 30665864.299370 ± 66811267.468058 s
Setting build directory ...
Setting build directory ...
Directory does not exist. Creating folder ...
> Loading network...
Reading /home/vamshis/temp/reanimate_temp_07172503/reanimate.dat ...


---------------------------------------------
anon network derived from Amira Spatial Graph
---------------------------------------------

Importing network data ...
Tissue Dimensions (x,y,z) = 34810 um x 34738 um x 1158 um
nsol = 4
nnodbc = 2
No. of segments = 32036 
No. of nodes = 23780 
No. of boundary nodes = 2 

Analysing network edges ...
No. of edges = 23911 
Edge lengths = 261.629 ± 188.283 um
Edge diameters = 9.987 ± 14.471 um
Length / diameter ratio = 362.535 ± 634.166 um
> Setting stack size ...


-----------------
Blood Flow Module
-----------------

Cloning vascular network ...

Finding articulation points ...
No. of articulation points = 2 
% of total nodes = 0.008 

Finding dead ends ...
No. of dead end segments = 0 
% of total segments = 0 

Assigning rheological parameters ...

Simulating blood flow ...

Full boundary conditions detected -> Running full solver ...
Computing conductance matrix, M ...
Computing K matrix ...
Assigning boundary conditions ...
Solving linear system ...


----------------------- Analysing vascular flow -----------------------

Assigning rheological parameters ...
Blood pressure = 36.210759 ± 13.783020 mmHg
Arteriole pressure = 51.999993 ± 0.000004 mmHg
Capillary pressure = 35.999995 ± 0.000003 mmHg
Venule pressure = 20.000001 ± 0.000001 mmHg
Blood flow = 0.000009 ± 0.000058 nl/min
Arteriole flow = 0.000012 ± 0.000067 nl/min
Capillary flow = 0.000000 ± 0.000000 nl/min
Venule flow = 0.000013 ± 0.000067 nl/min
Blood velocity = 0.000044 ± 0.000109 mm/s
Arteriole velocity = 0.000001 ± 0.000000 mm/s
Capillary velocity = 0.000169 ± 0.000159 mm/s
Venule velocity = 0.000000 ± 0.000000 mm/s
Vessel Wall Shear Stress = 3.102412 ± 7.794992 dyn/cm2
Arteriole WSS = 0.000040 ± 0.000101 dyn/cm2
Capillary WSS = 12.035394 ± 11.323231 dyn/cm2
Venule WSS = 0.000009 ± 0.000025 dyn/cm2
Reynolds number = 0.000000 ± 0.000000
Vascular segment transit time = 48063687.175947 ± 112491292.896564 s
Setting build directory ...
Setting build directory ...
Directory does not exist. Creating folder ...
> Loading network...
Reading /home/vamshis/temp/reanimate_temp_02895879/reanimate.dat ...


---------------------------------------------
anon network derived from Amira Spatial Graph
---------------------------------------------

Importing network data ...
Tissue Dimensions (x,y,z) = 34810 um x 34738 um x 1109 um
nsol = 4
nnodbc = 2
No. of segments = 32350 
No. of nodes = 23854 
No. of boundary nodes = 2 

Analysing network edges ...
No. of edges = 24562 
Edge lengths = 256.948 ± 182.487 um
Edge diameters = 7.429 ± 10.244 um
Length / diameter ratio = 369.510 ± 628.360 um
> Setting stack size ...


-----------------
Blood Flow Module
-----------------

Cloning vascular network ...

Finding articulation points ...
No. of articulation points = 2 
% of total nodes = 0.008 

Finding dead ends ...
No. of dead end segments = 0 
% of total segments = 0 

Assigning rheological parameters ...

Simulating blood flow ...

Full boundary conditions detected -> Running full solver ...
Computing conductance matrix, M ...
Computing K matrix ...
Assigning boundary conditions ...
Solving linear system ...


----------------------- Analysing vascular flow -----------------------

Assigning rheological parameters ...
Blood pressure = 36.165190 ± 13.737898 mmHg
Arteriole pressure = 51.999987 ± 0.000008 mmHg
Capillary pressure = 35.999996 ± 0.000005 mmHg
Venule pressure = 20.000007 ± 0.000004 mmHg
Blood flow = 0.000009 ± 0.000057 nl/min
Arteriole flow = 0.000012 ± 0.000067 nl/min
Capillary flow = 0.000000 ± 0.000000 nl/min
Venule flow = 0.000012 ± 0.000064 nl/min
Blood velocity = 0.000046 ± 0.000110 mm/s
Arteriole velocity = 0.000001 ± 0.000001 mm/s
Capillary velocity = 0.000172 ± 0.000157 mm/s
Venule velocity = 0.000001 ± 0.000001 mm/s
Vessel Wall Shear Stress = 3.225744 ± 7.883262 dyn/cm2
Arteriole WSS = 0.000063 ± 0.000177 dyn/cm2
Capillary WSS = 12.279551 ± 11.198508 dyn/cm2
Venule WSS = 0.000037 ± 0.000088 dyn/cm2
Reynolds number = 0.000000 ± 0.000000
Vascular segment transit time = 25217560.292184 ± 52895477.489683 s
Setting build directory ...
Setting build directory ...
Directory does not exist. Creating folder ...
> Loading network...
Reading /home/vamshis/temp/reanimate_temp_06872892/reanimate.dat ...


---------------------------------------------
anon network derived from Amira Spatial Graph
---------------------------------------------

Importing network data ...
Tissue Dimensions (x,y,z) = 34810 um x 34738 um x 1114 um
nsol = 4
nnodbc = 2
No. of segments = 32188 
No. of nodes = 23783 
No. of boundary nodes = 2 

Analysing network edges ...
No. of edges = 24336 
Edge lengths = 258.808 ± 189.544 um
Edge diameters = 8.437 ± 11.597 um
Length / diameter ratio = 367.246 ± 638.203 um
> Setting stack size ...


-----------------
Blood Flow Module
-----------------

Cloning vascular network ...

Finding articulation points ...
No. of articulation points = 2 
% of total nodes = 0.008 

Finding dead ends ...
No. of dead end segments = 0 
% of total segments = 0 

Assigning rheological parameters ...

Simulating blood flow ...

Full boundary conditions detected -> Running full solver ...
Computing conductance matrix, M ...
Computing K matrix ...
Assigning boundary conditions ...
Solving linear system ...


----------------------- Analysing vascular flow -----------------------

Assigning rheological parameters ...
Blood pressure = 36.132716 ± 13.752270 mmHg
Arteriole pressure = 51.999990 ± 0.000006 mmHg
Capillary pressure = 35.999995 ± 0.000003 mmHg
Venule pressure = 20.000003 ± 0.000002 mmHg
Blood flow = 0.000009 ± 0.000057 nl/min
Arteriole flow = 0.000012 ± 0.000068 nl/min
Capillary flow = 0.000000 ± 0.000000 nl/min
Venule flow = 0.000012 ± 0.000065 nl/min
Blood velocity = 0.000045 ± 0.000109 mm/s
Arteriole velocity = 0.000001 ± 0.000001 mm/s
Capillary velocity = 0.000171 ± 0.000157 mm/s
Venule velocity = 0.000000 ± 0.000000 mm/s
Vessel Wall Shear Stress = 3.179923 ± 7.822830 dyn/cm2
Arteriole WSS = 0.000051 ± 0.000137 dyn/cm2
Capillary WSS = 12.174915 ± 11.171355 dyn/cm2
Venule WSS = 0.000019 ± 0.000048 dyn/cm2
Reynolds number = 0.000000 ± 0.000000
Vascular segment transit time = 33789409.800232 ± 76773558.309421 s
[Rank 2] Running simulation 2 as /scratch/vamshis/FINAL/TEST_4/sim00000002
First branch length 1969.9755525405712
Graph written to /scratch/vamshis/FINAL/TEST_4/sim00000002/lsystem/retina_artery_upper.am
First branch length 1969.9755525405712
Graph written to /scratch/vamshis/FINAL/TEST_4/sim00000002/lsystem/retina_vein_upper.am
First branch length 1969.9755525405712
Graph written to /scratch/vamshis/FINAL/TEST_4/sim00000002/lsystem/retina_artery_lower.am
First branch length 1969.9755525405712
Graph written to /scratch/vamshis/FINAL/TEST_4/sim00000002/lsystem/retina_vein_lower.am
Combined graph written to /scratch/vamshis/FINAL/TEST_4/sim00000002/lsystem/retina_lsystem.am
[INFO] Attempting headless mesh export instead of screen grab...
Preparing graph (creating cylinders)...
Headless mode! Skipping rendering setup.
Headless mode! Cannot render image
[SUCCESS] Mesh saved to: /scratch/vamshis/FINAL/TEST_4/sim00000002/lsystem/lsystem_output_mesh.ply
Written param file: /scratch/vamshis/FINAL/TEST_4/sim00000002/cco/retina_upper_discs_params.json
Simulating from /scratch/vamshis/FINAL/TEST_4/sim00000002/cco/retina_upper_discs_params.json
Converting CSV to AM: /scratch/vamshis/FINAL/TEST_4/sim00000002/cco/retina_artery_upper.csv
Converting CSV to AM: /scratch/vamshis/FINAL/TEST_4/sim00000002/cco/retina_vein_upper.csv
Written param file: /scratch/vamshis/FINAL/TEST_4/sim00000002/cco/retina_lower_discs_params.json
Simulating from /scratch/vamshis/FINAL/TEST_4/sim00000002/cco/retina_lower_discs_params.json
Converting CSV to AM: /scratch/vamshis/FINAL/TEST_4/sim00000002/cco/retina_artery_lower.csv
Converting CSV to AM: /scratch/vamshis/FINAL/TEST_4/sim00000002/cco/retina_vein_lower.csv
Combined graph written to /scratch/vamshis/FINAL/TEST_4/sim00000002/cco/retina_cco.am
Joining feeding vessels...
[INFO] Exporting headless mesh instead of screen rendering...
Preparing graph (creating cylinders)...
Headless mode! Skipping rendering setup.
Headless mode! Cannot render image
[SUCCESS] Mesh saved to: /scratch/vamshis/FINAL/TEST_4/sim00000002/cco/vascular_output_mesh.ply
Connecting endpoints...
Directly connecting arterial terminal nodes to venous terminal nodes
Connecting arterial endpoints to venous endpoints
Connecting venous endpoints to arterial endpoints
Shortest vessel length: 0.3093223571777344
Writing dat file... /home/vamshis/temp/reanimate_temp_03653102/reanimate.dat
Max diameter = 202.60366821289062, idx = 23428
Calling REANIMATE...
REANIMATE complete
Saving Amira graph to retina_cco_a2v_reanimate.am
Max. flow = 0.002669
Calculating lengths...
Fetching edge radii...
Fetching node pressure...
Fetching vessel type...
Max. flow = 0.002669
Calculating lengths...
Fetching edge radii...
Fetching node pressure...
Fetching vessel type...
Interpolating graph (10.0 um)
Overlaying wriggle (by branch). afH=None,afL=None,pfH=None,pfL=None
Preparing graph (creating cylinders)...
Headless mode! Skipping rendering setup.
Headless mode! Cannot render image
screen_grab skipped: Headless mode active.
screen_grab skipped: Headless mode active.
Writing dat file... /home/vamshis/temp/reanimate_temp_08760001/reanimate.dat
Max diameter = 202.60366821289062, idx = 23428
Calling REANIMATE...
REANIMATE complete
Saving Amira graph to retina_cco_a2v_reanimate_crawl.am
Preparing graph (creating cylinders)...
Headless mode! Skipping rendering setup.
Headless mode! Cannot render image
screen_grab skipped: Headless mode active.
screen_grab skipped: Headless mode active.
Saved enface segmentation to to enface_segmentation.png
Simulating macular geometry...
Simulating optic nerve geometry...
Creating grid fill
Grid fill complete
Stitching macula model into grid...
Stitching optic nerve model into grid...
Adding simplex noise
Adding independent layer noise
Adding common layer noise
Projecting onto sphere
Projecting vertices onto sphere...
Projecting edgepoints onto sphere...
Ray tracing for surface embedding...
Writing graph to /scratch/vamshis/FINAL/TEST_4/sim00000002/cco/retina_cco_a2v_reanimate_crawl_projected.am
Writing vessel mesh...
Preparing graph (creating cylinders)...
Headless mode! Skipping rendering setup.
Headless mode! Cannot render image
Preparing graph (creating cylinders)...
Headless mode! Skipping rendering setup.
Headless mode! Cannot render image
Max. flow = 0.002669
Calculating lengths...
Fetching edge radii...
Fetching node pressure...
Fetching vessel type...
Creating artery-vein graph
Preparing graph (creating cylinders)...
Headless mode! Skipping rendering setup.
Headless mode! Cannot render image
screen_grab skipped: Headless mode active.
Creating perfused graph
screen_grab skipped: Headless mode active.
Creating order graph
screen_grab skipped: Headless mode active.
Creating branch graph
screen_grab skipped: Headless mode active.
Storing injection result...
 Saved 15000 frames to /scratch/vamshis/FINAL/TEST_4/sim00000002/ffa/concentration_data.npz
[Rank 1] Running simulation 1 as /scratch/vamshis/FINAL/TEST_4/sim00000001
First branch length 1292.2836018075595
Graph written to /scratch/vamshis/FINAL/TEST_4/sim00000001/lsystem/retina_artery_upper.am
First branch length 1292.2836018075595
Graph written to /scratch/vamshis/FINAL/TEST_4/sim00000001/lsystem/retina_vein_upper.am
First branch length 1292.2836018075595
Graph written to /scratch/vamshis/FINAL/TEST_4/sim00000001/lsystem/retina_artery_lower.am
First branch length 1292.2836018075595
Graph written to /scratch/vamshis/FINAL/TEST_4/sim00000001/lsystem/retina_vein_lower.am
Combined graph written to /scratch/vamshis/FINAL/TEST_4/sim00000001/lsystem/retina_lsystem.am
[INFO] Attempting headless mesh export instead of screen grab...
Preparing graph (creating cylinders)...
Headless mode! Skipping rendering setup.
Headless mode! Cannot render image
[SUCCESS] Mesh saved to: /scratch/vamshis/FINAL/TEST_4/sim00000001/lsystem/lsystem_output_mesh.ply
Written param file: /scratch/vamshis/FINAL/TEST_4/sim00000001/cco/retina_upper_discs_params.json
Simulating from /scratch/vamshis/FINAL/TEST_4/sim00000001/cco/retina_upper_discs_params.json
Converting CSV to AM: /scratch/vamshis/FINAL/TEST_4/sim00000001/cco/retina_artery_upper.csv
Converting CSV to AM: /scratch/vamshis/FINAL/TEST_4/sim00000001/cco/retina_vein_upper.csv
Written param file: /scratch/vamshis/FINAL/TEST_4/sim00000001/cco/retina_lower_discs_params.json
Simulating from /scratch/vamshis/FINAL/TEST_4/sim00000001/cco/retina_lower_discs_params.json
Converting CSV to AM: /scratch/vamshis/FINAL/TEST_4/sim00000001/cco/retina_artery_lower.csv
Converting CSV to AM: /scratch/vamshis/FINAL/TEST_4/sim00000001/cco/retina_vein_lower.csv
Combined graph written to /scratch/vamshis/FINAL/TEST_4/sim00000001/cco/retina_cco.am
Joining feeding vessels...
[INFO] Exporting headless mesh instead of screen rendering...
Preparing graph (creating cylinders)...
Headless mode! Skipping rendering setup.
Headless mode! Cannot render image
[SUCCESS] Mesh saved to: /scratch/vamshis/FINAL/TEST_4/sim00000001/cco/vascular_output_mesh.ply
Connecting endpoints...
Directly connecting arterial terminal nodes to venous terminal nodes
Connecting arterial endpoints to venous endpoints
Connecting venous endpoints to arterial endpoints
Shortest vessel length: 0.0409582145512104
Writing dat file... /home/vamshis/temp/reanimate_temp_06417339/reanimate.dat
Max diameter = 218.22845458984375, idx = 23739
Calling REANIMATE...
REANIMATE complete
Saving Amira graph to retina_cco_a2v_reanimate.am
Max. flow = 0.002662
Calculating lengths...
Fetching edge radii...
Fetching node pressure...
Fetching vessel type...
Max. flow = 0.002662
Calculating lengths...
Fetching edge radii...
Fetching node pressure...
Fetching vessel type...
Interpolating graph (10.0 um)
Overlaying wriggle (by branch). afH=None,afL=None,pfH=None,pfL=None
Preparing graph (creating cylinders)...
Headless mode! Skipping rendering setup.
Headless mode! Cannot render image
screen_grab skipped: Headless mode active.
screen_grab skipped: Headless mode active.
Writing dat file... /home/vamshis/temp/reanimate_temp_09471456/reanimate.dat
Max diameter = 218.22845458984375, idx = 23739
Calling REANIMATE...
REANIMATE complete
Saving Amira graph to retina_cco_a2v_reanimate_crawl.am
Preparing graph (creating cylinders)...
Headless mode! Skipping rendering setup.
Headless mode! Cannot render image
screen_grab skipped: Headless mode active.
screen_grab skipped: Headless mode active.
Saved enface segmentation to to enface_segmentation.png
Simulating macular geometry...
Simulating optic nerve geometry...
Creating grid fill
Grid fill complete
Stitching macula model into grid...
Stitching optic nerve model into grid...
Adding simplex noise
Adding independent layer noise
Adding common layer noise
Projecting onto sphere
Projecting vertices onto sphere...
Projecting edgepoints onto sphere...
Ray tracing for surface embedding...
Writing graph to /scratch/vamshis/FINAL/TEST_4/sim00000001/cco/retina_cco_a2v_reanimate_crawl_projected.am
Writing vessel mesh...
Preparing graph (creating cylinders)...
Headless mode! Skipping rendering setup.
Headless mode! Cannot render image
Preparing graph (creating cylinders)...
Headless mode! Skipping rendering setup.
Headless mode! Cannot render image
Max. flow = 0.002662
Calculating lengths...
Fetching edge radii...
Fetching node pressure...
Fetching vessel type...
Creating artery-vein graph
Preparing graph (creating cylinders)...
Headless mode! Skipping rendering setup.
Headless mode! Cannot render image
screen_grab skipped: Headless mode active.
Creating perfused graph
screen_grab skipped: Headless mode active.
Creating order graph
screen_grab skipped: Headless mode active.
Creating branch graph
screen_grab skipped: Headless mode active.
Storing injection result...
 Saved 15000 frames to /scratch/vamshis/FINAL/TEST_4/sim00000001/ffa/concentration_data.npz
[Rank 3] Running simulation 3 as /scratch/vamshis/FINAL/TEST_4/sim00000003
First branch length 2021.6553255737074
Graph written to /scratch/vamshis/FINAL/TEST_4/sim00000003/lsystem/retina_artery_upper.am
First branch length 2021.6553255737074
Graph written to /scratch/vamshis/FINAL/TEST_4/sim00000003/lsystem/retina_vein_upper.am
First branch length 2021.6553255737074
Graph written to /scratch/vamshis/FINAL/TEST_4/sim00000003/lsystem/retina_artery_lower.am
First branch length 2021.6553255737074
Graph written to /scratch/vamshis/FINAL/TEST_4/sim00000003/lsystem/retina_vein_lower.am
Combined graph written to /scratch/vamshis/FINAL/TEST_4/sim00000003/lsystem/retina_lsystem.am
[INFO] Attempting headless mesh export instead of screen grab...
Preparing graph (creating cylinders)...
Headless mode! Skipping rendering setup.
Headless mode! Cannot render image
[SUCCESS] Mesh saved to: /scratch/vamshis/FINAL/TEST_4/sim00000003/lsystem/lsystem_output_mesh.ply
Written param file: /scratch/vamshis/FINAL/TEST_4/sim00000003/cco/retina_upper_discs_params.json
Simulating from /scratch/vamshis/FINAL/TEST_4/sim00000003/cco/retina_upper_discs_params.json
Converting CSV to AM: /scratch/vamshis/FINAL/TEST_4/sim00000003/cco/retina_artery_upper.csv
Converting CSV to AM: /scratch/vamshis/FINAL/TEST_4/sim00000003/cco/retina_vein_upper.csv
Written param file: /scratch/vamshis/FINAL/TEST_4/sim00000003/cco/retina_lower_discs_params.json
Simulating from /scratch/vamshis/FINAL/TEST_4/sim00000003/cco/retina_lower_discs_params.json
Converting CSV to AM: /scratch/vamshis/FINAL/TEST_4/sim00000003/cco/retina_artery_lower.csv
Converting CSV to AM: /scratch/vamshis/FINAL/TEST_4/sim00000003/cco/retina_vein_lower.csv
Combined graph written to /scratch/vamshis/FINAL/TEST_4/sim00000003/cco/retina_cco.am
Joining feeding vessels...
[INFO] Exporting headless mesh instead of screen rendering...
Preparing graph (creating cylinders)...
Headless mode! Skipping rendering setup.
Headless mode! Cannot render image
[SUCCESS] Mesh saved to: /scratch/vamshis/FINAL/TEST_4/sim00000003/cco/vascular_output_mesh.ply
Connecting endpoints...
Directly connecting arterial terminal nodes to venous terminal nodes
Connecting arterial endpoints to venous endpoints
Connecting venous endpoints to arterial endpoints
Shortest vessel length: 0.06214038282632828
Writing dat file... /home/vamshis/temp/reanimate_temp_06879187/reanimate.dat
Max diameter = 242.5063018798828, idx = 23845
Calling REANIMATE...
REANIMATE complete
Saving Amira graph to retina_cco_a2v_reanimate.am
Max. flow = 0.002681
Calculating lengths...
Fetching edge radii...
Fetching node pressure...
Fetching vessel type...
Max. flow = 0.002681
Calculating lengths...
Fetching edge radii...
Fetching node pressure...
Fetching vessel type...
Interpolating graph (10.0 um)
Overlaying wriggle (by branch). afH=None,afL=None,pfH=None,pfL=None
Preparing graph (creating cylinders)...
Headless mode! Skipping rendering setup.
Headless mode! Cannot render image
screen_grab skipped: Headless mode active.
screen_grab skipped: Headless mode active.
Writing dat file... /home/vamshis/temp/reanimate_temp_05119812/reanimate.dat
Max diameter = 242.5063018798828, idx = 23845
Calling REANIMATE...
REANIMATE complete
Saving Amira graph to retina_cco_a2v_reanimate_crawl.am
Preparing graph (creating cylinders)...
Headless mode! Skipping rendering setup.
Headless mode! Cannot render image
screen_grab skipped: Headless mode active.
screen_grab skipped: Headless mode active.
Saved enface segmentation to to enface_segmentation.png
Simulating macular geometry...
Simulating optic nerve geometry...
Creating grid fill
Grid fill complete
Stitching macula model into grid...
Stitching optic nerve model into grid...
Adding simplex noise
Adding independent layer noise
Adding common layer noise
Projecting onto sphere
Projecting vertices onto sphere...
Projecting edgepoints onto sphere...
Ray tracing for surface embedding...
Writing graph to /scratch/vamshis/FINAL/TEST_4/sim00000003/cco/retina_cco_a2v_reanimate_crawl_projected.am
Writing vessel mesh...
Preparing graph (creating cylinders)...
Headless mode! Skipping rendering setup.
Headless mode! Cannot render image
Preparing graph (creating cylinders)...
Headless mode! Skipping rendering setup.
Headless mode! Cannot render image
Max. flow = 0.002681
Calculating lengths...
Fetching edge radii...
Fetching node pressure...
Fetching vessel type...
Creating artery-vein graph
Preparing graph (creating cylinders)...
Headless mode! Skipping rendering setup.
Headless mode! Cannot render image
screen_grab skipped: Headless mode active.
Creating perfused graph
screen_grab skipped: Headless mode active.
Creating order graph
screen_grab skipped: Headless mode active.
Creating branch graph
screen_grab skipped: Headless mode active.
Storing injection result...
 Saved 15000 frames to /scratch/vamshis/FINAL/TEST_4/sim00000003/ffa/concentration_data.npz
[Rank 7] Running simulation 7 as /scratch/vamshis/FINAL/TEST_4/sim00000007
First branch length 1472.0803926638812
Graph written to /scratch/vamshis/FINAL/TEST_4/sim00000007/lsystem/retina_artery_upper.am
First branch length 1472.0803926638812
Graph written to /scratch/vamshis/FINAL/TEST_4/sim00000007/lsystem/retina_vein_upper.am
First branch length 1472.0803926638812
Graph written to /scratch/vamshis/FINAL/TEST_4/sim00000007/lsystem/retina_artery_lower.am
First branch length 1472.0803926638812
Graph written to /scratch/vamshis/FINAL/TEST_4/sim00000007/lsystem/retina_vein_lower.am
Combined graph written to /scratch/vamshis/FINAL/TEST_4/sim00000007/lsystem/retina_lsystem.am
[INFO] Attempting headless mesh export instead of screen grab...
Preparing graph (creating cylinders)...
Headless mode! Skipping rendering setup.
Headless mode! Cannot render image
[SUCCESS] Mesh saved to: /scratch/vamshis/FINAL/TEST_4/sim00000007/lsystem/lsystem_output_mesh.ply
Written param file: /scratch/vamshis/FINAL/TEST_4/sim00000007/cco/retina_upper_discs_params.json
Simulating from /scratch/vamshis/FINAL/TEST_4/sim00000007/cco/retina_upper_discs_params.json
Converting CSV to AM: /scratch/vamshis/FINAL/TEST_4/sim00000007/cco/retina_artery_upper.csv
Converting CSV to AM: /scratch/vamshis/FINAL/TEST_4/sim00000007/cco/retina_vein_upper.csv
Written param file: /scratch/vamshis/FINAL/TEST_4/sim00000007/cco/retina_lower_discs_params.json
Simulating from /scratch/vamshis/FINAL/TEST_4/sim00000007/cco/retina_lower_discs_params.json
Converting CSV to AM: /scratch/vamshis/FINAL/TEST_4/sim00000007/cco/retina_artery_lower.csv
Converting CSV to AM: /scratch/vamshis/FINAL/TEST_4/sim00000007/cco/retina_vein_lower.csv
Combined graph written to /scratch/vamshis/FINAL/TEST_4/sim00000007/cco/retina_cco.am
Joining feeding vessels...
[INFO] Exporting headless mesh instead of screen rendering...
Preparing graph (creating cylinders)...
Headless mode! Skipping rendering setup.
Headless mode! Cannot render image
[SUCCESS] Mesh saved to: /scratch/vamshis/FINAL/TEST_4/sim00000007/cco/vascular_output_mesh.ply
Connecting endpoints...
Directly connecting arterial terminal nodes to venous terminal nodes
Connecting arterial endpoints to venous endpoints
Connecting venous endpoints to arterial endpoints
Shortest vessel length: 0.029333477839827538
Writing dat file... /home/vamshis/temp/reanimate_temp_03006716/reanimate.dat
Max diameter = 185.03436279296875, idx = 23642
Calling REANIMATE...
REANIMATE complete
Saving Amira graph to retina_cco_a2v_reanimate.am
Max. flow = 0.002713
Calculating lengths...
Fetching edge radii...
Fetching node pressure...
Fetching vessel type...
Max. flow = 0.002713
Calculating lengths...
Fetching edge radii...
Fetching node pressure...
Fetching vessel type...
Interpolating graph (10.0 um)
Overlaying wriggle (by branch). afH=None,afL=None,pfH=None,pfL=None
Preparing graph (creating cylinders)...
Headless mode! Skipping rendering setup.
Headless mode! Cannot render image
screen_grab skipped: Headless mode active.
screen_grab skipped: Headless mode active.
Writing dat file... /home/vamshis/temp/reanimate_temp_01820611/reanimate.dat
Max diameter = 185.03436279296875, idx = 23642
Calling REANIMATE...
REANIMATE complete
Saving Amira graph to retina_cco_a2v_reanimate_crawl.am
Preparing graph (creating cylinders)...
Headless mode! Skipping rendering setup.
Headless mode! Cannot render image
screen_grab skipped: Headless mode active.
screen_grab skipped: Headless mode active.
Saved enface segmentation to to enface_segmentation.png
Simulating macular geometry...
Simulating optic nerve geometry...
Creating grid fill
Grid fill complete
Stitching macula model into grid...
Stitching optic nerve model into grid...
Adding simplex noise
Adding independent layer noise
Adding common layer noise
Projecting onto sphere
Projecting vertices onto sphere...
Projecting edgepoints onto sphere...
Ray tracing for surface embedding...
Writing graph to /scratch/vamshis/FINAL/TEST_4/sim00000007/cco/retina_cco_a2v_reanimate_crawl_projected.am
Writing vessel mesh...
Preparing graph (creating cylinders)...
Headless mode! Skipping rendering setup.
Headless mode! Cannot render image
Preparing graph (creating cylinders)...
Headless mode! Skipping rendering setup.
Headless mode! Cannot render image
Max. flow = 0.002713
Calculating lengths...
Fetching edge radii...
Fetching node pressure...
Fetching vessel type...
Creating artery-vein graph
Preparing graph (creating cylinders)...
Headless mode! Skipping rendering setup.
Headless mode! Cannot render image
screen_grab skipped: Headless mode active.
Creating perfused graph
screen_grab skipped: Headless mode active.
Creating order graph
screen_grab skipped: Headless mode active.
Creating branch graph
screen_grab skipped: Headless mode active.
Storing injection result...
 Saved 15000 frames to /scratch/vamshis/FINAL/TEST_4/sim00000007/ffa/concentration_data.npz
[Rank 0] Running simulation 0 as /scratch/vamshis/FINAL/TEST_4/sim00000000
First branch length 1316.8779960569168
Graph written to /scratch/vamshis/FINAL/TEST_4/sim00000000/lsystem/retina_artery_upper.am
First branch length 1316.8779960569168
Graph written to /scratch/vamshis/FINAL/TEST_4/sim00000000/lsystem/retina_vein_upper.am
First branch length 1316.8779960569168
Graph written to /scratch/vamshis/FINAL/TEST_4/sim00000000/lsystem/retina_artery_lower.am
First branch length 1316.8779960569168
Graph written to /scratch/vamshis/FINAL/TEST_4/sim00000000/lsystem/retina_vein_lower.am
Combined graph written to /scratch/vamshis/FINAL/TEST_4/sim00000000/lsystem/retina_lsystem.am
[INFO] Attempting headless mesh export instead of screen grab...
Preparing graph (creating cylinders)...
Headless mode! Skipping rendering setup.
Headless mode! Cannot render image
[SUCCESS] Mesh saved to: /scratch/vamshis/FINAL/TEST_4/sim00000000/lsystem/lsystem_output_mesh.ply
Written param file: /scratch/vamshis/FINAL/TEST_4/sim00000000/cco/retina_upper_discs_params.json
Simulating from /scratch/vamshis/FINAL/TEST_4/sim00000000/cco/retina_upper_discs_params.json
Converting CSV to AM: /scratch/vamshis/FINAL/TEST_4/sim00000000/cco/retina_artery_upper.csv
Converting CSV to AM: /scratch/vamshis/FINAL/TEST_4/sim00000000/cco/retina_vein_upper.csv
Written param file: /scratch/vamshis/FINAL/TEST_4/sim00000000/cco/retina_lower_discs_params.json
Simulating from /scratch/vamshis/FINAL/TEST_4/sim00000000/cco/retina_lower_discs_params.json
Converting CSV to AM: /scratch/vamshis/FINAL/TEST_4/sim00000000/cco/retina_artery_lower.csv
Converting CSV to AM: /scratch/vamshis/FINAL/TEST_4/sim00000000/cco/retina_vein_lower.csv
Combined graph written to /scratch/vamshis/FINAL/TEST_4/sim00000000/cco/retina_cco.am
Joining feeding vessels...
[INFO] Exporting headless mesh instead of screen rendering...
Preparing graph (creating cylinders)...
Headless mode! Skipping rendering setup.
Headless mode! Cannot render image
[SUCCESS] Mesh saved to: /scratch/vamshis/FINAL/TEST_4/sim00000000/cco/vascular_output_mesh.ply
Connecting endpoints...
Directly connecting arterial terminal nodes to venous terminal nodes
Connecting arterial endpoints to venous endpoints
Connecting venous endpoints to arterial endpoints
Shortest vessel length: 0.41127926111221313
Writing dat file... /home/vamshis/temp/reanimate_temp_07577385/reanimate.dat
Max diameter = 234.83251953125, idx = 23998
Calling REANIMATE...
REANIMATE complete
Saving Amira graph to retina_cco_a2v_reanimate.am
Max. flow = 0.002666
Calculating lengths...
Fetching edge radii...
Fetching node pressure...
Fetching vessel type...
Max. flow = 0.002666
Calculating lengths...
Fetching edge radii...
Fetching node pressure...
Fetching vessel type...
Interpolating graph (10.0 um)
Overlaying wriggle (by branch). afH=None,afL=None,pfH=None,pfL=None
Preparing graph (creating cylinders)...
Headless mode! Skipping rendering setup.
Headless mode! Cannot render image
screen_grab skipped: Headless mode active.
screen_grab skipped: Headless mode active.
Writing dat file... /home/vamshis/temp/reanimate_temp_09926707/reanimate.dat
Max diameter = 234.83251953125, idx = 23998
Calling REANIMATE...
REANIMATE complete
Saving Amira graph to retina_cco_a2v_reanimate_crawl.am
Preparing graph (creating cylinders)...
Headless mode! Skipping rendering setup.
Headless mode! Cannot render image
screen_grab skipped: Headless mode active.
screen_grab skipped: Headless mode active.
Saved enface segmentation to to enface_segmentation.png
Simulating macular geometry...
Simulating optic nerve geometry...
Creating grid fill
Grid fill complete
Stitching macula model into grid...
Stitching optic nerve model into grid...
Adding simplex noise
Adding independent layer noise
Adding common layer noise
Projecting onto sphere
Projecting vertices onto sphere...
Projecting edgepoints onto sphere...
Ray tracing for surface embedding...
Writing graph to /scratch/vamshis/FINAL/TEST_4/sim00000000/cco/retina_cco_a2v_reanimate_crawl_projected.am
Writing vessel mesh...
Preparing graph (creating cylinders)...
Headless mode! Skipping rendering setup.
Headless mode! Cannot render image
Preparing graph (creating cylinders)...
Headless mode! Skipping rendering setup.
Headless mode! Cannot render image
Max. flow = 0.002666
Calculating lengths...
Fetching edge radii...
Fetching node pressure...
Fetching vessel type...
Creating artery-vein graph
Preparing graph (creating cylinders)...
Headless mode! Skipping rendering setup.
Headless mode! Cannot render image
screen_grab skipped: Headless mode active.
Creating perfused graph
screen_grab skipped: Headless mode active.
Creating order graph
screen_grab skipped: Headless mode active.
Creating branch graph
screen_grab skipped: Headless mode active.
Storing injection result...
 Saved 15000 frames to /scratch/vamshis/FINAL/TEST_4/sim00000000/ffa/concentration_data.npz
[Rank 9] Running simulation 9 as /scratch/vamshis/FINAL/TEST_4/sim00000009
First branch length 1899.6091112139457
Graph written to /scratch/vamshis/FINAL/TEST_4/sim00000009/lsystem/retina_artery_upper.am
First branch length 1899.6091112139457
Graph written to /scratch/vamshis/FINAL/TEST_4/sim00000009/lsystem/retina_vein_upper.am
First branch length 1899.6091112139457
Graph written to /scratch/vamshis/FINAL/TEST_4/sim00000009/lsystem/retina_artery_lower.am
First branch length 1899.6091112139457
Graph written to /scratch/vamshis/FINAL/TEST_4/sim00000009/lsystem/retina_vein_lower.am
Combined graph written to /scratch/vamshis/FINAL/TEST_4/sim00000009/lsystem/retina_lsystem.am
[INFO] Attempting headless mesh export instead of screen grab...
Preparing graph (creating cylinders)...
Headless mode! Skipping rendering setup.
Headless mode! Cannot render image
[SUCCESS] Mesh saved to: /scratch/vamshis/FINAL/TEST_4/sim00000009/lsystem/lsystem_output_mesh.ply
Written param file: /scratch/vamshis/FINAL/TEST_4/sim00000009/cco/retina_upper_discs_params.json
Simulating from /scratch/vamshis/FINAL/TEST_4/sim00000009/cco/retina_upper_discs_params.json
Converting CSV to AM: /scratch/vamshis/FINAL/TEST_4/sim00000009/cco/retina_artery_upper.csv
Converting CSV to AM: /scratch/vamshis/FINAL/TEST_4/sim00000009/cco/retina_vein_upper.csv
Written param file: /scratch/vamshis/FINAL/TEST_4/sim00000009/cco/retina_lower_discs_params.json
Simulating from /scratch/vamshis/FINAL/TEST_4/sim00000009/cco/retina_lower_discs_params.json
Converting CSV to AM: /scratch/vamshis/FINAL/TEST_4/sim00000009/cco/retina_artery_lower.csv
Converting CSV to AM: /scratch/vamshis/FINAL/TEST_4/sim00000009/cco/retina_vein_lower.csv
Combined graph written to /scratch/vamshis/FINAL/TEST_4/sim00000009/cco/retina_cco.am
Joining feeding vessels...
[INFO] Exporting headless mesh instead of screen rendering...
Preparing graph (creating cylinders)...
Headless mode! Skipping rendering setup.
Headless mode! Cannot render image
[SUCCESS] Mesh saved to: /scratch/vamshis/FINAL/TEST_4/sim00000009/cco/vascular_output_mesh.ply
Connecting endpoints...
Directly connecting arterial terminal nodes to venous terminal nodes
Connecting arterial endpoints to venous endpoints
Connecting venous endpoints to arterial endpoints
Shortest vessel length: 0.065144844353199
Writing dat file... /home/vamshis/temp/reanimate_temp_05441306/reanimate.dat
Max diameter = 192.4276123046875, idx = 23849
Calling REANIMATE...
REANIMATE complete
Saving Amira graph to retina_cco_a2v_reanimate.am
Max. flow = 0.002757
Calculating lengths...
Fetching edge radii...
Fetching node pressure...
Fetching vessel type...
Max. flow = 0.002757
Calculating lengths...
Fetching edge radii...
Fetching node pressure...
Fetching vessel type...
Interpolating graph (10.0 um)
Overlaying wriggle (by branch). afH=None,afL=None,pfH=None,pfL=None
Preparing graph (creating cylinders)...
Headless mode! Skipping rendering setup.
Headless mode! Cannot render image
screen_grab skipped: Headless mode active.
screen_grab skipped: Headless mode active.
Writing dat file... /home/vamshis/temp/reanimate_temp_02895879/reanimate.dat
Max diameter = 192.4276123046875, idx = 23849
Calling REANIMATE...
REANIMATE complete
Saving Amira graph to retina_cco_a2v_reanimate_crawl.am
Preparing graph (creating cylinders)...
Headless mode! Skipping rendering setup.
Headless mode! Cannot render image
screen_grab skipped: Headless mode active.
screen_grab skipped: Headless mode active.
Saved enface segmentation to to enface_segmentation.png
Simulating macular geometry...
Simulating optic nerve geometry...
Creating grid fill
Grid fill complete
Stitching macula model into grid...
Stitching optic nerve model into grid...
Adding simplex noise
Adding independent layer noise
Adding common layer noise
Projecting onto sphere
Projecting vertices onto sphere...
Projecting edgepoints onto sphere...
Ray tracing for surface embedding...
Writing graph to /scratch/vamshis/FINAL/TEST_4/sim00000009/cco/retina_cco_a2v_reanimate_crawl_projected.am
Writing vessel mesh...
Preparing graph (creating cylinders)...
Headless mode! Skipping rendering setup.
Headless mode! Cannot render image
Preparing graph (creating cylinders)...
Headless mode! Skipping rendering setup.
Headless mode! Cannot render image
Max. flow = 0.002757
Calculating lengths...
Fetching edge radii...
Fetching node pressure...
Fetching vessel type...
Creating artery-vein graph
Preparing graph (creating cylinders)...
Headless mode! Skipping rendering setup.
Headless mode! Cannot render image
screen_grab skipped: Headless mode active.
Creating perfused graph
screen_grab skipped: Headless mode active.
Creating order graph
screen_grab skipped: Headless mode active.
Creating branch graph
screen_grab skipped: Headless mode active.
Storing injection result...
 Saved 15000 frames to /scratch/vamshis/FINAL/TEST_4/sim00000009/ffa/concentration_data.npz
[Rank 4] Running simulation 4 as /scratch/vamshis/FINAL/TEST_4/sim00000004
First branch length 1568.8589096226096
Graph written to /scratch/vamshis/FINAL/TEST_4/sim00000004/lsystem/retina_artery_upper.am
First branch length 1568.8589096226096
Graph written to /scratch/vamshis/FINAL/TEST_4/sim00000004/lsystem/retina_vein_upper.am
First branch length 1568.8589096226096
Graph written to /scratch/vamshis/FINAL/TEST_4/sim00000004/lsystem/retina_artery_lower.am
First branch length 1568.8589096226096
Graph written to /scratch/vamshis/FINAL/TEST_4/sim00000004/lsystem/retina_vein_lower.am
Combined graph written to /scratch/vamshis/FINAL/TEST_4/sim00000004/lsystem/retina_lsystem.am
[INFO] Attempting headless mesh export instead of screen grab...
Preparing graph (creating cylinders)...
Headless mode! Skipping rendering setup.
Headless mode! Cannot render image
[SUCCESS] Mesh saved to: /scratch/vamshis/FINAL/TEST_4/sim00000004/lsystem/lsystem_output_mesh.ply
Written param file: /scratch/vamshis/FINAL/TEST_4/sim00000004/cco/retina_upper_discs_params.json
Simulating from /scratch/vamshis/FINAL/TEST_4/sim00000004/cco/retina_upper_discs_params.json
Converting CSV to AM: /scratch/vamshis/FINAL/TEST_4/sim00000004/cco/retina_artery_upper.csv
Converting CSV to AM: /scratch/vamshis/FINAL/TEST_4/sim00000004/cco/retina_vein_upper.csv
Written param file: /scratch/vamshis/FINAL/TEST_4/sim00000004/cco/retina_lower_discs_params.json
Simulating from /scratch/vamshis/FINAL/TEST_4/sim00000004/cco/retina_lower_discs_params.json
Converting CSV to AM: /scratch/vamshis/FINAL/TEST_4/sim00000004/cco/retina_artery_lower.csv
Converting CSV to AM: /scratch/vamshis/FINAL/TEST_4/sim00000004/cco/retina_vein_lower.csv
Combined graph written to /scratch/vamshis/FINAL/TEST_4/sim00000004/cco/retina_cco.am
Joining feeding vessels...
[INFO] Exporting headless mesh instead of screen rendering...
Preparing graph (creating cylinders)...
Headless mode! Skipping rendering setup.
Headless mode! Cannot render image
[SUCCESS] Mesh saved to: /scratch/vamshis/FINAL/TEST_4/sim00000004/cco/vascular_output_mesh.ply
Connecting endpoints...
Directly connecting arterial terminal nodes to venous terminal nodes
Connecting arterial endpoints to venous endpoints
Connecting venous endpoints to arterial endpoints
Shortest vessel length: 0.8242132067680359
Writing dat file... /home/vamshis/temp/reanimate_temp_03432084/reanimate.dat
Max diameter = 234.1377410888672, idx = 23778
Calling REANIMATE...
REANIMATE complete
Saving Amira graph to retina_cco_a2v_reanimate.am
Max. flow = 0.002704
Calculating lengths...
Fetching edge radii...
Fetching node pressure...
Fetching vessel type...
Max. flow = 0.002704
Calculating lengths...
Fetching edge radii...
Fetching node pressure...
Fetching vessel type...
Interpolating graph (10.0 um)
Overlaying wriggle (by branch). afH=None,afL=None,pfH=None,pfL=None
Preparing graph (creating cylinders)...
Headless mode! Skipping rendering setup.
Headless mode! Cannot render image
screen_grab skipped: Headless mode active.
screen_grab skipped: Headless mode active.
Writing dat file... /home/vamshis/temp/reanimate_temp_06872892/reanimate.dat
Max diameter = 234.1377410888672, idx = 23778
Calling REANIMATE...
REANIMATE complete
Saving Amira graph to retina_cco_a2v_reanimate_crawl.am
Preparing graph (creating cylinders)...
Headless mode! Skipping rendering setup.
Headless mode! Cannot render image
screen_grab skipped: Headless mode active.
screen_grab skipped: Headless mode active.
Saved enface segmentation to to enface_segmentation.png
Simulating macular geometry...
Simulating optic nerve geometry...
Creating grid fill
Grid fill complete
Stitching macula model into grid...
Stitching optic nerve model into grid...
Adding simplex noise
Adding independent layer noise
Adding common layer noise
Projecting onto sphere
Projecting vertices onto sphere...
Projecting edgepoints onto sphere...
Ray tracing for surface embedding...
Writing graph to /scratch/vamshis/FINAL/TEST_4/sim00000004/cco/retina_cco_a2v_reanimate_crawl_projected.am
Writing vessel mesh...
Preparing graph (creating cylinders)...
Headless mode! Skipping rendering setup.
Headless mode! Cannot render image
Preparing graph (creating cylinders)...
Headless mode! Skipping rendering setup.
Headless mode! Cannot render image
Max. flow = 0.002704
Calculating lengths...
Fetching edge radii...
Fetching node pressure...
Fetching vessel type...
Creating artery-vein graph
Preparing graph (creating cylinders)...
Headless mode! Skipping rendering setup.
Headless mode! Cannot render image
screen_grab skipped: Headless mode active.
Creating perfused graph
screen_grab skipped: Headless mode active.
Creating order graph
screen_grab skipped: Headless mode active.
Creating branch graph
screen_grab skipped: Headless mode active.
Storing injection result...
 Saved 15000 frames to /scratch/vamshis/FINAL/TEST_4/sim00000004/ffa/concentration_data.npz
